<?xml version="1.0" encoding="UTF-8" standalone="yes"?><!DOCTYPE report PUBLIC "-//JACOCO//DTD Report 1.1//EN" "report.dtd"><report name="coverage"><sessioninfo id="fv-az583-597-f83a9df" start="1688038037736" dump="1688038038664"/><sessioninfo id="fv-az583-597-8ae0a63e" start="1688038040621" dump="1688038049967"/><sessioninfo id="fv-az583-597-6c0fcf1f" start="1688038056542" dump="1688038066285"/><sessioninfo id="fv-az583-597-24a992ef" start="1688038088773" dump="1688038104054"/><sessioninfo id="fv-az583-597-c3dc19af" start="1688038106269" dump="1688038115143"/><sessioninfo id="fv-az583-597-d9ab441b" start="1688038121073" dump="1688038122305"/><sessioninfo id="fv-az583-597-caf2d140" start="1688038161912" dump="1688038165527"/><sessioninfo id="fv-az583-597-7468e85e" start="1688038167610" dump="1688038168709"/><sessioninfo id="fv-az583-597-47df8a2f" start="1688038309127" dump="1688038322298"/><group name="vip-api"/><group name="vip-application"><package name="fr/insalyon/creatis/vip/application/server/dao/mysql"><class name="fr/insalyon/creatis/vip/application/server/dao/mysql/EngineData" sourcefilename="EngineData.java"><method name="&lt;init&gt;" desc="()V" line="59"><counter type="INSTRUCTION" missed="0" covered="8"/><counter type="LINE" missed="0" covered="2"/><counter type="COMPLEXITY" missed="0" covered="1"/><counter type="METHOD" missed="0" covered="1"/></method><method name="useDataSource" desc="(Ljavax/sql/DataSource;)V" line="67"><counter type="INSTRUCTION" missed="0" covered="8"/><counter type="LINE" missed="0" covered="3"/><counter type="COMPLEXITY" missed="0" covered="1"/><counter type="METHOD" missed="0" covered="1"/></method><method name="add" desc="(Lfr/insalyon/creatis/vip/application/client/bean/Engine;)V" line="76"><counter type="INSTRUCTION" missed="12" covered="46"/><counter type="BRANCH" missed="1" covered="1"/><counter type="LINE" missed="2" covered="12"/><counter type="COMPLEXITY" missed="1" covered="1"/><counter type="METHOD" missed="0" covered="1"/></method><method name="update" desc="(Lfr/insalyon/creatis/vip/application/client/bean/Engine;)V" line="100"><counter type="INSTRUCTION" missed="26" covered="46"/><counter type="BRANCH" missed="0" covered="2"/><counter type="LINE" missed="3" covered="12"/><counter type="COMPLEXITY" missed="0" covered="2"/><counter type="METHOD" missed="0" covered="1"/></method><method name="remove" desc="(Ljava/lang/String;)V" line="130"><counter type="INSTRUCTION" missed="12" covered="32"/><counter type="BRANCH" missed="0" covered="2"/><counter type="LINE" missed="3" covered="10"/><counter type="COMPLEXITY" missed="0" covered="2"/><counter type="METHOD" missed="0" covered="1"/></method><method name="get" desc="()Ljava/util/List;" line="158"><counter type="INSTRUCTION" missed="11" covered="33"/><counter type="BRANCH" missed="0" covered="2"/><counter type="LINE" missed="3" covered="6"/><counter type="COMPLEXITY" missed="0" covered="2"/><counter type="METHOD" missed="0" covered="1"/></method><method name="getByClass" desc="(Ljava/lang/String;)Ljava/util/List;" line="179"><counter type="INSTRUCTION" missed="73" covered="0"/><counter type="BRANCH" missed="4" covered="0"/><counter type="LINE" missed="16" covered="0"/><counter type="COMPLEXITY" missed="3" covered="0"/><counter type="METHOD" missed="1" covered="0"/></method><method name="isEngine" desc="(Ljava/lang/String;)Z" line="218"><counter type="INSTRUCTION" missed="6" covered="15"/><counter type="LINE" missed="2" covered="4"/><counter type="COMPLEXITY" missed="0" covered="1"/><counter type="METHOD" missed="0" covered="1"/></method><counter type="INSTRUCTION" missed="140" covered="188"/><counter type="BRANCH" missed="5" covered="7"/><counter type="LINE" missed="29" covered="49"/><counter type="COMPLEXITY" missed="4" covered="10"/><counter type="METHOD" missed="1" covered="7"/><counter type="CLASS" missed="0" covered="1"/></class><class name="fr/insalyon/creatis/vip/application/server/dao/mysql/ApplicationInputData" sourcefilename="ApplicationInputData.java"><method name="&lt;init&gt;" desc="()V" line="57"><counter type="INSTRUCTION" missed="0" covered="8"/><counter type="LINE" missed="0" covered="2"/><counter type="COMPLEXITY" missed="0" covered="1"/><counter type="METHOD" missed="0" covered="1"/></method><method name="useDataSource" desc="(Ljavax/sql/DataSource;)V" line="63"><counter type="INSTRUCTION" missed="0" covered="4"/><counter type="LINE" missed="0" covered="2"/><counter type="COMPLEXITY" missed="0" covered="1"/><counter type="METHOD" missed="0" covered="1"/></method><method name="addSimulationInput" desc="(Ljava/lang/String;Lfr/insalyon/creatis/vip/application/client/bean/SimulationInput;)V" line="71"><counter type="INSTRUCTION" missed="80" covered="0"/><counter type="BRANCH" missed="2" covered="0"/><counter type="LINE" missed="17" covered="0"/><counter type="COMPLEXITY" missed="2" covered="0"/><counter type="METHOD" missed="1" covered="0"/></method><method name="removeSimulationInput" desc="(Ljava/lang/String;Ljava/lang/String;Ljava/lang/String;)V" line="100"><counter type="INSTRUCTION" missed="48" covered="0"/><counter type="LINE" missed="11" covered="0"/><counter type="COMPLEXITY" missed="1" covered="0"/><counter type="METHOD" missed="1" covered="0"/></method><method name="updateSimulationInput" desc="(Ljava/lang/String;Lfr/insalyon/creatis/vip/application/client/bean/SimulationInput;)V" line="120"><counter type="INSTRUCTION" missed="61" covered="0"/><counter type="LINE" missed="14" covered="0"/><counter type="COMPLEXITY" missed="1" covered="0"/><counter type="METHOD" missed="1" covered="0"/></method><method name="getSimulationInputByUser" desc="(Ljava/lang/String;)Ljava/util/List;" line="144"><counter type="INSTRUCTION" missed="51" covered="0"/><counter type="BRANCH" missed="2" covered="0"/><counter type="LINE" missed="14" covered="0"/><counter type="COMPLEXITY" missed="2" covered="0"/><counter type="METHOD" missed="1" covered="0"/></method><method name="getWorkflowInputByUserAndAppName" desc="(Ljava/lang/String;Ljava/lang/String;)Ljava/util/List;" line="174"><counter type="INSTRUCTION" missed="67" covered="0"/><counter type="BRANCH" missed="2" covered="0"/><counter type="LINE" missed="15" covered="0"/><counter type="COMPLEXITY" missed="2" covered="0"/><counter type="METHOD" missed="1" covered="0"/></method><method name="getInputByNameUserApp" desc="(Ljava/lang/String;Ljava/lang/String;Ljava/lang/String;)Lfr/insalyon/creatis/vip/application/client/bean/SimulationInput;" line="205"><counter type="INSTRUCTION" missed="83" covered="0"/><counter type="BRANCH" missed="2" covered="0"/><counter type="LINE" missed="20" covered="0"/><counter type="COMPLEXITY" missed="2" covered="0"/><counter type="METHOD" missed="1" covered="0"/></method><method name="saveSimulationInputAsExample" desc="(Lfr/insalyon/creatis/vip/application/client/bean/SimulationInput;)V" line="246"><counter type="INSTRUCTION" missed="72" covered="0"/><counter type="BRANCH" missed="2" covered="0"/><counter type="LINE" missed="16" covered="0"/><counter type="COMPLEXITY" missed="2" covered="0"/><counter type="METHOD" missed="1" covered="0"/></method><method name="getSimulationInputExamples" desc="(Ljava/lang/String;)Ljava/util/List;" line="274"><counter type="INSTRUCTION" missed="51" covered="0"/><counter type="BRANCH" missed="2" covered="0"/><counter type="LINE" missed="14" covered="0"/><counter type="COMPLEXITY" missed="2" covered="0"/><counter type="METHOD" missed="1" covered="0"/></method><method name="removeSimulationInputExample" desc="(Ljava/lang/String;Ljava/lang/String;)V" line="305"><counter type="INSTRUCTION" missed="44" covered="0"/><counter type="LINE" missed="10" covered="0"/><counter type="COMPLEXITY" missed="1" covered="0"/><counter type="METHOD" missed="1" covered="0"/></method><counter type="INSTRUCTION" missed="557" covered="12"/><counter type="BRANCH" missed="12" covered="0"/><counter type="LINE" missed="131" covered="4"/><counter type="COMPLEXITY" missed="15" covered="2"/><counter type="METHOD" missed="9" covered="2"/><counter type="CLASS" missed="0" covered="1"/></class><class name="fr/insalyon/creatis/vip/application/server/dao/mysql/ApplicationDataInitializer" sourcefilename="ApplicationDataInitializer.java"><method name="&lt;init&gt;" desc="(Ljavax/sql/DataSource;Lfr/insalyon/creatis/vip/core/server/dao/mysql/TableInitializer;)V" line="20"><counter type="INSTRUCTION" missed="0" covered="14"/><counter type="LINE" missed="0" covered="5"/><counter type="COMPLEXITY" missed="0" covered="1"/><counter type="METHOD" missed="0" covered="1"/></method><method name="onStartup" desc="()V" line="35"><counter type="INSTRUCTION" missed="0" covered="59"/><counter type="LINE" missed="0" covered="11"/><counter type="COMPLEXITY" missed="0" covered="1"/><counter type="METHOD" missed="0" covered="1"/></method><counter type="INSTRUCTION" missed="0" covered="73"/><counter type="LINE" missed="0" covered="16"/><counter type="COMPLEXITY" missed="0" covered="2"/><counter type="METHOD" missed="0" covered="2"/><counter type="CLASS" missed="0" covered="1"/></class><class name="fr/insalyon/creatis/vip/application/server/dao/mysql/ClassData" sourcefilename="ClassData.java"><method name="&lt;init&gt;" desc="()V" line="58"><counter type="INSTRUCTION" missed="0" covered="8"/><counter type="LINE" missed="0" covered="2"/><counter type="COMPLEXITY" missed="0" covered="1"/><counter type="METHOD" missed="0" covered="1"/></method><method name="useDataSource" desc="(Ljavax/sql/DataSource;)V" line="63"><counter type="INSTRUCTION" missed="0" covered="4"/><counter type="LINE" missed="0" covered="2"/><counter type="COMPLEXITY" missed="0" covered="1"/><counter type="METHOD" missed="0" covered="1"/></method><method name="add" desc="(Lfr/insalyon/creatis/vip/application/client/bean/AppClass;)V" line="69"><counter type="INSTRUCTION" missed="12" covered="50"/><counter type="BRANCH" missed="1" covered="1"/><counter type="LINE" missed="2" covered="12"/><counter type="COMPLEXITY" missed="1" covered="1"/><counter type="METHOD" missed="0" covered="1"/></method><method name="update" desc="(Lfr/insalyon/creatis/vip/application/client/bean/AppClass;)V" line="94"><counter type="INSTRUCTION" missed="0" covered="25"/><counter type="LINE" missed="0" covered="5"/><counter type="COMPLEXITY" missed="0" covered="1"/><counter type="METHOD" missed="0" covered="1"/></method><method name="remove" desc="(Ljava/lang/String;)V" line="107"><counter type="INSTRUCTION" missed="12" covered="32"/><counter type="BRANCH" missed="0" covered="2"/><counter type="LINE" missed="3" covered="10"/><counter type="COMPLEXITY" missed="0" covered="2"/><counter type="METHOD" missed="0" covered="1"/></method><method name="getClasses" desc="()Ljava/util/List;" line="133"><counter type="INSTRUCTION" missed="11" covered="91"/><counter type="BRANCH" missed="0" covered="6"/><counter type="LINE" missed="3" covered="22"/><counter type="COMPLEXITY" missed="0" covered="4"/><counter type="METHOD" missed="0" covered="1"/></method><method name="isClass" desc="(Ljava/lang/String;)Z" line="177"><counter type="INSTRUCTION" missed="0" covered="15"/><counter type="LINE" missed="0" covered="4"/><counter type="COMPLEXITY" missed="0" covered="1"/><counter type="METHOD" missed="0" covered="1"/></method><method name="getClass" desc="(Ljava/lang/String;)Lfr/insalyon/creatis/vip/application/client/bean/AppClass;" line="190"><counter type="INSTRUCTION" missed="16" covered="99"/><counter type="BRANCH" missed="1" covered="7"/><counter type="LINE" missed="5" covered="22"/><counter type="COMPLEXITY" missed="1" covered="4"/><counter type="METHOD" missed="0" covered="1"/></method><method name="getUserClasses" desc="(Ljava/lang/String;Z)Ljava/util/List;" line="248"><counter type="INSTRUCTION" missed="73" covered="30"/><counter type="BRANCH" missed="5" covered="3"/><counter type="LINE" missed="13" covered="9"/><counter type="COMPLEXITY" missed="4" covered="1"/><counter type="METHOD" missed="0" covered="1"/></method><method name="addToClass" desc="(Ljava/lang/String;Ljava/util/List;Ljava/lang/String;)V" line="291"><counter type="INSTRUCTION" missed="59" covered="46"/><counter type="BRANCH" missed="3" covered="4"/><counter type="LINE" missed="8" covered="13"/><counter type="COMPLEXITY" missed="2" covered="3"/><counter type="METHOD" missed="0" covered="1"/></method><method name="removeFromClass" desc="(Ljava/lang/String;Ljava/lang/String;)V" line="335"><counter type="INSTRUCTION" missed="36" covered="31"/><counter type="BRANCH" missed="1" covered="2"/><counter type="LINE" missed="5" covered="10"/><counter type="COMPLEXITY" missed="1" covered="2"/><counter type="METHOD" missed="0" covered="1"/></method><counter type="INSTRUCTION" missed="219" covered="431"/><counter type="BRANCH" missed="11" covered="25"/><counter type="LINE" missed="39" covered="111"/><counter type="COMPLEXITY" missed="9" covered="21"/><counter type="METHOD" missed="0" covered="11"/><counter type="CLASS" missed="0" covered="1"/></class><class name="fr/insalyon/creatis/vip/application/server/dao/mysql/ApplicationData" sourcefilename="ApplicationData.java"><method name="&lt;init&gt;" desc="(Ljavax/sql/DataSource;Lfr/insalyon/creatis/vip/application/server/dao/ClassDAO;)V" line="62"><counter type="INSTRUCTION" missed="0" covered="14"/><counter type="LINE" missed="0" covered="5"/><counter type="COMPLEXITY" missed="0" covered="1"/><counter type="METHOD" missed="0" covered="1"/></method><method name="add" desc="(Lfr/insalyon/creatis/vip/application/client/bean/Application;)V" line="76"><counter type="INSTRUCTION" missed="32" covered="44"/><counter type="BRANCH" missed="2" covered="2"/><counter type="LINE" missed="6" covered="11"/><counter type="COMPLEXITY" missed="1" covered="2"/><counter type="METHOD" missed="0" covered="1"/></method><method name="update" desc="(Lfr/insalyon/creatis/vip/application/client/bean/Application;)V" line="105"><counter type="INSTRUCTION" missed="65" covered="0"/><counter type="BRANCH" missed="4" covered="0"/><counter type="LINE" missed="16" covered="0"/><counter type="COMPLEXITY" missed="3" covered="0"/><counter type="METHOD" missed="1" covered="0"/></method><method name="remove" desc="(Ljava/lang/String;)V" line="132"><counter type="INSTRUCTION" missed="28" covered="0"/><counter type="LINE" missed="9" covered="0"/><counter type="COMPLEXITY" missed="1" covered="0"/><counter type="METHOD" missed="1" covered="0"/></method><method name="remove" desc="(Ljava/lang/String;Ljava/lang/String;)V" line="149"><counter type="INSTRUCTION" missed="60" covered="0"/><counter type="BRANCH" missed="2" covered="0"/><counter type="LINE" missed="12" covered="0"/><counter type="COMPLEXITY" missed="2" covered="0"/><counter type="METHOD" missed="1" covered="0"/></method><method name="getApplications" desc="()Ljava/util/List;" line="168"><counter type="INSTRUCTION" missed="0" covered="5"/><counter type="LINE" missed="0" covered="1"/><counter type="COMPLEXITY" missed="0" covered="1"/><counter type="METHOD" missed="0" covered="1"/></method><method name="getApplicationsWithOwner" desc="(Ljava/lang/String;)Ljava/util/List;" line="174"><counter type="INSTRUCTION" missed="4" covered="0"/><counter type="LINE" missed="1" covered="0"/><counter type="COMPLEXITY" missed="1" covered="0"/><counter type="METHOD" missed="1" covered="0"/></method><method name="getApplications" desc="(Ljava/lang/String;)Ljava/util/List;" line="180"><counter type="INSTRUCTION" missed="18" covered="111"/><counter type="BRANCH" missed="2" covered="8"/><counter type="LINE" missed="5" covered="30"/><counter type="COMPLEXITY" missed="2" covered="4"/><counter type="METHOD" missed="0" covered="1"/></method><method name="getApplicationsFromClass" desc="(Ljava/lang/String;)Ljava/util/List;" line="241"><counter type="INSTRUCTION" missed="57" covered="0"/><counter type="BRANCH" missed="2" covered="0"/><counter type="LINE" missed="12" covered="0"/><counter type="COMPLEXITY" missed="2" covered="0"/><counter type="METHOD" missed="1" covered="0"/></method><method name="getApplication" desc="(Ljava/lang/String;)Lfr/insalyon/creatis/vip/application/client/bean/Application;" line="268"><counter type="INSTRUCTION" missed="14" covered="57"/><counter type="BRANCH" missed="1" covered="3"/><counter type="LINE" missed="4" covered="12"/><counter type="COMPLEXITY" missed="1" covered="2"/><counter type="METHOD" missed="0" covered="1"/></method><method name="getApplicationsFromClasses" desc="(Ljava/util/List;)Ljava/util/List;" line="300"><counter type="INSTRUCTION" missed="149" covered="9"/><counter type="BRANCH" missed="13" covered="1"/><counter type="LINE" missed="34" covered="3"/><counter type="COMPLEXITY" missed="7" covered="1"/><counter type="METHOD" missed="0" covered="1"/></method><method name="getApplicationsName" desc="(Ljava/lang/String;)Ljava/util/List;" line="366"><counter type="INSTRUCTION" missed="49" covered="0"/><counter type="BRANCH" missed="4" covered="0"/><counter type="LINE" missed="14" covered="0"/><counter type="COMPLEXITY" missed="3" covered="0"/><counter type="METHOD" missed="1" covered="0"/></method><method name="addClassToApplication" desc="(Ljava/lang/String;Ljava/lang/String;)V" line="396"><counter type="INSTRUCTION" missed="43" covered="20"/><counter type="BRANCH" missed="2" covered="0"/><counter type="LINE" missed="6" covered="7"/><counter type="COMPLEXITY" missed="1" covered="1"/><counter type="METHOD" missed="0" covered="1"/></method><method name="removeAllClassesFromApplication" desc="(Ljava/lang/String;)V" line="419"><counter type="INSTRUCTION" missed="28" covered="0"/><counter type="LINE" missed="9" covered="0"/><counter type="COMPLEXITY" missed="1" covered="0"/><counter type="METHOD" missed="1" covered="0"/></method><method name="getCitation" desc="(Ljava/lang/String;)Ljava/lang/String;" line="436"><counter type="INSTRUCTION" missed="35" covered="0"/><counter type="LINE" missed="10" covered="0"/><counter type="COMPLEXITY" missed="1" covered="0"/><counter type="METHOD" missed="1" covered="0"/></method><method name="getVersions" desc="(Ljava/lang/String;)Ljava/util/List;" line="457"><counter type="INSTRUCTION" missed="61" covered="0"/><counter type="BRANCH" missed="2" covered="0"/><counter type="LINE" missed="17" covered="0"/><counter type="COMPLEXITY" missed="2" covered="0"/><counter type="METHOD" missed="1" covered="0"/></method><method name="getAllVisibleVersions" desc="()Ljava/util/List;" line="490"><counter type="INSTRUCTION" missed="62" covered="0"/><counter type="BRANCH" missed="2" covered="0"/><counter type="LINE" missed="18" covered="0"/><counter type="COMPLEXITY" missed="2" covered="0"/><counter type="METHOD" missed="1" covered="0"/></method><method name="addVersion" desc="(Lfr/insalyon/creatis/vip/application/client/bean/AppVersion;)V" line="523"><counter type="INSTRUCTION" missed="87" covered="0"/><counter type="BRANCH" missed="2" covered="0"/><counter type="LINE" missed="18" covered="0"/><counter type="COMPLEXITY" missed="2" covered="0"/><counter type="METHOD" missed="1" covered="0"/></method><method name="updateVersion" desc="(Lfr/insalyon/creatis/vip/application/client/bean/AppVersion;)V" line="551"><counter type="INSTRUCTION" missed="68" covered="0"/><counter type="LINE" missed="15" covered="0"/><counter type="COMPLEXITY" missed="1" covered="0"/><counter type="METHOD" missed="1" covered="0"/></method><method name="updateDoiForVersion" desc="(Ljava/lang/String;Ljava/lang/String;Ljava/lang/String;)V" line="577"><counter type="INSTRUCTION" missed="52" covered="0"/><counter type="LINE" missed="11" covered="0"/><counter type="COMPLEXITY" missed="1" covered="0"/><counter type="METHOD" missed="1" covered="0"/></method><method name="removeVersion" desc="(Ljava/lang/String;Ljava/lang/String;)V" line="600"><counter type="INSTRUCTION" missed="44" covered="0"/><counter type="LINE" missed="10" covered="0"/><counter type="COMPLEXITY" missed="1" covered="0"/><counter type="METHOD" missed="1" covered="0"/></method><method name="getVersion" desc="(Ljava/lang/String;Ljava/lang/String;)Lfr/insalyon/creatis/vip/application/client/bean/AppVersion;" line="619"><counter type="INSTRUCTION" missed="72" covered="0"/><counter type="LINE" missed="17" covered="0"/><counter type="COMPLEXITY" missed="1" covered="0"/><counter type="METHOD" missed="1" covered="0"/></method><counter type="INSTRUCTION" missed="1028" covered="260"/><counter type="BRANCH" missed="38" covered="14"/><counter type="LINE" missed="244" covered="69"/><counter type="COMPLEXITY" missed="36" covered="12"/><counter type="METHOD" missed="15" covered="7"/><counter type="CLASS" missed="0" covered="1"/></class><sourcefile name="ApplicationInputData.java"><line nr="57" mi="0" ci="2" mb="0" cb="0"/><line nr="59" mi="0" ci="6" mb="0" cb="0"/><line nr="63" mi="0" ci="3" mb="0" cb="0"/><line nr="64" mi="0" ci="1" mb="0" cb="0"/><line nr="71" mi="5" ci="0" mb="0" cb="0"/><line nr="75" mi="4" ci="0" mb="0" cb="0"/><line nr="76" mi="5" ci="0" mb="0" cb="0"/><line nr="77" mi="5" ci="0" mb="0" cb="0"/><line nr="78" mi="5" ci="0" mb="0" cb="0"/><line nr="79" mi="3" ci="0" mb="0" cb="0"/><line nr="80" mi="2" ci="0" mb="0" cb="0"/><line nr="82" mi="1" ci="0" mb="0" cb="0"/><line nr="83" mi="5" ci="0" mb="2" cb="0"/><line nr="84" mi="6" ci="0" mb="0" cb="0"/><line nr="85" mi="8" ci="0" mb="0" cb="0"/><line nr="87" mi="9" ci="0" mb="0" cb="0"/><line nr="88" mi="5" ci="0" mb="0" cb="0"/><line nr="89" mi="10" ci="0" mb="0" cb="0"/><line nr="90" mi="5" ci="0" mb="0" cb="0"/><line nr="92" mi="1" ci="0" mb="0" cb="0"/><line nr="93" mi="1" ci="0" mb="0" cb="0"/><line nr="100" mi="5" ci="0" mb="0" cb="0"/><line nr="103" mi="4" ci="0" mb="0" cb="0"/><line nr="104" mi="4" ci="0" mb="0" cb="0"/><line nr="105" mi="4" ci="0" mb="0" cb="0"/><line nr="106" mi="3" ci="0" mb="0" cb="0"/><line nr="107" mi="2" ci="0" mb="0" cb="0"/><line nr="109" mi="1" ci="0" mb="0" cb="0"/><line nr="110" mi="18" ci="0" mb="0" cb="0"/><line nr="111" mi="5" ci="0" mb="0" cb="0"/><line nr="112" mi="1" ci="0" mb="0" cb="0"/><line nr="113" mi="1" ci="0" mb="0" cb="0"/><line nr="120" mi="5" ci="0" mb="0" cb="0"/><line nr="124" mi="5" ci="0" mb="0" cb="0"/><line nr="125" mi="4" ci="0" mb="0" cb="0"/><line nr="126" mi="5" ci="0" mb="0" cb="0"/><line nr="127" mi="5" ci="0" mb="0" cb="0"/><line nr="128" mi="3" ci="0" mb="0" cb="0"/><line nr="129" mi="2" ci="0" mb="0" cb="0"/><line nr="131" mi="1" ci="0" mb="0" cb="0"/><line nr="132" mi="9" ci="0" mb="0" cb="0"/><line nr="133" mi="5" ci="0" mb="0" cb="0"/><line nr="134" mi="10" ci="0" mb="0" cb="0"/><line nr="135" mi="5" ci="0" mb="0" cb="0"/><line nr="136" mi="1" ci="0" mb="0" cb="0"/><line nr="137" mi="1" ci="0" mb="0" cb="0"/><line nr="144" mi="5" ci="0" mb="0" cb="0"/><line nr="149" mi="4" ci="0" mb="0" cb="0"/><line nr="150" mi="3" ci="0" mb="0" cb="0"/><line nr="151" mi="4" ci="0" mb="0" cb="0"/><line nr="153" mi="3" ci="0" mb="2" cb="0"/><line nr="154" mi="8" ci="0" mb="0" cb="0"/><line nr="155" mi="3" ci="0" mb="0" cb="0"/><line nr="156" mi="3" ci="0" mb="0" cb="0"/><line nr="157" mi="2" ci="0" mb="0" cb="0"/><line nr="160" mi="2" ci="0" mb="0" cb="0"/><line nr="161" mi="2" ci="0" mb="0" cb="0"/><line nr="163" mi="1" ci="0" mb="0" cb="0"/><line nr="164" mi="6" ci="0" mb="0" cb="0"/><line nr="165" mi="5" ci="0" mb="0" cb="0"/><line nr="174" mi="4" ci="0" mb="0" cb="0"/><line nr="175" mi="5" ci="0" mb="0" cb="0"/><line nr="180" mi="4" ci="0" mb="0" cb="0"/><line nr="181" mi="4" ci="0" mb="0" cb="0"/><line nr="182" mi="3" ci="0" mb="0" cb="0"/><line nr="184" mi="3" ci="0" mb="2" cb="0"/><line nr="185" mi="8" ci="0" mb="0" cb="0"/><line nr="186" mi="3" ci="0" mb="0" cb="0"/><line nr="187" mi="3" ci="0" mb="0" cb="0"/><line nr="188" mi="2" ci="0" mb="0" cb="0"/><line nr="191" mi="2" ci="0" mb="0" cb="0"/><line nr="192" mi="2" ci="0" mb="0" cb="0"/><line nr="194" mi="1" ci="0" mb="0" cb="0"/><line nr="195" mi="18" ci="0" mb="0" cb="0"/><line nr="196" mi="5" ci="0" mb="0" cb="0"/><line nr="205" mi="5" ci="0" mb="0" cb="0"/><line nr="211" mi="4" ci="0" mb="0" cb="0"/><line nr="212" mi="4" ci="0" mb="0" cb="0"/><line nr="213" mi="4" ci="0" mb="0" cb="0"/><line nr="214" mi="3" ci="0" mb="0" cb="0"/><line nr="216" mi="5" ci="0" mb="0" cb="0"/><line nr="217" mi="6" ci="0" mb="0" cb="0"/><line nr="219" mi="3" ci="0" mb="2" cb="0"/><line nr="220" mi="2" ci="0" mb="0" cb="0"/><line nr="221" mi="2" ci="0" mb="0" cb="0"/><line nr="225" mi="4" ci="0" mb="0" cb="0"/><line nr="226" mi="4" ci="0" mb="0" cb="0"/><line nr="227" mi="3" ci="0" mb="0" cb="0"/><line nr="228" mi="3" ci="0" mb="0" cb="0"/><line nr="229" mi="3" ci="0" mb="0" cb="0"/><line nr="231" mi="2" ci="0" mb="0" cb="0"/><line nr="232" mi="2" ci="0" mb="0" cb="0"/><line nr="236" mi="1" ci="0" mb="0" cb="0"/><line nr="237" mi="18" ci="0" mb="0" cb="0"/><line nr="238" mi="5" ci="0" mb="0" cb="0"/><line nr="246" mi="5" ci="0" mb="0" cb="0"/><line nr="250" mi="5" ci="0" mb="0" cb="0"/><line nr="251" mi="5" ci="0" mb="0" cb="0"/><line nr="252" mi="5" ci="0" mb="0" cb="0"/><line nr="253" mi="3" ci="0" mb="0" cb="0"/><line nr="254" mi="2" ci="0" mb="0" cb="0"/><line nr="256" mi="1" ci="0" mb="0" cb="0"/><line nr="257" mi="5" ci="0" mb="2" cb="0"/><line nr="258" mi="6" ci="0" mb="0" cb="0"/><line nr="259" mi="8" ci="0" mb="0" cb="0"/><line nr="261" mi="9" ci="0" mb="0" cb="0"/><line nr="262" mi="5" ci="0" mb="0" cb="0"/><line nr="263" mi="6" ci="0" mb="0" cb="0"/><line nr="264" mi="5" ci="0" mb="0" cb="0"/><line nr="266" mi="1" ci="0" mb="0" cb="0"/><line nr="267" mi="1" ci="0" mb="0" cb="0"/><line nr="274" mi="5" ci="0" mb="0" cb="0"/><line nr="279" mi="4" ci="0" mb="0" cb="0"/><line nr="281" mi="3" ci="0" mb="0" cb="0"/><line nr="282" mi="4" ci="0" mb="0" cb="0"/><line nr="284" mi="3" ci="0" mb="2" cb="0"/><line nr="285" mi="8" ci="0" mb="0" cb="0"/><line nr="286" mi="3" ci="0" mb="0" cb="0"/><line nr="287" mi="3" ci="0" mb="0" cb="0"/><line nr="288" mi="2" ci="0" mb="0" cb="0"/><line nr="291" mi="2" ci="0" mb="0" cb="0"/><line nr="292" mi="2" ci="0" mb="0" cb="0"/><line nr="294" mi="1" ci="0" mb="0" cb="0"/><line nr="295" mi="6" ci="0" mb="0" cb="0"/><line nr="296" mi="5" ci="0" mb="0" cb="0"/><line nr="305" mi="5" ci="0" mb="0" cb="0"/><line nr="308" mi="4" ci="0" mb="0" cb="0"/><line nr="309" mi="4" ci="0" mb="0" cb="0"/><line nr="310" mi="3" ci="0" mb="0" cb="0"/><line nr="311" mi="2" ci="0" mb="0" cb="0"/><line nr="313" mi="1" ci="0" mb="0" cb="0"/><line nr="314" mi="18" ci="0" mb="0" cb="0"/><line nr="315" mi="5" ci="0" mb="0" cb="0"/><line nr="316" mi="1" ci="0" mb="0" cb="0"/><line nr="317" mi="1" ci="0" mb="0" cb="0"/><counter type="INSTRUCTION" missed="557" covered="12"/><counter type="BRANCH" missed="12" covered="0"/><counter type="LINE" missed="131" covered="4"/><counter type="COMPLEXITY" missed="15" covered="2"/><counter type="METHOD" missed="9" covered="2"/><counter type="CLASS" missed="0" covered="1"/></sourcefile><sourcefile name="ClassData.java"><line nr="58" mi="0" ci="2" mb="0" cb="0"/><line nr="59" mi="0" ci="6" mb="0" cb="0"/><line nr="63" mi="0" ci="3" mb="0" cb="0"/><line nr="64" mi="0" ci="1" mb="0" cb="0"/><line nr="69" mi="0" ci="5" mb="0" cb="0"/><line nr="73" mi="0" ci="5" mb="0" cb="0"/><line nr="74" mi="0" ci="3" mb="0" cb="0"/><line nr="75" mi="0" ci="2" mb="0" cb="0"/><line nr="77" mi="0" ci="1" mb="0" cb="0"/><line nr="78" mi="0" ci="5" mb="1" cb="1"/><line nr="79" mi="0" ci="6" mb="0" cb="0"/><line nr="80" mi="0" ci="7" mb="0" cb="0"/><line nr="82" mi="7" ci="0" mb="0" cb="0"/><line nr="83" mi="5" ci="0" mb="0" cb="0"/><line nr="85" mi="0" ci="1" mb="0" cb="0"/><line nr="87" mi="0" ci="7" mb="0" cb="0"/><line nr="88" mi="0" ci="7" mb="0" cb="0"/><line nr="89" mi="0" ci="1" mb="0" cb="0"/><line nr="94" mi="0" ci="5" mb="0" cb="0"/><line nr="95" mi="0" ci="7" mb="0" cb="0"/><line nr="97" mi="0" ci="5" mb="0" cb="0"/><line nr="98" mi="0" ci="7" mb="0" cb="0"/><line nr="100" mi="0" ci="1" mb="0" cb="0"/><line nr="107" mi="0" ci="4" mb="0" cb="2"/><line nr="109" mi="0" ci="5" mb="0" cb="0"/><line nr="112" mi="0" ci="4" mb="0" cb="0"/><line nr="113" mi="0" ci="3" mb="0" cb="0"/><line nr="114" mi="0" ci="2" mb="0" cb="0"/><line nr="115" mi="0" ci="1" mb="0" cb="0"/><line nr="118" mi="0" ci="5" mb="0" cb="0"/><line nr="119" mi="0" ci="6" mb="0" cb="0"/><line nr="123" mi="1" ci="0" mb="0" cb="0"/><line nr="124" mi="6" ci="0" mb="0" cb="0"/><line nr="125" mi="5" ci="0" mb="0" cb="0"/><line nr="126" mi="0" ci="1" mb="0" cb="0"/><line nr="127" mi="0" ci="1" mb="0" cb="0"/><line nr="133" mi="0" ci="5" mb="0" cb="0"/><line nr="136" mi="0" ci="3" mb="0" cb="0"/><line nr="137" mi="0" ci="4" mb="0" cb="0"/><line nr="139" mi="0" ci="3" mb="0" cb="2"/><line nr="140" mi="0" ci="4" mb="0" cb="0"/><line nr="141" mi="0" ci="5" mb="0" cb="0"/><line nr="144" mi="0" ci="6" mb="0" cb="0"/><line nr="145" mi="0" ci="3" mb="0" cb="0"/><line nr="147" mi="0" ci="3" mb="0" cb="2"/><line nr="148" mi="0" ci="7" mb="0" cb="0"/><line nr="150" mi="0" ci="2" mb="0" cb="0"/><line nr="152" mi="0" ci="4" mb="0" cb="0"/><line nr="153" mi="0" ci="5" mb="0" cb="0"/><line nr="156" mi="0" ci="6" mb="0" cb="0"/><line nr="157" mi="0" ci="3" mb="0" cb="0"/><line nr="158" mi="0" ci="3" mb="0" cb="2"/><line nr="159" mi="0" ci="7" mb="0" cb="0"/><line nr="161" mi="0" ci="2" mb="0" cb="0"/><line nr="163" mi="0" ci="11" mb="0" cb="0"/><line nr="165" mi="0" ci="1" mb="0" cb="0"/><line nr="167" mi="0" ci="2" mb="0" cb="0"/><line nr="168" mi="0" ci="2" mb="0" cb="0"/><line nr="170" mi="1" ci="0" mb="0" cb="0"/><line nr="171" mi="5" ci="0" mb="0" cb="0"/><line nr="172" mi="5" ci="0" mb="0" cb="0"/><line nr="177" mi="0" ci="5" mb="0" cb="0"/><line nr="179" mi="0" ci="4" mb="0" cb="0"/><line nr="180" mi="0" ci="3" mb="0" cb="0"/><line nr="182" mi="0" ci="3" mb="0" cb="0"/><line nr="190" mi="0" ci="4" mb="0" cb="2"/><line nr="193" mi="0" ci="5" mb="0" cb="0"/><line nr="195" mi="0" ci="4" mb="0" cb="0"/><line nr="196" mi="0" ci="3" mb="0" cb="0"/><line nr="200" mi="0" ci="3" mb="1" cb="1"/><line nr="203" mi="0" ci="4" mb="0" cb="0"/><line nr="204" mi="0" ci="5" mb="0" cb="0"/><line nr="207" mi="0" ci="6" mb="0" cb="0"/><line nr="208" mi="0" ci="3" mb="0" cb="0"/><line nr="209" mi="0" ci="3" mb="0" cb="2"/><line nr="210" mi="0" ci="7" mb="0" cb="0"/><line nr="212" mi="0" ci="2" mb="0" cb="0"/><line nr="214" mi="0" ci="4" mb="0" cb="0"/><line nr="215" mi="0" ci="5" mb="0" cb="0"/><line nr="218" mi="0" ci="6" mb="0" cb="0"/><line nr="219" mi="0" ci="3" mb="0" cb="0"/><line nr="220" mi="0" ci="3" mb="0" cb="2"/><line nr="221" mi="0" ci="7" mb="0" cb="0"/><line nr="223" mi="0" ci="2" mb="0" cb="0"/><line nr="225" mi="0" ci="9" mb="0" cb="0"/><line nr="228" mi="2" ci="0" mb="0" cb="0"/><line nr="229" mi="2" ci="0" mb="0" cb="0"/><line nr="233" mi="0" ci="5" mb="0" cb="0"/><line nr="234" mi="0" ci="6" mb="0" cb="0"/><line nr="238" mi="1" ci="0" mb="0" cb="0"/><line nr="239" mi="6" ci="0" mb="0" cb="0"/><line nr="240" mi="5" ci="0" mb="0" cb="0"/><line nr="248" mi="2" ci="4" mb="1" cb="1"/><line nr="250" mi="0" ci="6" mb="0" cb="0"/><line nr="254" mi="0" ci="4" mb="0" cb="0"/><line nr="255" mi="0" ci="2" mb="1" cb="1"/><line nr="256" mi="5" ci="0" mb="0" cb="0"/><line nr="259" mi="0" ci="3" mb="0" cb="0"/><line nr="260" mi="0" ci="4" mb="0" cb="0"/><line nr="262" mi="0" ci="3" mb="1" cb="1"/><line nr="263" mi="4" ci="0" mb="0" cb="0"/><line nr="264" mi="5" ci="0" mb="0" cb="0"/><line nr="267" mi="6" ci="0" mb="0" cb="0"/><line nr="268" mi="3" ci="0" mb="0" cb="0"/><line nr="270" mi="3" ci="0" mb="2" cb="0"/><line nr="271" mi="7" ci="0" mb="0" cb="0"/><line nr="273" mi="10" ci="0" mb="0" cb="0"/><line nr="274" mi="2" ci="0" mb="0" cb="0"/><line nr="275" mi="1" ci="0" mb="0" cb="0"/><line nr="277" mi="0" ci="2" mb="0" cb="0"/><line nr="278" mi="0" ci="2" mb="0" cb="0"/><line nr="280" mi="1" ci="0" mb="0" cb="0"/><line nr="281" mi="19" ci="0" mb="0" cb="0"/><line nr="282" mi="5" ci="0" mb="0" cb="0"/><line nr="291" mi="0" ci="10" mb="0" cb="2"/><line nr="294" mi="0" ci="8" mb="1" cb="2"/><line nr="296" mi="0" ci="5" mb="0" cb="0"/><line nr="299" mi="0" ci="1" mb="0" cb="0"/><line nr="301" mi="0" ci="5" mb="0" cb="0"/><line nr="304" mi="0" ci="1" mb="0" cb="0"/><line nr="306" mi="6" ci="0" mb="0" cb="0"/><line nr="308" mi="6" ci="0" mb="0" cb="0"/><line nr="310" mi="0" ci="4" mb="0" cb="0"/><line nr="311" mi="0" ci="4" mb="0" cb="0"/><line nr="312" mi="0" ci="3" mb="0" cb="0"/><line nr="313" mi="0" ci="2" mb="0" cb="0"/><line nr="315" mi="1" ci="0" mb="0" cb="0"/><line nr="316" mi="5" ci="0" mb="2" cb="0"/><line nr="317" mi="6" ci="0" mb="0" cb="0"/><line nr="318" mi="8" ci="0" mb="0" cb="0"/><line nr="320" mi="22" ci="0" mb="0" cb="0"/><line nr="321" mi="5" ci="0" mb="0" cb="0"/><line nr="323" mi="0" ci="1" mb="0" cb="0"/><line nr="324" mi="0" ci="1" mb="0" cb="0"/><line nr="325" mi="0" ci="1" mb="0" cb="0"/><line nr="335" mi="0" ci="8" mb="1" cb="2"/><line nr="337" mi="0" ci="5" mb="0" cb="0"/><line nr="339" mi="0" ci="1" mb="0" cb="0"/><line nr="341" mi="0" ci="5" mb="0" cb="0"/><line nr="343" mi="0" ci="1" mb="0" cb="0"/><line nr="345" mi="6" ci="0" mb="0" cb="0"/><line nr="347" mi="6" ci="0" mb="0" cb="0"/><line nr="350" mi="0" ci="4" mb="0" cb="0"/><line nr="351" mi="0" ci="3" mb="0" cb="0"/><line nr="352" mi="0" ci="2" mb="0" cb="0"/><line nr="354" mi="1" ci="0" mb="0" cb="0"/><line nr="355" mi="18" ci="0" mb="0" cb="0"/><line nr="356" mi="5" ci="0" mb="0" cb="0"/><line nr="357" mi="0" ci="1" mb="0" cb="0"/><line nr="358" mi="0" ci="1" mb="0" cb="0"/><counter type="INSTRUCTION" missed="219" covered="431"/><counter type="BRANCH" missed="11" covered="25"/><counter type="LINE" missed="39" covered="111"/><counter type="COMPLEXITY" missed="9" covered="21"/><counter type="METHOD" missed="0" covered="11"/><counter type="CLASS" missed="0" covered="1"/></sourcefile><sourcefile name="EngineData.java"><line nr="59" mi="0" ci="2" mb="0" cb="0"/><line nr="61" mi="0" ci="6" mb="0" cb="0"/><line nr="67" mi="0" ci="3" mb="0" cb="0"/><line nr="68" mi="0" ci="4" mb="0" cb="0"/><line nr="69" mi="0" ci="1" mb="0" cb="0"/><line nr="76" mi="0" ci="5" mb="0" cb="0"/><line nr="80" mi="0" ci="5" mb="0" cb="0"/><line nr="81" mi="0" ci="5" mb="0" cb="0"/><line nr="82" mi="0" ci="5" mb="0" cb="0"/><line nr="83" mi="0" ci="3" mb="0" cb="0"/><line nr="84" mi="0" ci="2" mb="0" cb="0"/><line nr="86" mi="0" ci="1" mb="0" cb="0"/><line nr="87" mi="0" ci="5" mb="1" cb="1"/><line nr="88" mi="0" ci="6" mb="0" cb="0"/><line nr="89" mi="0" ci="7" mb="0" cb="0"/><line nr="91" mi="7" ci="0" mb="0" cb="0"/><line nr="92" mi="5" ci="0" mb="0" cb="0"/><line nr="94" mi="0" ci="1" mb="0" cb="0"/><line nr="95" mi="0" ci="1" mb="0" cb="0"/><line nr="100" mi="0" ci="5" mb="0" cb="2"/><line nr="102" mi="0" ci="5" mb="0" cb="0"/><line nr="107" mi="0" ci="5" mb="0" cb="0"/><line nr="108" mi="0" ci="5" mb="0" cb="0"/><line nr="109" mi="0" ci="5" mb="0" cb="0"/><line nr="110" mi="0" ci="3" mb="0" cb="0"/><line nr="112" mi="0" ci="2" mb="0" cb="0"/><line nr="113" mi="0" ci="1" mb="0" cb="0"/><line nr="116" mi="0" ci="6" mb="0" cb="0"/><line nr="117" mi="0" ci="7" mb="0" cb="0"/><line nr="120" mi="1" ci="0" mb="0" cb="0"/><line nr="121" mi="20" ci="0" mb="0" cb="0"/><line nr="122" mi="5" ci="0" mb="0" cb="0"/><line nr="123" mi="0" ci="1" mb="0" cb="0"/><line nr="124" mi="0" ci="1" mb="0" cb="0"/><line nr="130" mi="0" ci="4" mb="0" cb="2"/><line nr="132" mi="0" ci="5" mb="0" cb="0"/><line nr="135" mi="0" ci="4" mb="0" cb="0"/><line nr="136" mi="0" ci="3" mb="0" cb="0"/><line nr="138" mi="0" ci="2" mb="0" cb="0"/><line nr="139" mi="0" ci="1" mb="0" cb="0"/><line nr="142" mi="0" ci="5" mb="0" cb="0"/><line nr="143" mi="0" ci="6" mb="0" cb="0"/><line nr="147" mi="1" ci="0" mb="0" cb="0"/><line nr="148" mi="6" ci="0" mb="0" cb="0"/><line nr="149" mi="5" ci="0" mb="0" cb="0"/><line nr="150" mi="0" ci="1" mb="0" cb="0"/><line nr="152" mi="0" ci="1" mb="0" cb="0"/><line nr="158" mi="0" ci="5" mb="0" cb="0"/><line nr="162" mi="0" ci="3" mb="0" cb="0"/><line nr="163" mi="0" ci="4" mb="0" cb="0"/><line nr="165" mi="0" ci="3" mb="0" cb="2"/><line nr="166" mi="0" ci="16" mb="0" cb="0"/><line nr="168" mi="0" ci="2" mb="0" cb="0"/><line nr="170" mi="1" ci="0" mb="0" cb="0"/><line nr="171" mi="5" ci="0" mb="0" cb="0"/><line nr="172" mi="5" ci="0" mb="0" cb="0"/><line nr="179" mi="2" ci="0" mb="0" cb="0"/><line nr="181" mi="5" ci="0" mb="2" cb="0"/><line nr="183" mi="5" ci="0" mb="0" cb="0"/><line nr="189" mi="4" ci="0" mb="0" cb="0"/><line nr="190" mi="4" ci="0" mb="0" cb="0"/><line nr="192" mi="3" ci="0" mb="0" cb="0"/><line nr="194" mi="4" ci="0" mb="0" cb="0"/><line nr="195" mi="3" ci="0" mb="2" cb="0"/><line nr="196" mi="16" ci="0" mb="0" cb="0"/><line nr="198" mi="2" ci="0" mb="0" cb="0"/><line nr="199" mi="2" ci="0" mb="0" cb="0"/><line nr="203" mi="5" ci="0" mb="0" cb="0"/><line nr="204" mi="6" ci="0" mb="0" cb="0"/><line nr="208" mi="1" ci="0" mb="0" cb="0"/><line nr="209" mi="6" ci="0" mb="0" cb="0"/><line nr="210" mi="5" ci="0" mb="0" cb="0"/><line nr="218" mi="0" ci="5" mb="0" cb="0"/><line nr="222" mi="0" ci="4" mb="0" cb="0"/><line nr="223" mi="0" ci="3" mb="0" cb="0"/><line nr="225" mi="0" ci="3" mb="0" cb="0"/><line nr="227" mi="1" ci="0" mb="0" cb="0"/><line nr="228" mi="5" ci="0" mb="0" cb="0"/><counter type="INSTRUCTION" missed="140" covered="188"/><counter type="BRANCH" missed="5" covered="7"/><counter type="LINE" missed="29" covered="49"/><counter type="COMPLEXITY" missed="4" covered="10"/><counter type="METHOD" missed="1" covered="7"/><counter type="CLASS" missed="0" covered="1"/></sourcefile><sourcefile name="ApplicationData.java"><line nr="62" mi="0" ci="5" mb="0" cb="0"/><line nr="67" mi="0" ci="2" mb="0" cb="0"/><line nr="68" mi="0" ci="3" mb="0" cb="0"/><line nr="69" mi="0" ci="3" mb="0" cb="0"/><line nr="70" mi="0" ci="1" mb="0" cb="0"/><line nr="76" mi="0" ci="5" mb="0" cb="0"/><line nr="80" mi="0" ci="5" mb="0" cb="0"/><line nr="81" mi="0" ci="5" mb="0" cb="0"/><line nr="82" mi="0" ci="5" mb="0" cb="0"/><line nr="83" mi="0" ci="3" mb="0" cb="0"/><line nr="85" mi="0" ci="11" mb="0" cb="2"/><line nr="86" mi="0" ci="5" mb="0" cb="0"/><line nr="87" mi="0" ci="1" mb="0" cb="0"/><line nr="88" mi="0" ci="2" mb="0" cb="0"/><line nr="90" mi="1" ci="0" mb="0" cb="0"/><line nr="91" mi="5" ci="0" mb="2" cb="0"/><line nr="92" mi="6" ci="0" mb="0" cb="0"/><line nr="93" mi="8" ci="0" mb="0" cb="0"/><line nr="95" mi="7" ci="0" mb="0" cb="0"/><line nr="96" mi="5" ci="0" mb="0" cb="0"/><line nr="98" mi="0" ci="1" mb="0" cb="0"/><line nr="99" mi="0" ci="1" mb="0" cb="0"/><line nr="105" mi="5" ci="0" mb="0" cb="0"/><line nr="110" mi="5" ci="0" mb="0" cb="0"/><line nr="111" mi="5" ci="0" mb="0" cb="0"/><line nr="112" mi="5" ci="0" mb="0" cb="0"/><line nr="113" mi="3" ci="0" mb="0" cb="0"/><line nr="114" mi="2" ci="0" mb="0" cb="0"/><line nr="115" mi="4" ci="0" mb="0" cb="0"/><line nr="116" mi="11" ci="0" mb="2" cb="0"/><line nr="117" mi="4" ci="0" mb="2" cb="0"/><line nr="118" mi="5" ci="0" mb="0" cb="0"/><line nr="120" mi="1" ci="0" mb="0" cb="0"/><line nr="122" mi="1" ci="0" mb="0" cb="0"/><line nr="123" mi="7" ci="0" mb="0" cb="0"/><line nr="124" mi="5" ci="0" mb="0" cb="0"/><line nr="125" mi="1" ci="0" mb="0" cb="0"/><line nr="126" mi="1" ci="0" mb="0" cb="0"/><line nr="132" mi="5" ci="0" mb="0" cb="0"/><line nr="135" mi="4" ci="0" mb="0" cb="0"/><line nr="136" mi="3" ci="0" mb="0" cb="0"/><line nr="137" mi="2" ci="0" mb="0" cb="0"/><line nr="139" mi="1" ci="0" mb="0" cb="0"/><line nr="140" mi="6" ci="0" mb="0" cb="0"/><line nr="141" mi="5" ci="0" mb="0" cb="0"/><line nr="142" mi="1" ci="0" mb="0" cb="0"/><line nr="143" mi="1" ci="0" mb="0" cb="0"/><line nr="149" mi="14" ci="0" mb="2" cb="0"/><line nr="150" mi="5" ci="0" mb="0" cb="0"/><line nr="154" mi="5" ci="0" mb="0" cb="0"/><line nr="155" mi="4" ci="0" mb="0" cb="0"/><line nr="156" mi="3" ci="0" mb="0" cb="0"/><line nr="157" mi="2" ci="0" mb="0" cb="0"/><line nr="158" mi="1" ci="0" mb="0" cb="0"/><line nr="160" mi="1" ci="0" mb="0" cb="0"/><line nr="161" mi="18" ci="0" mb="0" cb="0"/><line nr="162" mi="5" ci="0" mb="0" cb="0"/><line nr="163" mi="1" ci="0" mb="0" cb="0"/><line nr="164" mi="1" ci="0" mb="0" cb="0"/><line nr="168" mi="0" ci="5" mb="0" cb="0"/><line nr="174" mi="4" ci="0" mb="0" cb="0"/><line nr="180" mi="0" ci="2" mb="0" cb="0"/><line nr="181" mi="0" ci="2" mb="1" cb="1"/><line nr="182" mi="3" ci="0" mb="0" cb="0"/><line nr="186" mi="0" ci="2" mb="0" cb="0"/><line nr="191" mi="0" ci="5" mb="0" cb="0"/><line nr="192" mi="0" ci="2" mb="1" cb="1"/><line nr="193" mi="4" ci="0" mb="0" cb="0"/><line nr="195" mi="0" ci="3" mb="0" cb="0"/><line nr="196" mi="0" ci="4" mb="0" cb="0"/><line nr="198" mi="0" ci="3" mb="0" cb="2"/><line nr="200" mi="0" ci="4" mb="0" cb="0"/><line nr="201" mi="0" ci="5" mb="0" cb="0"/><line nr="203" mi="0" ci="4" mb="0" cb="0"/><line nr="204" mi="0" ci="3" mb="0" cb="0"/><line nr="205" mi="0" ci="2" mb="0" cb="0"/><line nr="206" mi="0" ci="2" mb="0" cb="0"/><line nr="207" mi="0" ci="3" mb="0" cb="2"/><line nr="208" mi="0" ci="4" mb="0" cb="0"/><line nr="209" mi="0" ci="5" mb="0" cb="0"/><line nr="211" mi="0" ci="2" mb="0" cb="0"/><line nr="213" mi="0" ci="4" mb="0" cb="0"/><line nr="214" mi="0" ci="5" mb="0" cb="0"/><line nr="216" mi="0" ci="4" mb="0" cb="0"/><line nr="218" mi="0" ci="3" mb="0" cb="0"/><line nr="219" mi="0" ci="4" mb="0" cb="0"/><line nr="221" mi="0" ci="3" mb="0" cb="2"/><line nr="222" mi="0" ci="7" mb="0" cb="0"/><line nr="224" mi="0" ci="2" mb="0" cb="0"/><line nr="226" mi="0" ci="17" mb="0" cb="0"/><line nr="227" mi="0" ci="1" mb="0" cb="0"/><line nr="228" mi="0" ci="2" mb="0" cb="0"/><line nr="229" mi="0" ci="2" mb="0" cb="0"/><line nr="231" mi="1" ci="0" mb="0" cb="0"/><line nr="232" mi="5" ci="0" mb="0" cb="0"/><line nr="233" mi="5" ci="0" mb="0" cb="0"/><line nr="241" mi="5" ci="0" mb="0" cb="0"/><line nr="247" mi="4" ci="0" mb="0" cb="0"/><line nr="248" mi="4" ci="0" mb="0" cb="0"/><line nr="250" mi="3" ci="0" mb="0" cb="0"/><line nr="251" mi="4" ci="0" mb="0" cb="0"/><line nr="253" mi="3" ci="0" mb="2" cb="0"/><line nr="254" mi="18" ci="0" mb="0" cb="0"/><line nr="256" mi="2" ci="0" mb="0" cb="0"/><line nr="257" mi="2" ci="0" mb="0" cb="0"/><line nr="259" mi="1" ci="0" mb="0" cb="0"/><line nr="260" mi="6" ci="0" mb="0" cb="0"/><line nr="261" mi="5" ci="0" mb="0" cb="0"/><line nr="268" mi="0" ci="5" mb="0" cb="0"/><line nr="271" mi="0" ci="4" mb="0" cb="0"/><line nr="273" mi="0" ci="3" mb="0" cb="0"/><line nr="274" mi="0" ci="3" mb="1" cb="1"/><line nr="276" mi="0" ci="5" mb="0" cb="0"/><line nr="279" mi="0" ci="4" mb="0" cb="0"/><line nr="281" mi="0" ci="3" mb="0" cb="0"/><line nr="282" mi="0" ci="4" mb="0" cb="0"/><line nr="284" mi="0" ci="3" mb="0" cb="2"/><line nr="285" mi="0" ci="7" mb="0" cb="0"/><line nr="287" mi="0" ci="2" mb="0" cb="0"/><line nr="288" mi="0" ci="14" mb="0" cb="0"/><line nr="290" mi="2" ci="0" mb="0" cb="0"/><line nr="291" mi="1" ci="0" mb="0" cb="0"/><line nr="292" mi="6" ci="0" mb="0" cb="0"/><line nr="293" mi="5" ci="0" mb="0" cb="0"/><line nr="300" mi="0" ci="4" mb="0" cb="0"/><line nr="302" mi="0" ci="3" mb="1" cb="1"/><line nr="303" mi="4" ci="0" mb="0" cb="0"/><line nr="305" mi="10" ci="0" mb="2" cb="0"/><line nr="306" mi="3" ci="0" mb="2" cb="0"/><line nr="307" mi="4" ci="0" mb="0" cb="0"/><line nr="309" mi="8" ci="0" mb="0" cb="0"/><line nr="310" mi="1" ci="0" mb="0" cb="0"/><line nr="312" mi="9" ci="0" mb="2" cb="0"/><line nr="314" mi="6" ci="0" mb="0" cb="0"/><line nr="320" mi="3" ci="0" mb="0" cb="0"/><line nr="322" mi="3" ci="0" mb="2" cb="0"/><line nr="323" mi="4" ci="0" mb="0" cb="0"/><line nr="324" mi="5" ci="0" mb="0" cb="0"/><line nr="327" mi="4" ci="0" mb="0" cb="0"/><line nr="329" mi="3" ci="0" mb="0" cb="0"/><line nr="330" mi="4" ci="0" mb="0" cb="0"/><line nr="332" mi="3" ci="0" mb="2" cb="0"/><line nr="333" mi="7" ci="0" mb="0" cb="0"/><line nr="335" mi="2" ci="0" mb="0" cb="0"/><line nr="337" mi="4" ci="0" mb="0" cb="0"/><line nr="338" mi="5" ci="0" mb="0" cb="0"/><line nr="340" mi="4" ci="0" mb="0" cb="0"/><line nr="341" mi="3" ci="0" mb="0" cb="0"/><line nr="342" mi="2" ci="0" mb="0" cb="0"/><line nr="343" mi="2" ci="0" mb="0" cb="0"/><line nr="344" mi="3" ci="0" mb="2" cb="0"/><line nr="345" mi="4" ci="0" mb="0" cb="0"/><line nr="346" mi="5" ci="0" mb="0" cb="0"/><line nr="348" mi="2" ci="0" mb="0" cb="0"/><line nr="350" mi="17" ci="0" mb="0" cb="0"/><line nr="351" mi="1" ci="0" mb="0" cb="0"/><line nr="352" mi="2" ci="0" mb="0" cb="0"/><line nr="354" mi="0" ci="2" mb="0" cb="0"/><line nr="356" mi="1" ci="0" mb="0" cb="0"/><line nr="357" mi="6" ci="0" mb="0" cb="0"/><line nr="358" mi="5" ci="0" mb="0" cb="0"/><line nr="366" mi="4" ci="0" mb="0" cb="0"/><line nr="367" mi="2" ci="0" mb="0" cb="0"/><line nr="368" mi="2" ci="0" mb="2" cb="0"/><line nr="369" mi="6" ci="0" mb="0" cb="0"/><line nr="372" mi="5" ci="0" mb="0" cb="0"/><line nr="375" mi="4" ci="0" mb="0" cb="0"/><line nr="378" mi="3" ci="0" mb="0" cb="0"/><line nr="379" mi="3" ci="0" mb="2" cb="0"/><line nr="380" mi="7" ci="0" mb="0" cb="0"/><line nr="383" mi="2" ci="0" mb="0" cb="0"/><line nr="384" mi="2" ci="0" mb="0" cb="0"/><line nr="386" mi="1" ci="0" mb="0" cb="0"/><line nr="387" mi="6" ci="0" mb="0" cb="0"/><line nr="389" mi="2" ci="0" mb="0" cb="0"/><line nr="396" mi="0" ci="5" mb="0" cb="0"/><line nr="400" mi="0" ci="4" mb="0" cb="0"/><line nr="401" mi="0" ci="4" mb="0" cb="0"/><line nr="402" mi="0" ci="3" mb="0" cb="0"/><line nr="403" mi="0" ci="2" mb="0" cb="0"/><line nr="405" mi="1" ci="0" mb="0" cb="0"/><line nr="406" mi="5" ci="0" mb="2" cb="0"/><line nr="407" mi="6" ci="0" mb="0" cb="0"/><line nr="408" mi="8" ci="0" mb="0" cb="0"/><line nr="410" mi="18" ci="0" mb="0" cb="0"/><line nr="411" mi="5" ci="0" mb="0" cb="0"/><line nr="413" mi="0" ci="1" mb="0" cb="0"/><line nr="414" mi="0" ci="1" mb="0" cb="0"/><line nr="419" mi="5" ci="0" mb="0" cb="0"/><line nr="422" mi="4" ci="0" mb="0" cb="0"/><line nr="423" mi="3" ci="0" mb="0" cb="0"/><line nr="424" mi="2" ci="0" mb="0" cb="0"/><line nr="426" mi="1" ci="0" mb="0" cb="0"/><line nr="427" mi="6" ci="0" mb="0" cb="0"/><line nr="428" mi="5" ci="0" mb="0" cb="0"/><line nr="429" mi="1" ci="0" mb="0" cb="0"/><line nr="430" mi="1" ci="0" mb="0" cb="0"/><line nr="436" mi="5" ci="0" mb="0" cb="0"/><line nr="438" mi="4" ci="0" mb="0" cb="0"/><line nr="440" mi="3" ci="0" mb="0" cb="0"/><line nr="441" mi="3" ci="0" mb="0" cb="0"/><line nr="442" mi="4" ci="0" mb="0" cb="0"/><line nr="443" mi="2" ci="0" mb="0" cb="0"/><line nr="445" mi="2" ci="0" mb="0" cb="0"/><line nr="447" mi="1" ci="0" mb="0" cb="0"/><line nr="448" mi="6" ci="0" mb="0" cb="0"/><line nr="449" mi="5" ci="0" mb="0" cb="0"/><line nr="457" mi="5" ci="0" mb="0" cb="0"/><line nr="462" mi="4" ci="0" mb="0" cb="0"/><line nr="464" mi="3" ci="0" mb="0" cb="0"/><line nr="465" mi="4" ci="0" mb="0" cb="0"/><line nr="467" mi="3" ci="0" mb="2" cb="0"/><line nr="468" mi="9" ci="0" mb="0" cb="0"/><line nr="470" mi="3" ci="0" mb="0" cb="0"/><line nr="471" mi="3" ci="0" mb="0" cb="0"/><line nr="472" mi="3" ci="0" mb="0" cb="0"/><line nr="473" mi="3" ci="0" mb="0" cb="0"/><line nr="474" mi="3" ci="0" mb="0" cb="0"/><line nr="475" mi="2" ci="0" mb="0" cb="0"/><line nr="477" mi="2" ci="0" mb="0" cb="0"/><line nr="478" mi="2" ci="0" mb="0" cb="0"/><line nr="480" mi="1" ci="0" mb="0" cb="0"/><line nr="481" mi="6" ci="0" mb="0" cb="0"/><line nr="482" mi="5" ci="0" mb="0" cb="0"/><line nr="490" mi="5" ci="0" mb="0" cb="0"/><line nr="495" mi="4" ci="0" mb="0" cb="0"/><line nr="497" mi="3" ci="0" mb="0" cb="0"/><line nr="498" mi="4" ci="0" mb="0" cb="0"/><line nr="500" mi="3" ci="0" mb="2" cb="0"/><line nr="501" mi="8" ci="0" mb="0" cb="0"/><line nr="502" mi="3" ci="0" mb="0" cb="0"/><line nr="503" mi="3" ci="0" mb="0" cb="0"/><line nr="504" mi="3" ci="0" mb="0" cb="0"/><line nr="505" mi="3" ci="0" mb="0" cb="0"/><line nr="506" mi="3" ci="0" mb="0" cb="0"/><line nr="507" mi="3" ci="0" mb="0" cb="0"/><line nr="508" mi="2" ci="0" mb="0" cb="0"/><line nr="510" mi="2" ci="0" mb="0" cb="0"/><line nr="511" mi="2" ci="0" mb="0" cb="0"/><line nr="513" mi="1" ci="0" mb="0" cb="0"/><line nr="514" mi="5" ci="0" mb="0" cb="0"/><line nr="515" mi="5" ci="0" mb="0" cb="0"/><line nr="523" mi="5" ci="0" mb="0" cb="0"/><line nr="527" mi="5" ci="0" mb="0" cb="0"/><line nr="528" mi="5" ci="0" mb="0" cb="0"/><line nr="529" mi="5" ci="0" mb="0" cb="0"/><line nr="530" mi="5" ci="0" mb="0" cb="0"/><line nr="531" mi="5" ci="0" mb="0" cb="0"/><line nr="532" mi="5" ci="0" mb="0" cb="0"/><line nr="533" mi="3" ci="0" mb="0" cb="0"/><line nr="534" mi="2" ci="0" mb="0" cb="0"/><line nr="536" mi="1" ci="0" mb="0" cb="0"/><line nr="537" mi="5" ci="0" mb="2" cb="0"/><line nr="538" mi="6" ci="0" mb="0" cb="0"/><line nr="539" mi="8" ci="0" mb="0" cb="0"/><line nr="541" mi="9" ci="0" mb="0" cb="0"/><line nr="542" mi="11" ci="0" mb="0" cb="0"/><line nr="543" mi="5" ci="0" mb="0" cb="0"/><line nr="545" mi="1" ci="0" mb="0" cb="0"/><line nr="546" mi="1" ci="0" mb="0" cb="0"/><line nr="551" mi="5" ci="0" mb="0" cb="0"/><line nr="556" mi="5" ci="0" mb="0" cb="0"/><line nr="557" mi="5" ci="0" mb="0" cb="0"/><line nr="558" mi="5" ci="0" mb="0" cb="0"/><line nr="559" mi="5" ci="0" mb="0" cb="0"/><line nr="560" mi="5" ci="0" mb="0" cb="0"/><line nr="561" mi="5" ci="0" mb="0" cb="0"/><line nr="562" mi="3" ci="0" mb="0" cb="0"/><line nr="563" mi="2" ci="0" mb="0" cb="0"/><line nr="565" mi="1" ci="0" mb="0" cb="0"/><line nr="566" mi="9" ci="0" mb="0" cb="0"/><line nr="567" mi="11" ci="0" mb="0" cb="0"/><line nr="568" mi="5" ci="0" mb="0" cb="0"/><line nr="569" mi="1" ci="0" mb="0" cb="0"/><line nr="570" mi="1" ci="0" mb="0" cb="0"/><line nr="577" mi="5" ci="0" mb="0" cb="0"/><line nr="582" mi="4" ci="0" mb="0" cb="0"/><line nr="583" mi="4" ci="0" mb="0" cb="0"/><line nr="584" mi="4" ci="0" mb="0" cb="0"/><line nr="585" mi="3" ci="0" mb="0" cb="0"/><line nr="586" mi="2" ci="0" mb="0" cb="0"/><line nr="588" mi="1" ci="0" mb="0" cb="0"/><line nr="589" mi="22" ci="0" mb="0" cb="0"/><line nr="591" mi="5" ci="0" mb="0" cb="0"/><line nr="592" mi="1" ci="0" mb="0" cb="0"/><line nr="593" mi="1" ci="0" mb="0" cb="0"/><line nr="600" mi="5" ci="0" mb="0" cb="0"/><line nr="603" mi="4" ci="0" mb="0" cb="0"/><line nr="604" mi="4" ci="0" mb="0" cb="0"/><line nr="605" mi="3" ci="0" mb="0" cb="0"/><line nr="606" mi="2" ci="0" mb="0" cb="0"/><line nr="608" mi="1" ci="0" mb="0" cb="0"/><line nr="609" mi="18" ci="0" mb="0" cb="0"/><line nr="610" mi="5" ci="0" mb="0" cb="0"/><line nr="611" mi="1" ci="0" mb="0" cb="0"/><line nr="612" mi="1" ci="0" mb="0" cb="0"/><line nr="619" mi="5" ci="0" mb="0" cb="0"/><line nr="624" mi="4" ci="0" mb="0" cb="0"/><line nr="625" mi="4" ci="0" mb="0" cb="0"/><line nr="627" mi="3" ci="0" mb="0" cb="0"/><line nr="628" mi="3" ci="0" mb="0" cb="0"/><line nr="630" mi="7" ci="0" mb="0" cb="0"/><line nr="631" mi="3" ci="0" mb="0" cb="0"/><line nr="632" mi="3" ci="0" mb="0" cb="0"/><line nr="633" mi="3" ci="0" mb="0" cb="0"/><line nr="634" mi="3" ci="0" mb="0" cb="0"/><line nr="635" mi="3" ci="0" mb="0" cb="0"/><line nr="636" mi="3" ci="0" mb="0" cb="0"/><line nr="637" mi="2" ci="0" mb="0" cb="0"/><line nr="639" mi="2" ci="0" mb="0" cb="0"/><line nr="641" mi="1" ci="0" mb="0" cb="0"/><line nr="642" mi="18" ci="0" mb="0" cb="0"/><line nr="644" mi="5" ci="0" mb="0" cb="0"/><counter type="INSTRUCTION" missed="1028" covered="260"/><counter type="BRANCH" missed="38" covered="14"/><counter type="LINE" missed="244" covered="69"/><counter type="COMPLEXITY" missed="36" covered="12"/><counter type="METHOD" missed="15" covered="7"/><counter type="CLASS" missed="0" covered="1"/></sourcefile><sourcefile name="ApplicationDataInitializer.java"><line nr="20" mi="0" ci="5" mb="0" cb="0"/><line nr="26" mi="0" ci="2" mb="0" cb="0"/><line nr="27" mi="0" ci="3" mb="0" cb="0"/><line nr="28" mi="0" ci="3" mb="0" cb="0"/><line nr="29" mi="0" ci="1" mb="0" cb="0"/><line nr="35" mi="0" ci="4" mb="0" cb="0"/><line nr="37" mi="0" ci="6" mb="0" cb="0"/><line nr="43" mi="0" ci="6" mb="0" cb="0"/><line nr="47" mi="0" ci="6" mb="0" cb="0"/><line nr="56" mi="0" ci="6" mb="0" cb="0"/><line nr="65" mi="0" ci="6" mb="0" cb="0"/><line nr="73" mi="0" ci="6" mb="0" cb="0"/><line nr="85" mi="0" ci="6" mb="0" cb="0"/><line nr="94" mi="0" ci="6" mb="0" cb="0"/><line nr="103" mi="0" ci="6" mb="0" cb="0"/><line nr="108" mi="0" ci="1" mb="0" cb="0"/><counter type="INSTRUCTION" missed="0" covered="73"/><counter type="LINE" missed="0" covered="16"/><counter type="COMPLEXITY" missed="0" covered="2"/><counter type="METHOD" missed="0" covered="2"/><counter type="CLASS" missed="0" covered="1"/></sourcefile><counter type="INSTRUCTION" missed="1944" covered="964"/><counter type="BRANCH" missed="66" covered="46"/><counter type="LINE" missed="443" covered="249"/><counter type="COMPLEXITY" missed="64" covered="47"/><counter type="METHOD" missed="25" covered="29"/><counter type="CLASS" missed="0" covered="5"/></package><package name="fr/insalyon/creatis/vip/application/server/business/simulation/parser"><class name="fr/insalyon/creatis/vip/application/server/business/simulation/parser/InputParser" sourcefilename="InputParser.java"><method name="&lt;init&gt;" desc="()V" line="61"><counter type="INSTRUCTION" missed="13" covered="0"/><counter type="LINE" missed="4" covered="0"/><counter type="COMPLEXITY" missed="1" covered="0"/><counter type="METHOD" missed="1" covered="0"/></method><method name="parse" desc="(Ljava/lang/String;)Ljava/lang/String;" line="73"><counter type="INSTRUCTION" missed="33" covered="0"/><counter type="LINE" missed="7" covered="0"/><counter type="COMPLEXITY" missed="1" covered="0"/><counter type="METHOD" missed="1" covered="0"/></method><method name="startElement" desc="(Ljava/lang/String;Ljava/lang/String;Ljava/lang/String;Lorg/xml/sax/Attributes;)V" line="88"><counter type="INSTRUCTION" missed="70" covered="0"/><counter type="BRANCH" missed="16" covered="0"/><counter type="LINE" missed="21" covered="0"/><counter type="COMPLEXITY" missed="9" covered="0"/><counter type="METHOD" missed="1" covered="0"/></method><method name="endElement" desc="(Ljava/lang/String;Ljava/lang/String;Ljava/lang/String;)V" line="121"><counter type="INSTRUCTION" missed="34" covered="0"/><counter type="BRANCH" missed="4" covered="0"/><counter type="LINE" missed="8" covered="0"/><counter type="COMPLEXITY" missed="3" covered="0"/><counter type="METHOD" missed="1" covered="0"/></method><method name="characters" desc="([CII)V" line="135"><counter type="INSTRUCTION" missed="20" covered="0"/><counter type="BRANCH" missed="2" covered="0"/><counter type="LINE" missed="4" covered="0"/><counter type="COMPLEXITY" missed="2" covered="0"/><counter type="METHOD" missed="1" covered="0"/></method><counter type="INSTRUCTION" missed="170" covered="0"/><counter type="BRANCH" missed="22" covered="0"/><counter type="LINE" missed="44" covered="0"/><counter type="COMPLEXITY" missed="16" covered="0"/><counter type="METHOD" missed="5" covered="0"/><counter type="CLASS" missed="1" covered="0"/></class><class name="fr/insalyon/creatis/vip/application/server/business/simulation/parser/ScuflParser" sourcefilename="ScuflParser.java"><method name="&lt;init&gt;" desc="()V" line="50"><counter type="INSTRUCTION" missed="3" covered="0"/><counter type="LINE" missed="1" covered="0"/><counter type="COMPLEXITY" missed="1" covered="0"/><counter type="METHOD" missed="1" covered="0"/></method><method name="startElement" desc="(Ljava/lang/String;Ljava/lang/String;Ljava/lang/String;Lorg/xml/sax/Attributes;)V" line="54"><counter type="INSTRUCTION" missed="21" covered="0"/><counter type="BRANCH" missed="2" covered="0"/><counter type="LINE" missed="5" covered="0"/><counter type="COMPLEXITY" missed="2" covered="0"/><counter type="METHOD" missed="1" covered="0"/></method><counter type="INSTRUCTION" missed="24" covered="0"/><counter type="BRANCH" missed="2" covered="0"/><counter type="LINE" missed="6" covered="0"/><counter type="COMPLEXITY" missed="3" covered="0"/><counter type="METHOD" missed="2" covered="0"/><counter type="CLASS" missed="1" covered="0"/></class><class name="fr/insalyon/creatis/vip/application/server/business/simulation/parser/AbstractWorkflowParser" sourcefilename="AbstractWorkflowParser.java"><method name="&lt;init&gt;" desc="()V" line="56"><counter type="INSTRUCTION" missed="11" covered="0"/><counter type="LINE" missed="4" covered="0"/><counter type="COMPLEXITY" missed="1" covered="0"/><counter type="METHOD" missed="1" covered="0"/></method><method name="parse" desc="(Ljava/lang/String;)Lfr/insalyon/creatis/vip/application/client/bean/Descriptor;" line="63"><counter type="INSTRUCTION" missed="25" covered="0"/><counter type="LINE" missed="4" covered="0"/><counter type="COMPLEXITY" missed="1" covered="0"/><counter type="METHOD" missed="1" covered="0"/></method><counter type="INSTRUCTION" missed="36" covered="0"/><counter type="LINE" missed="8" covered="0"/><counter type="COMPLEXITY" missed="2" covered="0"/><counter type="METHOD" missed="2" covered="0"/><counter type="CLASS" missed="1" covered="0"/></class><class name="fr/insalyon/creatis/vip/application/server/business/simulation/parser/InputM2Parser" sourcefilename="InputM2Parser.java"><method name="setLfcPathsBusiness" desc="(Lfr/insalyon/creatis/vip/datamanager/server/business/LfcPathsBusiness;)V" line="80"><counter type="INSTRUCTION" missed="4" covered="0"/><counter type="LINE" missed="2" covered="0"/><counter type="COMPLEXITY" missed="1" covered="0"/><counter type="METHOD" missed="1" covered="0"/></method><method name="&lt;init&gt;" desc="(Ljava/lang/String;)V" line="68"><counter type="INSTRUCTION" missed="19" covered="0"/><counter type="LINE" missed="6" covered="0"/><counter type="COMPLEXITY" missed="1" covered="0"/><counter type="METHOD" missed="1" covered="0"/></method><method name="parse" desc="(Ljava/lang/String;)Ljava/util/Map;" line="93"><counter type="INSTRUCTION" missed="29" covered="0"/><counter type="LINE" missed="7" covered="0"/><counter type="COMPLEXITY" missed="1" covered="0"/><counter type="METHOD" missed="1" covered="0"/></method><method name="startElement" desc="(Ljava/lang/String;Ljava/lang/String;Ljava/lang/String;Lorg/xml/sax/Attributes;)V" line="109"><counter type="INSTRUCTION" missed="23" covered="0"/><counter type="BRANCH" missed="4" covered="0"/><counter type="LINE" missed="6" covered="0"/><counter type="COMPLEXITY" missed="3" covered="0"/><counter type="METHOD" missed="1" covered="0"/></method><method name="endElement" desc="(Ljava/lang/String;Ljava/lang/String;Ljava/lang/String;)V" line="123"><counter type="INSTRUCTION" missed="160" covered="0"/><counter type="BRANCH" missed="20" covered="0"/><counter type="LINE" missed="46" covered="0"/><counter type="COMPLEXITY" missed="11" covered="0"/><counter type="METHOD" missed="1" covered="0"/></method><method name="characters" desc="([CII)V" line="197"><counter type="INSTRUCTION" missed="19" covered="0"/><counter type="BRANCH" missed="2" covered="0"/><counter type="LINE" missed="4" covered="0"/><counter type="COMPLEXITY" missed="2" covered="0"/><counter type="METHOD" missed="1" covered="0"/></method><counter type="INSTRUCTION" missed="254" covered="0"/><counter type="BRANCH" missed="26" covered="0"/><counter type="LINE" missed="71" covered="0"/><counter type="COMPLEXITY" missed="19" covered="0"/><counter type="METHOD" missed="6" covered="0"/><counter type="CLASS" missed="1" covered="0"/></class><class name="fr/insalyon/creatis/vip/application/server/business/simulation/parser/GwendiaParser" sourcefilename="GwendiaParser.java"><method name="&lt;init&gt;" desc="()V" line="54"><counter type="INSTRUCTION" missed="14" covered="0"/><counter type="LINE" missed="5" covered="0"/><counter type="COMPLEXITY" missed="1" covered="0"/><counter type="METHOD" missed="1" covered="0"/></method><method name="startElement" desc="(Ljava/lang/String;Ljava/lang/String;Ljava/lang/String;Lorg/xml/sax/Attributes;)V" line="66"><counter type="INSTRUCTION" missed="53" covered="0"/><counter type="BRANCH" missed="6" covered="0"/><counter type="LINE" missed="10" covered="0"/><counter type="COMPLEXITY" missed="4" covered="0"/><counter type="METHOD" missed="1" covered="0"/></method><method name="characters" desc="([CII)V" line="81"><counter type="INSTRUCTION" missed="20" covered="0"/><counter type="BRANCH" missed="2" covered="0"/><counter type="LINE" missed="4" covered="0"/><counter type="COMPLEXITY" missed="2" covered="0"/><counter type="METHOD" missed="1" covered="0"/></method><method name="endElement" desc="(Ljava/lang/String;Ljava/lang/String;Ljava/lang/String;)V" line="89"><counter type="INSTRUCTION" missed="25" covered="0"/><counter type="BRANCH" missed="6" covered="0"/><counter type="LINE" missed="7" covered="0"/><counter type="COMPLEXITY" missed="4" covered="0"/><counter type="METHOD" missed="1" covered="0"/></method><counter type="INSTRUCTION" missed="112" covered="0"/><counter type="BRANCH" missed="14" covered="0"/><counter type="LINE" missed="26" covered="0"/><counter type="COMPLEXITY" missed="11" covered="0"/><counter type="METHOD" missed="4" covered="0"/><counter type="CLASS" missed="1" covered="0"/></class><sourcefile name="InputParser.java"><line nr="61" mi="5" ci="0" mb="0" cb="0"/><line nr="67" mi="2" ci="0" mb="0" cb="0"/><line nr="68" mi="5" ci="0" mb="0" cb="0"/><line nr="69" mi="1" ci="0" mb="0" cb="0"/><line nr="73" mi="3" ci="0" mb="0" cb="0"/><line nr="74" mi="4" ci="0" mb="0" cb="0"/><line nr="75" mi="10" ci="0" mb="0" cb="0"/><line nr="77" mi="4" ci="0" mb="0" cb="0"/><line nr="79" mi="1" ci="0" mb="0" cb="0"/><line nr="80" mi="6" ci="0" mb="0" cb="0"/><line nr="81" mi="5" ci="0" mb="0" cb="0"/><line nr="88" mi="4" ci="0" mb="2" cb="0"/><line nr="89" mi="5" ci="0" mb="0" cb="0"/><line nr="90" mi="1" ci="0" mb="0" cb="0"/><line nr="92" mi="4" ci="0" mb="2" cb="0"/><line nr="93" mi="5" ci="0" mb="0" cb="0"/><line nr="94" mi="1" ci="0" mb="0" cb="0"/><line nr="96" mi="4" ci="0" mb="2" cb="0"/><line nr="97" mi="3" ci="0" mb="0" cb="0"/><line nr="98" mi="1" ci="0" mb="0" cb="0"/><line nr="100" mi="4" ci="0" mb="2" cb="0"/><line nr="101" mi="5" ci="0" mb="0" cb="0"/><line nr="102" mi="1" ci="0" mb="0" cb="0"/><line nr="104" mi="4" ci="0" mb="2" cb="0"/><line nr="105" mi="5" ci="0" mb="0" cb="0"/><line nr="106" mi="1" ci="0" mb="0" cb="0"/><line nr="108" mi="4" ci="0" mb="2" cb="0"/><line nr="109" mi="7" ci="0" mb="4" cb="0"/><line nr="110" mi="4" ci="0" mb="0" cb="0"/><line nr="112" mi="5" ci="0" mb="0" cb="0"/><line nr="114" mi="1" ci="0" mb="0" cb="0"/><line nr="116" mi="1" ci="0" mb="0" cb="0"/><line nr="121" mi="6" ci="0" mb="2" cb="0"/><line nr="122" mi="2" ci="0" mb="2" cb="0"/><line nr="124" mi="6" ci="0" mb="0" cb="0"/><line nr="125" mi="5" ci="0" mb="0" cb="0"/><line nr="126" mi="6" ci="0" mb="0" cb="0"/><line nr="127" mi="5" ci="0" mb="0" cb="0"/><line nr="128" mi="3" ci="0" mb="0" cb="0"/><line nr="130" mi="1" ci="0" mb="0" cb="0"/><line nr="135" mi="3" ci="0" mb="2" cb="0"/><line nr="136" mi="5" ci="0" mb="0" cb="0"/><line nr="137" mi="11" ci="0" mb="0" cb="0"/><line nr="139" mi="1" ci="0" mb="0" cb="0"/><counter type="INSTRUCTION" missed="170" covered="0"/><counter type="BRANCH" missed="22" covered="0"/><counter type="LINE" missed="44" covered="0"/><counter type="COMPLEXITY" missed="16" covered="0"/><counter type="METHOD" missed="5" covered="0"/><counter type="CLASS" missed="1" covered="0"/></sourcefile><sourcefile name="ScuflParser.java"><line nr="50" mi="3" ci="0" mb="0" cb="0"/><line nr="54" mi="4" ci="0" mb="2" cb="0"/><line nr="55" mi="4" ci="0" mb="0" cb="0"/><line nr="56" mi="11" ci="0" mb="0" cb="0"/><line nr="57" mi="1" ci="0" mb="0" cb="0"/><line nr="59" mi="1" ci="0" mb="0" cb="0"/><counter type="INSTRUCTION" missed="24" covered="0"/><counter type="BRANCH" missed="2" covered="0"/><counter type="LINE" missed="6" covered="0"/><counter type="COMPLEXITY" missed="3" covered="0"/><counter type="METHOD" missed="2" covered="0"/><counter type="CLASS" missed="1" covered="0"/></sourcefile><sourcefile name="AbstractWorkflowParser.java"><line nr="56" mi="3" ci="0" mb="0" cb="0"/><line nr="58" mi="2" ci="0" mb="0" cb="0"/><line nr="59" mi="5" ci="0" mb="0" cb="0"/><line nr="60" mi="1" ci="0" mb="0" cb="0"/><line nr="63" mi="3" ci="0" mb="0" cb="0"/><line nr="64" mi="4" ci="0" mb="0" cb="0"/><line nr="65" mi="10" ci="0" mb="0" cb="0"/><line nr="67" mi="8" ci="0" mb="0" cb="0"/><counter type="INSTRUCTION" missed="36" covered="0"/><counter type="LINE" missed="8" covered="0"/><counter type="COMPLEXITY" missed="2" covered="0"/><counter type="METHOD" missed="2" covered="0"/><counter type="CLASS" missed="1" covered="0"/></sourcefile><sourcefile name="InputM2Parser.java"><line nr="68" mi="5" ci="0" mb="0" cb="0"/><line nr="80" mi="3" ci="0" mb="0" cb="0"/><line nr="81" mi="1" ci="0" mb="0" cb="0"/><line nr="83" mi="2" ci="0" mb="0" cb="0"/><line nr="84" mi="5" ci="0" mb="0" cb="0"/><line nr="85" mi="3" ci="0" mb="0" cb="0"/><line nr="86" mi="3" ci="0" mb="0" cb="0"/><line nr="87" mi="1" ci="0" mb="0" cb="0"/><line nr="93" mi="2" ci="0" mb="0" cb="0"/><line nr="94" mi="3" ci="0" mb="0" cb="0"/><line nr="95" mi="9" ci="0" mb="0" cb="0"/><line nr="97" mi="3" ci="0" mb="0" cb="0"/><line nr="99" mi="1" ci="0" mb="0" cb="0"/><line nr="100" mi="6" ci="0" mb="0" cb="0"/><line nr="101" mi="5" ci="0" mb="0" cb="0"/><line nr="109" mi="4" ci="0" mb="2" cb="0"/><line nr="111" mi="5" ci="0" mb="0" cb="0"/><line nr="112" mi="6" ci="0" mb="0" cb="0"/><line nr="114" mi="4" ci="0" mb="2" cb="0"/><line nr="116" mi="3" ci="0" mb="0" cb="0"/><line nr="118" mi="1" ci="0" mb="0" cb="0"/><line nr="123" mi="4" ci="0" mb="2" cb="0"/><line nr="125" mi="5" ci="0" mb="2" cb="0"/><line nr="126" mi="6" ci="0" mb="0" cb="0"/><line nr="128" mi="7" ci="0" mb="0" cb="0"/><line nr="130" mi="1" ci="0" mb="0" cb="0"/><line nr="132" mi="1" ci="0" mb="0" cb="0"/><line nr="133" mi="7" ci="0" mb="0" cb="0"/><line nr="135" mi="1" ci="0" mb="0" cb="0"/><line nr="136" mi="2" ci="0" mb="0" cb="0"/><line nr="137" mi="2" ci="0" mb="0" cb="0"/><line nr="138" mi="2" ci="0" mb="0" cb="0"/><line nr="139" mi="2" ci="0" mb="0" cb="0"/><line nr="141" mi="11" ci="0" mb="2" cb="0"/><line nr="143" mi="4" ci="0" mb="0" cb="0"/><line nr="145" mi="4" ci="0" mb="2" cb="0"/><line nr="146" mi="3" ci="0" mb="0" cb="0"/><line nr="148" mi="4" ci="0" mb="2" cb="0"/><line nr="150" mi="2" ci="0" mb="0" cb="0"/><line nr="151" mi="5" ci="0" mb="0" cb="0"/><line nr="154" mi="6" ci="0" mb="2" cb="0"/><line nr="155" mi="2" ci="0" mb="0" cb="0"/><line nr="156" mi="1" ci="0" mb="0" cb="0"/><line nr="158" mi="4" ci="0" mb="0" cb="0"/><line nr="159" mi="2" ci="0" mb="0" cb="0"/><line nr="162" mi="1" ci="0" mb="0" cb="0"/><line nr="163" mi="2" ci="0" mb="0" cb="0"/><line nr="164" mi="1" ci="0" mb="0" cb="0"/><line nr="165" mi="1" ci="0" mb="0" cb="0"/><line nr="166" mi="1" ci="0" mb="0" cb="0"/><line nr="168" mi="2" ci="0" mb="2" cb="0"/><line nr="169" mi="4" ci="0" mb="0" cb="0"/><line nr="170" mi="11" ci="0" mb="2" cb="0"/><line nr="171" mi="3" ci="0" mb="2" cb="0"/><line nr="172" mi="4" ci="0" mb="0" cb="0"/><line nr="175" mi="7" ci="0" mb="0" cb="0"/><line nr="177" mi="1" ci="0" mb="0" cb="0"/><line nr="179" mi="1" ci="0" mb="0" cb="0"/><line nr="180" mi="4" ci="0" mb="0" cb="0"/><line nr="181" mi="1" ci="0" mb="0" cb="0"/><line nr="182" mi="8" ci="0" mb="0" cb="0"/><line nr="184" mi="1" ci="0" mb="0" cb="0"/><line nr="185" mi="10" ci="0" mb="0" cb="0"/><line nr="188" mi="1" ci="0" mb="0" cb="0"/><line nr="189" mi="4" ci="0" mb="2" cb="0"/><line nr="190" mi="3" ci="0" mb="0" cb="0"/><line nr="192" mi="1" ci="0" mb="0" cb="0"/><line nr="197" mi="3" ci="0" mb="2" cb="0"/><line nr="198" mi="5" ci="0" mb="0" cb="0"/><line nr="199" mi="10" ci="0" mb="0" cb="0"/><line nr="201" mi="1" ci="0" mb="0" cb="0"/><counter type="INSTRUCTION" missed="254" covered="0"/><counter type="BRANCH" missed="26" covered="0"/><counter type="LINE" missed="71" covered="0"/><counter type="COMPLEXITY" missed="19" covered="0"/><counter type="METHOD" missed="6" covered="0"/><counter type="CLASS" missed="1" covered="0"/></sourcefile><sourcefile name="GwendiaParser.java"><line nr="54" mi="3" ci="0" mb="0" cb="0"/><line nr="55" mi="3" ci="0" mb="0" cb="0"/><line nr="57" mi="5" ci="0" mb="0" cb="0"/><line nr="60" mi="2" ci="0" mb="0" cb="0"/><line nr="61" mi="1" ci="0" mb="0" cb="0"/><line nr="66" mi="4" ci="0" mb="2" cb="0"/><line nr="67" mi="13" ci="0" mb="0" cb="0"/><line nr="68" mi="9" ci="0" mb="0" cb="0"/><line nr="69" mi="6" ci="0" mb="0" cb="0"/><line nr="71" mi="5" ci="0" mb="0" cb="0"/><line nr="72" mi="3" ci="0" mb="0" cb="0"/><line nr="73" mi="1" ci="0" mb="0" cb="0"/><line nr="75" mi="8" ci="0" mb="4" cb="0"/><line nr="76" mi="3" ci="0" mb="0" cb="0"/><line nr="77" mi="1" ci="0" mb="0" cb="0"/><line nr="81" mi="3" ci="0" mb="2" cb="0"/><line nr="82" mi="5" ci="0" mb="0" cb="0"/><line nr="83" mi="11" ci="0" mb="0" cb="0"/><line nr="85" mi="1" ci="0" mb="0" cb="0"/><line nr="89" mi="4" ci="0" mb="2" cb="0"/><line nr="90" mi="3" ci="0" mb="0" cb="0"/><line nr="92" mi="4" ci="0" mb="2" cb="0"/><line nr="93" mi="5" ci="0" mb="0" cb="0"/><line nr="95" mi="4" ci="0" mb="2" cb="0"/><line nr="96" mi="4" ci="0" mb="0" cb="0"/><line nr="98" mi="1" ci="0" mb="0" cb="0"/><counter type="INSTRUCTION" missed="112" covered="0"/><counter type="BRANCH" missed="14" covered="0"/><counter type="LINE" missed="26" covered="0"/><counter type="COMPLEXITY" missed="11" covered="0"/><counter type="METHOD" missed="4" covered="0"/><counter type="CLASS" missed="1" covered="0"/></sourcefile><counter type="INSTRUCTION" missed="596" covered="0"/><counter type="BRANCH" missed="64" covered="0"/><counter type="LINE" missed="155" covered="0"/><counter type="COMPLEXITY" missed="51" covered="0"/><counter type="METHOD" missed="19" covered="0"/><counter type="CLASS" missed="5" covered="0"/></package><package name="fr/insalyon/creatis/vip/application/client/bean"><class name="fr/insalyon/creatis/vip/application/client/bean/AppVersion" sourcefilename="AppVersion.java"><method name="&lt;init&gt;" desc="()V" line="50"><counter type="INSTRUCTION" missed="3" covered="0"/><counter type="LINE" missed="2" covered="0"/><counter type="COMPLEXITY" missed="1" covered="0"/><counter type="METHOD" missed="1" covered="0"/></method><method name="&lt;init&gt;" desc="(Ljava/lang/String;Ljava/lang/String;Ljava/lang/String;Ljava/lang/String;ZZ)V" line="55"><counter type="INSTRUCTION" missed="21" covered="0"/><counter type="LINE" missed="8" covered="0"/><counter type="COMPLEXITY" missed="1" covered="0"/><counter type="METHOD" missed="1" covered="0"/></method><method name="&lt;init&gt;" desc="(Ljava/lang/String;Ljava/lang/String;Ljava/lang/String;Ljava/lang/String;Ljava/lang/String;ZZ)V" line="67"><counter type="INSTRUCTION" missed="12" covered="0"/><counter type="LINE" missed="3" covered="0"/><counter type="COMPLEXITY" missed="1" covered="0"/><counter type="METHOD" missed="1" covered="0"/></method><method name="getApplicationName" desc="()Ljava/lang/String;" line="72"><counter type="INSTRUCTION" missed="3" covered="0"/><counter type="LINE" missed="1" covered="0"/><counter type="COMPLEXITY" missed="1" covered="0"/><counter type="METHOD" missed="1" covered="0"/></method><method name="getVersion" desc="()Ljava/lang/String;" line="76"><counter type="INSTRUCTION" missed="3" covered="0"/><counter type="LINE" missed="1" covered="0"/><counter type="COMPLEXITY" missed="1" covered="0"/><counter type="METHOD" missed="1" covered="0"/></method><method name="getLfn" desc="()Ljava/lang/String;" line="80"><counter type="INSTRUCTION" missed="3" covered="0"/><counter type="LINE" missed="1" covered="0"/><counter type="COMPLEXITY" missed="1" covered="0"/><counter type="METHOD" missed="1" covered="0"/></method><method name="getJsonLfn" desc="()Ljava/lang/String;" line="84"><counter type="INSTRUCTION" missed="3" covered="0"/><counter type="LINE" missed="1" covered="0"/><counter type="COMPLEXITY" missed="1" covered="0"/><counter type="METHOD" missed="1" covered="0"/></method><method name="getDoi" desc="()Ljava/lang/String;" line="88"><counter type="INSTRUCTION" missed="3" covered="0"/><counter type="LINE" missed="1" covered="0"/><counter type="COMPLEXITY" missed="1" covered="0"/><counter type="METHOD" missed="1" covered="0"/></method><method name="isVisible" desc="()Z" line="92"><counter type="INSTRUCTION" missed="3" covered="0"/><counter type="LINE" missed="1" covered="0"/><counter type="COMPLEXITY" missed="1" covered="0"/><counter type="METHOD" missed="1" covered="0"/></method><method name="isBoutiquesForm" desc="()Z" line="96"><counter type="INSTRUCTION" missed="3" covered="0"/><counter type="LINE" missed="1" covered="0"/><counter type="COMPLEXITY" missed="1" covered="0"/><counter type="METHOD" missed="1" covered="0"/></method><counter type="INSTRUCTION" missed="57" covered="0"/><counter type="LINE" missed="20" covered="0"/><counter type="COMPLEXITY" missed="10" covered="0"/><counter type="METHOD" missed="10" covered="0"/><counter type="CLASS" missed="1" covered="0"/></class><class name="fr/insalyon/creatis/vip/application/client/bean/Simulation" sourcefilename="Simulation.java"><method name="&lt;init&gt;" desc="()V" line="55"><counter type="INSTRUCTION" missed="0" covered="3"/><counter type="LINE" missed="0" covered="2"/><counter type="COMPLEXITY" missed="0" covered="1"/><counter type="METHOD" missed="0" covered="1"/></method><method name="&lt;init&gt;" desc="(Ljava/lang/String;Ljava/lang/String;Ljava/lang/String;Ljava/lang/String;Ljava/lang/String;Ljava/util/Date;Ljava/lang/String;Ljava/lang/String;Ljava/lang/String;)V" line="60"><counter type="INSTRUCTION" missed="0" covered="31"/><counter type="LINE" missed="0" covered="11"/><counter type="COMPLEXITY" missed="0" covered="1"/><counter type="METHOD" missed="0" covered="1"/></method><method name="getApplicationName" desc="()Ljava/lang/String;" line="74"><counter type="INSTRUCTION" missed="3" covered="0"/><counter type="LINE" missed="1" covered="0"/><counter type="COMPLEXITY" missed="1" covered="0"/><counter type="METHOD" missed="1" covered="0"/></method><method name="getApplicationVersion" desc="()Ljava/lang/String;" line="78"><counter type="INSTRUCTION" missed="3" covered="0"/><counter type="LINE" missed="1" covered="0"/><counter type="COMPLEXITY" missed="1" covered="0"/><counter type="METHOD" missed="1" covered="0"/></method><method name="getApplicationClass" desc="()Ljava/lang/String;" line="82"><counter type="INSTRUCTION" missed="3" covered="0"/><counter type="LINE" missed="1" covered="0"/><counter type="COMPLEXITY" missed="1" covered="0"/><counter type="METHOD" missed="1" covered="0"/></method><method name="getDate" desc="()Ljava/util/Date;" line="86"><counter type="INSTRUCTION" missed="3" covered="0"/><counter type="LINE" missed="1" covered="0"/><counter type="COMPLEXITY" missed="1" covered="0"/><counter type="METHOD" missed="1" covered="0"/></method><method name="getUserName" desc="()Ljava/lang/String;" line="90"><counter type="INSTRUCTION" missed="0" covered="3"/><counter type="LINE" missed="0" covered="1"/><counter type="COMPLEXITY" missed="0" covered="1"/><counter type="METHOD" missed="0" covered="1"/></method><method name="getID" desc="()Ljava/lang/String;" line="94"><counter type="INSTRUCTION" missed="3" covered="0"/><counter type="LINE" missed="1" covered="0"/><counter type="COMPLEXITY" missed="1" covered="0"/><counter type="METHOD" missed="1" covered="0"/></method><method name="getStatus" desc="()Lfr/insalyon/creatis/vip/application/client/view/monitor/SimulationStatus;" line="98"><counter type="INSTRUCTION" missed="3" covered="0"/><counter type="LINE" missed="1" covered="0"/><counter type="COMPLEXITY" missed="1" covered="0"/><counter type="METHOD" missed="1" covered="0"/></method><method name="setStatus" desc="(Lfr/insalyon/creatis/vip/application/client/view/monitor/SimulationStatus;)V" line="102"><counter type="INSTRUCTION" missed="4" covered="0"/><counter type="LINE" missed="2" covered="0"/><counter type="COMPLEXITY" missed="1" covered="0"/><counter type="METHOD" missed="1" covered="0"/></method><method name="getEngine" desc="()Ljava/lang/String;" line="106"><counter type="INSTRUCTION" missed="3" covered="0"/><counter type="LINE" missed="1" covered="0"/><counter type="COMPLEXITY" missed="1" covered="0"/><counter type="METHOD" missed="1" covered="0"/></method><method name="setEngine" desc="(Ljava/lang/String;)V" line="110"><counter type="INSTRUCTION" missed="4" covered="0"/><counter type="LINE" missed="2" covered="0"/><counter type="COMPLEXITY" missed="1" covered="0"/><counter type="METHOD" missed="1" covered="0"/></method><method name="getSimulationName" desc="()Ljava/lang/String;" line="113"><counter type="INSTRUCTION" missed="3" covered="0"/><counter type="LINE" missed="1" covered="0"/><counter type="COMPLEXITY" missed="1" covered="0"/><counter type="METHOD" missed="1" covered="0"/></method><method name="toString" desc="()Ljava/lang/String;" line="118"><counter type="INSTRUCTION" missed="10" covered="0"/><counter type="LINE" missed="1" covered="0"/><counter type="COMPLEXITY" missed="1" covered="0"/><counter type="METHOD" missed="1" covered="0"/></method><method name="setSimulationName" desc="(Ljava/lang/String;)V" line="122"><counter type="INSTRUCTION" missed="4" covered="0"/><counter type="LINE" missed="2" covered="0"/><counter type="COMPLEXITY" missed="1" covered="0"/><counter type="METHOD" missed="1" covered="0"/></method><counter type="INSTRUCTION" missed="46" covered="37"/><counter type="LINE" missed="15" covered="14"/><counter type="COMPLEXITY" missed="12" covered="3"/><counter type="METHOD" missed="12" covered="3"/><counter type="CLASS" missed="0" covered="1"/></class><class name="fr/insalyon/creatis/vip/application/client/bean/ExpeSummaryTriple" sourcefilename="ExpeSummaryTriple.java"><method name="&lt;init&gt;" desc="()V" line="45"><counter type="INSTRUCTION" missed="3" covered="0"/><counter type="LINE" missed="1" covered="0"/><counter type="COMPLEXITY" missed="1" covered="0"/><counter type="METHOD" missed="1" covered="0"/></method><method name="&lt;init&gt;" desc="(Lfr/insalyon/creatis/vip/application/client/bean/ExpeSummaryEntity;Lfr/insalyon/creatis/vip/application/client/bean/ExpeSummaryEntity;Lfr/insalyon/creatis/vip/application/client/bean/ExpeSummaryEntity;)V" line="47"><counter type="INSTRUCTION" missed="12" covered="0"/><counter type="LINE" missed="5" covered="0"/><counter type="COMPLEXITY" missed="1" covered="0"/><counter type="METHOD" missed="1" covered="0"/></method><method name="getObject" desc="()Lfr/insalyon/creatis/vip/application/client/bean/ExpeSummaryEntity;" line="54"><counter type="INSTRUCTION" missed="3" covered="0"/><counter type="LINE" missed="1" covered="0"/><counter type="COMPLEXITY" missed="1" covered="0"/><counter type="METHOD" missed="1" covered="0"/></method><method name="getPredicate" desc="()Lfr/insalyon/creatis/vip/application/client/bean/ExpeSummaryEntity;" line="58"><counter type="INSTRUCTION" missed="3" covered="0"/><counter type="LINE" missed="1" covered="0"/><counter type="COMPLEXITY" missed="1" covered="0"/><counter type="METHOD" missed="1" covered="0"/></method><method name="getSubject" desc="()Lfr/insalyon/creatis/vip/application/client/bean/ExpeSummaryEntity;" line="62"><counter type="INSTRUCTION" missed="3" covered="0"/><counter type="LINE" missed="1" covered="0"/><counter type="COMPLEXITY" missed="1" covered="0"/><counter type="METHOD" missed="1" covered="0"/></method><counter type="INSTRUCTION" missed="24" covered="0"/><counter type="LINE" missed="9" covered="0"/><counter type="COMPLEXITY" missed="5" covered="0"/><counter type="METHOD" missed="5" covered="0"/><counter type="CLASS" missed="1" covered="0"/></class><class name="fr/insalyon/creatis/vip/application/client/bean/Application" sourcefilename="Application.java"><me
[...]
188" mi="0" ci="8" mb="0" cb="0"/><line nr="190" mi="0" ci="3" mb="0" cb="0"/><line nr="192" mi="0" ci="4" mb="0" cb="0"/><line nr="193" mi="0" ci="5" mb="0" cb="0"/><line nr="195" mi="0" ci="3" mb="0" cb="2"/><line nr="196" mi="0" ci="5" mb="0" cb="0"/><line nr="198" mi="0" ci="5" mb="0" cb="0"/><line nr="201" mi="0" ci="6" mb="0" cb="0"/><line nr="203" mi="0" ci="3" mb="0" cb="0"/><line nr="204" mi="0" ci="4" mb="0" cb="0"/><line nr="206" mi="0" ci="3" mb="0" cb="2"/><line nr="207" mi="0" ci="10" mb="0" cb="0"/><line nr="209" mi="0" ci="8" mb="0" cb="0"/><line nr="210" mi="0" ci="12" mb="0" cb="0"/><line nr="211" mi="0" ci="7" mb="0" cb="0"/><line nr="212" mi="0" ci="7" mb="0" cb="0"/><line nr="214" mi="0" ci="1" mb="0" cb="0"/><line nr="215" mi="0" ci="2" mb="0" cb="0"/><line nr="216" mi="0" ci="2" mb="0" cb="0"/><line nr="218" mi="1" ci="0" mb="0" cb="0"/><line nr="219" mi="6" ci="0" mb="0" cb="0"/><line nr="220" mi="5" ci="0" mb="0" cb="0"/><line nr="226" mi="0" ci="5" mb="0" cb="0"/><line nr="229" mi="0" ci="4" mb="0" cb="0"/><line nr="230" mi="0" ci="4" mb="0" cb="0"/><line nr="231" mi="0" ci="4" mb="0" cb="0"/><line nr="233" mi="0" ci="3" mb="0" cb="0"/><line nr="234" mi="0" ci="2" mb="0" cb="0"/><line nr="237" mi="1" ci="0" mb="0" cb="0"/><line nr="238" mi="19" ci="0" mb="0" cb="0"/><line nr="239" mi="5" ci="0" mb="0" cb="0"/><line nr="240" mi="0" ci="1" mb="0" cb="0"/><line nr="241" mi="0" ci="1" mb="0" cb="0"/><line nr="245" mi="0" ci="5" mb="0" cb="0"/><line nr="247" mi="0" ci="4" mb="0" cb="0"/><line nr="248" mi="0" ci="3" mb="0" cb="0"/><line nr="249" mi="0" ci="2" mb="0" cb="0"/><line nr="251" mi="1" ci="0" mb="0" cb="0"/><line nr="252" mi="7" ci="0" mb="0" cb="0"/><line nr="253" mi="5" ci="0" mb="0" cb="0"/><line nr="254" mi="0" ci="1" mb="0" cb="0"/><line nr="255" mi="0" ci="1" mb="0" cb="0"/><line nr="260" mi="0" ci="5" mb="0" cb="0"/><line nr="263" mi="0" ci="4" mb="0" cb="0"/><line nr="264" mi="0" ci="4" mb="0" cb="0"/><line nr="265" mi="0" ci="3" mb="0" cb="0"/><line nr="267" mi="0" ci="5" mb="0" cb="0"/><line nr="270" mi="0" ci="4" mb="0" cb="0"/><line nr="271" mi="0" ci="3" mb="0" cb="0"/><line nr="272" mi="0" ci="3" mb="0" cb="0"/><line nr="273" mi="0" ci="4" mb="0" cb="2"/><line nr="274" mi="0" ci="3" mb="0" cb="0"/><line nr="276" mi="0" ci="2" mb="0" cb="0"/><line nr="277" mi="1" ci="0" mb="0" cb="0"/><line nr="278" mi="19" ci="0" mb="0" cb="0"/><line nr="279" mi="5" ci="0" mb="0" cb="0"/><line nr="280" mi="0" ci="1" mb="0" cb="0"/><line nr="281" mi="0" ci="1" mb="0" cb="0"/><line nr="286" mi="0" ci="5" mb="0" cb="2"/><line nr="288" mi="0" ci="5" mb="0" cb="0"/><line nr="292" mi="0" ci="4" mb="0" cb="0"/><line nr="293" mi="0" ci="4" mb="0" cb="0"/><line nr="295" mi="0" ci="3" mb="0" cb="0"/><line nr="297" mi="1" ci="8" mb="1" cb="1"/><line nr="298" mi="0" ci="2" mb="0" cb="0"/><line nr="299" mi="0" ci="2" mb="0" cb="0"/><line nr="301" mi="0" ci="5" mb="0" cb="0"/><line nr="302" mi="0" ci="6" mb="0" cb="0"/><line nr="305" mi="1" ci="0" mb="0" cb="0"/><line nr="306" mi="6" ci="0" mb="0" cb="0"/><line nr="307" mi="5" ci="0" mb="0" cb="0"/><counter type="INSTRUCTION" missed="125" covered="423"/><counter type="BRANCH" missed="1" covered="11"/><counter type="LINE" missed="21" covered="101"/><counter type="COMPLEXITY" missed="1" covered="14"/><counter type="METHOD" missed="0" covered="9"/><counter type="CLASS" missed="0" covered="1"/></sourcefile><counter type="INSTRUCTION" missed="150" covered="643"/><counter type="BRANCH" missed="1" covered="13"/><counter type="LINE" missed="27" covered="153"/><counter type="COMPLEXITY" missed="1" covered="21"/><counter type="METHOD" missed="0" covered="15"/><counter type="CLASS" missed="0" covered="3"/></package><counter type="INSTRUCTION" missed="230" covered="1081"/><counter type="BRANCH" missed="4" covered="32"/><counter type="LINE" missed="54" covered="261"/><counter type="COMPLEXITY" missed="11" covered="55"/><counter type="METHOD" missed="7" covered="41"/><counter type="CLASS" missed="0" covered="6"/></group><group name="vip-visualization"><package name="fr/insalyon/creatis/vip/visualization/server/business"><class name="fr/insalyon/creatis/vip/visualization/server/business/VisualizationBusiness$FilenameAndExtension" sourcefilename="VisualizationBusiness.java"><method name="&lt;init&gt;" desc="(Ljava/lang/String;Ljava/lang/String;)V" line="213"><counter type="INSTRUCTION" missed="9" covered="0"/><counter type="LINE" missed="4" covered="0"/><counter type="COMPLEXITY" missed="1" covered="0"/><counter type="METHOD" missed="1" covered="0"/></method><counter type="INSTRUCTION" missed="9" covered="0"/><counter type="LINE" missed="4" covered="0"/><counter type="COMPLEXITY" missed="1" covered="0"/><counter type="METHOD" missed="1" covered="0"/><counter type="CLASS" missed="1" covered="0"/></class><class name="fr/insalyon/creatis/vip/visualization/server/business/VisualizationBusiness" sourcefilename="VisualizationBusiness.java"><method name="&lt;init&gt;" desc="(Lfr/insalyon/creatis/grida/client/GRIDAClient;Lfr/insalyon/creatis/vip/datamanager/server/business/LfcPathsBusiness;Lfr/insalyon/creatis/vip/datamanager/server/business/DataManagerBusiness;)V" line="56"><counter type="INSTRUCTION" missed="0" covered="17"/><counter type="LINE" missed="0" covered="6"/><counter type="COMPLEXITY" missed="0" covered="1"/><counter type="METHOD" missed="0" covered="1"/></method><method name="getImageSlicesURL" desc="(Ljava/lang/String;Ljava/lang/String;)Lfr/insalyon/creatis/vip/visualization/client/bean/Image;" line="74"><counter type="INSTRUCTION" missed="216" covered="0"/><counter type="BRANCH" missed="6" covered="0"/><counter type="LINE" missed="48" covered="0"/><counter type="COMPLEXITY" missed="4" covered="0"/><counter type="METHOD" missed="1" covered="0"/></method><method name="getVisualizationItemFromLFN" desc="(Ljava/lang/String;Lfr/insalyon/creatis/vip/core/client/bean/User;)Lfr/insalyon/creatis/vip/visualization/client/bean/VisualizationItem;" line="150"><counter type="INSTRUCTION" missed="26" covered="0"/><counter type="BRANCH" missed="2" covered="0"/><counter type="LINE" missed="6" covered="0"/><counter type="COMPLEXITY" missed="2" covered="0"/><counter type="METHOD" missed="1" covered="0"/></method><method name="rawFileForMhdFile" desc="(Ljava/lang/String;Lfr/insalyon/creatis/vip/core/client/bean/User;)Ljava/util/Optional;" line="166"><counter type="INSTRUCTION" missed="37" covered="0"/><counter type="LINE" missed="9" covered="0"/><counter type="COMPLEXITY" missed="1" covered="0"/><counter type="METHOD" missed="1" covered="0"/></method><method name="buildLfnName" desc="(Lfr/insalyon/creatis/vip/core/client/bean/User;Ljava/lang/String;Ljava/lang/String;)Ljava/util/Optional;" line="181"><counter type="INSTRUCTION" missed="22" covered="0"/><counter type="LINE" missed="6" covered="0"/><counter type="COMPLEXITY" missed="1" covered="0"/><counter type="METHOD" missed="1" covered="0"/></method><method name="checkIfExists" desc="(Ljava/lang/String;)Z" line="193"><counter type="INSTRUCTION" missed="14" covered="0"/><counter type="LINE" missed="4" covered="0"/><counter type="COMPLEXITY" missed="1" covered="0"/><counter type="METHOD" missed="1" covered="0"/></method><method name="downloadFile" desc="(Lfr/insalyon/creatis/vip/core/client/bean/User;Ljava/lang/String;)Z" line="202"><counter type="INSTRUCTION" missed="17" covered="0"/><counter type="LINE" missed="5" covered="0"/><counter type="COMPLEXITY" missed="1" covered="0"/><counter type="METHOD" missed="1" covered="0"/></method><method name="lambda$rawFileForMhdFile$3" desc="(Lfr/insalyon/creatis/vip/visualization/server/business/VisualizationBusiness$FilenameAndExtension;)Ljava/lang/String;" line="175"><counter type="INSTRUCTION" missed="3" covered="0"/><counter type="LINE" missed="1" covered="0"/><counter type="COMPLEXITY" missed="1" covered="0"/><counter type="METHOD" missed="1" covered="0"/></method><method name="lambda$rawFileForMhdFile$2" desc="(Lfr/insalyon/creatis/vip/core/client/bean/User;Lfr/insalyon/creatis/vip/visualization/server/business/VisualizationBusiness$FilenameAndExtension;)Z" line="174"><counter type="INSTRUCTION" missed="6" covered="0"/><counter type="LINE" missed="1" covered="0"/><counter type="COMPLEXITY" missed="1" covered="0"/><counter type="METHOD" missed="1" covered="0"/></method><method name="lambda$rawFileForMhdFile$1" desc="(Lfr/insalyon/creatis/vip/visualization/server/business/VisualizationBusiness$FilenameAndExtension;)Z" line="172"><counter type="INSTRUCTION" missed="5" covered="0"/><counter type="LINE" missed="1" covered="0"/><counter type="COMPLEXITY" missed="1" covered="0"/><counter type="METHOD" missed="1" covered="0"/></method><method name="lambda$rawFileForMhdFile$0" desc="(Lfr/insalyon/creatis/vip/core/client/bean/User;Ljava/lang/String;Ljava/lang/String;)Ljava/util/Optional;" line="169"><counter type="INSTRUCTION" missed="6" covered="0"/><counter type="LINE" missed="1" covered="0"/><counter type="COMPLEXITY" missed="1" covered="0"/><counter type="METHOD" missed="1" covered="0"/></method><counter type="INSTRUCTION" missed="352" covered="17"/><counter type="BRANCH" missed="8" covered="0"/><counter type="LINE" missed="78" covered="6"/><counter type="COMPLEXITY" missed="14" covered="1"/><counter type="METHOD" missed="10" covered="1"/><counter type="CLASS" missed="0" covered="1"/></class><sourcefile name="VisualizationBusiness.java"><line nr="56" mi="0" ci="5" mb="0" cb="0"/><line nr="65" mi="0" ci="2" mb="0" cb="0"/><line nr="66" mi="0" ci="3" mb="0" cb="0"/><line nr="67" mi="0" ci="3" mb="0" cb="0"/><line nr="68" mi="0" ci="3" mb="0" cb="0"/><line nr="69" mi="0" ci="1" mb="0" cb="0"/><line nr="74" mi="5" ci="0" mb="0" cb="0"/><line nr="75" mi="3" ci="0" mb="0" cb="0"/><line nr="76" mi="4" ci="0" mb="0" cb="0"/><line nr="77" mi="5" ci="0" mb="0" cb="0"/><line nr="79" mi="3" ci="0" mb="2" cb="0"/><line nr="80" mi="3" ci="0" mb="0" cb="0"/><line nr="82" mi="3" ci="0" mb="0" cb="0"/><line nr="83" mi="5" ci="0" mb="0" cb="0"/><line nr="84" mi="3" ci="0" mb="2" cb="0"/><line nr="86" mi="22" ci="0" mb="0" cb="0"/><line nr="88" mi="4" ci="0" mb="0" cb="0"/><line nr="90" mi="3" ci="0" mb="0" cb="0"/><line nr="94" mi="4" ci="0" mb="0" cb="0"/><line nr="95" mi="1" ci="0" mb="0" cb="0"/><line nr="96" mi="5" ci="0" mb="0" cb="0"/><line nr="97" mi="6" ci="0" mb="0" cb="0"/><line nr="98" mi="5" ci="0" mb="0" cb="0"/><line nr="99" mi="1" ci="0" mb="0" cb="0"/><line nr="100" mi="1" ci="0" mb="0" cb="0"/><line nr="101" mi="6" ci="0" mb="0" cb="0"/><line nr="103" mi="6" ci="0" mb="0" cb="0"/><line nr="104" mi="5" ci="0" mb="0" cb="0"/><line nr="105" mi="1" ci="0" mb="0" cb="0"/><line nr="108" mi="18" ci="0" mb="0" cb="0"/><line nr="110" mi="4" ci="0" mb="0" cb="0"/><line nr="111" mi="2" ci="0" mb="0" cb="0"/><line nr="114" mi="3" ci="0" mb="0" cb="0"/><line nr="115" mi="3" ci="0" mb="0" cb="0"/><line nr="117" mi="3" ci="0" mb="0" cb="0"/><line nr="118" mi="8" ci="0" mb="0" cb="0"/><line nr="122" mi="5" ci="0" mb="2" cb="0"/><line nr="123" mi="4" ci="0" mb="0" cb="0"/><line nr="124" mi="5" ci="0" mb="0" cb="0"/><line nr="126" mi="1" ci="0" mb="0" cb="0"/><line nr="127" mi="5" ci="0" mb="0" cb="0"/><line nr="128" mi="6" ci="0" mb="0" cb="0"/><line nr="129" mi="5" ci="0" mb="0" cb="0"/><line nr="130" mi="1" ci="0" mb="0" cb="0"/><line nr="132" mi="1" ci="0" mb="0" cb="0"/><line nr="133" mi="6" ci="0" mb="0" cb="0"/><line nr="135" mi="6" ci="0" mb="0" cb="0"/><line nr="136" mi="5" ci="0" mb="0" cb="0"/><line nr="137" mi="1" ci="0" mb="0" cb="0"/><line nr="139" mi="5" ci="0" mb="0" cb="0"/><line nr="140" mi="5" ci="0" mb="0" cb="0"/><line nr="142" mi="6" ci="0" mb="0" cb="0"/><line nr="143" mi="3" ci="0" mb="0" cb="0"/><line nr="144" mi="1" ci="0" mb="0" cb="0"/><line nr="150" mi="6" ci="0" mb="0" cb="0"/><line nr="154" mi="2" ci="0" mb="0" cb="0"/><line nr="155" mi="4" ci="0" mb="2" cb="0"/><line nr="156" mi="3" ci="0" mb="0" cb="0"/><line nr="157" mi="5" ci="0" mb="0" cb="0"/><line nr="160" mi="6" ci="0" mb="0" cb="0"/><line nr="166" mi="15" ci="0" mb="0" cb="0"/><line nr="168" mi="7" ci="0" mb="0" cb="0"/><line nr="169" mi="8" ci="0" mb="0" cb="0"/><line nr="170" mi="2" ci="0" mb="0" cb="0"/><line nr="171" mi="3" ci="0" mb="0" cb="0"/><line nr="172" mi="6" ci="0" mb="0" cb="0"/><line nr="173" mi="4" ci="0" mb="0" cb="0"/><line nr="174" mi="8" ci="0" mb="0" cb="0"/><line nr="175" mi="4" ci="0" mb="0" cb="0"/><line nr="181" mi="10" ci="0" mb="0" cb="0"/><line nr="182" mi="3" ci="0" mb="0" cb="0"/><line nr="183" mi="1" ci="0" mb="0" cb="0"/><line nr="185" mi="1" ci="0" mb="0" cb="0"/><line nr="186" mi="5" ci="0" mb="0" cb="0"/><line nr="187" mi="2" ci="0" mb="0" cb="0"/><line nr="193" mi="5" ci="0" mb="0" cb="0"/><line nr="194" mi="1" ci="0" mb="0" cb="0"/><line nr="195" mi="6" ci="0" mb="0" cb="0"/><line nr="196" mi="2" ci="0" mb="0" cb="0"/><line nr="202" mi="6" ci="0" mb="0" cb="0"/><line nr="203" mi="2" ci="0" mb="0" cb="0"/><line nr="204" mi="1" ci="0" mb="0" cb="0"/><line nr="205" mi="6" ci="0" mb="0" cb="0"/><line nr="206" mi="2" ci="0" mb="0" cb="0"/><line nr="213" mi="2" ci="0" mb="0" cb="0"/><line nr="214" mi="3" ci="0" mb="0" cb="0"/><line nr="215" mi="3" ci="0" mb="0" cb="0"/><line nr="216" mi="1" ci="0" mb="0" cb="0"/><counter type="INSTRUCTION" missed="361" covered="17"/><counter type="BRANCH" missed="8" covered="0"/><counter type="LINE" missed="82" covered="6"/><counter type="COMPLEXITY" missed="15" covered="1"/><counter type="METHOD" missed="11" covered="1"/><counter type="CLASS" missed="1" covered="1"/></sourcefile><counter type="INSTRUCTION" missed="361" covered="17"/><counter type="BRANCH" missed="8" covered="0"/><counter type="LINE" missed="82" covered="6"/><counter type="COMPLEXITY" missed="15" covered="1"/><counter type="METHOD" missed="11" covered="1"/><counter type="CLASS" missed="1" covered="1"/></package><package name="fr/insalyon/creatis/vip/visualization/client/bean"><class name="fr/insalyon/creatis/vip/visualization/client/bean/Image" sourcefilename="Image.java"><method name="&lt;init&gt;" desc="()V" line="42"><counter type="INSTRUCTION" missed="3" covered="0"/><counter type="LINE" missed="1" covered="0"/><counter type="COMPLEXITY" missed="1" covered="0"/><counter type="METHOD" missed="1" covered="0"/></method><method name="&lt;init&gt;" desc="(Ljava/lang/String;Ljava/lang/Integer;Ljava/lang/String;)V" line="44"><counter type="INSTRUCTION" missed="12" covered="0"/><counter type="LINE" missed="5" covered="0"/><counter type="COMPLEXITY" missed="1" covered="0"/><counter type="METHOD" missed="1" covered="0"/></method><method name="getRelativeURL" desc="()Ljava/lang/String;" line="51"><counter type="INSTRUCTION" missed="3" covered="0"/><counter type="LINE" missed="1" covered="0"/><counter type="COMPLEXITY" missed="1" covered="0"/><counter type="METHOD" missed="1" covered="0"/></method><method name="getImageDir" desc="()Ljava/lang/String;" line="55"><counter type="INSTRUCTION" missed="3" covered="0"/><counter type="LINE" missed="1" covered="0"/><counter type="COMPLEXITY" missed="1" covered="0"/><counter type="METHOD" missed="1" covered="0"/></method><method name="getZdim" desc="()Ljava/lang/Integer;" line="59"><counter type="INSTRUCTION" missed="3" covered="0"/><counter type="LINE" missed="1" covered="0"/><counter type="COMPLEXITY" missed="1" covered="0"/><counter type="METHOD" missed="1" covered="0"/></method><counter type="INSTRUCTION" missed="24" covered="0"/><counter type="LINE" missed="9" covered="0"/><counter type="COMPLEXITY" missed="5" covered="0"/><counter type="METHOD" missed="5" covered="0"/><counter type="CLASS" missed="1" covered="0"/></class><class name="fr/insalyon/creatis/vip/visualization/client/bean/VisualizationItem" sourcefilename="VisualizationItem.java"><method name="&lt;init&gt;" desc="()V" line="43"><counter type="INSTRUCTION" missed="3" covered="0"/><counter type="LINE" missed="1" covered="0"/><counter type="COMPLEXITY" missed="1" covered="0"/><counter type="METHOD" missed="1" covered="0"/></method><method name="&lt;init&gt;" desc="(Ljava/lang/String;Ljava/lang/String;)V" line="45"><counter type="INSTRUCTION" missed="9" covered="0"/><counter type="LINE" missed="4" covered="0"/><counter type="COMPLEXITY" missed="1" covered="0"/><counter type="METHOD" missed="1" covered="0"/></method><method name="getLfn" desc="()Ljava/lang/String;" line="51"><counter type="INSTRUCTION" missed="3" covered="0"/><counter type="LINE" missed="1" covered="0"/><counter type="COMPLEXITY" missed="1" covered="0"/><counter type="METHOD" missed="1" covered="0"/></method><method name="setLfn" desc="(Ljava/lang/String;)V" line="55"><counter type="INSTRUCTION" missed="4" covered="0"/><counter type="LINE" missed="2" covered="0"/><counter type="COMPLEXITY" missed="1" covered="0"/><counter type="METHOD" missed="1" covered="0"/></method><method name="getExtension" desc="()Ljava/lang/String;" line="59"><counter type="INSTRUCTION" missed="3" covered="0"/><counter type="LINE" missed="1" covered="0"/><counter type="COMPLEXITY" missed="1" covered="0"/><counter type="METHOD" missed="1" covered="0"/></method><method name="setExtension" desc="(Ljava/lang/String;)V" line="63"><counter type="INSTRUCTION" missed="4" covered="0"/><counter type="LINE" missed="2" covered="0"/><counter type="COMPLEXITY" missed="1" covered="0"/><counter type="METHOD" missed="1" covered="0"/></method><counter type="INSTRUCTION" missed="26" covered="0"/><counter type="LINE" missed="11" covered="0"/><counter type="COMPLEXITY" missed="6" covered="0"/><counter type="METHOD" missed="6" covered="0"/><counter type="CLASS" missed="1" covered="0"/></class><sourcefile name="VisualizationItem.java"><line nr="43" mi="3" ci="0" mb="0" cb="0"/><line nr="45" mi="2" ci="0" mb="0" cb="0"/><line nr="46" mi="3" ci="0" mb="0" cb="0"/><line nr="47" mi="3" ci="0" mb="0" cb="0"/><line nr="48" mi="1" ci="0" mb="0" cb="0"/><line nr="51" mi="3" ci="0" mb="0" cb="0"/><line nr="55" mi="3" ci="0" mb="0" cb="0"/><line nr="56" mi="1" ci="0" mb="0" cb="0"/><line nr="59" mi="3" ci="0" mb="0" cb="0"/><line nr="63" mi="3" ci="0" mb="0" cb="0"/><line nr="64" mi="1" ci="0" mb="0" cb="0"/><counter type="INSTRUCTION" missed="26" covered="0"/><counter type="LINE" missed="11" covered="0"/><counter type="COMPLEXITY" missed="6" covered="0"/><counter type="METHOD" missed="6" covered="0"/><counter type="CLASS" missed="1" covered="0"/></sourcefile><sourcefile name="Image.java"><line nr="42" mi="3" ci="0" mb="0" cb="0"/><line nr="44" mi="2" ci="0" mb="0" cb="0"/><line nr="45" mi="3" ci="0" mb="0" cb="0"/><line nr="46" mi="3" ci="0" mb="0" cb="0"/><line nr="47" mi="3" ci="0" mb="0" cb="0"/><line nr="48" mi="1" ci="0" mb="0" cb="0"/><line nr="51" mi="3" ci="0" mb="0" cb="0"/><line nr="55" mi="3" ci="0" mb="0" cb="0"/><line nr="59" mi="3" ci="0" mb="0" cb="0"/><counter type="INSTRUCTION" missed="24" covered="0"/><counter type="LINE" missed="9" covered="0"/><counter type="COMPLEXITY" missed="5" covered="0"/><counter type="METHOD" missed="5" covered="0"/><counter type="CLASS" missed="1" covered="0"/></sourcefile><counter type="INSTRUCTION" missed="50" covered="0"/><counter type="LINE" missed="20" covered="0"/><counter type="COMPLEXITY" missed="11" covered="0"/><counter type="METHOD" missed="11" covered="0"/><counter type="CLASS" missed="2" covered="0"/></package><counter type="INSTRUCTION" missed="411" covered="17"/><counter type="BRANCH" missed="8" covered="0"/><counter type="LINE" missed="102" covered="6"/><counter type="COMPLEXITY" missed="26" covered="1"/><counter type="METHOD" missed="22" covered="1"/><counter type="CLASS" missed="3" covered="1"/></group><counter type="INSTRUCTION" missed="22412" covered="6137"/><counter type="BRANCH" missed="1063" covered="184"/><counter type="LINE" missed="5454" covered="1658"/><counter type="COMPLEXITY" missed="1502" covered="379"/><counter type="METHOD" missed="937" covered="312"/><counter type="CLASS" missed="70" covered="64"/></report>