GROUP,PACKAGE,CLASS,INSTRUCTION_MISSED,INSTRUCTION_COVERED,BRANCH_MISSED,BRANCH_COVERED,LINE_MISSED,LINE_COVERED,COMPLEXITY_MISSED,COMPLEXITY_COVERED,METHOD_MISSED,METHOD_COVERED
coverage/vip-api,fr.insalyon.creatis.vip.api.security,ApiSecurityConfig.CurrentUserProvider,9,44,2,6,4,15,2,6,0,4
coverage/vip-api,fr.insalyon.creatis.vip.api.security,VipAuthenticationEntryPoint,68,11,8,0,18,4,6,1,2,1
coverage/vip-api,fr.insalyon.creatis.vip.api.security,ApiSecurityConfig,20,230,2,2,6,47,4,9,2,9
coverage/vip-api,fr.insalyon.creatis.vip.api.security,EgiSecurityConfig,9,53,0,0,3,23,1,4,1,4
coverage/vip-api,fr.insalyon.creatis.vip.api.security.keycloak,PathBasedKeycloakConfigResolver,34,8,2,0,9,2,2,1,1,1
coverage/vip-api,fr.insalyon.creatis.vip.api.security.keycloak,SpringKeycloakPrincipal,11,0,0,0,4,0,2,0,2,0
coverage/vip-api,fr.insalyon.creatis.vip.api.security.keycloak,VipKeycloakAuthenticationProvider,83,14,2,0,23,5,2,1,1,1
coverage/vip-api,fr.insalyon.creatis.vip.api.controller.data,DataController,265,14,0,0,36,5,9,1,9,1
coverage/vip-api,fr.insalyon.creatis.vip.api.controller,EgiController,116,14,6,0,26,5,5,1,2,1
coverage/vip-api,fr.insalyon.creatis.vip.api.controller,PlatformController,2,169,1,3,1,35,1,6,0,5
coverage/vip-api,fr.insalyon.creatis.vip.api.controller,ApiKeyController.KeyInfo,17,0,0,0,7,0,5,0,5,0
coverage/vip-api,fr.insalyon.creatis.vip.api.controller,RegisterUserController,53,11,0,0,12,4,1,1,1,1
coverage/vip-api,fr.insalyon.creatis.vip.api.controller,RefreshTokenController,22,6,2,0,5,3,2,1,1,1
coverage/vip-api,fr.insalyon.creatis.vip.api.controller,ApiKeyController,94,14,2,0,23,5,5,1,4,1
coverage/vip-api,fr.insalyon.creatis.vip.api.controller,ExternalPlatformController,17,11,0,0,4,4,1,1,1,1
coverage/vip-api,fr.insalyon.creatis.vip.api.controller,ApiController,9,41,0,2,1,8,1,5,1,4
coverage/vip-api,fr.insalyon.creatis.vip.api.controller,RestExceptionHandler,133,8,2,0,28,2,9,1,8,1
coverage/vip-api,fr.insalyon.creatis.vip.api.controller,AuthenticationController,77,14,2,0,11,5,4,1,3,1
coverage/vip-api,fr.insalyon.creatis.vip.api.security.apikey,ApikeyAuthenticationToken,66,0,2,0,20,0,7,0,6,0
coverage/vip-api,fr.insalyon.creatis.vip.api.security.apikey,SpringApiPrincipal,17,21,2,0,5,7,6,5,5,5
coverage/vip-api,fr.insalyon.creatis.vip.api.security.apikey,ApikeyAuthenticationProvider,183,23,10,0,46,7,8,3,3,3
coverage/vip-api,fr.insalyon.creatis.vip.api.security.apikey,ApikeyAuthenticationFilter,58,44,1,1,17,14,1,3,0,3
coverage/vip-api,fr.insalyon.creatis.vip.api.exception,ApiException,20,4,0,0,8,2,4,1,4,1
coverage/vip-api,fr.insalyon.creatis.vip.api.exception,ApiException.ApiError,9,257,0,0,3,32,3,3,3,3
coverage/vip-api,fr.insalyon.creatis.vip.api.business,DataApiBusiness,1161,30,63,0,275,10,71,1,39,1
coverage/vip-api,fr.insalyon.creatis.vip.api.business,VipConfigurer,9,69,1,5,2,23,1,7,0,5
coverage/vip-api,fr.insalyon.creatis.vip.api.business,KeycloakBusiness,81,11,4,0,22,4,3,1,1,1
coverage/vip-api,fr.insalyon.creatis.vip.api.business,StatsApiBusiness,311,18,8,0,75,6,21,1,17,1
coverage/vip-api,fr.insalyon.creatis.vip.api.business,PipelineBusiness,401,69,31,3,82,18,29,2,12,2
coverage/vip-api,fr.insalyon.creatis.vip.api.business,ApiBusiness,116,14,4,0,28,5,7,1,5,1
coverage/vip-api,fr.insalyon.creatis.vip.api.business,ExecutionBusiness,882,61,84,4,205,18,60,4,16,2
coverage/vip-api,fr.insalyon.creatis.vip.api.business,ApiUserBusiness,90,17,2,0,23,6,4,1,3,1
coverage/vip-api,fr.insalyon.creatis.vip.api.controller.processing,ExecutionController,318,14,10,0,53,5,17,1,12,1
coverage/vip-api,fr.insalyon.creatis.vip.api.controller.processing,PipelineController,74,27,2,0,16,6,5,2,4,2
coverage/vip-api,fr.insalyon.creatis.vip.api.controller.processing,PublicationController,17,11,0,0,4,4,1,1,1,1
coverage/vip-api,fr.insalyon.creatis.vip.api.security.egi,EgiSecurityClientConfig,0,87,0,0,0,18,0,3,0,3
coverage/vip-api,fr.insalyon.creatis.vip.api.controller.stats,StatsController,305,11,2,0,41,4,16,1,15,1
coverage/vip-api,fr.insalyon.creatis.vip.api.model,ExistsApiResponse,16,0,0,0,8,0,4,0,4,0
coverage/vip-api,fr.insalyon.creatis.vip.api.model,Pipeline,45,0,0,0,17,0,9,0,9,0
coverage/vip-api,fr.insalyon.creatis.vip.api.model,AuthenticationInfo,17,0,0,0,7,0,5,0,5,0
coverage/vip-api,fr.insalyon.creatis.vip.api.model,Execution,138,0,2,0,54,0,28,0,27,0
coverage/vip-api,fr.insalyon.creatis.vip.api.model,ExecutionStatus,132,0,4,0,16,0,6,0,4,0
coverage/vip-api,fr.insalyon.creatis.vip.api.model,SignUpUserDTO,92,0,0,0,38,0,19,0,19,0
coverage/vip-api,fr.insalyon.creatis.vip.api.model,UploadDataType,39,0,0,0,5,0,3,0,3,0
coverage/vip-api,fr.insalyon.creatis.vip.api.model,AuthenticationCredentials,17,0,0,0,7,0,5,0,5,0
coverage/vip-api,fr.insalyon.creatis.vip.api.model,PlatformProperties,12,82,0,0,6,34,3,24,3,24
coverage/vip-api,fr.insalyon.creatis.vip.api.model,PathProperties,52,0,0,0,22,0,15,0,15,0
coverage/vip-api,fr.insalyon.creatis.vip.api.model,SupportedTransferProtocol,4,78,0,0,1,9,1,2,1,2
coverage/vip-api,fr.insalyon.creatis.vip.api.model,DeleteExecutionConfiguration,10,0,0,0,4,0,3,0,3,0
coverage/vip-api,fr.insalyon.creatis.vip.api.model,UploadData,24,0,0,0,10,0,7,0,7,0
coverage/vip-api,fr.insalyon.creatis.vip.api.model,ErrorCodeAndMessage,17,15,0,0,8,6,4,3,4,3
coverage/vip-api,fr.insalyon.creatis.vip.api.model,PipelineParameter,42,0,0,0,15,0,8,0,8,0
coverage/vip-api,fr.insalyon.creatis.vip.api.model,ParameterType,72,0,2,0,3,0,3,0,2,0
coverage/vip-api,fr.insalyon.creatis.vip.api.model,ResetPasswordDTO,24,0,0,0,10,0,7,0,7,0
coverage/vip-api,fr.insalyon.creatis.vip.api.model,Module,29,70,4,0,4,10,3,3,1,3
coverage/vip-api,fr.insalyon.creatis.vip.api.model,EmailDTO,10,0,0,0,4,0,3,0,3,0
coverage/vip-api,fr.insalyon.creatis.vip.api.model.stats,UsersNumber,36,0,0,0,15,0,8,0,8,0
coverage/vip-api,fr.insalyon.creatis.vip.api.model.stats,StatUser,76,0,0,0,31,0,16,0,16,0
coverage/vip-api,fr.insalyon.creatis.vip.api.model.stats,UsersList,28,0,0,0,11,0,6,0,6,0
coverage/vip-api,fr.insalyon.creatis.vip.api,SpringWebConfig,0,73,0,0,0,17,0,7,0,7
coverage/vip-api,fr.insalyon.creatis.vip.api,ApiPropertiesInitializer,17,138,1,1,4,31,1,4,0,4
coverage/vip-application,fr.insalyon.creatis.vip.application.client.view.monitor.progress,ProgressLayout.new AsyncCallback() {...},186,0,20,0,36,0,13,0,3,0
coverage/vip-application,fr.insalyon.creatis.vip.application.client.view.monitor.progress,ProgressLayout,143,0,0,0,40,0,3,0,3,0
coverage/vip-application,fr.insalyon.creatis.vip.application.client.view.monitor.progress,ProcessorStatus,44,0,0,0,5,0,1,0,1,0
coverage/vip-application,fr.insalyon.creatis.vip.application.server.dao.mysql,ApplicationDataInitializer,0,73,0,0,0,16,0,2,0,2
coverage/vip-application,fr.insalyon.creatis.vip.application.server.dao.mysql,EngineData,180,72,4,2,42,18,5,5,3,4
coverage/vip-application,fr.insalyon.creatis.vip.application.server.dao.mysql,ApplicationInputData,557,12,12,0,131,4,15,2,9,2
coverage/vip-application,fr.insalyon.creatis.vip.application.server.dao.mysql,ApplicationData,1265,23,51,1,305,8,46,2,20,2
coverage/vip-application,fr.insalyon.creatis.vip.application.server.dao.mysql,ClassData,562,42,29,3,126,13,24,3,7,3
coverage/vip-application,fr.insalyon.creatis.vip.application.client,ApplicationModule.new AsyncCallback() {...},15,0,0,0,5,0,3,0,3,0
coverage/vip-application,fr.insalyon.creatis.vip.application.client,ApplicationModule.new AsyncCallback() {...},36,0,4,0,9,0,5,0,3,0
coverage/vip-application,fr.insalyon.creatis.vip.application.client,ApplicationModule.new CloseClickHandler() {...},15,0,0,0,6,0,2,0,2,0
coverage/vip-application,fr.insalyon.creatis.vip.application.client,ApplicationModule.new AsyncCallback() {...},13,0,0,0,4,0,3,0,3,0
coverage/vip-application,fr.insalyon.creatis.vip.application.client,ApplicationModule.new AsyncCallback() {...},13,0,0,0,4,0,3,0,3,0
coverage/vip-application,fr.insalyon.creatis.vip.application.client,ApplicationModule.new AsyncCallback() {...},13,0,0,0,4,0,3,0,3,0
coverage/vip-application,fr.insalyon.creatis.vip.application.client,ApplicationModule.new Runnable() {...},17,0,0,0,4,0,3,0,3,0
coverage/vip-application,fr.insalyon.creatis.vip.application.client,ApplicationConstants,7,0,0,0,3,0,2,0,2,0
coverage/vip-application,fr.insalyon.creatis.vip.application.client,ApplicationModule,112,0,6,0,30,0,10,0,7,0
coverage/vip-application,fr.insalyon.creatis.vip.application.client.view.boutiquesParsing,InvalidBoutiquesDescriptorException,9,0,0,0,4,0,2,0,2,0
coverage/vip-application,fr.insalyon.creatis.vip.application.client.view.boutiquesParsing,BoutiquesParser,604,0,31,0,118,0,21,0,5,0
coverage/vip-application,fr.insalyon.creatis.vip.application.client.view.boutiquesParsing,AbstractJsonParser,295,0,36,0,70,0,31,0,13,0
coverage/vip-application,fr.insalyon.creatis.vip.application.client.view.system.classes,ClassesLayout.new AsyncCallback() {...},25,0,0,0,8,0,3,0,3,0
coverage/vip-application,fr.insalyon.creatis.vip.application.client.view.system.classes,ClassesLayout.new AsyncCallback() {...},110,0,10,0,23,0,8,0,3,0
coverage/vip-application,fr.insalyon.creatis.vip.application.client.view.system.classes,ClassesLayout.new ClickHandler() {...},10,0,0,0,3,0,2,0,2,0
coverage/vip-application,fr.insalyon.creatis.vip.application.client.view.system.classes,ClassesLayout.new ClickHandler() {...},17,0,0,0,5,0,2,0,2,0
coverage/vip-application,fr.insalyon.creatis.vip.application.client.view.system.classes,ClassesLayout.new CellDoubleClickHandler() {...},22,0,0,0,5,0,2,0,2,0
coverage/vip-application,fr.insalyon.creatis.vip.application.client.view.system.classes,ClassesLayout.new ListGrid() {...},106,0,2,0,23,0,4,0,3,0
coverage/vip-application,fr.insalyon.creatis.vip.application.client.view.system.classes,ClassesLayout.3.new ClickHandler() {...},22,0,0,0,4,0,2,0,2,0
coverage/vip-application,fr.insalyon.creatis.vip.application.client.view.system.classes,ClassesLayout.3.new ClickHandler() {...},29,0,0,0,5,0,2,0,2,0
coverage/vip-application,fr.insalyon.creatis.vip.application.client.view.system.classes,EditClassLayout.new AsyncCallback() {...},42,0,2,0,9,0,4,0,3,0
coverage/vip-application,fr.insalyon.creatis.vip.application.client.view.system.classes,ClassesLayout.3.2.new BooleanCallback() {...},20,0,2,0,4,0,3,0,2,0
coverage/vip-application,fr.insalyon.creatis.vip.application.client.view.system.classes,EditClassLayout.new AsyncCallback() {...},42,0,2,0,9,0,4,0,3,0
coverage/vip-application,fr.insalyon.creatis.vip.application.client.view.system.classes,EditClassLayout.new AsyncCallback() {...},55,0,0,0,12,0,3,0,3,0
coverage/vip-application,fr.insalyon.creatis.vip.application.client.view.system.classes,EditClassLayout.new ClickHandler() {...},13,0,0,0,3,0,2,0,2,0
coverage/vip-application,fr.insalyon.creatis.vip.application.client.view.system.classes,EditClassLayout.new ClickHandler() {...},34,0,2,0,6,0,3,0,2,0
coverage/vip-application,fr.insalyon.creatis.vip.application.client.view.system.classes,EditClassLayout.2.new BooleanCallback() {...},20,0,2,0,4,0,3,0,2,0
coverage/vip-application,fr.insalyon.creatis.vip.application.client.view.system.classes,ManageClassesTab,44,0,0,0,12,0,3,0,3,0
coverage/vip-application,fr.insalyon.creatis.vip.application.client.view.system.classes,ClassRecord,18,0,0,0,7,0,2,0,2,0
coverage/vip-application,fr.insalyon.creatis.vip.application.client.view.system.classes,EditClassLayout,236,0,4,0,55,0,9,0,7,0
coverage/vip-application,fr.insalyon.creatis.vip.application.client.view.system.classes,ClassesLayout,204,0,0,0,49,0,6,0,6,0
coverage/vip-application,fr.insalyon.creatis.vip.application.server,SpringApplicationConfig,31,0,0,0,8,0,8,0,8,0
coverage/vip-application,fr.insalyon.creatis.vip.application.client.view.monitor.general,GeneralLayout.new AsyncCallback() {...},80,0,2,0,19,0,4,0,3,0
coverage/vip-application,fr.insalyon.creatis.vip.application.client.view.monitor.general,OutputTreeGrid.new NodeContextClickHandler() {...},27,0,0,0,5,0,2,0,2,0
coverage/vip-application,fr.insalyon.creatis.vip.application.client.view.monitor.general,LogsLayout.new RecordClickHandler() {...},16,0,0,0,4,0,2,0,2,0
coverage/vip-application,fr.insalyon.creatis.vip.application.client.view.monitor.general,AbstractTreeGrid.new AsyncCallback() {...},143,0,14,0,25,0,10,0,3,0
coverage/vip-application,fr.insalyon.creatis.vip.application.client.view.monitor.general,InOutTreeNode,46,0,8,0,15,0,7,0,3,0
coverage/vip-application,fr.insalyon.creatis.vip.application.client.view.monitor.general,InputTreeGrid,26,0,0,0,6,0,2,0,2,0
coverage/vip-application,fr.insalyon.creatis.vip.application.client.view.monitor.general,InOutContextMenu,179,0,10,0,40,0,9,0,4,0
coverage/vip-application,fr.insalyon.creatis.vip.application.client.view.monitor.general,InOutContextMenu.new ClickHandler() {...},16,0,0,0,3,0,2,0,2,0
coverage/vip-application,fr.insalyon.creatis.vip.application.client.view.monitor.general,InOutContextMenu.new ClickHandler() {...},10,0,0,0,3,0,2,0,2,0
coverage/vip-application,fr.insalyon.creatis.vip.application.client.view.monitor.general,InOutContextMenu.new AsyncCallback() {...},18,0,0,0,6,0,3,0,3,0
coverage/vip-application,fr.insalyon.creatis.vip.application.client.view.monitor.general,InOutContextMenu.new AsyncCallback() {...},18,0,0,0,6,0,3,0,3,0
coverage/vip-application,fr.insalyon.creatis.vip.application.client.view.monitor.general,InOutContextMenu.new ClickHandler() {...},27,0,0,0,5,0,2,0,2,0
coverage/vip-application,fr.insalyon.creatis.vip.application.client.view.monitor.general,OutputTreeGrid,26,0,0,0,6,0,2,0,2,0
coverage/vip-application,fr.insalyon.creatis.vip.application.client.view.monitor.general,InOutTreeNode.Icon,44,0,0,0,1,0,1,0,1,0
coverage/vip-application,fr.insalyon.creatis.vip.application.client.view.monitor.general,GeneralLayout,64,0,0,0,18,0,3,0,3,0
coverage/vip-application,fr.insalyon.creatis.vip.application.client.view.monitor.general,AbstractTreeGrid,130,0,2,0,30,0,4,0,3,0
coverage/vip-application,fr.insalyon.creatis.vip.application.client.view.monitor.general,InputTreeGrid.new NodeContextClickHandler() {...},27,0,0,0,5,0,2,0,2,0
coverage/vip-application,fr.insalyon.creatis.vip.application.client.view.monitor.general,LogsLayout,151,0,4,0,30,0,5,0,3,0
coverage/vip-application,fr.insalyon.creatis.vip.application.server.business,BoutiquesBusiness,289,17,14,0,71,6,17,1,10,1
coverage/vip-application,fr.insalyon.creatis.vip.application.server.business,ApplicationBusiness,445,22,14,0,118,7,35,2,28,2
coverage/vip-application,fr.insalyon.creatis.vip.application.server.business,WorkflowBusiness,1628,71,117,0,385,24,92,2,32,2
coverage/vip-application,fr.insalyon.creatis.vip.application.server.business,WorkflowExecutionBusiness,167,0,2,0,41,0,8,0,7,0
coverage/vip-application,fr.insalyon.creatis.vip.application.server.business,EngineBusiness,36,16,0,0,14,7,2,3,2,3
coverage/vip-application,fr.insalyon.creatis.vip.application.server.business,ClassBusiness,111,12,4,0,33,4,9,2,7,2
coverage/vip-application,fr.insalyon.creatis.vip.application.server.business,BoutiquesBusiness.CommandErrorException,12,0,0,0,4,0,2,0,2,0
coverage/vip-application,fr.insalyon.creatis.vip.application.server.business,InputBusiness,120,9,0,0,39,4,10,1,10,1
coverage/vip-application,fr.insalyon.creatis.vip.application.server.business,SimulationBusiness,619,14,52,0,142,5,49,1,19,1
coverage/vip-application,fr.insalyon.creatis.vip.application.client.view.monitor.job,JobLayout.new MouseOverHandler() {...},11,0,0,0,3,0,2,0,2,0
coverage/vip-application,fr.insalyon.creatis.vip.application.client.view.monitor.job,JobLayout.new MouseOutHandler() {...},11,0,0,0,3,0,2,0,2,0
coverage/vip-application,fr.insalyon.creatis.vip.application.client.view.monitor.job,JobStatusLayout.new ClickHandler() {...},10,0,0,0,3,0,2,0,2,0
coverage/vip-application,fr.insalyon.creatis.vip.application.client.view.monitor.job,JobStatusLayout.new Timer() {...},46,0,2,0,6,0,3,0,2,0
coverage/vip-application,fr.insalyon.creatis.vip.application.client.view.monitor.job,DebugLayout.11.new AsyncCallback() {...},93,0,12,0,16,0,9,0,3,0
coverage/vip-application,fr.insalyon.creatis.vip.application.client.view.monitor.job,DebugLayout,588,0,10,0,140,0,17,0,12,0
coverage/vip-application,fr.insalyon.creatis.vip.application.client.view.monitor.job,JobInfoButton.new MouseOutHandler() {...},20,0,2,0,5,0,3,0,2,0
coverage/vip-application,fr.insalyon.creatis.vip.application.client.view.monitor.job,JobInfoButton.new MouseOverHandler() {...},11,0,0,0,3,0,2,0,2,0
coverage/vip-application,fr.insalyon.creatis.vip.application.client.view.monitor.job,JobInfoButton,132,0,6,0,40,0,7,0,3,0
coverage/vip-application,fr.insalyon.creatis.vip.application.client.view.monitor.job,JobInfoLayout,24,0,0,0,9,0,3,0,3,0
coverage/vip-application,fr.insalyon.creatis.vip.application.client.view.monitor.job,TaskInputsLayout,32,0,0,0,11,0,1,0,1,0
coverage/vip-application,fr.insalyon.creatis.vip.application.client.view.monitor.job,DebugLayout.new ClickHandler() {...},10,0,0,0,3,0,2,0,2,0
coverage/vip-application,fr.insalyon.creatis.vip.application.client.view.monitor.job,DebugLayout.new ClickHandler() {...},36,0,0,0,8,0,2,0,2,0
coverage/vip-application,fr.insalyon.creatis.vip.application.client.view.monitor.job,DebugLayout.new AsyncCallback() {...},85,0,8,0,15,0,7,0,3,0
coverage/vip-application,fr.insalyon.creatis.vip.application.client.view.monitor.job,DebugLayout.new ClickHandler() {...},17,0,0,0,5,0,2,0,2,0
coverage/vip-application,fr.insalyon.creatis.vip.application.client.view.monitor.job,DebugLayout.new ClickHandler() {...},36,0,0,0,8,0,2,0,2,0
coverage/vip-application,fr.insalyon.creatis.vip.application.client.view.monitor.job,DebugLayout.new ClickHandler() {...},36,0,0,0,8,0,2,0,2,0
coverage/vip-application,fr.insalyon.creatis.vip.application.client.view.monitor.job,JobStatusLayout,186,0,12,0,47,0,10,0,4,0
coverage/vip-application,fr.insalyon.creatis.vip.application.client.view.monitor.job,DebugLayout.new ClickHandler() {...},36,0,0,0,8,0,2,0,2,0
coverage/vip-application,fr.insalyon.creatis.vip.application.client.view.monitor.job,DebugLayout.new ClickHandler() {...},36,0,0,0,8,0,2,0,2,0
coverage/vip-application,fr.insalyon.creatis.vip.application.client.view.monitor.job,DebugLayout.new ClickHandler() {...},10,0,0,0,3,0,2,0,2,0
coverage/vip-application,fr.insalyon.creatis.vip.application.client.view.monitor.job,SimulationFileType,54,0,0,0,6,0,1,0,1,0
coverage/vip-application,fr.insalyon.creatis.vip.application.client.view.monitor.job,JobLayout,150,0,6,0,41,0,8,0,5,0
coverage/vip-application,fr.insalyon.creatis.vip.application.client.view.monitor.job,JobsLayout.new AsyncCallback() {...},244,0,22,0,52,0,17,0,3,0
coverage/vip-application,fr.insalyon.creatis.vip.application.client.view.monitor.job,JobsLayout.new ClickHandler() {...},45,0,2,0,9,0,3,0,2,0
coverage/vip-application,fr.insalyon.creatis.vip.application.client.view.monitor.job,Command.new ClickHandler() {...},11,0,0,0,3,0,2,0,2,0
coverage/vip-application,fr.insalyon.creatis.vip.application.client.view.monitor.job,Command.new MouseOverHandler() {...},11,0,0,0,3,0,2,0,2,0
coverage/vip-application,fr.insalyon.creatis.vip.application.client.view.monitor.job,Command.new MouseOutHandler() {...},28,0,2,0,7,0,3,0,2,0
coverage/vip-application,fr.insalyon.creatis.vip.application.client.view.monitor.job,JobsLayout,259,0,0,0,57,0,4,0,4,0
coverage/vip-application,fr.insalyon.creatis.vip.application.client.view.monitor.job,TaskStatus,350,0,22,0,37,0,17,0,6,0
coverage/vip-application,fr.insalyon.creatis.vip.application.client.view.monitor.job,TaskLayout,333,0,24,0,86,0,25,0,8,0
coverage/vip-application,fr.insalyon.creatis.vip.application.client.view.monitor.job,JobStatus,132,0,2,0,18,0,6,0,5,0
coverage/vip-application,fr.insalyon.creatis.vip.application.client.view.monitor.job,TaskLayout.8.new AsyncCallback() {...},56,0,0,0,10,0,3,0,3,0
coverage/vip-application,fr.insalyon.creatis.vip.application.client.view.monitor.job,DebugLayout.new Timer() {...},21,0,0,0,4,0,2,0,2,0
coverage/vip-application,fr.insalyon.creatis.vip.application.client.view.monitor.job,DebugLayout.new AsyncCallback() {...},55,0,0,0,10,0,3,0,3,0
coverage/vip-application,fr.insalyon.creatis.vip.application.client.view.monitor.job,TaskLayout.new BooleanCallback() {...},51,0,2,0,8,0,3,0,2,0
coverage/vip-application,fr.insalyon.creatis.vip.application.client.view.monitor.job,TaskLayout.new ClickHandler() {...},26,0,4,0,6,0,4,0,2,0
coverage/vip-application,fr.insalyon.creatis.vip.application.client.view.monitor.job,TaskLayout.new ClickHandler() {...},11,0,0,0,3,0,2,0,2,0
coverage/vip-application,fr.insalyon.creatis.vip.application.client.view.monitor.job,TaskLayout.new ClickHandler() {...},11,0,0,0,3,0,2,0,2,0
coverage/vip-application,fr.insalyon.creatis.vip.application.client.view.monitor.job,TaskLayout.new ClickHandler() {...},11,0,0,0,3,0,2,0,2,0
coverage/vip-application,fr.insalyon.creatis.vip.application.client.view.monitor.job,TaskLayout.new MouseOutHandler() {...},20,0,2,0,5,0,3,0,2,0
coverage/vip-application,fr.insalyon.creatis.vip.application.client.view.monitor.job,TaskLayout.new MouseOverHandler() {...},11,0,0,0,3,0,2,0,2,0
coverage/vip-application,fr.insalyon.creatis.vip.application.client.view.monitor.job,TaskLayout.new ClickHandler() {...},19,0,0,0,3,0,2,0,2,0
coverage/vip-application,fr.insalyon.creatis.vip.application.client.view.monitor.job,Command,274,0,20,0,53,0,13,0,3,0
coverage/vip-application,fr.insalyon.creatis.vip.application.client.view.system.engine,EnginesLayout.3.new ClickHandler() {...},22,0,0,0,4,0,2,0,2,0
coverage/vip-application,fr.insalyon.creatis.vip.application.client.view.system.engine,EnginesLayout.3.new ClickHandler() {...},29,0,0,0,5,0,2,0,2,0
coverage/vip-application,fr.insalyon.creatis.vip.application.client.view.system.engine,EnginesLayout,200,0,0,0,47,0,6,0,6,0
coverage/vip-application,fr.insalyon.creatis.vip.application.client.view.system.engine,EditEngineLayout.2.new BooleanCallback() {...},20,0,2,0,4,0,3,0,2,0
coverage/vip-application,fr.insalyon.creatis.vip.application.client.view.system.engine,EnginesLayout.new ClickHandler() {...},17,0,0,0,5,0,2,0,2,0
coverage/vip-application,fr.insalyon.creatis.vip.application.client.view.system.engine,EnginesLayout.new ClickHandler() {...},10,0,0,0,3,0,2,0,2,0
coverage/vip-application,fr.insalyon.creatis.vip.application.client.view.system.engine,EnginesLayout.new ListGrid() {...},106,0,2,0,23,0,4,0,3,0
coverage/vip-application,fr.insalyon.creatis.vip.application.client.view.system.engine,EnginesLayout.new CellDoubleClickHandler() {...},22,0,0,0,5,0,2,0,2,0
coverage/vip-application,fr.insalyon.creatis.vip.application.client.view.system.engine,EnginesLayout.new AsyncCallback() {...},57,0,2,0,11,0,4,0,3,0
coverage/vip-application,fr.insalyon.creatis.vip.application.client.view.system.engine,EngineRecord,15,0,0,0,5,0,1,0,1,0
coverage/vip-application,fr.insalyon.creatis.vip.application.client.view.system.engine,EditEngineLayout.new ClickHandler() {...},13,0,0,0,3,0,2,0,2,0
coverage/vip-application,fr.insalyon.creatis.vip.application.client.view.system.engine,EditEngineLayout.new ClickHandler() {...},39,0,2,0,6,0,3,0,2,0
coverage/vip-application,fr.insalyon.creatis.vip.application.client.view.system.engine,EditEngineLayout.new AsyncCallback() {...},55,0,0,0,12,0,3,0,3,0
coverage/vip-application,fr.insalyon.creatis.vip.application.client.view.system.engine,EnginesLayout.new AsyncCallback() {...},27,0,0,0,8,0,3,0,3,0
coverage/vip-application,fr.insalyon.creatis.vip.application.client.view.system.engine,EnginesLayout.3.2.new BooleanCallback() {...},20,0,2,0,4,0,3,0,2,0
coverage/vip-application,fr.insalyon.creatis.vip.application.client.view.system.engine,EditEngineLayout,197,0,4,0,43,0,8,0,6,0
coverage/vip-application,fr.insalyon.creatis.vip.application.client.view.system.engine,ManageEnginesTab,44,0,0,0,12,0,3,0,3,0
coverage/vip-application,fr.insalyon.creatis.vip.application.server.business.util,ProxyUtil,55,0,2,0,14,0,4,0,3,0
coverage/vip-application,fr.insalyon.creatis.vip.application.server.business.util,FileUtil,50,0,4,0,12,0,5,0,3,0
coverage/vip-application,fr.insalyon.creatis.vip.application.server.dao.hibernate,SimulationStatsData,774,11,16,0,147,4,12,1,4,1
coverage/vip-application,fr.insalyon.creatis.vip.application.server.dao.h2,AbstractJobData,104,0,2,0,32,0,6,0,5,0
coverage/vip-application,fr.insalyon.creatis.vip.application.server.dao.h2,ExecutionNodeData,90,0,0,0,18,0,2,0,2,0
coverage/vip-application,fr.insalyon.creatis.vip.application.server.dao.h2,SimulationData,870,0,58,0,207,0,47,0,18,0
coverage/vip-application,fr.insalyon.creatis.vip.application.client.view.common,AbstractCornerTab,4,0,0,0,2,0,2,0,2,0
coverage/vip-application,fr.insalyon.creatis.vip.application.client.view.common,AbstractSimulationTab.new TabSelectedHandler() {...},17,0,2,0,4,0,3,0,2,0
coverage/vip-application,fr.insalyon.creatis.vip.application.client.view.common,AbstractSimulationTab.new Timer() {...},10,0,0,0,3,0,2,0,2,0
coverage/vip-application,fr.insalyon.creatis.vip.application.client.view.common,AbstractSimulationTab.new TabSelectedHandler() {...},19,0,2,0,5,0,3,0,2,0
coverage/vip-application,fr.insalyon.creatis.vip.application.client.view.common,AbstractSimulationTab.new TabDeselectedHandler() {...},15,0,2,0,4,0,3,0,2,0
coverage/vip-application,fr.insalyon.creatis.vip.application.client.view.common,AbstractSimulationTab,105,0,6,0,25,0,7,0,4,0
coverage/vip-application,fr.insalyon.creatis.vip.application.client.view.monitor,JobsTab,48,0,2,0,17,0,4,0,3,0
coverage/vip-application,fr.insalyon.creatis.vip.application.client.view.monitor,ViewerWindow.new AsyncCallback() {...},34,0,0,0,7,0,3,0,3,0
coverage/vip-application,fr.insalyon.creatis.vip.application.client.view.monitor,ViewerWindow.new ClickHandler() {...},10,0,0,0,3,0,2,0,2,0
coverage/vip-application,fr.insalyon.creatis.vip.application.client.view.monitor,ViewerWindow.new ClickHandler() {...},26,0,0,0,5,0,2,0,2,0
coverage/vip-application,fr.insalyon.creatis.vip.application.client.view.monitor,ChartsTab,400,0,11,0,104,0,20,0,12,0
coverage/vip-application,fr.insalyon.creatis.vip.application.client.view.monitor,MonitorParser,62,0,6,0,15,0,8,0,5,0
coverage/vip-application,fr.insalyon.creatis.vip.application.client.view.monitor,SystemLoadLayout,143,0,0,0,37,0,2,0,2,0
coverage/vip-application,fr.insalyon.creatis.vip.application.client.view.monitor,SummaryToolStrip.new ClickHandler() {...},22,0,0,0,3,0,2,0,2,0
coverage/vip-application,fr.insalyon.creatis.vip.application.client.view.monitor,SummaryToolStrip.new AsyncCallback() {...},36,0,0,0,8,0,3,0,3,0
coverage/vip-application,fr.insalyon.creatis.vip.application.client.view.monitor,SystemLoadLayout.new ClickHandler() {...},14,0,0,0,4,0,2,0,2,0
coverage/vip-application,fr.insalyon.creatis.vip.application.client.view.monitor,SystemLoadLayout.new AsyncCallback() {...},34,0,0,0,7,0,3,0,3,0
coverage/vip-application,fr.insalyon.creatis.vip.application.client.view.monitor,SystemLoadLayout.new Timer() {...},10,0,0,0,3,0,2,0,2,0
coverage/vip-application,fr.insalyon.creatis.vip.application.client.view.monitor,LogsTab.new RowContextClickHandler() {...},14,0,0,0,4,0,2,0,2,0
coverage/vip-application,fr.insalyon.creatis.vip.application.client.view.monitor,LogsTab.new CellDoubleClickHandler() {...},32,0,2,0,7,0,3,0,2,0
coverage/vip-application,fr.insalyon.creatis.vip.application.client.view.monitor,ChartsTab.new AsyncCallback() {...},37,0,0,0,7,0,3,0,3,0
coverage/vip-application,fr.insalyon.creatis.vip.application.client.view.monitor,ChartsTab.new AsyncCallback() {...},37,0,0,0,7,0,3,0,3,0
coverage/vip-application,fr.insalyon.creatis.vip.application.client.view.monitor,ChartsTab.new AsyncCallback() {...},37,0,0,0,7,0,3,0,3,0
coverage/vip-application,fr.insalyon.creatis.vip.application.client.view.monitor,ChartsTab.new AsyncCallback() {...},30,0,0,0,7,0,3,0,3,0
coverage/vip-application,fr.insalyon.creatis.vip.application.client.view.monitor,ChartsTab.new AsyncCallback() {...},30,0,0,0,7,0,3,0,3,0
coverage/vip-application,fr.insalyon.creatis.vip.application.client.view.monitor,ChartsTab.new CellFormatter() {...},22,0,2,0,7,0,3,0,2,0
coverage/vip-application,fr.insalyon.creatis.vip.application.client.view.monitor,ChartsTab.new ClickHandler() {...},10,0,0,0,3,0,2,0,2,0
coverage/vip-application,fr.insalyon.creatis.vip.application.client.view.monitor,ChartsTab.new ChangedHandler() {...},38,0,6,0,6,0,5,0,2,0
coverage/vip-application,fr.insalyon.creatis.vip.application.client.view.monitor,LogsTab.new ClickHandler() {...},14,0,0,0,3,0,2,0,2,0
coverage/vip-application,fr.insalyon.creatis.vip.application.client.view.monitor,LogsTab.new ClickHandler() {...},31,0,2,0,5,0,3,0,2,0
coverage/vip-application,fr.insalyon.creatis.vip.application.client.view.monitor,LogsTab.new AsyncCallback() {...},97,0,4,0,15,0,5,0,3,0
coverage/vip-application,fr.insalyon.creatis.vip.application.client.view.monitor,LogsTab.new ClickHandler() {...},14,0,0,0,3,0,2,0,2,0
coverage/vip-application,fr.insalyon.creatis.vip.application.client.view.monitor,SearchStackSection.new ClickHandler() {...},37,0,0,0,8,0,2,0,2,0
coverage/vip-application,fr.insalyon.creatis.vip.application.client.view.monitor,SearchStackSection.new AsyncCallback() {...},193,0,8,0,37,0,7,0,3,0
coverage/vip-application,fr.insalyon.creatis.vip.application.client.view.monitor,SearchStackSection.new ClickHandler() {...},114,0,28,0,16,0,16,0,2,0
coverage/vip-application,fr.insalyon.creatis.vip.application.client.view.monitor,SimulationsToolStrip.8.new BooleanCallback() {...},14,0,2,0,4,0,3,0,2,0
coverage/vip-application,fr.insalyon.creatis.vip.application.client.view.monitor,ChartsTab.new AsyncCallback() {...},30,0,0,0,7,0,3,0,3,0
coverage/vip-application,fr.insalyon.creatis.vip.application.client.view.monitor,SummaryToolStrip.1.new BooleanCallback() {...},21,0,2,0,4,0,3,0,2,0
coverage/vip-application,fr.insalyon.creatis.vip.application.client.view.monitor,SimulationsToolStrip.7.new BooleanCallback() {...},14,0,2,0,4,0,3,0,2,0
coverage/vip-application,fr.insalyon.creatis.vip.application.client.view.monitor,SimulationStatus,0,74,0,0,0,8,0,1,0,1
coverage/vip-application,fr.insalyon.creatis.vip.application.client.view.monitor,SimulationsToolStrip.6.new BooleanCallback() {...},14,0,2,0,4,0,3,0,2,0
coverage/vip-application,fr.insalyon.creatis.vip.application.client.view.monitor,SummaryToolStrip,124,0,8,0,25,0,8,0,4,0
coverage/vip-application,fr.insalyon.creatis.vip.application.client.view.monitor,SimulationsToolStrip.4.new BooleanCallback() {...},14,0,2,0,4,0,3,0,2,0
coverage/vip-application,fr.insalyon.creatis.vip.application.client.view.monitor,StatsTab.new ChangedHandler() {...},16,0,0,0,3,0,2,0,2,0
coverage/vip-application,fr.insalyon.creatis.vip.application.client.view.monitor,StatsTab.new ClickHandler() {...},10,0,0,0,3,0,2,0,2,0
coverage/vip-application,fr.insalyon.creatis.vip.application.client.view.monitor,StatsTab.new CellFormatter() {...},22,0,2,0,7,0,3,0,2,0
coverage/vip-application,fr.insalyon.creatis.vip.application.client.view.monitor,StatsTab.new AsyncCallback() {...},36,0,4,0,9,0,5,0,3,0
coverage/vip-application,fr.insalyon.creatis.vip.application.client.view.monitor,StatsTab.new AsyncCallback() {...},36,0,4,0,9,0,5,0,3,0
coverage/vip-application,fr.insalyon.creatis.vip.application.client.view.monitor,StatsTab.new AsyncCallback() {...},36,0,4,0,9,0,5,0,3,0
coverage/vip-application,fr.insalyon.creatis.vip.application.client.view.monitor,StatsTab.new AsyncCallback() {...},58,0,8,0,12,0,7,0,3,0
coverage/vip-application,fr.insalyon.creatis.vip.application.client.view.monitor,StatsTab.new Runnable() {...},7,0,0,0,2,0,2,0,2,0
coverage/vip-application,fr.insalyon.creatis.vip.application.client.view.monitor,StatsTab,348,0,5,0,90,0,15,0,11,0
coverage/vip-application,fr.insalyon.creatis.vip.application.client.view.monitor,SimulationsToolStrip.3.new BooleanCallback() {...},14,0,2,0,4,0,3,0,2,0
coverage/vip-application,fr.insalyon.creatis.vip.application.client.view.monitor,SimulationTab,78,0,4,0,16,0,4,0,2,0
coverage/vip-application,fr.insalyon.creatis.vip.application.client.view.monitor,SimulationsTab,286,0,0,0,64,0,12,0,12,0
coverage/vip-application,fr.insalyon.creatis.vip.application.client.view.monitor,SummaryTab.new ListGrid() {...},57,0,0,0,9,0,2,0,2,0
coverage/vip-application,fr.insalyon.creatis.vip.application.client.view.monitor,SummaryTab.new CellDoubleClickHandler() {...},13,0,0,0,3,0,2,0,2,0
coverage/vip-application,fr.insalyon.creatis.vip.application.client.view.monitor,SummaryTab.new RowContextClickHandler() {...},25,0,0,0,5,0,2,0,2,0
coverage/vip-application,fr.insalyon.creatis.vip.application.client.view.monitor,SummaryTab.new AsyncCallback() {...},309,0,12,0,59,0,12,0,3,0
coverage/vip-application,fr.insalyon.creatis.vip.application.client.view.monitor,ChangeSimulationUserLayout,193,0,2,0,49,0,6,0,5,0
coverage/vip-application,fr.insalyon.creatis.vip.application.client.view.monitor,SimulationsToolStrip,465,0,30,0,95,0,24,0,9,0
coverage/vip-application,fr.insalyon.creatis.vip.application.client.view.monitor,LogsTab,320,0,2,0,72,0,7,0,6,0
coverage/vip-application,fr.insalyon.creatis.vip.application.client.view.monitor,NodeInfoWindow.new AsyncCallback() {...},174,0,2,0,16,0,4,0,3,0
coverage/vip-application,fr.insalyon.creatis.vip.application.client.view.monitor,ViewerWindow,205,0,2,0,55,0,8,0,7,0
coverage/vip-application,fr.insalyon.creatis.vip.application.client.view.monitor,SummaryTab,436,0,2,0,91,0,7,0,6,0
coverage/vip-application,fr.insalyon.creatis.vip.application.client.view.monitor,SimulationsToolStrip.new ClickHandler() {...},58,0,2,0,11,0,3,0,2,0
coverage/vip-application,fr.insalyon.creatis.vip.application.client.view.monitor,SimulationsToolStrip.new ClickHandler() {...},13,0,0,0,3,0,2,0,2,0
coverage/vip-application,fr.insalyon.creatis.vip.application.client.view.monitor,SimulationsToolStrip.new ClickHandler() {...},13,0,0,0,3,0,2,0,2,0
coverage/vip-application,fr.insalyon.creatis.vip.application.client.view.monitor,SimulationsToolStrip.new ClickHandler() {...},13,0,0,0,3,0,2,0,2,0
coverage/vip-application,fr.insalyon.creatis.vip.application.client.view.monitor,SimulationsToolStrip.new ClickHandler() {...},19,0,0,0,4,0,2,0,2,0
coverage/vip-application,fr.insalyon.creatis.vip.application.client.view.monitor,SimulationsToolStrip.new ClickHandler() {...},13,0,0,0,3,0,2,0,2,0
coverage/vip-application,fr.insalyon.creatis.vip.application.client.view.monitor,SimulationsToolStrip.new ClickHandler() {...},13,0,0,0,3,0,2,0,2,0
coverage/vip-application,fr.insalyon.creatis.vip.application.client.view.monitor,SimulationsToolStrip.new AsyncCallback() {...},25,0,0,0,7,0,3,0,3,0
coverage/vip-application,fr.insalyon.creatis.vip.application.client.view.monitor,SimulationsToolStrip.new ClickHandler() {...},15,0,0,0,3,0,2,0,2,0
coverage/vip-application,fr.insalyon.creatis.vip.application.client.view.monitor,SimulationsToolStrip.new AsyncCallback() {...},25,0,0,0,7,0,3,0,3,0
coverage/vip-application,fr.insalyon.creatis.vip.application.client.view.monitor,SearchStackSection,192,0,0,0,35,0,3,0,3,0
coverage/vip-application,fr.insalyon.creatis.vip.application.client.view.monitor,SimulationsToolStrip.new ClickHandler() {...},11,0,0,0,3,0,2,0,2,0
coverage/vip-application,fr.insalyon.creatis.vip.application.client.view.monitor,SimulationsToolStrip.new ClickHandler() {...},11,0,0,0,3,0,2,0,2,0
coverage/vip-application,fr.insalyon.creatis.vip.application.client.view.monitor,SimulationsToolStrip.new AsyncCallback() {...},25,0,0,0,7,0,3,0,3,0
coverage/vip-application,fr.insalyon.creatis.vip.application.client.view.monitor,SimulationsToolStrip.new AsyncCallback() {...},25,0,0,0,7,0,3,0,3,0
coverage/vip-application,fr.insalyon.creatis.vip.application.client.view.monitor,SimulationsToolStrip.new AsyncCallback() {...},54,0,0,0,8,0,3,0,3,0
coverage/vip-application,fr.insalyon.creatis.vip.application.client.view.monitor,ChangeSimulationUserLayout.new AsyncCallback() {...},22,0,0,0,6,0,3,0,3,0
coverage/vip-application,fr.insalyon.creatis.vip.application.client.view.monitor,ChangeSimulationUserLayout.new AsyncCallback() {...},64,0,2,0,11,0,4,0,3,0
coverage/vip-application,fr.insalyon.creatis.vip.application.client.view.monitor,ChangeSimulationUserLayout.new ClickHandler() {...},14,0,0,0,4,0,2,0,2,0
coverage/vip-application,fr.insalyon.creatis.vip.application.client.view.monitor,ChangeSimulationUserLayout.new ClickHandler() {...},20,0,2,0,4,0,3,0,2,0
coverage/vip-application,fr.insalyon.creatis.vip.application.client.view.monitor,SimulationsTab.new RowContextClickHandler() {...},46,0,0,0,11,0,2,0,2,0
coverage/vip-application,fr.insalyon.creatis.vip.application.client.view.monitor,SimulationsTab.new RowMouseDownHandler() {...},42,0,2,0,11,0,3,0,2,0
coverage/vip-application,fr.insalyon.creatis.vip.application.client.view.monitor,SimulationsTab.new AsyncCallback() {...},87,0,10,0,25,0,8,0,3,0
coverage/vip-application,fr.insalyon.creatis.vip.application.client.view.monitor,NodeInfoWindow,35,0,0,0,10,0,2,0,2,0
coverage/vip-application,fr.insalyon.creatis.vip.application.client.view.monitor,GeneralTab,128,0,6,0,37,0,5,0,2,0
coverage/vip-application,fr.insalyon.creatis.vip.application.client.bean.boutiquesTools,BoutiquesNumberInput,52,0,0,0,16,0,8,0,8,0
coverage/vip-application,fr.insalyon.creatis.vip.application.client.bean.boutiquesTools,BoutiquesApplicationExtensions,58,0,0,0,15,0,7,0,7,0
coverage/vip-application,fr.insalyon.creatis.vip.application.client.bean.boutiquesTools,BoutiquesApplication,263,0,4,0,72,0,50,0,48,0
coverage/vip-application,fr.insalyon.creatis.vip.application.client.bean.boutiquesTools,BoutiquesFlagInput,31,0,0,0,10,0,7,0,7,0
coverage/vip-application,fr.insalyon.creatis.vip.application.client.bean.boutiquesTools,BoutiquesGroup,36,0,0,0,14,0,7,0,7,0
coverage/vip-application,fr.insalyon.creatis.vip.application.client.bean.boutiquesTools,BoutiquesOutputFile,59,0,0,0,25,0,17,0,17,0
coverage/vip-application,fr.insalyon.creatis.vip.application.client.bean.boutiquesTools,BoutiquesStringInput,26,0,0,0,8,0,4,0,4,0
coverage/vip-application,fr.insalyon.creatis.vip.application.client.bean.boutiquesTools,BoutiquesInput,95,0,0,0,36,0,20,0,20,0
coverage/vip-application,fr.insalyon.creatis.vip.application.client.bean.boutiquesTools,BoutiquesInput.InputType,59,0,0,0,6,0,3,0,3,0
coverage/vip-application,fr.insalyon.creatis.vip.application.client.rpc,WorkflowService.Util,16,0,0,0,5,0,2,0,2,0
coverage/vip-application,fr.insalyon.creatis.vip.application.client.rpc,JobService.Util,16,0,0,0,5,0,2,0,2,0
coverage/vip-application,fr.insalyon.creatis.vip.application.client.rpc,ApplicationService.Util,16,0,0,0,5,0,2,0,2,0
coverage/vip-application,fr.insalyon.creatis.vip.application.server.business.simulation,WebServiceEngine.MoteurStatus,44,0,0,0,2,0,1,0,1,0
coverage/vip-application,fr.insalyon.creatis.vip.application.server.business.simulation,ParameterSweep,23,0,0,0,8,0,4,0,4,0
coverage/vip-application,fr.insalyon.creatis.vip.application.server.business.simulation,WorkflowEngineInstantiator,121,0,8,0,33,0,11,0,7,0
coverage/vip-application,fr.insalyon.creatis.vip.application.server.business.simulation,WebServiceEngine,178,0,5,0,45,0,14,0,10,0
coverage/vip-application,fr.insalyon.creatis.vip.application.client.view.system.application,EditVersionLayout.new ClickHandler() {...},13,0,0,0,3,0,2,0,2,0
coverage/vip-application,fr.insalyon.creatis.vip.application.client.view.system.application,EditVersionLayout.new ClickHandler() {...},65,0,8,0,8,0,6,0,2,0
coverage/vip-application,fr.insalyon.creatis.vip.application.client.view.system.application,EditVersionLayout.new AsyncCallback() {...},60,0,0,0,12,0,3,0,3,0
coverage/vip-application,fr.insalyon.creatis.vip.application.client.view.system.application,ApplicationsLayout.3.new ClickHandler() {...},22,0,0,0,4,0,2,0,2,0
coverage/vip-application,fr.insalyon.creatis.vip.application.client.view.system.application,ApplicationsLayout.3.new ClickHandler() {...},35,0,0,0,6,0,2,0,2,0
coverage/vip-application,fr.insalyon.creatis.vip.application.client.view.system.application,EditApplicationLayout.new AsyncCallback() {...},56,0,0,0,12,0,3,0,3,0
coverage/vip-application,fr.insalyon.creatis.vip.application.client.view.system.application,EditApplicationLayout.new AsyncCallback() {...},42,0,2,0,9,0,4,0,3,0
coverage/vip-application,fr.insalyon.creatis.vip.application.client.view.system.application,EditApplicationLayout.new AsyncCallback() {...},63,0,2,0,11,0,4,0,3,0
coverage/vip-application,fr.insalyon.creatis.vip.application.client.view.system.application,ManageApplicationsTab,139,0,2,0,36,0,7,0,6,0
coverage/vip-application,fr.insalyon.creatis.vip.application.client.view.system.application,EditApplicationLayout.2.new BooleanCallback() {...},20,0,2,0,4,0,3,0,2,0
coverage/vip-application,fr.insalyon.creatis.vip.application.client.view.system.application,ApplicationsLayout,264,0,6,0,56,0,9,0,6,0
coverage/vip-application,fr.insalyon.creatis.vip.application.client.view.system.application,EditApplicationLayout.new ClickHandler() {...},68,0,4,0,8,0,4,0,2,0
coverage/vip-application,fr.insalyon.creatis.vip.application.client.view.system.application,EditApplicationLayout.new ClickHandler() {...},13,0,0,0,3,0,2,0,2,0
coverage/vip-application,fr.insalyon.creatis.vip.application.client.view.system.application,PublishVersionLayout,141,0,14,0,33,0,12,0,5,0
coverage/vip-application,fr.insalyon.creatis.vip.application.client.view.system.application,EditVersionLayout.2.new BooleanCallback() {...},24,0,2,0,4,0,3,0,2,0
coverage/vip-application,fr.insalyon.creatis.vip.application.client.view.system.application,VersionsLayout.3.2.new BooleanCallback() {...},20,0,2,0,4,0,3,0,2,0
coverage/vip-application,fr.insalyon.creatis.vip.application.client.view.system.application,VersionRecord,27,0,0,0,8,0,1,0,1,0
coverage/vip-application,fr.insalyon.creatis.vip.application.client.view.system.application,ApplicationsLayout.new ClickHandler() {...},10,0,0,0,3,0,2,0,2,0
coverage/vip-application,fr.insalyon.creatis.vip.application.client.view.system.application,ApplicationsLayout.new ListGrid() {...},113,0,6,0,24,0,6,0,3,0
coverage/vip-application,fr.insalyon.creatis.vip.application.client.view.system.application,ApplicationsLayout.new ClickHandler() {...},18,0,0,0,5,0,2,0,2,0
coverage/vip-application,fr.insalyon.creatis.vip.application.client.view.system.application,ApplicationsLayout.new AsyncCallback() {...},27,0,0,0,8,0,3,0,3,0
coverage/vip-application,fr.insalyon.creatis.vip.application.client.view.system.application,ApplicationsLayout.new CellClickHandler() {...},26,0,0,0,6,0,2,0,2,0
coverage/vip-application,fr.insalyon.creatis.vip.application.client.view.system.application,ApplicationsLayout.new AsyncCallback() {...},142,0,14,0,26,0,10,0,3,0
coverage/vip-application,fr.insalyon.creatis.vip.application.client.view.system.application,VersionsLayout.new CellDoubleClickHandler() {...},36,0,0,0,8,0,2,0,2,0
coverage/vip-application,fr.insalyon.creatis.vip.application.client.view.system.application,VersionsLayout.new AsyncCallback() {...},63,0,2,0,12,0,4,0,3,0
coverage/vip-application,fr.insalyon.creatis.vip.application.client.view.system.application,VersionsLayout.new AsyncCallback() {...},27,0,0,0,8,0,3,0,3,0
coverage/vip-application,fr.insalyon.creatis.vip.application.client.view.system.application,VersionsLayout.new ClickHandler() {...},20,0,0,0,5,0,2,0,2,0
coverage/vip-application,fr.insalyon.creatis.vip.application.client.view.system.application,VersionsLayout.new ClickHandler() {...},10,0,0,0,3,0,2,0,2,0
coverage/vip-application,fr.insalyon.creatis.vip.application.client.view.system.application,VersionsLayout.new ListGrid() {...},106,0,2,0,23,0,4,0,3,0
coverage/vip-application,fr.insalyon.creatis.vip.application.client.view.system.application,VersionsLayout,247,0,0,0,57,0,7,0,7,0
coverage/vip-application,fr.insalyon.creatis.vip.application.client.view.system.application,PublishVersionLayout.new AsyncCallback() {...},45,0,0,0,11,0,3,0,3,0
coverage/vip-application,fr.insalyon.creatis.vip.application.client.view.system.application,VersionsLayout.3.new ClickHandler() {...},49,0,0,0,8,0,2,0,2,0
coverage/vip-application,fr.insalyon.creatis.vip.application.client.view.system.application,VersionsLayout.3.new ClickHandler() {...},22,0,0,0,4,0,2,0,2,0
coverage/vip-application,fr.insalyon.creatis.vip.application.client.view.system.application,EditApplicationLayout,328,0,8,0,70,0,12,0,8,0
coverage/vip-application,fr.insalyon.creatis.vip.application.client.view.system.application,ApplicationsLayout.3.2.new BooleanCallback() {...},20,0,2,0,4,0,3,0,2,0
coverage/vip-application,fr.insalyon.creatis.vip.application.client.view.system.application,PublishVersionLayout.new ClickHandler() {...},10,0,0,0,3,0,2,0,2,0
coverage/vip-application,fr.insalyon.creatis.vip.application.client.view.system.application,ApplicationRecord,35,0,0,0,10,0,2,0,2,0
coverage/vip-application,fr.insalyon.creatis.vip.application.client.view.system.application,EditVersionLayout,310,0,4,0,68,0,9,0,7,0
coverage/vip-application,fr.insalyon.creatis.vip.application.client.view.monitor.timeline,SimulationBoxLayout.new AsyncCallback() {...},26,0,0,0,7,0,3,0,3,0
coverage/vip-application,fr.insalyon.creatis.vip.application.client.view.monitor.timeline,SimulationBoxLayout.new AsyncCallback() {...},33,0,2,0,9,0,4,0,3,0
coverage/vip-application,fr.insalyon.creatis.vip.application.client.view.monitor.timeline,SimulationBoxLayout.new AsyncCallback() {...},21,0,0,0,6,0,3,0,3,0
coverage/vip-application,fr.insalyon.creatis.vip.application.client.view.monitor.timeline,SimulationBoxLayout.new ClickHandler() {...},10,0,0,0,3,0,2,0,2,0
coverage/vip-application,fr.insalyon.creatis.vip.application.client.view.monitor.timeline,SimulationBoxLayout.new ClickHandler() {...},29,0,0,0,5,0,3,0,3,0
coverage/vip-application,fr.insalyon.creatis.vip.application.client.view.monitor.timeline,SimulationBoxLayout.new ClickHandler() {...},10,0,0,0,3,0,2,0,2,0
coverage/vip-application,fr.insalyon.creatis.vip.application.client.view.monitor.timeline,SimulationBoxLayout.new Timer() {...},10,0,0,0,3,0,2,0,2,0
coverage/vip-application,fr.insalyon.creatis.vip.application.client.view.monitor.timeline,SimulationBoxLayout.new AsyncCallback() {...},28,0,2,0,8,0,4,0,3,0
coverage/vip-application,fr.insalyon.creatis.vip.application.client.view.monitor.timeline,SimulationBoxLayout.new BooleanCallback() {...},28,0,5,0,9,0,5,0,2,0
coverage/vip-application,fr.insalyon.creatis.vip.application.client.view.monitor.timeline,TimelineLayout.new AsyncCallback() {...},86,0,8,0,22,0,7,0,3,0
coverage/vip-application,fr.insalyon.creatis.vip.application.client.view.monitor.timeline,TimelineLayout.new Timer() {...},10,0,0,0,3,0,2,0,2,0
coverage/vip-application,fr.insalyon.creatis.vip.application.client.view.monitor.timeline,TimelineLayout.new AsyncCallback() {...},122,0,18,0,30,0,12,0,3,0
coverage/vip-application,fr.insalyon.creatis.vip.application.client.view.monitor.timeline,TimelineLayout.new ClickHandler() {...},10,0,0,0,3,0,2,0,2,0
coverage/vip-application,fr.insalyon.creatis.vip.application.client.view.monitor.timeline,SimulationBoxLayout.new AsyncCallback() {...},47,0,0,0,9,0,3,0,3,0
coverage/vip-application,fr.insalyon.creatis.vip.application.client.view.monitor.timeline,SimulationBoxLayout,426,0,20,0,114,0,26,0,14,0
coverage/vip-application,fr.insalyon.creatis.vip.application.client.view.monitor.timeline,TimelineParser,61,0,6,0,13,0,7,0,4,0
coverage/vip-application,fr.insalyon.creatis.vip.application.client.view.monitor.timeline,TimelineLayout,165,0,4,0,46,0,9,0,7,0
coverage/vip-application,fr.insalyon.creatis.vip.application.server.business.simulation.parser,InputParser,170,0,22,0,44,0,16,0,5,0
coverage/vip-application,fr.insalyon.creatis.vip.application.server.business.simulation.parser,ScuflParser,24,0,2,0,6,0,3,0,2,0
coverage/vip-application,fr.insalyon.creatis.vip.application.server.business.simulation.parser,GwendiaParser,112,0,14,0,26,0,11,0,4,0
coverage/vip-application,fr.insalyon.creatis.vip.application.server.business.simulation.parser,AbstractWorkflowParser,36,0,0,0,8,0,2,0,2,0
coverage/vip-application,fr.insalyon.creatis.vip.application.server.business.simulation.parser,InputM2Parser,133,121,15,11,39,32,8,11,0,6
coverage/vip-application,fr.insalyon.creatis.vip.application.server.rpc,LoggerServlet,17,0,0,0,5,0,2,0,2,0
coverage/vip-application,fr.insalyon.creatis.vip.application.server.rpc,JobServiceImpl,236,0,0,0,63,0,18,0,18,0
coverage/vip-application,fr.insalyon.creatis.vip.application.server.rpc,ApplicationServiceImpl,762,0,46,0,194,0,51,0,28,0
coverage/vip-application,fr.insalyon.creatis.vip.application.server.rpc,WorkflowServiceImpl,998,0,42,0,269,0,60,0,39,0
coverage/vip-application,fr.insalyon.creatis.vip.application.client.bean,AppClass,30,0,0,0,12,0,6,0,6,0
coverage/vip-application,fr.insalyon.creatis.vip.application.client.bean,Node,54,0,0,0,20,0,10,0,10,0
coverage/vip-application,fr.insalyon.creatis.vip.application.client.bean,Source,78,0,0,0,28,0,14,0,14,0
coverage/vip-application,fr.insalyon.creatis.vip.application.client.bean,Simulation,46,37,0,0,15,14,12,3,12,3
coverage/vip-application,fr.insalyon.creatis.vip.application.client.bean,ExpeSummaryEntity,18,0,0,0,7,0,4,0,4,0
coverage/vip-application,fr.insalyon.creatis.vip.application.client.bean,Activity,36,0,0,0,14,0,7,0,7,0
coverage/vip-application,fr.insalyon.creatis.vip.application.client.bean,Task,111,0,0,0,46,0,22,0,22,0
coverage/vip-application,fr.insalyon.creatis.vip.application.client.bean,Application,84,0,0,0,28,0,14,0,14,0
coverage/vip-application,fr.insalyon.creatis.vip.application.client.bean,Descriptor,26,0,0,0,12,0,6,0,6,0
coverage/vip-application,fr.insalyon.creatis.vip.application.client.bean,SimulationInput,24,0,0,0,10,0,5,0,5,0
coverage/vip-application,fr.insalyon.creatis.vip.application.client.bean,Engine,7,21,0,0,4,8,2,4,2,4
coverage/vip-application,fr.insalyon.creatis.vip.application.client.bean,Job,36,0,0,0,16,0,8,0,8,0
coverage/vip-application,fr.insalyon.creatis.vip.application.client.bean,AppVersion,57,0,0,0,20,0,10,0,10,0
coverage/vip-application,fr.insalyon.creatis.vip.application.client.bean,ExpeSummaryTriple,24,0,0,0,9,0,5,0,5,0
coverage/vip-application,fr.insalyon.creatis.vip.application.client.bean,ApplicationStatus,24,0,0,0,11,0,7,0,7,0
coverage/vip-application,fr.insalyon.creatis.vip.application.client.bean,InOutData,28,0,0,0,12,0,6,0,6,0
coverage/vip-application,fr.insalyon.creatis.vip.application.client.view.monitor.chart,WorkflowStatsChart,68,0,4,0,12,0,4,0,2,0
coverage/vip-application,fr.insalyon.creatis.vip.application.client.view.monitor.chart,CheckpointChart.new LegendOptions.LabelFormatter() {...},9,0,0,0,2,0,2,0,2,0
coverage/vip-application,fr.insalyon.creatis.vip.application.client.view.monitor.chart,JobFlowChart,425,0,6,0,81,0,5,0,2,0
coverage/vip-application,fr.insalyon.creatis.vip.application.client.view.monitor.chart,AbstractChart.new ClickHandler() {...},17,0,0,0,3,0,2,0,2,0
coverage/vip-application,fr.insalyon.creatis.vip.application.client.view.monitor.chart,GeneralBarChart,319,0,18,0,68,0,11,0,2,0
coverage/vip-application,fr.insalyon.creatis.vip.application.client.view.monitor.chart,CheckpointChart,311,0,7,0,71,0,7,0,2,0
coverage/vip-application,fr.insalyon.creatis.vip.application.client.view.monitor.chart,JobStatsChart,347,0,17,0,55,0,16,0,2,0
coverage/vip-application,fr.insalyon.creatis.vip.application.client.view.monitor.chart,JobStatsChart.new CellFormatter() {...},22,0,2,0,7,0,3,0,2,0
coverage/vip-application,fr.insalyon.creatis.vip.application.client.view.monitor.chart,AbstractChart,57,0,0,0,16,0,3,0,3,0
coverage/vip-application,fr.insalyon.creatis.vip.application.client.view.monitor.chart,JobFlowChart.new LegendOptions.LabelFormatter() {...},9,0,0,0,2,0,2,0,2,0
coverage/vip-application,fr.insalyon.creatis.vip.application.client.view.monitor.chart,GeneralBarChart.new TickFormatter() {...},29,0,4,0,4,0,4,0,2,0
coverage/vip-application,fr.insalyon.creatis.vip.application.client.view.monitor.chart,SitesBarChart,153,0,2,0,37,0,3,0,2,0
coverage/vip-application,fr.insalyon.creatis.vip.application.client.view.monitor.menu,JobsContextMenu.new ClickHandler() {...},28,0,0,0,4,0,2,0,2,0
coverage/vip-application,fr.insalyon.creatis.vip.application.client.view.monitor.menu,JobsContextMenu.new ClickHandler() {...},28,0,0,0,4,0,2,0,2,0
coverage/vip-application,fr.insalyon.creatis.vip.application.client.view.monitor.menu,JobsContextMenu.new ClickHandler() {...},28,0,0,0,4,0,2,0,2,0
coverage/vip-application,fr.insalyon.creatis.vip.application.client.view.monitor.menu,JobsContextMenu.new ClickHandler() {...},28,0,0,0,4,0,2,0,2,0
coverage/vip-application,fr.insalyon.creatis.vip.application.client.view.monitor.menu,JobsContextMenu.new ClickHandler() {...},28,0,0,0,4,0,2,0,2,0
coverage/vip-application,fr.insalyon.creatis.vip.application.client.view.monitor.menu,JobsContextMenu.new ClickHandler() {...},28,0,0,0,4,0,2,0,2,0
coverage/vip-application,fr.insalyon.creatis.vip.application.client.view.monitor.menu,JobsContextMenu.new AsyncCallback() {...},24,0,0,0,7,0,3,0,3,0
coverage/vip-application,fr.insalyon.creatis.vip.application.client.view.monitor.menu,JobsContextMenu.new ClickHandler() {...},25,0,0,0,3,0,2,0,2,0
coverage/vip-application,fr.insalyon.creatis.vip.application.client.view.monitor.menu,SimulationsContextMenu.2.new BooleanCallback() {...},14,0,2,0,4,0,3,0,2,0
coverage/vip-application,fr.insalyon.creatis.vip.application.client.view.monitor.menu,LogsContextMenu,120,0,2,0,24,0,3,0,2,0
coverage/vip-application,fr.insalyon.creatis.vip.application.client.view.monitor.menu,SimulationsContextMenu,458,0,13,0,74,0,16,0,8,0
coverage/vip-application,fr.insalyon.creatis.vip.application.client.view.monitor.menu,LogsContextMenu.3.new BooleanCallback() {...},24,0,4,0,4,0,4,0,2,0
coverage/vip-application,fr.insalyon.creatis.vip.application.client.view.monitor.menu,JobsContextMenu,272,0,10,0,44,0,8,0,3,0
coverage/vip-application,fr.insalyon.creatis.vip.application.client.view.monitor.menu,SimulationsContextMenu.4.new BooleanCallback() {...},14,0,2,0,4,0,3,0,2,0
coverage/vip-application,fr.insalyon.creatis.vip.application.client.view.monitor.menu,LogsContextMenu.new ClickHandler() {...},30,0,0,0,4,0,2,0,2,0
coverage/vip-application,fr.insalyon.creatis.vip.application.client.view.monitor.menu,LogsContextMenu.new ClickHandler() {...},22,0,0,0,5,0,2,0,2,0
coverage/vip-application,fr.insalyon.creatis.vip.application.client.view.monitor.menu,LogsContextMenu.new ClickHandler() {...},21,0,0,0,3,0,2,0,2,0
coverage/vip-application,fr.insalyon.creatis.vip.application.client.view.monitor.menu,LogsContextMenu.new AsyncCallback() {...},30,0,0,0,7,0,3,0,3,0
coverage/vip-application,fr.insalyon.creatis.vip.application.client.view.monitor.menu,SimulationsContextMenu.new ClickHandler() {...},18,0,0,0,3,0,2,0,2,0
coverage/vip-application,fr.insalyon.creatis.vip.application.client.view.monitor.menu,SimulationsContextMenu.new ClickHandler() {...},18,0,0,0,3,0,2,0,2,0
coverage/vip-application,fr.insalyon.creatis.vip.application.client.view.monitor.menu,SimulationsContextMenu.new ClickHandler() {...},18,0,0,0,3,0,2,0,2,0
coverage/vip-application,fr.insalyon.creatis.vip.application.client.view.monitor.menu,SimulationsContextMenu.3.new BooleanCallback() {...},14,0,2,0,4,0,3,0,2,0
coverage/vip-application,fr.insalyon.creatis.vip.application.client.view.monitor.menu,SimulationsContextMenu.new ClickHandler() {...},10,0,0,0,3,0,2,0,2,0
coverage/vip-application,fr.insalyon.creatis.vip.application.client.view.monitor.menu,SimulationsContextMenu.new ClickHandler() {...},36,0,0,0,5,0,3,0,3,0
coverage/vip-application,fr.insalyon.creatis.vip.application.client.view.monitor.menu,SimulationsContextMenu.new ClickHandler() {...},18,0,0,0,3,0,2,0,2,0
coverage/vip-application,fr.insalyon.creatis.vip.application.client.view.monitor.menu,SimulationsContextMenu.new ClickHandler() {...},10,0,0,0,3,0,2,0,2,0
coverage/vip-application,fr.insalyon.creatis.vip.application.client.view.monitor.menu,SimulationsContextMenu.new AsyncCallback() {...},25,0,0,0,7,0,3,0,3,0
coverage/vip-application,fr.insalyon.creatis.vip.application.client.view.monitor.menu,SimulationsContextMenu.new AsyncCallback() {...},25,0,0,0,7,0,3,0,3,0
coverage/vip-application,fr.insalyon.creatis.vip.application.client.view.monitor.menu,SimulationsContextMenu.new AsyncCallback() {...},45,0,0,0,10,0,3,0,3,0
coverage/vip-application,fr.insalyon.creatis.vip.application.client.view.monitor.menu,SimulationsContextMenu.new AsyncCallback() {...},25,0,0,0,7,0,3,0,3,0
coverage/vip-application,fr.insalyon.creatis.vip.application.client.view.monitor.menu,SimulationsContextMenu.new AsyncCallback() {...},25,0,0,0,7,0,3,0,3,0
coverage/vip-application,fr.insalyon.creatis.vip.application.client.view.monitor.menu,JobsContextMenu.7.new BooleanCallback() {...},20,0,2,0,4,0,3,0,2,0
coverage/vip-application,fr.insalyon.creatis.vip.application.client.view.monitor.menu,SimulationsContextMenu.5.new BooleanCallback() {...},14,0,2,0,4,0,3,0,2,0
coverage/vip-application,fr.insalyon.creatis.vip.application.client.view,ApplicationException,22,0,0,0,10,0,5,0,5,0
coverage/vip-application,fr.insalyon.creatis.vip.application.client.view,ApplicationException.ApplicationError,0,66,0,0,0,10,0,3,0,3
coverage/vip-application,fr.insalyon.creatis.vip.application.client.view,ApplicationTileGrid.new AsyncCallback() {...},46,0,2,0,8,0,4,0,3,0
coverage/vip-application,fr.insalyon.creatis.vip.application.client.view,ApplicationTileGrid,53,0,4,0,13,0,6,0,4,0
coverage/vip-application,fr.insalyon.creatis.vip.application.client.view,ApplicationHomeParser,41,0,4,0,12,0,6,0,4,0
coverage/vip-application,fr.insalyon.creatis.vip.application.client.view,ApplicationSystemParser,68,0,14,0,18,0,11,0,4,0
coverage/vip-application,localhost.moteur_service_wsdl,Moteur_BindingImpl,10,0,0,0,5,0,5,0,5,0
coverage/vip-application,localhost.moteur_service_wsdl,Moteur_ServiceLocator,213,0,12,0,55,0,22,0,16,0
coverage/vip-application,localhost.moteur_service_wsdl,Moteur_BindingStub,687,0,32,0,165,0,26,0,10,0
coverage/vip-application,fr.insalyon.creatis.vip.application.client.view.monitor.record,LocationRecord,58,0,0,0,16,0,4,0,4,0
coverage/vip-application,fr.insalyon.creatis.vip.application.client.view.monitor.record,FileOrFolderRecord,35,0,0,0,11,0,3,0,3,0
coverage/vip-application,fr.insalyon.creatis.vip.application.client.view.monitor.record,JobRecord,193,0,22,0,57,0,28,0,12,0
coverage/vip-application,fr.insalyon.creatis.vip.application.client.view.monitor.record,SemanticRecord,22,0,0,0,8,0,2,0,2,0
coverage/vip-application,fr.insalyon.creatis.vip.application.client.view.monitor.record,SummaryRecord,30,0,0,0,12,0,6,0,6,0
coverage/vip-application,fr.insalyon.creatis.vip.application.client.view.monitor.record,SimulationRecord,88,0,6,0,22,0,12,0,9,0
coverage/vip-application,fr.insalyon.creatis.vip.application.client.view.monitor.record,ProcessorRecord,81,0,0,0,19,0,7,0,7,0
coverage/vip-application,fr.insalyon.creatis.vip.application.client.view.launch,SavedInputsLayout.new AsyncCallback() {...},24,0,0,0,7,0,3,0,3,0
coverage/vip-application,fr.insalyon.creatis.vip.application.client.view.launch,SavedInputsLayout.new AsyncCallback() {...},120,0,6,0,23,0,6,0,3,0
coverage/vip-application,fr.insalyon.creatis.vip.application.client.view.launch,SavedInputsLayout.new CellDoubleClickHandler() {...},13,0,0,0,3,0,2,0,2,0
coverage/vip-application,fr.insalyon.creatis.vip.application.client.view.launch,SavedInputsLayout.new ListGrid() {...},116,0,2,0,26,0,5,0,4,0
coverage/vip-application,fr.insalyon.creatis.vip.application.client.view.launch,SavedInputsLayout.1.new ClickHandler() {...},30,0,0,0,5,0,2,0,2,0
coverage/vip-application,fr.insalyon.creatis.vip.application.client.view.launch,SavedInputsLayout.1.new ClickHandler() {...},31,0,0,0,5,0,2,0,2,0
coverage/vip-application,fr.insalyon.creatis.vip.application.client.view.launch,StringInputLayout,118,0,10,0,25,0,11,0,6,0
coverage/vip-application,fr.insalyon.creatis.vip.application.client.view.launch,LaunchTab,594,0,38,0,147,0,51,0,32,0
coverage/vip-application,fr.insalyon.creatis.vip.application.client.view.launch,ValueList,166,0,24,0,37,0,16,0,4,0
coverage/vip-application,fr.insalyon.creatis.vip.application.client.view.launch,ExampleInputsLayout.1.2.new BooleanCallback() {...},27,0,4,0,4,0,4,0,2,0
coverage/vip-application,fr.insalyon.creatis.vip.application.client.view.launch,ExampleInputsLayout.new AsyncCallback() {...},120,0,6,0,23,0,6,0,3,0
coverage/vip-application,fr.insalyon.creatis.vip.application.client.view.launch,ExampleInputsLayout.new AsyncCallback() {...},24,0,0,0,7,0,3,0,3,0
coverage/vip-application,fr.insalyon.creatis.vip.application.client.view.launch,DocumentationSection.new ClickHandler() {...},12,0,0,0,3,0,2,0,2,0
coverage/vip-application,fr.insalyon.creatis.vip.application.client.view.launch,ExampleInputsLayout,136,0,0,0,29,0,4,0,4,0
coverage/vip-application,fr.insalyon.creatis.vip.application.client.view.launch,ExampleInputsLayout.new ListGrid() {...},122,0,6,0,27,0,7,0,4,0
coverage/vip-application,fr.insalyon.creatis.vip.application.client.view.launch,ExampleInputsLayout.new CellDoubleClickHandler() {...},13,0,0,0,3,0,2,0,2,0
coverage/vip-application,fr.insalyon.creatis.vip.application.client.view.launch,DocumentationLayout.new ClickHandler() {...},10,0,0,0,3,0,2,0,2,0
coverage/vip-application,fr.insalyon.creatis.vip.application.client.view.launch,NumberInputLayout.FormLayout,27,0,0,0,3,0,1,0,1,0
coverage/vip-application,fr.insalyon.creatis.vip.application.client.view.launch,LaunchFormLayout,1618,0,134,0,360,0,142,0,74,0
coverage/vip-application,fr.insalyon.creatis.vip.application.client.view.launch,NumberInputLayout.new CustomValidator() {...},57,0,10,0,12,0,7,0,2,0
coverage/vip-application,fr.insalyon.creatis.vip.application.client.view.launch,DescriptorParser,114,0,14,0,22,0,11,0,4,0
coverage/vip-application,fr.insalyon.creatis.vip.application.client.view.launch,NumberInputLayout,595,0,21,0,114,0,32,0,21,0
coverage/vip-application,fr.insalyon.creatis.vip.application.client.view.launch,NumberInputLayout.new CustomValidator() {...},32,0,6,0,6,0,5,0,2,0
coverage/vip-application,fr.insalyon.creatis.vip.application.client.view.launch,NumberInputLayout.new CustomValidator() {...},32,0,6,0,6,0,5,0,2,0
coverage/vip-application,fr.insalyon.creatis.vip.application.client.view.launch,NumberInputLayout.new CustomValidator() {...},101,0,16,0,25,0,10,0,2,0
coverage/vip-application,fr.insalyon.creatis.vip.application.client.view.launch,NumberInputLayout.new CustomValidator() {...},62,0,6,0,15,0,5,0,2,0
coverage/vip-application,fr.insalyon.creatis.vip.application.client.view.launch,SavedInputsLayout,138,0,0,0,31,0,4,0,4,0
coverage/vip-application,fr.insalyon.creatis.vip.application.client.view.launch,DocumentationLayout,93,0,0,0,28,0,1,0,1,0
coverage/vip-application,fr.insalyon.creatis.vip.application.client.view.launch,FlagInputLayout,83,0,6,0,23,0,7,0,4,0
coverage/vip-application,fr.insalyon.creatis.vip.application.client.view.launch,DocumentationSection,115,0,0,0,31,0,2,0,2,0
coverage/vip-application,fr.insalyon.creatis.vip.application.client.view.launch,ValueSet,74,0,6,0,13,0,11,0,8,0
coverage/vip-application,fr.insalyon.creatis.vip.application.client.view.launch,InputsLayout.new ClickHandler() {...},33,0,2,0,6,0,3,0,2,0
coverage/vip-application,fr.insalyon.creatis.vip.application.client.view.launch,InputsLayout.new ClickHandler() {...},33,0,2,0,6,0,3,0,2,0
coverage/vip-application,fr.insalyon.creatis.vip.application.client.view.launch,RelaunchService,64,0,6,0,14,0,8,0,5,0
coverage/vip-application,fr.insalyon.creatis.vip.application.client.view.launch,GroupValidator,154,0,22,0,34,0,19,0,8,0
coverage/vip-application,fr.insalyon.creatis.vip.application.client.view.launch,ValueRange,201,0,16,0,38,0,15,0,7,0
coverage/vip-application,fr.insalyon.creatis.vip.application.client.view.launch,AbstractInputsLayout,58,0,0,0,17,0,1,0,1,0
coverage/vip-application,fr.insalyon.creatis.vip.application.client.view.launch,SavedInputsLayout.1.2.new BooleanCallback() {...},27,0,4,0,4,0,4,0,2,0
coverage/vip-application,fr.insalyon.creatis.vip.application.client.view.launch,ValueChoiceInputLayout.new CustomValidator() {...},59,0,6,0,12,0,8,0,5,0
coverage/vip-application,fr.insalyon.creatis.vip.application.client.view.launch,LaunchFormLayout.new AsyncCallback() {...},58,0,4,0,16,0,5,0,3,0
coverage/vip-application,fr.insalyon.creatis.vip.application.client.view.launch,LaunchTab.new AsyncCallback() {...},44,0,0,0,8,0,4,0,4,0
coverage/vip-application,fr.insalyon.creatis.vip.application.client.view.launch,LaunchTab.new AsyncCallback() {...},46,0,0,0,12,0,4,0,4,0
coverage/vip-application,fr.insalyon.creatis.vip.application.client.view.launch,LaunchTab.new AsyncCallback() {...},29,0,0,0,8,0,3,0,3,0
coverage/vip-application,fr.insalyon.creatis.vip.application.client.view.launch,LaunchTab.new AsyncCallback() {...},20,0,0,0,6,0,3,0,3,0
coverage/vip-application,fr.insalyon.creatis.vip.application.client.view.launch,LaunchTab.new AsyncCallback() {...},45,0,6,0,12,0,6,0,3,0
coverage/vip-application,fr.insalyon.creatis.vip.application.client.view.launch,LaunchTab.new AsyncCallback() {...},34,0,0,0,10,0,3,0,3,0
coverage/vip-application,fr.insalyon.creatis.vip.application.client.view.launch,LaunchTab.new AsyncCallback() {...},43,0,4,0,12,0,6,0,4,0
coverage/vip-application,fr.insalyon.creatis.vip.application.client.view.launch,LaunchTab.new AsyncCallback() {...},34,0,0,0,10,0,3,0,3,0
coverage/vip-application,fr.insalyon.creatis.vip.application.client.view.launch,InputsLayout,67,0,4,0,20,0,5,0,3,0
coverage/vip-application,fr.insalyon.creatis.vip.application.client.view.launch,InputRecord,18,0,0,0,7,0,2,0,2,0
coverage/vip-application,fr.insalyon.creatis.vip.application.client.view.launch,NumberInputLayout.RangeItem,37,0,0,0,3,0,1,0,1,0
coverage/vip-application,fr.insalyon.creatis.vip.application.client.view.launch,AbstractInputsLayout.new ClickHandler() {...},10,0,0,0,3,0,2,0,2,0
coverage/vip-application,fr.insalyon.creatis.vip.application.client.view.launch,ExampleInputsLayout.1.new ClickHandler() {...},31,0,0,0,5,0,2,0,2,0
coverage/vip-application,fr.insalyon.creatis.vip.application.client.view.launch,ExampleInputsLayout.1.new ClickHandler() {...},30,0,0,0,5,0,2,0,2,0
coverage/vip-application,fr.insalyon.creatis.vip.application.client.view.launch,ValueChoiceInputLayout,155,0,8,0,41,0,14,0,10,0
coverage/vip-application,fr.insalyon.creatis.vip.application.client.view.launch,InputLayout,810,0,70,0,204,0,86,0,51,0
coverage/vip-application-importer,fr.insalyon.creatis.vip.applicationimporter.client.view,BoutiquesImportLayout.new FormItemClickHandler() {...},18,0,0,0,4,0,2,0,2,0
coverage/vip-application-importer,fr.insalyon.creatis.vip.applicationimporter.client.view,BoutiquesImportLayout.new ClickHandler() {...},24,0,2,0,6,0,3,0,2,0
coverage/vip-application-importer,fr.insalyon.creatis.vip.applicationimporter.client.view,BoutiquesImportLayout.new AsyncCallback() {...},47,0,0,0,14,0,4,0,4,0
coverage/vip-application-importer,fr.insalyon.creatis.vip.applicationimporter.client.view,Constants,3,0,0,0,1,0,1,0,1,0
coverage/vip-application-importer,fr.insalyon.creatis.vip.applicationimporter.client.view,HomeParser,31,0,8,0,8,0,7,0,3,0
coverage/vip-application-importer,fr.insalyon.creatis.vip.applicationimporter.client.view,BoutiquesImportLayout,128,0,0,0,27,0,4,0,4,0
coverage/vip-application-importer,fr.insalyon.creatis.vip.applicationimporter.client.view,ImportTab,25,0,0,0,7,0,1,0,1,0
coverage/vip-application-importer,fr.insalyon.creatis.vip.applicationimporter.client.view.applicationdisplay,VIPLayout,235,0,2,0,50,0,10,0,9,0
coverage/vip-application-importer,fr.insalyon.creatis.vip.applicationimporter.client.view.applicationdisplay,LocalTextField,90,0,4,0,21,0,6,0,4,0
coverage/vip-application-importer,fr.insalyon.creatis.vip.applicationimporter.client.view.applicationdisplay,InputOutputLayout,37,0,0,0,10,0,1,0,1,0
coverage/vip-application-importer,fr.insalyon.creatis.vip.applicationimporter.client.view.applicationdisplay,OutputLayout,206,0,20,0,35,0,12,0,2,0
coverage/vip-application-importer,fr.insalyon.creatis.vip.applicationimporter.client.view.applicationdisplay,GeneralLayout,146,0,0,0,21,0,2,0,2,0
coverage/vip-application-importer,fr.insalyon.creatis.vip.applicationimporter.client.view.applicationdisplay,DisplayTab,254,0,8,0,66,0,10,0,6,0
coverage/vip-application-importer,fr.insalyon.creatis.vip.applicationimporter.client.view.applicationdisplay,DisplayTab.new ClickHandler() {...},32,0,2,0,6,0,3,0,2,0
coverage/vip-application-importer,fr.insalyon.creatis.vip.applicationimporter.client.view.applicationdisplay,DisplayTab.new AsyncCallback() {...},23,0,0,0,7,0,3,0,3,0
coverage/vip-application-importer,fr.insalyon.creatis.vip.applicationimporter.client.view.applicationdisplay,InputLayout,200,0,18,0,34,0,11,0,2,0
coverage/vip-application-importer,fr.insalyon.creatis.vip.applicationimporter.client.view.applicationdisplay,VIPLayout.new AsyncCallback() {...},37,0,4,0,9,0,5,0,3,0
coverage/vip-application-importer,fr.insalyon.creatis.vip.applicationimporter.client.view.applicationdisplay,VIPLayout.new AsyncCallback() {...},62,0,4,0,13,0,5,0,3,0
coverage/vip-application-importer,fr.insalyon.creatis.vip.applicationimporter.client.view.applicationdisplay,LocalTextField.new FormItemClickHandler() {...},18,0,0,0,4,0,2,0,2,0
coverage/vip-application-importer,fr.insalyon.creatis.vip.applicationimporter.client,ApplicationImporterException,16,0,0,0,8,0,4,0,4,0
coverage/vip-application-importer,fr.insalyon.creatis.vip.applicationimporter.client,ApplicationImporterModule,10,0,0,0,5,0,4,0,4,0
coverage/vip-application-importer,fr.insalyon.creatis.vip.applicationimporter.server.rpc,ApplicationImporterServiceImpl,68,0,0,0,19,0,6,0,6,0
coverage/vip-application-importer,fr.insalyon.creatis.vip.applicationimporter.server.business,TargzUtils,81,77,6,4,13,22,4,5,0,4
coverage/vip-application-importer,fr.insalyon.creatis.vip.applicationimporter.server.business,VelocityUtils,158,21,0,0,34,6,4,1,4,1
coverage/vip-application-importer,fr.insalyon.creatis.vip.applicationimporter.server.business,ApplicationImporterBusiness,517,32,30,0,100,11,21,1,6,1
coverage/vip-application-importer,fr.insalyon.creatis.vip.applicationimporter.client.rpc,ApplicationImporterService.Util,16,0,0,0,5,0,2,0,2,0
coverage/vip-core,fr.insalyon.creatis.vip.core.client.view.system.group,GroupsLayout,181,0,4,0,44,0,7,0,5,0
coverage/vip-core,fr.insalyon.creatis.vip.core.client.view.system.group,GroupsLayout.1.new ClickHandler() {...},38,0,0,0,6,0,2,0,2,0
coverage/vip-core,fr.insalyon.creatis.vip.core.client.view.system.group,GroupsLayout.1.new ClickHandler() {...},17,0,0,0,3,0,2,0,2,0
coverage/vip-core,fr.insalyon.creatis.vip.core.client.view.system.group,EditGroupLayout,395,0,6,0,83,0,11,0,8,0
coverage/vip-core,fr.insalyon.creatis.vip.core.client.view.system.group,EditGroupLayout.new AsyncCallback() {...},24,0,0,0,7,0,3,0,3,0
coverage/vip-core,fr.insalyon.creatis.vip.core.client.view.system.group,EditGroupLayout.new AsyncCallback() {...},52,0,2,0,11,0,4,0,3,0
coverage/vip-core,fr.insalyon.creatis.vip.core.client.view.system.group,EditGroupLayout.new AsyncCallback() {...},54,0,0,0,11,0,3,0,3,0
coverage/vip-core,fr.insalyon.creatis.vip.core.client.view.system.group,EditGroupLayout.new BooleanCallback() {...},28,0,2,0,6,0,3,0,2,0
coverage/vip-core,fr.insalyon.creatis.vip.core.client.view.system.group,EditGroupLayout.new ListGrid() {...},54,0,2,0,9,0,3,0,2,0
coverage/vip-core,fr.insalyon.creatis.vip.core.client.view.system.group,EditGroupLayout.new ClickHandler() {...},21,0,2,0,4,0,3,0,2,0
coverage/vip-core,fr.insalyon.creatis.vip.core.client.view.system.group,EditGroupLayout.new ClickHandler() {...},36,0,2,0,7,0,3,0,2,0
coverage/vip-core,fr.insalyon.creatis.vip.core.client.view.system.group,GroupsToolStrip.new ClickHandler() {...},18,0,0,0,5,0,2,0,2,0
coverage/vip-core,fr.insalyon.creatis.vip.core.client.view.system.group,GroupsToolStrip.new ClickHandler() {...},14,0,0,0,5,0,2,0,2,0
coverage/vip-core,fr.insalyon.creatis.vip.core.client.view.system.group,EditGroupLayout.3.new ClickHandler() {...},22,0,0,0,4,0,2,0,2,0
coverage/vip-core,fr.insalyon.creatis.vip.core.client.view.system.group,GroupRecord,26,0,0,0,8,0,2,0,2,0
coverage/vip-core,fr.insalyon.creatis.vip.core.client.view.system.group,ManageGroupsTab,45,0,0,0,12,0,3,0,3,0
coverage/vip-core,fr.insalyon.creatis.vip.core.client.view.system.group,EditGroupLayout.3.1.new BooleanCallback() {...},20,0,2,0,4,0,3,0,2,0
coverage/vip-core,fr.insalyon.creatis.vip.core.client.view.system.group,GroupsLayout.new AsyncCallback() {...},43,0,2,0,9,0,4,0,3,0
coverage/vip-core,fr.insalyon.creatis.vip.core.client.view.system.group,GroupsLayout.new BooleanCallback() {...},25,0,2,0,6,0,3,0,2,0
coverage/vip-core,fr.insalyon.creatis.vip.core.client.view.system.group,GroupsLayout.new ListGrid() {...},65,0,2,0,10,0,3,0,2,0
coverage/vip-core,fr.insalyon.creatis.vip.core.client.view.system.group,GroupsLayout.new CellDoubleClickHandler() {...},29,0,0,0,6,0,2,0,2,0
coverage/vip-core,fr.insalyon.creatis.vip.core.client.view.system.group,GroupsLayout.4.new AsyncCallback() {...},18,0,0,0,6,0,3,0,3,0
coverage/vip-core,fr.insalyon.creatis.vip.core.client.view.system.group,GroupsToolStrip,41,0,0,0,11,0,1,0,1,0
coverage/vip-core,fr.insalyon.creatis.vip.core.client.view.layout.toolstrip,MainToolStrip,81,0,4,0,25,0,8,0,6,0
coverage/vip-core,fr.insalyon.creatis.vip.core.client.view.property,AbstractPropertyWindow,76,0,0,0,18,0,1,0,1,0
coverage/vip-core,fr.insalyon.creatis.vip.core.client.view.property,PropertyRecord,22,0,0,0,8,0,4,0,4,0
coverage/vip-core,fr.insalyon.creatis.vip.core.client.view.user,UserMenuButton.new ClickHandler() {...},13,0,0,0,3,0,2,0,2,0
coverage/vip-core,fr.insalyon.creatis.vip.core.client.view.user,UserMenuButton.new ClickHandler() {...},12,0,0,0,3,0,2,0,2,0
coverage/vip-core,fr.insalyon.creatis.vip.core.client.view.user,UserMenuButton.new ClickHandler() {...},9,0,0,0,3,0,2,0,2,0
coverage/vip-core,fr.insalyon.creatis.vip.core.client.view.user,AccountTab,110,0,2,0,30,0,3,0,2,0
coverage/vip-core,fr.insalyon.creatis.vip.core.client.view.user,UserMenuButton,108,0,2,0,21,0,2,0,1,0
coverage/vip-core,fr.insalyon.creatis.vip.core.client.view.user,UpgradeLevelLayout,96,0,0,0,29,0,1,0,1,0
coverage/vip-core,fr.insalyon.creatis.vip.core.client.view.user,UserLevel,31,44,2,0,4,5,2,1,1,1
coverage/vip-core,fr.insalyon.creatis.vip.core.client.view.user,UpgradeLevelLayout.new ClickHandler() {...},10,0,0,0,3,0,2,0,2,0
coverage/vip-core,fr.insalyon.creatis.vip.core.client.view.layout,Layout,275,0,14,0,79,0,30,0,23,0
coverage/vip-core,fr.insalyon.creatis.vip.core.client.view.layout,Layout.new AsyncCallback() {...},22,0,0,0,7,0,3,0,3,0
coverage/vip-core,fr.insalyon.creatis.vip.core.client.view.layout,CenterTabSet,18,0,2,0,8,0,3,0,2,0
coverage/vip-core,fr.insalyon.creatis.vip.core.client.view.layout,Layout.TabFactoryAndId,9,0,0,0,4,0,1,0,1,0
coverage/vip-core,fr.insalyon.creatis.vip.core.client.view.main,HomeTab,105,0,0,0,30,0,3,0,3,0
coverage/vip-core,fr.insalyon.creatis.vip.core.client.view.main,HomeMenuButton,20,0,0,0,7,0,1,0,1,0
coverage/vip-core,fr.insalyon.creatis.vip.core.client.view.main,GeneralTileGrid,63,0,8,0,17,0,7,0,3,0
coverage/vip-core,fr.insalyon.creatis.vip.core.client.view.main,SystemParser,54,0,8,0,16,0,7,0,3,0
coverage/vip-core,fr.insalyon.creatis.vip.core.client.view.main,SystemTileGrid,49,0,6,0,13,0,6,0,3,0
coverage/vip-core,fr.insalyon.creatis.vip.core.server.business,ConfigurationBusiness,1661,439,95,19,423,103,100,17,47,13
coverage/vip-core,fr.insalyon.creatis.vip.core.server.business,CoreUtil,12,18,4,2,4,5,4,2,1,2
coverage/vip-core,fr.insalyon.creatis.vip.core.server.business,SamlTokenValidator,215,0,18,0,55,0,17,0,8,0
coverage/vip-core,fr.insalyon.creatis.vip.core.server.business,SpringConfigServer,608,0,12,0,133,0,63,0,57,0
coverage/vip-core,fr.insalyon.creatis.vip.core.server.business,EmailBusiness,35,11,0,0,6,4,1,1,1,1
coverage/vip-core,fr.insalyon.creatis.vip.core.server.business,StatsBusiness,22,6,0,0,6,3,2,1,2,1
coverage/vip-core,fr.insalyon.creatis.vip.core.server.business,BusinessException,21,8,0,0,8,4,4,2,4,2
coverage/vip-core,fr.insalyon.creatis.vip.core.server.business,VipSessionBusiness,338,14,24,0,81,5,23,1,11,1
coverage/vip-core,fr.insalyon.creatis.vip.core.server.business,SpringConfigServer.ReloadablePropertySource,21,0,0,0,5,0,2,0,2,0
coverage/vip-core,fr.insalyon.creatis.vip.core.server.business,StatsBusiness.UserSearchCriteria,35,0,0,0,13,0,9,0,9,0
coverage/vip-core,fr.insalyon.creatis.vip.core.client.view.system.user,UsersContextMenu.new BooleanCallback() {...},34,0,4,0,7,0,4,0,2,0
coverage/vip-core,fr.insalyon.creatis.vip.core.client.view.system.user,UsersContextMenu.new AsyncCallback() {...},25,0,0,0,8,0,3,0,3,0
coverage/vip-core,fr.insalyon.creatis.vip.core.client.view.system.user,UsersContextMenu.new ClickHandler() {...},10,0,0,0,3,0,2,0,2,0
coverage/vip-core,fr.insalyon.creatis.vip.core.client.view.system.user,UsersContextMenu.new ClickHandler() {...},10,0,0,0,3,0,2,0,2,0
coverage/vip-core,fr.insalyon.creatis.vip.core.client.view.system.user,UsersLayout.new AsyncCallback() {...},60,0,2,0,12,0,4,0,3,0
coverage/vip-core,fr.insalyon.creatis.vip.core.client.view.system.user,UsersLayout.new RowContextClickHandler() {...},26,0,0,0,5,0,2,0,2,0
coverage/vip-core,fr.insalyon.creatis.vip.core.client.view.system.user,UsersLayout.new CellDoubleClickHandler() {...},37,0,0,0,10,0,2,0,2,0
coverage/vip-core,fr.insalyon.creatis.vip.core.client.view.system.user,UsersLayout.new ListGrid() {...},220,0,10,0,33,0,9,0,4,0
coverage/vip-core,fr.insalyon.creatis.vip.core.client.view.system.user,UsersLayout.new AsyncCallback() {...},28,0,0,0,9,0,3,0,3,0
coverage/vip-core,fr.insalyon.creatis.vip.core.client.view.system.user,UsersContextMenu.4.new AsyncCallback() {...},30,0,0,0,9,0,3,0,3,0
coverage/vip-core,fr.insalyon.creatis.vip.core.client.view.system.user,EditUserLayout,317,0,0,0,73,0,5,0,5,0
coverage/vip-core,fr.insalyon.creatis.vip.core.client.view.system.user,UsersLayout,254,0,2,0,58,0,7,0,6,0
coverage/vip-core,fr.insalyon.creatis.vip.core.client.view.system.user,UsersContextMenu,101,0,2,0,23,0,4,0,3,0
coverage/vip-core,fr.insalyon.creatis.vip.core.client.view.system.user,UserRecord,84,0,0,0,18,0,3,0,3,0
coverage/vip-core,fr.insalyon.creatis.vip.core.client.view.system.user,UsersToolStrip,44,0,0,0,12,0,1,0,1,0
coverage/vip-core,fr.insalyon.creatis.vip.core.client.view.system.user,ManageUsersTab,52,0,0,0,14,0,4,0,4,0
coverage/vip-core,fr.insalyon.creatis.vip.core.client.view.system.user,UsersLayout.1.2.new BooleanCallback() {...},20,0,2,0,4,0,3,0,2,0
coverage/vip-core,fr.insalyon.creatis.vip.core.client.view.system.user,EditUserLayout.new ClickHandler() {...},111,0,12,0,20,0,8,0,2,0
coverage/vip-core,fr.insalyon.creatis.vip.core.client.view.system.user,EditUserLayout.new AsyncCallback() {...},67,0,6,0,14,0,6,0,3,0
coverage/vip-core,fr.insalyon.creatis.vip.core.client.view.system.user,EditUserLayout.new AsyncCallback() {...},76,0,0,0,16,0,3,0,3,0
coverage/vip-core,fr.insalyon.creatis.vip.core.client.view.system.user,EditUserLayout.new AsyncCallback() {...},64,0,4,0,12,0,5,0,3,0
coverage/vip-core,fr.insalyon.creatis.vip.core.client.view.system.user,DataUsersLayout,64,0,0,0,10,0,1,0,1,0
coverage/vip-core,fr.insalyon.creatis.vip.core.client.view.system.user,UsersLayout.1.new ClickHandler() {...},22,0,0,0,4,0,2,0,2,0
coverage/vip-core,fr.insalyon.creatis.vip.core.client.view.system.user,UsersLayout.1.new ClickHandler() {...},56,0,0,0,9,0,2,0,2,0
coverage/vip-core,fr.insalyon.creatis.vip.core.client.view.system.user,UsersToolStrip.new ClickHandler() {...},14,0,0,0,5,0,2,0,2,0
coverage/vip-core,fr.insalyon.creatis.vip.core.client.view.system.user,UsersToolStrip.new ClickHandler() {...},14,0,0,0,5,0,2,0,2,0
coverage/vip-core,fr.insalyon.creatis.vip.core.server.auth,AbstractAuthenticationService,230,0,6,0,78,0,15,0,12,0
coverage/vip-core,fr.insalyon.creatis.vip.core.server.auth,SamlAuthenticationService,221,0,12,0,51,0,11,0,5,0
[...]
coverage/vip-gatelab,fr.insalyon.creatis.vip.gatelab.client.view.monitor,GateLabSimulationTab,82,0,2,0,17,0,3,0,2,0
coverage/vip-gatelab,fr.insalyon.creatis.vip.gatelab.client.view.monitor,GateLabSimulationBoxLayout,22,0,0,0,4,0,1,0,1,0
coverage/vip-gatelab,fr.insalyon.creatis.vip.gatelab.client.view.monitor,GateLabSimulationType,24,0,0,0,3,0,1,0,1,0
coverage/vip-gatelab,fr.insalyon.creatis.vip.gatelab.client.view.monitor,GateLabProgressLayout,34,0,0,0,12,0,3,0,3,0
coverage/vip-gatelab,fr.insalyon.creatis.vip.gatelab.client.view.monitor,GateLabDownloadsLayout.1.new ClickHandler() {...},15,0,0,0,3,0,2,0,2,0
coverage/vip-gatelab,fr.insalyon.creatis.vip.gatelab.client.view.monitor,GateLabDownloadsLayout.2.new ClickHandler() {...},15,0,0,0,3,0,2,0,2,0
coverage/vip-gatelab,fr.insalyon.creatis.vip.gatelab.client.view.monitor,GateLabMonitorParser,29,0,0,0,6,0,4,0,4,0
coverage/vip-gatelab,fr.insalyon.creatis.vip.gatelab.client.view.launch,Release,122,0,18,0,31,0,14,0,4,0
coverage/vip-gatelab,fr.insalyon.creatis.vip.gatelab.client.view.launch,LoadMacWindow,44,0,0,0,12,0,1,0,1,0
coverage/vip-gatelab,fr.insalyon.creatis.vip.gatelab.client.view.launch,LoadMacHTMLPane,20,0,0,0,4,0,1,0,1,0
coverage/vip-gatelab,fr.insalyon.creatis.vip.gatelab.client.view.launch,GateLabLaunchTab,513,0,24,0,114,0,32,0,20,0
coverage/vip-gatelab,fr.insalyon.creatis.vip.gatelab.client.view.launch,Release.ReleaseNumber,15,0,0,0,5,0,1,0,1,0
coverage/vip-gatelab,fr.insalyon.creatis.vip.gatelab.client.view.launch,GateLabLaunchTab.new AsyncCallback() {...},66,0,2,0,13,0,4,0,3,0
coverage/vip-gatelab,fr.insalyon.creatis.vip.gatelab.client.view.launch,GateLabLaunchTab.new ClickHandler() {...},23,0,0,0,4,0,2,0,2,0
coverage/vip-gatelab,fr.insalyon.creatis.vip.gatelab.client.view,GateLabTileGrid,53,0,4,0,13,0,6,0,4,0
coverage/vip-gatelab,fr.insalyon.creatis.vip.gatelab.client.view,GateLabTileGrid.new AsyncCallback() {...},46,0,2,0,8,0,4,0,3,0
coverage/vip-gatelab,fr.insalyon.creatis.vip.gatelab.client.view,GateLabException,11,0,0,0,6,0,3,0,3,0
coverage/vip-gatelab,fr.insalyon.creatis.vip.gatelab.server.dao.derby,GateLabData,94,0,4,0,27,0,5,0,3,0
coverage/vip-gatelab,fr.insalyon.creatis.vip.gatelab.server.business,GateLabBusiness,129,23,4,0,37,8,9,1,7,1
coverage/vip-gatelab,fr.insalyon.creatis.vip.gatelab.server.business,GateLabInputsParser,97,0,8,0,26,0,9,0,5,0
coverage/vip-gatelab,fr.insalyon.creatis.vip.gatelab.server.business,GateLabInputs,125,0,2,0,31,0,7,0,6,0
coverage/vip-gatelab,fr.insalyon.creatis.vip.gatelab.server.rpc,GateLabServiceImpl,86,0,0,0,25,0,6,0,6,0
coverage/vip-gatelab,fr.insalyon.creatis.vip.gatelab.client.rpc,GateLabService.Util,16,0,0,0,5,0,2,0,2,0
coverage/vip-local,fr.insalyon.creatis.vip.local,LocalInitializer,510,0,30,0,115,0,27,0,12,0
coverage/vip-local,fr.insalyon.creatis.vip.local,LocalConfiguration.ProxyClientLocal,11,0,0,0,6,0,4,0,4,0
coverage/vip-local,fr.insalyon.creatis.vip.local,GridaClientLocal,402,0,30,0,90,0,37,0,22,0
coverage/vip-local,fr.insalyon.creatis.vip.local,GridaCacheClientLocal,16,0,0,0,4,0,3,0,3,0
coverage/vip-local,fr.insalyon.creatis.vip.local,GridaZombieClientLocal,16,0,0,0,4,0,3,0,3,0
coverage/vip-local,fr.insalyon.creatis.vip.local,WebServiceEngineLocal,53,0,0,0,18,0,13,0,13,0
coverage/vip-local,fr.insalyon.creatis.vip.local,WorkflowsDBLocalConfiguration,188,0,2,0,41,0,9,0,8,0
coverage/vip-local,fr.insalyon.creatis.vip.local,GRIDAPoolClientLocal,176,0,0,0,33,0,17,0,17,0
coverage/vip-local,fr.insalyon.creatis.vip.local,LocalBashEngine.LocalExecutionRun,347,0,14,0,73,0,22,0,15,0
coverage/vip-local,fr.insalyon.creatis.vip.local,LocalConfiguration,36,0,0,0,8,0,1,0,1,0
coverage/vip-local,fr.insalyon.creatis.vip.local,LocalConfiguration.SmaClientLocal,38,0,0,0,7,0,2,0,2,0
coverage/vip-local,fr.insalyon.creatis.vip.local,LocalBashEngine.LocalBashExecution,6,0,0,0,2,0,1,0,1,0
coverage/vip-local,fr.insalyon.creatis.vip.local,LocalBashEngine,385,0,18,0,87,0,36,0,27,0
coverage/vip-portal,fr.insalyon.creatis.vip.portal.client,Main.new AsyncCallback() {...},26,0,0,0,8,0,3,0,3,0
coverage/vip-portal,fr.insalyon.creatis.vip.portal.client,Main.new AsyncCallback() {...},13,0,0,0,5,0,3,0,3,0
coverage/vip-portal,fr.insalyon.creatis.vip.portal.client,Main.new AsyncCallback() {...},21,0,0,0,7,0,3,0,3,0
coverage/vip-portal,fr.insalyon.creatis.vip.portal.client,Main,113,0,4,0,33,0,7,0,5,0
coverage/vip-publication,fr.insalyon.creatis.vip.publication.server.business,PublicationBusiness,47,25,0,0,17,9,3,3,3,3
coverage/vip-publication,fr.insalyon.creatis.vip.publication.client.bean,Publication,69,81,0,0,31,29,12,10,12,10
coverage/vip-publication,fr.insalyon.creatis.vip.publication.client.view,PublicationGrid.1.new ClickHandler() {...},56,0,0,0,5,0,2,0,2,0
coverage/vip-publication,fr.insalyon.creatis.vip.publication.client.view,PublicationGrid.1.new ClickHandler() {...},27,0,0,0,5,0,2,0,2,0
coverage/vip-publication,fr.insalyon.creatis.vip.publication.client.view,BibtexLayout.1.new AsyncCallback() {...},29,0,2,0,7,0,4,0,3,0
coverage/vip-publication,fr.insalyon.creatis.vip.publication.client.view,PublicationTab,128,0,4,0,33,0,6,0,4,0
coverage/vip-publication,fr.insalyon.creatis.vip.publication.client.view,PublicationParser,100,0,2,0,24,0,5,0,4,0
coverage/vip-publication,fr.insalyon.creatis.vip.publication.client.view,EditPublicationLayout,458,0,14,0,100,0,15,0,8,0
coverage/vip-publication,fr.insalyon.creatis.vip.publication.client.view,BibtexLayout,66,0,0,0,15,0,4,0,4,0
coverage/vip-publication,fr.insalyon.creatis.vip.publication.client.view,PublicationConstants,3,0,0,0,1,0,1,0,1,0
coverage/vip-publication,fr.insalyon.creatis.vip.publication.client.view,PublicationRecord,39,0,0,0,11,0,1,0,1,0
coverage/vip-publication,fr.insalyon.creatis.vip.publication.client.view,PublicationLayout.new AsyncCallback() {...},81,0,2,0,12,0,4,0,3,0
coverage/vip-publication,fr.insalyon.creatis.vip.publication.client.view,PublicationParser.3.new AsyncCallback() {...},18,0,0,0,5,0,3,0,3,0
coverage/vip-publication,fr.insalyon.creatis.vip.publication.client.view,PublicationLayout.new ClickHandler() {...},15,0,0,0,3,0,2,0,2,0
coverage/vip-publication,fr.insalyon.creatis.vip.publication.client.view,PublicationLayout.new ClickHandler() {...},16,0,0,0,3,0,2,0,2,0
coverage/vip-publication,fr.insalyon.creatis.vip.publication.client.view,PublicationTypes,59,0,0,0,6,0,3,0,3,0
coverage/vip-publication,fr.insalyon.creatis.vip.publication.client.view,PublicationGrid,216,0,4,0,38,0,8,0,6,0
coverage/vip-publication,fr.insalyon.creatis.vip.publication.client.view,PublicationGrid.1.2.new BooleanCallback() {...},24,0,4,0,4,0,4,0,2,0
coverage/vip-publication,fr.insalyon.creatis.vip.publication.client.view,PublicationParser.new ClickHandler() {...},18,0,0,0,4,0,2,0,2,0
coverage/vip-publication,fr.insalyon.creatis.vip.publication.client.view,PublicationGrid.new AsyncCallback() {...},32,0,0,0,9,0,3,0,3,0
coverage/vip-publication,fr.insalyon.creatis.vip.publication.client.view,PublicationGrid.new CellClickHandler() {...},44,0,2,0,6,0,3,0,2,0
coverage/vip-publication,fr.insalyon.creatis.vip.publication.client.view,PublicationParser.new ClickHandler() {...},20,0,0,0,5,0,2,0,2,0
coverage/vip-publication,fr.insalyon.creatis.vip.publication.client.view,PublicationParser.new CloseClickHandler() {...},13,0,0,0,3,0,2,0,2,0
coverage/vip-publication,fr.insalyon.creatis.vip.publication.client.view,PublicationParser.new AsyncCallback() {...},21,0,2,0,6,0,4,0,3,0
coverage/vip-publication,fr.insalyon.creatis.vip.publication.client.view,Data,97,0,0,0,14,0,1,0,1,0
coverage/vip-publication,fr.insalyon.creatis.vip.publication.client.view,PublicationGrid.new ListGrid() {...},269,0,6,0,30,0,7,0,4,0
coverage/vip-publication,fr.insalyon.creatis.vip.publication.client.view,PublicationLayout.new ClickHandler() {...},10,0,0,0,3,0,2,0,2,0
coverage/vip-publication,fr.insalyon.creatis.vip.publication.client.view,PublicationLayout,155,0,4,0,43,0,8,0,6,0
coverage/vip-publication,fr.insalyon.creatis.vip.publication.client.view,PublicationInfoTab,14,0,0,0,4,0,1,0,1,0
coverage/vip-publication,fr.insalyon.creatis.vip.publication.client.view,BibtexLayout.new AsyncCallback() {...},25,0,0,0,7,0,3,0,3,0
coverage/vip-publication,fr.insalyon.creatis.vip.publication.client.view,BibtexLayout.new ClickHandler() {...},19,0,0,0,4,0,2,0,2,0
coverage/vip-publication,fr.insalyon.creatis.vip.publication.client.view,EditPublicationLayout.new AsyncCallback() {...},41,0,2,0,10,0,4,0,3,0
coverage/vip-publication,fr.insalyon.creatis.vip.publication.client.view,EditPublicationLayout.new AsyncCallback() {...},36,0,0,0,8,0,3,0,3,0
coverage/vip-publication,fr.insalyon.creatis.vip.publication.client.rpc,PublicationService.Util,16,0,0,0,5,0,2,0,2,0
coverage/vip-publication,fr.insalyon.creatis.vip.publication.server.rpc,PublicationServiceImpl,322,0,30,0,81,0,24,0,9,0
coverage/vip-publication,fr.insalyon.creatis.vip.publication.server.dao,PublicationDataInitializer,0,25,0,0,0,8,0,2,0,2
coverage/vip-publication,fr.insalyon.creatis.vip.publication.server.dao.mysql,PublicationData,205,126,2,2,44,27,4,5,3,4
coverage/vip-publication,fr.insalyon.creatis.vip.publication.client,PublicationModule,25,0,0,0,10,0,6,0,6,0
coverage/vip-publication,fr.insalyon.creatis.vip.publication.client,PublicationModule.new Runnable() {...},12,0,0,0,3,0,2,0,2,0
coverage/vip-social,fr.insalyon.creatis.vip.social.client,SocialModule.new ClickHandler() {...},12,0,0,0,3,0,2,0,2,0
coverage/vip-social,fr.insalyon.creatis.vip.social.client,SocialModule.new Timer() {...},8,0,0,0,3,0,2,0,2,0
coverage/vip-social,fr.insalyon.creatis.vip.social.client,SocialModule.new AsyncCallback() {...},30,0,2,0,10,0,4,0,3,0
coverage/vip-social,fr.insalyon.creatis.vip.social.client,SocialConstants,3,0,0,0,1,0,1,0,1,0
coverage/vip-social,fr.insalyon.creatis.vip.social.client,SocialModule,50,0,0,0,17,0,5,0,5,0
coverage/vip-social,fr.insalyon.creatis.vip.social.client.bean,Message,70,0,0,0,22,0,11,0,11,0
coverage/vip-social,fr.insalyon.creatis.vip.social.client.bean,GroupMessage,48,0,0,0,18,0,9,0,9,0
coverage/vip-social,fr.insalyon.creatis.vip.social.client.view.message.sent,SentMessageBoxLayout.3.new AsyncCallback() {...},17,0,0,0,5,0,3,0,3,0
coverage/vip-social,fr.insalyon.creatis.vip.social.client.view.message.sent,SentMessageLayout.new ClickHandler() {...},10,0,0,0,3,0,2,0,2,0
coverage/vip-social,fr.insalyon.creatis.vip.social.client.view.message.sent,SentMessageLayout.new AsyncCallback() {...},51,0,6,0,11,0,6,0,3,0
coverage/vip-social,fr.insalyon.creatis.vip.social.client.view.message.sent,SentMessageLayout.new ClickHandler() {...},20,0,0,0,4,0,2,0,2,0
coverage/vip-social,fr.insalyon.creatis.vip.social.client.view.message.sent,SentMessageLayout,110,0,2,0,29,0,5,0,4,0
coverage/vip-social,fr.insalyon.creatis.vip.social.client.view.message.sent,SentMessageBoxLayout,239,0,8,0,64,0,10,0,6,0
coverage/vip-social,fr.insalyon.creatis.vip.social.client.view.message.sent,SentMessageViewerWindow,232,0,6,0,62,0,6,0,3,0
coverage/vip-social,fr.insalyon.creatis.vip.social.client.view.message.sent,SentMessageBoxLayout.new ClickHandler() {...},14,0,0,0,3,0,2,0,2,0
coverage/vip-social,fr.insalyon.creatis.vip.social.client.view.message.sent,SentMessageBoxLayout.new BooleanCallback() {...},26,0,4,0,6,0,4,0,2,0
coverage/vip-social,fr.insalyon.creatis.vip.social.client.view.message.sent,SentMessageBoxLayout.new ClickHandler() {...},10,0,0,0,3,0,2,0,2,0
coverage/vip-social,fr.insalyon.creatis.vip.social.client.view.common,AbstractMainLayout,24,0,0,0,8,0,1,0,1,0
coverage/vip-social,fr.insalyon.creatis.vip.social.client.view.common,MoreDataBoxLayout,82,0,0,0,28,0,3,0,3,0
coverage/vip-social,fr.insalyon.creatis.vip.social.client.view.common,AbstractComposeWindow,118,0,0,0,25,0,2,0,2,0
coverage/vip-social,fr.insalyon.creatis.vip.social.client.view,MenuLayout.new ClickHandler() {...},21,0,0,0,5,0,2,0,2,0
coverage/vip-social,fr.insalyon.creatis.vip.social.client.view,SocialException,11,0,0,0,6,0,3,0,3,0
coverage/vip-social,fr.insalyon.creatis.vip.social.client.view,MainLayout,57,0,0,0,18,0,3,0,3,0
coverage/vip-social,fr.insalyon.creatis.vip.social.client.view,MenuLayout,100,0,0,0,23,0,2,0,2,0
coverage/vip-social,fr.insalyon.creatis.vip.social.client.view,SocialParser,21,0,2,0,7,0,4,0,3,0
coverage/vip-social,fr.insalyon.creatis.vip.social.client.view,SocialTab,52,0,0,0,17,0,3,0,3,0
coverage/vip-social,fr.insalyon.creatis.vip.social.server.rpc,SocialServiceImpl,264,0,2,0,79,0,16,0,15,0
coverage/vip-social,fr.insalyon.creatis.vip.social.client.view.message,MessageLayout,126,0,2,0,32,0,5,0,4,0
coverage/vip-social,fr.insalyon.creatis.vip.social.client.view.message,MessageComposerWindow.new AsyncCallback() {...},47,0,4,0,10,0,5,0,3,0
coverage/vip-social,fr.insalyon.creatis.vip.social.client.view.message,MessageComposerWindow.new AsyncCallback() {...},53,0,2,0,12,0,4,0,3,0
coverage/vip-social,fr.insalyon.creatis.vip.social.client.view.message,MessageComposerWindow.new AsyncCallback() {...},23,0,0,0,7,0,3,0,3,0
coverage/vip-social,fr.insalyon.creatis.vip.social.client.view.message,MessageBoxLayout.new BooleanCallback() {...},26,0,4,0,6,0,4,0,2,0
coverage/vip-social,fr.insalyon.creatis.vip.social.client.view.message,MessageBoxLayout.new ClickHandler() {...},10,0,0,0,3,0,2,0,2,0
coverage/vip-social,fr.insalyon.creatis.vip.social.client.view.message,MessageComposerWindow.new ClickHandler() {...},28,0,2,0,6,0,3,0,2,0
coverage/vip-social,fr.insalyon.creatis.vip.social.client.view.message,MessageBoxLayout.new ClickHandler() {...},18,0,0,0,4,0,2,0,2,0
coverage/vip-social,fr.insalyon.creatis.vip.social.client.view.message,MessageBoxLayout.3.new AsyncCallback() {...},20,0,0,0,6,0,3,0,3,0
coverage/vip-social,fr.insalyon.creatis.vip.social.client.view.message,MessageLayout.new AsyncCallback() {...},51,0,6,0,11,0,6,0,3,0
coverage/vip-social,fr.insalyon.creatis.vip.social.client.view.message,MessageLayout.new ClickHandler() {...},11,0,0,0,3,0,2,0,2,0
coverage/vip-social,fr.insalyon.creatis.vip.social.client.view.message,MessageBoxLayout,185,0,2,0,53,0,7,0,6,0
coverage/vip-social,fr.insalyon.creatis.vip.social.client.view.message,MessageLayout.new ClickHandler() {...},20,0,0,0,4,0,2,0,2,0
coverage/vip-social,fr.insalyon.creatis.vip.social.client.view.message,MessageComposerWindowToReportIssue.new AsyncCallback() {...},23,0,0,0,7,0,3,0,3,0
coverage/vip-social,fr.insalyon.creatis.vip.social.client.view.message,MessageComposerWindowToReportIssue.new ClickHandler() {...},34,0,2,0,5,0,3,0,2,0
coverage/vip-social,fr.insalyon.creatis.vip.social.client.view.message,MessageLayout.new ClickHandler() {...},10,0,0,0,3,0,2,0,2,0
coverage/vip-social,fr.insalyon.creatis.vip.social.client.view.message,MessageViewerWindow,203,0,2,0,57,0,5,0,4,0
coverage/vip-social,fr.insalyon.creatis.vip.social.client.view.message,MessageComposerWindowToReportIssue,148,0,0,0,29,0,5,0,5,0
coverage/vip-social,fr.insalyon.creatis.vip.social.client.view.message,MessageComposerWindow,224,0,2,0,50,0,9,0,8,0
coverage/vip-social,fr.insalyon.creatis.vip.social.client.view.message,MessageViewerWindow.new AsyncCallback() {...},14,0,0,0,5,0,3,0,3,0
coverage/vip-social,fr.insalyon.creatis.vip.social.client.view.message.group,GroupsLayout,99,0,0,0,25,0,3,0,3,0
coverage/vip-social,fr.insalyon.creatis.vip.social.client.view.message.group,GroupLayout,157,0,2,0,41,0,5,0,4,0
coverage/vip-social,fr.insalyon.creatis.vip.social.client.view.message.group,GroupLayout.new ClickHandler() {...},10,0,0,0,3,0,2,0,2,0
coverage/vip-social,fr.insalyon.creatis.vip.social.client.view.message.group,GroupLayout.new ClickHandler() {...},14,0,0,0,3,0,2,0,2,0
coverage/vip-social,fr.insalyon.creatis.vip.social.client.view.message.group,GroupLayout.new AsyncCallback() {...},51,0,6,0,11,0,6,0,3,0
coverage/vip-social,fr.insalyon.creatis.vip.social.client.view.message.group,GroupLayout.new ClickHandler() {...},20,0,0,0,4,0,2,0,2,0
coverage/vip-social,fr.insalyon.creatis.vip.social.client.view.message.group,GroupMessageBoxLayout.3.new AsyncCallback() {...},17,0,0,0,5,0,3,0,3,0
coverage/vip-social,fr.insalyon.creatis.vip.social.client.view.message.group,GroupMessageBoxLayout,186,0,2,0,52,0,7,0,6,0
coverage/vip-social,fr.insalyon.creatis.vip.social.client.view.message.group,GroupComposerWindow,111,0,0,0,23,0,3,0,3,0
coverage/vip-social,fr.insalyon.creatis.vip.social.client.view.message.group,GroupsLayout.new ChangedHandler() {...},26,0,0,0,4,0,2,0,2,0
coverage/vip-social,fr.insalyon.creatis.vip.social.client.view.message.group,GroupsLayout.new AsyncCallback() {...},22,0,0,0,5,0,3,0,3,0
coverage/vip-social,fr.insalyon.creatis.vip.social.client.view.message.group,GroupComposerWindow.new AsyncCallback() {...},23,0,0,0,7,0,3,0,3,0
coverage/vip-social,fr.insalyon.creatis.vip.social.client.view.message.group,GroupComposerWindow.new ClickHandler() {...},24,0,2,0,5,0,3,0,2,0
coverage/vip-social,fr.insalyon.creatis.vip.social.client.view.message.group,GroupMessageBoxLayout.new ClickHandler() {...},10,0,0,0,3,0,2,0,2,0
coverage/vip-social,fr.insalyon.creatis.vip.social.client.view.message.group,GroupMessageBoxLayout.new BooleanCallback() {...},26,0,4,0,6,0,4,0,2,0
coverage/vip-social,fr.insalyon.creatis.vip.social.client.view.message.group,GroupMessageBoxLayout.new ClickHandler() {...},18,0,0,0,4,0,2,0,2,0
coverage/vip-social,fr.insalyon.creatis.vip.social.client.view.message.group,GroupMessageViewerWindow,180,0,0,0,51,0,3,0,3,0
coverage/vip-social,fr.insalyon.creatis.vip.social.server.business,MessageBusiness,306,94,17,5,77,18,20,4,11,2
coverage/vip-social,fr.insalyon.creatis.vip.social.client.rpc,SocialService.Util,16,0,0,0,5,0,2,0,2,0
coverage/vip-social,fr.insalyon.creatis.vip.social.server.dao.mysql,MessagingDataInitializer,0,37,0,0,0,10,0,2,0,2
coverage/vip-social,fr.insalyon.creatis.vip.social.server.dao.mysql,GroupMessageData,188,14,2,0,41,5,4,1,3,1
coverage/vip-social,fr.insalyon.creatis.vip.social.server.dao.mysql,MessageData,449,83,10,0,95,24,11,3,6,3
coverage/vip-visualization,fr.insalyon.creatis.vip.visualization.client.view,AmiImageViewTab,171,0,10,0,29,0,14,0,9,0
coverage/vip-visualization,fr.insalyon.creatis.vip.visualization.client.view,VisualizationException,11,0,0,0,5,0,3,0,3,0
coverage/vip-visualization,fr.insalyon.creatis.vip.visualization.client.view,AbstractViewTab.new AsyncCallback() {...},17,0,0,0,6,0,3,0,3,0
coverage/vip-visualization,fr.insalyon.creatis.vip.visualization.client.view,AbstractViewTab,67,0,0,0,17,0,4,0,4,0
coverage/vip-visualization,fr.insalyon.creatis.vip.visualization.client.view,BrainBrowserViewTab,65,0,6,0,16,0,7,0,4,0
coverage/vip-visualization,fr.insalyon.creatis.vip.visualization.server.business,VisualizationBusiness.FilenameAndExtension,9,0,0,0,4,0,1,0,1,0
coverage/vip-visualization,fr.insalyon.creatis.vip.visualization.server.business,VisualizationBusiness,352,17,8,0,78,6,14,1,10,1
coverage/vip-visualization,fr.insalyon.creatis.vip.visualization.client.bean,Image,24,0,0,0,9,0,5,0,5,0
coverage/vip-visualization,fr.insalyon.creatis.vip.visualization.client.bean,VisualizationItem,26,0,0,0,11,0,6,0,6,0
coverage/vip-visualization,fr.insalyon.creatis.vip.visualization.client.rpc,VisualizationService.Util,16,0,0,0,6,0,2,0,2,0
coverage/vip-visualization,fr.insalyon.creatis.vip.visualization.server.rpc,VisualizationServiceImpl,56,0,0,0,14,0,4,0,4,0
coverage/vip-visualization,fr.insalyon.creatis.vip.visualization.client,VisualizationModule.new BrowserContextMenu.Visualizer() {...},16,0,0,0,4,0,4,0,4,0
coverage/vip-visualization,fr.insalyon.creatis.vip.visualization.client,VisualizationModule,24,0,0,0,8,0,4,0,4,0
coverage/vip-visualization,fr.insalyon.creatis.vip.visualization.client,VisualizationModule.new BrowserContextMenu.Visualizer() {...},16,0,0,0,4,0,4,0,4,0
coverage/vip-visualization,fr.insalyon.creatis.vip.visualization.client,VisualizationModule.2.new Consumer() {...},22,0,0,0,6,0,3,0,3,0
coverage/vip-visualization,fr.insalyon.creatis.vip.visualization.client,VisualizationModule.1.new Consumer() {...},21,0,0,0,5,0,3,0,3,0
