<?xml version="1.0" encoding="UTF-8"?>
<testsuite xmlns:xsi="http://www.w3.org/2001/XMLSchema-instance" xsi:noNamespaceSchemaLocation="https://maven.apache.org/surefire/maven-failsafe-plugin/xsd/failsafe-test-report-3.0.xsd" version="3.0" name="fr.insalyon.creatis.vip.core.integrationtest.database.SpringDatabaseIT" time="3.891" tests="6" errors="0" skipped="1" failures="0">
  <properties>
[...]
</properties>
  <testcase name="" classname="fr.insalyon.creatis.vip.core.integrationtest.database.SpringJndiIT" time="0">
    <skipped message="class fr.insalyon.creatis.vip.core.integrationtest.database.SpringJndiIT is @Disabled"/>
  </testcase>
  <testcase name="testTestConfig" classname="fr.insalyon.creatis.vip.core.integrationtest.database.SpringDatabaseIT" time="0.081">
    <system-out><![CDATA[15:17:50.544 [main] DEBUG org.springframework.test.context.BootstrapUtils - Instantiating CacheAwareContextLoaderDelegate from class [org.springframework.test.context.cache.DefaultCacheAwareContextLoaderDelegate]
15:17:50.559 [main] DEBUG org.springframework.test.context.BootstrapUtils - Instantiating BootstrapContext using constructor [public org.springframework.test.context.support.DefaultBootstrapContext(java.lang.Class,org.springframework.test.context.CacheAwareContextLoaderDelegate)]
15:17:50.610 [main] DEBUG org.springframework.test.context.BootstrapUtils - Instantiating TestContextBootstrapper for test class [fr.insalyon.creatis.vip.core.integrationtest.database.SpringDatabaseIT] from class [org.springframework.test.context.support.DefaultTestContextBootstrapper]
15:17:50.642 [main] DEBUG org.springframework.test.context.support.AbstractDelegatingSmartContextLoader - Delegating to AnnotationConfigContextLoader to process context configuration [ContextConfigurationAttributes@1c628f6a declaringClass = 'fr.insalyon.creatis.vip.core.integrationtest.database.BaseSpringIT', classes = '{class fr.insalyon.creatis.vip.core.server.SpringCoreConfig}', locations = '{}', inheritLocations = true, initializers = '{}', inheritInitializers = true, name = [null], contextLoaderClass = 'org.springframework.test.context.ContextLoader'].
15:17:50.679 [main] DEBUG org.springframework.test.context.support.DefaultTestContextBootstrapper - @TestExecutionListeners is not present for class [fr.insalyon.creatis.vip.core.integrationtest.database.SpringDatabaseIT]: using defaults.
15:17:50.680 [main] INFO org.springframework.test.context.support.DefaultTestContextBootstrapper - Loaded default TestExecutionListener class names from location [META-INF/spring.factories]: [org.springframework.test.context.web.ServletTestExecutionListener, org.springframework.test.context.support.DirtiesContextBeforeModesTestExecutionListener, org.springframework.test.context.event.ApplicationEventsTestExecutionListener, org.springframework.test.context.support.DependencyInjectionTestExecutionListener, org.springframework.test.context.support.DirtiesContextTestExecutionListener, org.springframework.test.context.transaction.TransactionalTestExecutionListener, org.springframework.test.context.jdbc.SqlScriptsTestExecutionListener, org.springframework.test.context.event.EventPublishingTestExecutionListener, org.springframework.security.test.context.support.WithSecurityContextTestExecutionListener, org.springframework.security.test.context.support.ReactorContextTestExecutionListener]
15:17:50.705 [main] INFO org.springframework.test.context.support.DefaultTestContextBootstrapper - Using TestExecutionListeners: [org.springframework.test.context.web.ServletTestExecutionListener@cbf1997, org.springframework.test.context.support.DirtiesContextBeforeModesTestExecutionListener@49232c6f, org.springframework.test.context.event.ApplicationEventsTestExecutionListener@5faeeb56, org.springframework.test.context.support.DependencyInjectionTestExecutionListener@5396eeb1, org.springframework.test.context.support.DirtiesContextTestExecutionListener@279126f5, org.springframework.test.context.transaction.TransactionalTestExecutionListener@7781263c, org.springframework.test.context.jdbc.SqlScriptsTestExecutionListener@5fdd97c1, org.springframework.test.context.event.EventPublishingTestExecutionListener@3b5a19ed, org.springframework.security.test.context.support.WithSecurityContextTestExecutionListener@15d236fd, org.springframework.security.test.context.support.ReactorContextTestExecutionListener@6b9c42bd]
15:17:50.707 [main] DEBUG org.springframework.test.context.support.AbstractDirtiesContextTestExecutionListener - Before test class: context [DefaultTestContext@1291aab5 testClass = SpringDatabaseIT, testInstance = [null], testMethod = [null], testException = [null], mergedContextConfiguration = [MergedContextConfiguration@7d133fb7 testClass = SpringDatabaseIT, locations = '{}', classes = '{class fr.insalyon.creatis.vip.core.server.SpringCoreConfig}', contextInitializerClasses = '[]', activeProfiles = '{test-db, test}', propertySourceLocations = '{}', propertySourceProperties = '{db.tableEngine=, vipConfigFolder=classpath:}', contextCustomizers = set[[empty]], contextLoader = 'org.springframework.test.context.support.DelegatingSmartContextLoader', parent = [null]], attributes = map[[empty]]], class annotated with @DirtiesContext [false] with mode [null].
15:17:50.721 [main] DEBUG org.springframework.test.context.support.DependencyInjectionTestExecutionListener - Performing dependency injection for test context [[DefaultTestContext@1291aab5 testClass = SpringDatabaseIT, testInstance = fr.insalyon.creatis.vip.core.integrationtest.database.SpringDatabaseIT@7cf8f45a, testMethod = [null], testException = [null], mergedContextConfiguration = [MergedContextConfiguration@7d133fb7 testClass = SpringDatabaseIT, locations = '{}', classes = '{class fr.insalyon.creatis.vip.core.server.SpringCoreConfig}', contextInitializerClasses = '[]', activeProfiles = '{test-db, test}', propertySourceLocations = '{}', propertySourceProperties = '{db.tableEngine=, vipConfigFolder=classpath:}', contextCustomizers = set[[empty]], contextLoader = 'org.springframework.test.context.support.DelegatingSmartContextLoader', parent = [null]], attributes = map['org.springframework.test.context.event.ApplicationEventsTestExecutionListener.recordApplicationEvents' -> false]]].
15:17:50.721 [main] DEBUG org.springframework.test.context.support.AbstractDelegatingSmartContextLoader - Delegating to AnnotationConfigContextLoader to load context from [MergedContextConfiguration@7d133fb7 testClass = SpringDatabaseIT, locations = '{}', classes = '{class fr.insalyon.creatis.vip.core.server.SpringCoreConfig}', contextInitializerClasses = '[]', activeProfiles = '{test-db, test}', propertySourceLocations = '{}', propertySourceProperties = '{db.tableEngine=, vipConfigFolder=classpath:}', contextCustomizers = set[[empty]], contextLoader = 'org.springframework.test.context.support.DelegatingSmartContextLoader', parent = [null]].
15:17:50.721 [main] DEBUG org.springframework.test.context.support.AbstractGenericContextLoader - Loading ApplicationContext for merged context configuration [[MergedContextConfiguration@7d133fb7 testClass = SpringDatabaseIT, locations = '{}', classes = '{class fr.insalyon.creatis.vip.core.server.SpringCoreConfig}', contextInitializerClasses = '[]', activeProfiles = '{test-db, test}', propertySourceLocations = '{}', propertySourceProperties = '{db.tableEngine=, vipConfigFolder=classpath:}', contextCustomizers = set[[empty]], contextLoader = 'org.springframework.test.context.support.DelegatingSmartContextLoader', parent = [null]]].
15:17:50.799 [main] DEBUG org.springframework.core.env.StandardEnvironment - Activating profiles [test-db, test]
15:17:50.799 [main] DEBUG org.springframework.test.context.support.TestPropertySourceUtils - Adding inlined properties to environment: {db.tableEngine=, vipConfigFolder=classpath:}
15:17:50.800 [main] DEBUG org.springframework.test.context.support.AnnotationConfigContextLoader - Registering component classes: {class fr.insalyon.creatis.vip.core.server.SpringCoreConfig}
15:17:50.851 [main] DEBUG org.springframework.context.support.GenericApplicationContext - Refreshing org.springframework.context.support.GenericApplicationContext@714e861f
15:17:50.872 [main] DEBUG org.springframework.beans.factory.support.DefaultListableBeanFactory - Creating shared instance of singleton bean 'org.springframework.context.annotation.internalConfigurationAnnotationProcessor'
15:17:51.000 [main] DEBUG org.springframework.context.annotation.ClassPathBeanDefinitionScanner - Identified candidate component class: file [/home/marza/Documents/VIP-portal/vip-core/target/test-classes/fr/insalyon/creatis/vip/core/integrationtest/ServerMockConfig.class]
15:17:51.001 [main] DEBUG org.springframework.context.annotation.ClassPathBeanDefinitionScanner - Identified candidate component class: file [/home/marza/Documents/VIP-portal/vip-core/target/test-classes/fr/insalyon/creatis/vip/core/integrationtest/SpingTestConfig.class]
15:17:51.002 [main] DEBUG org.springframework.context.annotation.ClassPathBeanDefinitionScanner - Identified candidate component class: file [/home/marza/Documents/VIP-portal/vip-core/target/test-classes/fr/insalyon/creatis/vip/core/integrationtest/TestDataSourceSpringConfig.class]
15:17:51.037 [main] DEBUG org.springframework.context.annotation.ClassPathBeanDefinitionScanner - Identified candidate component class: URL [jar:file:/home/marza/Documents/VIP-portal/vip-core/target/vip-core-2.4.1.jar!/fr/insalyon/creatis/vip/core/server/dao/mysql/UsersGroupsData.class]
15:17:51.048 [main] DEBUG org.springframework.context.annotation.ClassPathBeanDefinitionScanner - Identified candidate component class: URL [jar:file:/home/marza/Documents/VIP-portal/vip-core/target/vip-core-2.4.1.jar!/fr/insalyon/creatis/vip/core/server/business/StatsBusiness.class]
15:17:51.050 [main] DEBUG org.springframework.context.annotation.ClassPathBeanDefinitionScanner - Identified candidate component class: URL [jar:file:/home/marza/Documents/VIP-portal/vip-core/target/vip-core-2.4.1.jar!/fr/insalyon/creatis/vip/core/server/business/VipSessionBusiness.class]
15:17:51.053 [main] DEBUG org.springframework.context.annotation.ClassPathBeanDefinitionScanner - Identified candidate component class: URL [jar:file:/home/marza/Documents/VIP-portal/vip-core/target/vip-core-2.4.1.jar!/fr/insalyon/creatis/vip/core/server/DataSourceConfig.class]
15:17:51.056 [main] DEBUG org.springframework.context.annotation.ClassPathBeanDefinitionScanner - Identified candidate component class: URL [jar:file:/home/marza/Documents/VIP-portal/vip-core/target/vip-core-2.4.1.jar!/fr/insalyon/creatis/vip/core/server/dao/mysql/TermsUseData.class]
15:17:51.058 [main] DEBUG org.springframework.context.annotation.ClassPathBeanDefinitionScanner - Identified candidate component class: URL [jar:file:/home/marza/Documents/VIP-portal/vip-core/target/vip-core-2.4.1.jar!/fr/insalyon/creatis/vip/core/server/dao/mysql/CoreDataInitializer.class]
15:17:51.059 [main] DEBUG org.springframework.context.annotation.ClassPathBeanDefinitionScanner - Identified candidate component class: URL [jar:file:/home/marza/Documents/VIP-portal/vip-core/target/vip-core-2.4.1.jar!/fr/insalyon/creatis/vip/core/server/dao/mysql/GroupData.class]
15:17:51.078 [main] DEBUG org.springframework.context.annotation.ClassPathBeanDefinitionScanner - Identified candidate component class: URL [jar:file:/home/marza/Documents/VIP-portal/vip-core/target/vip-core-2.4.1.jar!/fr/insalyon/creatis/vip/core/server/business/EmailBusiness.class]
15:17:51.079 [main] DEBUG org.springframework.context.annotation.ClassPathBeanDefinitionScanner - Identified candidate component class: URL [jar:file:/home/marza/Documents/VIP-portal/vip-core/target/vip-core-2.4.1.jar!/fr/insalyon/creatis/vip/core/server/business/proxy/ProxyClient.class]
15:17:51.080 [main] DEBUG org.springframework.context.annotation.ClassPathBeanDefinitionScanner - Identified candidate component class: URL [jar:file:/home/marza/Documents/VIP-portal/vip-core/target/vip-core-2.4.1.jar!/fr/insalyon/creatis/vip/core/server/business/ConfigurationBusiness.class]
15:17:51.084 [main] DEBUG org.springframework.context.annotation.ClassPathBeanDefinitionScanner - Identified candidate component class: URL [jar:file:/home/marza/Documents/VIP-portal/vip-core/target/vip-core-2.4.1.jar!/fr/insalyon/creatis/vip/core/server/dao/mysql/TableInitializer.class]
15:17:51.085 [main] DEBUG org.springframework.context.annotation.ClassPathBeanDefinitionScanner - Identified candidate component class: URL [jar:file:/home/marza/Documents/VIP-portal/vip-core/target/vip-core-2.4.1.jar!/fr/insalyon/creatis/vip/core/server/dao/mysql/UserData.class]
15:17:51.340 [main] DEBUG org.springframework.beans.factory.support.DefaultListableBeanFactory - Creating shared instance of singleton bean 'properties'
15:17:51.353 [main] DEBUG org.springframework.beans.factory.support.DefaultListableBeanFactory - Creating shared instance of singleton bean 'org.springframework.context.event.internalEventListenerProcessor'
15:17:51.356 [main] DEBUG org.springframework.beans.factory.support.DefaultListableBeanFactory - Creating shared instance of singleton bean 'org.springframework.context.event.internalEventListenerFactory'
15:17:51.356 [main] DEBUG org.springframework.beans.factory.support.DefaultListableBeanFactory - Creating shared instance of singleton bean 'org.springframework.transaction.config.internalTransactionalEventListenerFactory'
15:17:51.360 [main] DEBUG org.springframework.beans.factory.support.DefaultListableBeanFactory - Creating shared instance of singleton bean 'org.springframework.context.annotation.internalAutowiredAnnotationProcessor'
15:17:51.362 [main] DEBUG org.springframework.beans.factory.support.DefaultListableBeanFactory - Creating shared instance of singleton bean 'org.springframework.context.annotation.internalCommonAnnotationProcessor'
15:17:51.370 [main] DEBUG org.springframework.beans.factory.support.DefaultListableBeanFactory - Creating shared instance of singleton bean 'org.springframework.aop.config.internalAutoProxyCreator'
15:17:51.441 [main] DEBUG org.springframework.beans.factory.support.DefaultListableBeanFactory - Creating shared instance of singleton bean 'conversionService'
15:17:51.468 [main] DEBUG org.springframework.beans.factory.support.DefaultListableBeanFactory - Creating shared instance of singleton bean 'org.springframework.transaction.config.internalTransactionAdvisor'
15:17:51.468 [main] DEBUG org.springframework.beans.factory.support.DefaultListableBeanFactory - Creating shared instance of singleton bean 'org.springframework.transaction.annotation.ProxyTransactionManagementConfiguration'
15:17:51.483 [main] DEBUG org.springframework.beans.factory.support.DefaultListableBeanFactory - Creating shared instance of singleton bean 'transactionAttributeSource'
15:17:51.484 [main] DEBUG org.springframework.beans.factory.support.DefaultListableBeanFactory - Creating shared instance of singleton bean 'transactionInterceptor'
15:17:51.485 [main] DEBUG org.springframework.beans.factory.support.DefaultListableBeanFactory - Autowiring by type from bean name 'transactionInterceptor' via factory method to bean named 'transactionAttributeSource'
15:17:51.493 [main] DEBUG org.springframework.beans.factory.support.DefaultListableBeanFactory - Autowiring by type from bean name 'org.springframework.transaction.config.internalTransactionAdvisor' via factory method to bean named 'transactionAttributeSource'
15:17:51.493 [main] DEBUG org.springframework.beans.factory.support.DefaultListableBeanFactory - Autowiring by type from bean name 'org.springframework.transaction.config.internalTransactionAdvisor' via factory method to bean named 'transactionInterceptor'
15:17:51.501 [main] DEBUG org.springframework.beans.factory.support.DefaultListableBeanFactory - Creating shared instance of singleton bean 'springCoreConfig'
15:17:51.503 [main] DEBUG org.springframework.beans.factory.support.DefaultListableBeanFactory - Creating shared instance of singleton bean 'serverMockConfig'
15:17:51.505 [main] DEBUG org.springframework.beans.factory.support.DefaultListableBeanFactory - Creating shared instance of singleton bean 'spingTestConfig'
15:17:51.506 [main] DEBUG org.springframework.beans.factory.support.DefaultListableBeanFactory - Creating shared instance of singleton bean 'testDataSourceSpringConfig'
15:17:51.507 [main] DEBUG org.springframework.beans.factory.support.DefaultListableBeanFactory - Creating shared instance of singleton bean 'usersGroupsData'
15:17:51.517 [main] DEBUG org.springframework.beans.factory.support.DefaultListableBeanFactory - Creating shared instance of singleton bean 'groupData'
15:17:51.523 [main] DEBUG org.springframework.beans.factory.support.DefaultListableBeanFactory - Creating shared instance of singleton bean 'lazyDataSource'
15:17:51.525 [main] DEBUG org.springframework.beans.factory.support.DefaultListableBeanFactory - Creating shared instance of singleton bean 'testDataSource'
15:17:51.562 [main] INFO org.springframework.jdbc.datasource.embedded.EmbeddedDatabaseFactory - Starting embedded database: url='jdbc:h2:mem:2e572f3c-ddcd-4993-8b29-68d7de400d05;DB_CLOSE_DELAY=-1;DB_CLOSE_ON_EXIT=false', username='sa'
15:17:51.567 [main] DEBUG org.springframework.jdbc.datasource.DataSourceUtils - Fetching JDBC Connection from DataSource
15:17:51.567 [main] DEBUG org.springframework.jdbc.datasource.SimpleDriverDataSource - Creating new JDBC Driver Connection to [jdbc:h2:mem:2e572f3c-ddcd-4993-8b29-68d7de400d05;DB_CLOSE_DELAY=-1;DB_CLOSE_ON_EXIT=false]
15:17:52.871 [main] DEBUG org.springframework.beans.factory.support.DefaultListableBeanFactory - Autowiring by type from bean name 'lazyDataSource' via factory method to bean named 'testDataSource'
15:17:52.959 [main] DEBUG org.springframework.jdbc.datasource.SimpleDriverDataSource - Creating new JDBC Driver Connection to [jdbc:h2:mem:2e572f3c-ddcd-4993-8b29-68d7de400d05;DB_CLOSE_DELAY=-1;DB_CLOSE_ON_EXIT=false]
15:17:53.016 [main] DEBUG org.springframework.beans.factory.support.DefaultListableBeanFactory - Autowiring by type from bean name 'usersGroupsData' via constructor to bean named 'groupData'
15:17:53.033 [main] DEBUG org.springframework.beans.factory.support.DefaultListableBeanFactory - Creating shared instance of singleton bean 'statsBusiness'
15:17:53.037 [main] DEBUG org.springframework.beans.factory.support.DefaultListableBeanFactory - Creating shared instance of singleton bean 'userData'
15:17:53.058 [main] DEBUG org.springframework.beans.factory.support.DefaultListableBeanFactory - Autowiring by type from bean name 'statsBusiness' via constructor to bean named 'userData'
15:17:53.100 [main] DEBUG org.springframework.beans.factory.support.DefaultListableBeanFactory - Creating shared instance of singleton bean 'vipSessionBusiness'
15:17:53.105 [main] DEBUG org.springframework.beans.factory.support.DefaultListableBeanFactory - Creating shared instance of singleton bean 'testServer'
15:17:53.360 [main] DEBUG org.springframework.beans.factory.support.DefaultListableBeanFactory - Creating shared instance of singleton bean 'configurationBusiness'
15:17:53.371 [main] DEBUG org.springframework.beans.factory.support.DefaultListableBeanFactory - Creating shared instance of singleton bean 'testProxyClient'
15:17:53.571 [main] DEBUG org.springframework.beans.factory.support.DefaultListableBeanFactory - Creating shared instance of singleton bean 'testEmailBusiness'
15:17:53.611 [main] DEBUG org.springframework.beans.factory.support.DefaultListableBeanFactory - Creating shared instance of singleton bean 'testGridaClient'
15:17:53.733 [main] DEBUG org.springframework.beans.factory.support.DefaultListableBeanFactory - Creating shared instance of singleton bean 'testGridaPoolClient'
15:17:53.803 [main] DEBUG org.springframework.beans.factory.support.DefaultListableBeanFactory - Creating shared instance of singleton bean 'termsUseData'
15:17:53.819 [main] DEBUG org.springframework.beans.factory.support.DefaultListableBeanFactory - Autowiring by type from bean name 'configurationBusiness' via constructor to bean named 'testServer'
15:17:53.820 [main] DEBUG org.springframework.beans.factory.support.DefaultListableBeanFactory - Autowiring by type from bean name 'configurationBusiness' via constructor to bean named 'testProxyClient'
15:17:53.820 [main] DEBUG org.springframework.beans.factory.support.DefaultListableBeanFactory - Autowiring by type from bean name 'configurationBusiness' via constructor to bean named 'testEmailBusiness'
15:17:53.820 [main] DEBUG org.springframework.beans.factory.support.DefaultListableBeanFactory - Autowiring by type from bean name 'configurationBusiness' via constructor to bean named 'testGridaClient'
15:17:53.820 [main] DEBUG org.springframework.beans.factory.support.DefaultListableBeanFactory - Autowiring by type from bean name 'configurationBusiness' via constructor to bean named 'testGridaPoolClient'
15:17:53.820 [main] DEBUG org.springframework.beans.factory.support.DefaultListableBeanFactory - Autowiring by type from bean name 'configurationBusiness' via constructor to bean named 'groupData'
15:17:53.821 [main] DEBUG org.springframework.beans.factory.support.DefaultListableBeanFactory - Autowiring by type from bean name 'configurationBusiness' via constructor to bean named 'termsUseData'
15:17:53.821 [main] DEBUG org.springframework.beans.factory.support.DefaultListableBeanFactory - Autowiring by type from bean name 'configurationBusiness' via constructor to bean named 'userData'
15:17:53.821 [main] DEBUG org.springframework.beans.factory.support.DefaultListableBeanFactory - Autowiring by type from bean name 'configurationBusiness' via constructor to bean named 'usersGroupsData'
15:17:53.866 [main] DEBUG org.springframework.beans.factory.support.DefaultListableBeanFactory - Autowiring by type from bean name 'vipSessionBusiness' via constructor to bean named 'testServer'
15:17:53.867 [main] DEBUG org.springframework.beans.factory.support.DefaultListableBeanFactory - Autowiring by type from bean name 'vipSessionBusiness' via constructor to bean named 'configurationBusiness'
15:17:53.878 [main] DEBUG org.springframework.beans.factory.support.DefaultListableBeanFactory - Creating shared instance of singleton bean 'dataSourceConfig'
15:17:53.880 [main] DEBUG org.springframework.beans.factory.support.DefaultListableBeanFactory - Creating shared instance of singleton bean 'coreDataInitializer'
15:17:53.886 [main] DEBUG org.springframework.beans.factory.support.DefaultListableBeanFactory - Creating shared instance of singleton bean 'tableInitializer'
15:17:53.893 [main] DEBUG org.springframework.core.env.PropertySourcesPropertyResolver - Found key 'db.tableEngine' in PropertySource 'Inlined Test Properties' with value of type String
15:17:53.894 [main] DEBUG org.springframework.core.env.PropertySourcesPropertyResolver - Found key 'db.tableEngine' in PropertySource 'environmentProperties' with value of type String
15:17:53.900 [main] DEBUG org.springframework.aop.framework.CglibAopProxy - Final method [protected final java.sql.Connection org.springframework.jdbc.core.support.JdbcDaoSupport.getConnection() throws org.springframework.jdbc.CannotGetJdbcConnectionException] cannot get proxied via CGLIB: Calls to this method will NOT be routed to the target instance and might lead to NPEs against uninitialized fields in the proxy instance.
15:17:53.900 [main] DEBUG org.springframework.aop.framework.CglibAopProxy - Final method [public final void org.springframework.jdbc.core.support.JdbcDaoSupport.setDataSource(javax.sql.DataSource)] cannot get proxied via CGLIB: Calls to this method will NOT be routed to the target instance and might lead to NPEs against uninitialized fields in the proxy instance.
15:17:53.900 [main] DEBUG org.springframework.aop.framework.CglibAopProxy - Final method [public final javax.sql.DataSource org.springframework.jdbc.core.support.JdbcDaoSupport.getDataSource()] cannot get proxied via CGLIB: Calls to this method will NOT be routed to the target instance and might lead to NPEs against uninitialized fields in the proxy instance.
15:17:53.900 [main] DEBUG org.springframework.aop.framework.CglibAopProxy - Final method [protected final void org.springframework.jdbc.core.support.JdbcDaoSupport.releaseConnection(java.sql.Connection)] cannot get proxied via CGLIB: Calls to this method will NOT be routed to the target instance and might lead to NPEs against uninitialized fields in the proxy instance.
15:17:53.901 [main] DEBUG org.springframework.aop.framework.CglibAopProxy - Final method [protected final org.springframework.jdbc.support.SQLExceptionTranslator org.springframework.jdbc.core.support.JdbcDaoSupport.getExceptionTranslator()] cannot get proxied via CGLIB: Calls to this method will NOT be routed to the target instance and might lead to NPEs against uninitialized fields in the proxy instance.
15:17:53.901 [main] DEBUG org.springframework.aop.framework.CglibAopProxy - Final method [public final void org.springframework.jdbc.core.support.JdbcDaoSupport.setJdbcTemplate(org.springframework.jdbc.core.JdbcTemplate)] cannot get proxied via CGLIB: Calls to this method will NOT be routed to the target instance and might lead to NPEs against uninitialized fields in the proxy instance.
15:17:53.901 [main] DEBUG org.springframework.aop.framework.CglibAopProxy - Final method [public final org.springframework.jdbc.core.JdbcTemplate org.springframework.jdbc.core.support.JdbcDaoSupport.getJdbcTemplate()] cannot get proxied via CGLIB: Calls to this method will NOT be routed to the target instance and might lead to NPEs against uninitialized fields in the proxy instance.
15:17:53.901 [main] INFO org.springframework.aop.framework.CglibAopProxy - Unable to proxy interface-implementing method [public final void org.springframework.dao.support.DaoSupport.afterPropertiesSet() throws java.lang.IllegalArgumentException,org.springframework.beans.factory.BeanInitializationException] because it is marked as final: Consider using interface-based JDK proxies instead!
15:17:53.901 [main] DEBUG org.springframework.aop.framework.CglibAopProxy - Final method [public final void org.springframework.dao.support.DaoSupport.afterPropertiesSet() throws java.lang.IllegalArgumentException,org.springframework.beans.factory.BeanInitializationException] cannot get proxied via CGLIB: Calls to this method will NOT be routed to the target instance and might lead to NPEs against uninitialized fields in the proxy instance.
15:17:53.910 [main] DEBUG org.springframework.beans.factory.support.DefaultListableBeanFactory - Autowiring by type from bean name 'coreDataInitializer' via constructor to bean named 'groupData'
15:17:53.910 [main] DEBUG org.springframework.beans.factory.support.DefaultListableBeanFactory - Autowiring by type from bean name 'coreDataInitializer' via constructor to bean named 'lazyDataSource'
15:17:53.910 [main] DEBUG org.springframework.beans.factory.support.DefaultListableBeanFactory - Autowiring by type from bean name 'coreDataInitializer' via constructor to bean named 'tableInitializer'
15:17:53.910 [main] DEBUG org.springframework.beans.factory.support.DefaultListableBeanFactory - Autowiring by type from bean name 'coreDataInitializer' via constructor to bean named 'testServer'
15:17:53.910 [main] DEBUG org.springframework.beans.factory.support.DefaultListableBeanFactory - Autowiring by type from bean name 'coreDataInitializer' via constructor to bean named 'userData'
15:17:53.911 [main] DEBUG org.springframework.beans.factory.support.DefaultListableBeanFactory - Autowiring by type from bean name 'coreDataInitializer' via constructor to bean named 'usersGroupsData'
15:17:53.911 [main] DEBUG org.springframework.beans.factory.support.DefaultListableBeanFactory - Autowiring by type from bean name 'coreDataInitializer' via constructor to bean named 'termsUseData'
15:17:53.912 [main] DEBUG org.springframework.aop.framework.CglibAopProxy - Final method [protected final java.sql.Connection org.springframework.jdbc.core.support.JdbcDaoSupport.getConnection() throws org.springframework.jdbc.CannotGetJdbcConnectionException] cannot get proxied via CGLIB: Calls to this method will NOT be routed to the target instance and might lead to NPEs against uninitialized fields in the proxy instance.
15:17:53.913 [main] DEBUG org.springframework.aop.framework.CglibAopProxy - Final method [public final void org.springframework.jdbc.core.support.JdbcDaoSupport.setDataSource(javax.sql.DataSource)] cannot get proxied via CGLIB: Calls to this method will NOT be routed to the target instance and might lead to NPEs against uninitialized fields in the proxy instance.
15:17:53.913 [main] DEBUG org.springframework.aop.framework.CglibAopProxy - Final method [public final javax.sql.DataSource org.springframework.jdbc.core.support.JdbcDaoSupport.getDataSource()] cannot get proxied via CGLIB: Calls to this method will NOT be routed to the target instance and might lead to NPEs against uninitialized fields in the proxy instance.
15:17:53.913 [main] DEBUG org.springframework.aop.framework.CglibAopProxy - Final method [protected final void org.springframework.jdbc.core.support.JdbcDaoSupport.releaseConnection(java.sql.Connection)] cannot get proxied via CGLIB: Calls to this method will NOT be routed to the target instance and might lead to NPEs against uninitialized fields in the proxy instance.
15:17:53.913 [main] DEBUG org.springframework.aop.framework.CglibAopProxy - Final method [protected final org.springframework.jdbc.support.SQLExceptionTranslator org.springframework.jdbc.core.support.JdbcDaoSupport.getExceptionTranslator()] cannot get proxied via CGLIB: Calls to this method will NOT be routed to the target instance and might lead to NPEs against uninitialized fields in the proxy instance.
15:17:53.913 [main] DEBUG org.springframework.aop.framework.CglibAopProxy - Final method [public final void org.springframework.jdbc.core.support.JdbcDaoSupport.setJdbcTemplate(org.springframework.jdbc.core.JdbcTemplate)] cannot get proxied via CGLIB: Calls to this method will NOT be routed to the target instance and might lead to NPEs against uninitialized fields in the proxy instance.
15:17:53.913 [main] DEBUG org.springframework.aop.framework.CglibAopProxy - Final method [public final org.springframework.jdbc.core.JdbcTemplate org.springframework.jdbc.core.support.JdbcDaoSupport.getJdbcTemplate()] cannot get proxied via CGLIB: Calls to this method will NOT be routed to the target instance and might lead to NPEs against uninitialized fields in the proxy instance.
15:17:53.913 [main] INFO org.springframework.aop.framework.CglibAopProxy - Unable to proxy interface-implementing method [public final void org.springframework.dao.support.DaoSupport.afterPropertiesSet() throws java.lang.IllegalArgumentException,org.springframework.beans.factory.BeanInitializationException] because it is marked as final: Consider using interface-based JDK proxies instead!
15:17:53.913 [main] DEBUG org.springframework.aop.framework.CglibAopProxy - Final method [public final void org.springframework.dao.support.DaoSupport.afterPropertiesSet() throws java.lang.IllegalArgumentException,org.springframework.beans.factory.BeanInitializationException] cannot get proxied via CGLIB: Calls to this method will NOT be routed to the target instance and might lead to NPEs against uninitialized fields in the proxy instance.
15:17:53.921 [main] DEBUG org.springframework.beans.factory.support.DefaultListableBeanFactory - Creating shared instance of singleton bean 'emailBusiness'
15:17:53.922 [main] DEBUG org.springframework.beans.factory.support.DefaultListableBeanFactory - Creating shared instance of singleton bean 'smaClient'
15:17:53.923 [main] DEBUG org.springframework.beans.factory.support.DefaultListableBeanFactory - Autowiring by type from bean name 'smaClient' via factory method to bean named 'testServer'
15:17:53.926 [main] DEBUG org.springframework.beans.factory.support.DefaultListableBeanFactory - Autowiring by type from bean name 'emailBusiness' via constructor to bean named 'smaClient'
15:17:53.927 [main] DEBUG org.springframework.beans.factory.support.DefaultListableBeanFactory - Creating shared instance of singleton bean 'proxyClient'
15:17:53.929 [main] DEBUG org.springframework.beans.factory.support.DefaultListableBeanFactory - Autowiring by type from bean name 'proxyClient' via constructor to bean named 'testServer'
15:17:53.930 [main] DEBUG org.springframework.beans.factory.support.DefaultListableBeanFactory - Creating shared instance of singleton bean 'vipConfigFolder'
15:17:53.931 [main] DEBUG org.springframework.beans.factory.support.DefaultListableBeanFactory - Autowiring by type from bean name 'vipConfigFolder' via factory method to bean named 'org.springframework.context.support.GenericApplicationContext@714e861f'
15:17:53.931 [main] DEBUG org.springframework.core.env.PropertySourcesPropertyResolver - Found key 'vipConfigFolder' in PropertySource 'Inlined Test Properties' with value of type String
15:17:53.931 [main] INFO fr.insalyon.creatis.vip.core.server.SpringCoreConfig - found vipConfigFolder property : classpath:
15:17:53.938 [main] DEBUG org.springframework.beans.factory.support.DefaultListableBeanFactory - Creating shared instance of singleton bean 'transactionManager'
15:17:53.938 [main] DEBUG org.springframework.beans.factory.support.DefaultListableBeanFactory - Autowiring by type from bean name 'transactionManager' via factory method to bean named 'lazyDataSource'
15:17:53.950 [main] DEBUG org.springframework.beans.factory.support.DefaultListableBeanFactory - Creating shared instance of singleton bean 'gridaClient'
15:17:53.951 [main] DEBUG org.springframework.beans.factory.support.DefaultListableBeanFactory - Autowiring by type from bean name 'gridaClient' via factory method to bean named 'testServer'
15:17:53.954 [main] DEBUG org.springframework.beans.factory.support.DefaultListableBeanFactory - Creating shared instance of singleton bean 'gridaPoolClient'
15:17:53.955 [main] DEBUG org.springframework.beans.factory.support.DefaultListableBeanFactory - Autowiring by type from bean name 'gridaPoolClient' via factory method to bean named 'testServer'
15:17:53.957 [main] DEBUG org.springframework.beans.factory.support.DefaultListableBeanFactory - Creating shared instance of singleton bean 'gridaCacheClient'
15:17:53.957 [main] DEBUG org.springframework.beans.factory.support.DefaultListableBeanFactory - Autowiring by type from bean name 'gridaCacheClient' via factory method to bean named 'testServer'
15:17:53.960 [main] DEBUG org.springframework.beans.factory.support.DefaultListableBeanFactory - Creating shared instance of singleton bean 'gridaZombieClient'
15:17:53.960 [main] DEBUG org.springframework.beans.factory.support.DefaultListableBeanFactory - Autowiring by type from bean name 'gridaZombieClient' via factory method to bean named 'testServer'
15:17:53.973 [main] DEBUG org.springframework.context.event.EventListenerMethodProcessor - 1 @EventListener methods processed on bean 'coreDataInitializer': {public void fr.insalyon.creatis.vip.core.server.dao.mysql.CoreDataInitializer.onStartup()=@org.springframework.context.event.EventListener(classes=[org.springframework.context.event.ContextRefreshedEvent], condition=, id=, value=[org.springframework.context.event.ContextRefreshedEvent])}
15:17:53.989 [main] DEBUG org.springframework.jdbc.datasource.DataSourceTransactionManager - Creating new transaction with name [fr.insalyon.creatis.vip.core.server.dao.mysql.CoreDataInitializer.onStartup]: PROPAGATION_REQUIRED,ISOLATION_DEFAULT
15:17:53.998 [main] DEBUG org.springframework.jdbc.datasource.DataSourceTransactionManager - Acquired Connection [Lazy Connection proxy for target DataSource [org.springframework.jdbc.datasource.embedded.EmbeddedDatabaseFactory$EmbeddedDataSourceProxy@5f6ef272]] for JDBC transaction
15:17:54.001 [main] DEBUG org.springframework.jdbc.datasource.DataSourceTransactionManager - Switching JDBC Connection [Lazy Connection proxy for target DataSource [org.springframework.jdbc.datasource.embedded.EmbeddedDatabaseFactory$EmbeddedDataSourceProxy@5f6ef272]] to manual commit
15:17:54.012 [main] INFO fr.insalyon.creatis.vip.core.server.dao.mysql.CoreDataInitializer - Configuring VIP core database.
15:17:54.012 [main] DEBUG org.springframework.jdbc.datasource.DataSourceTransactionManager - Participating in existing transaction
15:17:54.020 [main] DEBUG org.springframework.jdbc.datasource.SimpleDriverDataSource - Creating new JDBC Driver Connection to [jdbc:h2:mem:2e572f3c-ddcd-4993-8b29-68d7de400d05;DB_CLOSE_DELAY=-1;DB_CLOSE_ON_EXIT=false]
15:17:54.039 [main] INFO fr.insalyon.creatis.vip.core.server.dao.mysql.TableInitializer - Table VIPUsers successfully created.
15:17:54.049 [main] DEBUG org.springframework.jdbc.datasource.DataSourceTransactionManager - Participating in existing transaction
15:17:54.053 [main] DEBUG org.springframework.jdbc.datasource.DataSourceTransactionManager - Participating in existing transaction
15:17:54.054 [main] INFO fr.insalyon.creatis.vip.core.server.dao.mysql.TableInitializer - Table VIPGroups successfully created.
15:17:54.054 [main] DEBUG org.springframework.jdbc.datasource.DataSourceTransactionManager - Participating in existing transaction
15:17:54.055 [main] DEBUG org.springframework.jdbc.datasource.DataSourceTransactionManager - Participating in existing transaction
15:17:54.063 [main] INFO fr.insalyon.creatis.vip.core.server.dao.mysql.TableInitializer - Table VIPUsersGroups successfully created.
15:17:54.064 [main] DEBUG org.springframework.jdbc.datasource.DataSourceTransactionManager - Participating in existing transaction
15:17:54.065 [main] DEBUG org.springframework.jdbc.datasource.DataSourceTransactionManager - Participating in existing transaction
15:17:54.069 [main] INFO fr.insalyon.creatis.vip.core.server.dao.mysql.TableInitializer - Table VIPTermsOfuse successfully created.
15:17:54.070 [main] DEBUG org.springframework.jdbc.datasource.DataSourceTransactionManager - Participating in existing transaction
15:17:54.072 [main] DEBUG org.springframework.jdbc.datasource.DataSourceTransactionManager - Initiating transaction commit
15:17:54.072 [main] DEBUG org.springframework.jdbc.datasource.DataSourceTransactionManager - Committing JDBC transaction on Connection [conn3: url=jdbc:h2:mem:2e572f3c-ddcd-4993-8b29-68d7de400d05 user=SA]
15:17:54.072 [main] DEBUG org.springframework.jdbc.datasource.DataSourceTransactionManager - Releasing JDBC Connection [conn3: url=jdbc:h2:mem:2e572f3c-ddcd-4993-8b29-68d7de400d05 user=SA] after transaction
15:17:54.079 [main] DEBUG org.springframework.test.context.cache.DefaultCacheAwareContextLoaderDelegate - Storing ApplicationContext [1900971551] in cache under key [[MergedContextConfiguration@7d133fb7 testClass = SpringDatabaseIT, locations = '{}', classes = '{class fr.insalyon.creatis.vip.core.server.SpringCoreConfig}', contextInitializerClasses = '[]', activeProfiles = '{test-db, test}', propertySourceLocations = '{}', propertySourceProperties = '{db.tableEngine=, vipConfigFolder=classpath:}', contextCustomizers = set[[empty]], contextLoader = 'org.springframework.test.context.support.DelegatingSmartContextLoader', parent = [null]]]
15:17:54.080 [main] DEBUG org.springframework.test.context.cache - Spring test ApplicationContext cache statistics: [DefaultContextCache@13a91c02 size = 1, maxSize = 32, parentContextCount = 0, hitCount = 0, missCount = 1]
15:17:54.090 [main] DEBUG org.springframework.test.context.cache.DefaultCacheAwareContextLoaderDelegate - Retrieved ApplicationContext [1900971551] from cache with key [[MergedContextConfiguration@7d133fb7 testClass = SpringDatabaseIT, locations = '{}', classes = '{class fr.insalyon.creatis.vip.core.server.SpringCoreConfig}', contextInitializerClasses = '[]', activeProfiles = '{test-db, test}', propertySourceLocations = '{}', propertySourceProperties = '{db.tableEngine=, vipConfigFolder=classpath:}', contextCustomizers = set[[empty]], contextLoader = 'org.springframework.test.context.support.DelegatingSmartContextLoader', parent = [null]]]
15:17:54.090 [main] DEBUG org.springframework.test.context.cache - Spring test ApplicationContext cache statistics: [DefaultContextCache@13a91c02 size = 1, maxSize = 32, parentContextCount = 0, hitCount = 1, missCount = 1]
15:17:54.112 [main] DEBUG org.springframework.test.context.support.AbstractDirtiesContextTestExecutionListener - Before test method: context [DefaultTestContext@1291aab5 testClass = SpringDatabaseIT, testInstance = fr.insalyon.creatis.vip.core.integrationtest.database.SpringDatabaseIT@7cf8f45a, testMethod = testTestConfig@SpringDatabaseIT, testException = [null], mergedContextConfiguration = [MergedContextConfiguration@7d133fb7 testClass = SpringDatabaseIT, locations = '{}', classes = '{class fr.insalyon.creatis.vip.core.server.SpringCoreConfig}', contextInitializerClasses = '[]', activeProfiles = '{test-db, test}', propertySourceLocations = '{}', propertySourceProperties = '{db.tableEngine=, vipConfigFolder=classpath:}', contextCustomizers = set[[empty]], contextLoader = 'org.springframework.test.context.support.DelegatingSmartContextLoader', parent = [null]], attributes = map['org.springframework.test.context.event.ApplicationEventsTestExecutionListener.recordApplicationEvents' -> false]], class annotated with @DirtiesContext [false] with mode [null], method annotated with @DirtiesContext [false] with mode [null].
15:17:54.116 [main] DEBUG org.springframework.test.context.transaction.TransactionalTestExecutionListener - Explicit transaction definition [PROPAGATION_REQUIRED,ISOLATION_DEFAULT] found for test context [DefaultTestContext@1291aab5 testClass = SpringDatabaseIT, testInstance = fr.insalyon.creatis.vip.core.integrationtest.database.SpringDatabaseIT@7cf8f45a, testMethod = testTestConfig@SpringDatabaseIT, testException = [null], mergedContextConfiguration = [MergedContextConfiguration@7d133fb7 testClass = SpringDatabaseIT, locations = '{}', classes = '{class fr.insalyon.creatis.vip.core.server.SpringCoreConfig}', contextInitializerClasses = '[]', activeProfiles = '{test-db, test}', propertySourceLocations = '{}', propertySourceProperties = '{db.tableEngine=, vipConfigFolder=classpath:}', contextCustomizers = set[[empty]], contextLoader = 'org.springframework.test.context.support.DelegatingSmartContextLoader', parent = [null]], attributes = map['org.springframework.test.context.event.ApplicationEventsTestExecutionListener.recordApplicationEvents' -> false]]
15:17:54.116 [main] DEBUG org.springframework.test.context.cache.DefaultCacheAwareContextLoaderDelegate - Retrieved ApplicationContext [1900971551] from cache with key [[MergedContextConfiguration@7d133fb7 testClass = SpringDatabaseIT, locations = '{}', classes = '{class fr.insalyon.creatis.vip.core.server.SpringCoreConfig}', contextInitializerClasses = '[]', activeProfiles = '{test-db, test}', propertySourceLocations = '{}', propertySourceProperties = '{db.tableEngine=, vipConfigFolder=classpath:}', contextCustomizers = set[[empty]], contextLoader = 'org.springframework.test.context.support.DelegatingSmartContextLoader', parent = [null]]]
15:17:54.116 [main] DEBUG org.springframework.test.context.cache - Spring test ApplicationContext cache statistics: [DefaultContextCache@13a91c02 size = 1, maxSize = 32, parentContextCount = 0, hitCount = 2, missCount = 1]
15:17:54.118 [main] DEBUG org.springframework.test.context.transaction.TransactionalTestExecutionListener - No method-level @Rollback override: using default rollback [true] for test context [DefaultTestContext@1291aab5 testClass = SpringDatabaseIT, testInstance = fr.insalyon.creatis.vip.core.integrationtest.database.SpringDatabaseIT@7cf8f45a, testMethod = testTestConfig@SpringDatabaseIT, testException = [null], mergedContextConfiguration = [MergedContextConfiguration@7d133fb7 testClass = SpringDatabaseIT, locations = '{}', classes = '{class fr.insalyon.creatis.vip.core.server.SpringCoreConfig}', contextInitializerClasses = '[]', activeProfiles = '{test-db, test}', propertySourceLocations = '{}', propertySourceProperties = '{db.tableEngine=, vipConfigFolder=classpath:}', contextCustomizers = set[[empty]], contextLoader = 'org.springframework.test.context.support.DelegatingSmartContextLoader', parent = [null]], attributes = map['org.springframework.test.context.event.ApplicationEventsTestExecutionListener.recordApplicationEvents' -> false]].
15:17:54.119 [main] DEBUG org.springframework.jdbc.datasource.DataSourceTransactionManager - Creating new transaction with name [fr.insalyon.creatis.vip.core.integrationtest.database.SpringDatabaseIT.testTestConfig]: PROPAGATION_REQUIRED,ISOLATION_DEFAULT
15:17:54.120 [main] DEBUG org.springframework.jdbc.datasource.DataSourceTransactionManager - Acquired Connection [Lazy Connection proxy for target DataSource [org.springframework.jdbc.datasource.embedded.EmbeddedDatabaseFactory$EmbeddedDataSourceProxy@5f6ef272]] for JDBC transaction
15:17:54.121 [main] DEBUG org.springframework.jdbc.datasource.DataSourceTransactionManager - Switching JDBC Connection [Lazy Connection proxy for target DataSource [org.springframework.jdbc.datasource.embedded.EmbeddedDatabaseFactory$EmbeddedDataSourceProxy@5f6ef272]] to manual commit
15:17:54.121 [main] INFO org.springframework.test.context.transaction.TransactionContext - Began transaction (1) for test context [DefaultTestContext@1291aab5 testClass = SpringDatabaseIT, testInstance = fr.insalyon.creatis.vip.core.integrationtest.database.SpringDatabaseIT@7cf8f45a, testMethod = testTestConfig@SpringDatabaseIT, testException = [null], mergedContextConfiguration = [MergedContextConfiguration@7d133fb7 testClass = SpringDatabaseIT, locations = '{}', classes = '{class fr.insalyon.creatis.vip.core.server.SpringCoreConfig}', contextInitializerClasses = '[]', activeProfiles = '{test-db, test}', propertySourceLocations = '{}', propertySourceProperties = '{db.tableEngine=, vipConfigFolder=classpath:}', contextCustomizers = set[[empty]], contextLoader = 'org.springframework.test.context.support.DelegatingSmartContextLoader', parent = [null]], attributes = map['org.springframework.test.context.event.ApplicationEventsTestExecutionListener.recordApplicationEvents' -> false]]; transaction manager [org.springframework.jdbc.datasource.DataSourceTransactionManager@7e69cc4c]; rollback [true]
15:17:54.125 [main] DEBUG org.springframework.test.context.cache.DefaultCacheAwareContextLoaderDelegate - Retrieved ApplicationContext [1900971551] from cache with key [[MergedContextConfiguration@7d133fb7 testClass = SpringDatabaseIT, locations = '{}', classes = '{class fr.insalyon.creatis.vip.core.server.SpringCoreConfig}', contextInitializerClasses = '[]', activeProfiles = '{test-db, test}', propertySourceLocations = '{}', propertySourceProperties = '{db.tableEngine=, vipConfigFolder=classpath:}', contextCustomizers = set[[empty]], contextLoader = 'org.springframework.test.context.support.DelegatingSmartContextLoader', parent = [null]]]
15:17:54.125 [main] DEBUG org.springframework.test.context.cache - Spring test ApplicationContext cache statistics: [DefaultContextCache@13a91c02 size = 1, maxSize = 32, parentContextCount = 0, hitCount = 3, missCount = 1]
15:17:54.137 [main] DEBUG org.springframework.test.context.cache.DefaultCacheAwareContextLoaderDelegate - Retrieved ApplicationContext [1900971551] from cache with key [[MergedContextConfiguration@7d133fb7 testClass = SpringDatabaseIT, locations = '{}', classes = '{class fr.insalyon.creatis.vip.core.server.SpringCoreConfig}', contextInitializerClasses = '[]', activeProfiles = '{test-db, test}', propertySourceLocations = '{}', propertySourceProperties = '{db.tableEngine=, vipConfigFolder=classpath:}', contextCustomizers = set[[empty]], contextLoader = 'org.springframework.test.context.support.DelegatingSmartContextLoader', parent = [null]]]
15:17:54.137 [main] DEBUG org.springframework.test.context.cache - Spring test ApplicationContext cache statistics: [DefaultContextCache@13a91c02 size = 1, maxSize = 32, parentContextCount = 0, hitCount = 4, missCount = 1]
15:17:54.142 [main] DEBUG org.springframework.jdbc.datasource.DataSourceTransactionManager - Participating in existing transaction
15:17:54.156 [main] DEBUG org.springframework.jdbc.datasource.DataSourceTransactionManager - Participating in existing transaction
15:17:54.157 [main] DEBUG org.springframework.jdbc.datasource.SimpleDriverDataSource - Creating new JDBC Driver Connection to [jdbc:h2:mem:2e572f3c-ddcd-4993-8b29-68d7de400d05;DB_CLOSE_DELAY=-1;DB_CLOSE_ON_EXIT=false]
15:17:54.159 [main] DEBUG org.springframework.jdbc.datasource.DataSourceUtils - Fetching JDBC Connection from DataSource
15:17:54.160 [main] DEBUG org.springframework.jdbc.datasource.SimpleDriverDataSource - Creating new JDBC Driver Connection to [jdbc:h2:mem:2e572f3c-ddcd-4993-8b29-68d7de400d05;DB_CLOSE_DELAY=-1;DB_CLOSE_ON_EXIT=false]
15:17:54.163 [main] DEBUG org.springframework.test.context.cache.DefaultCacheAwareContextLoaderDelegate - Retrieved ApplicationContext [1900971551] from cache with key [[MergedContextConfiguration@7d133fb7 testClass = SpringDatabaseIT, locations = '{}', classes = '{class fr.insalyon.creatis.vip.core.server.SpringCoreConfig}', contextInitializerClasses = '[]', activeProfiles = '{test-db, test}', propertySourceLocations = '{}', propertySourceProperties = '{db.tableEngine=, vipConfigFolder=classpath:}', contextCustomizers = set[[empty]], contextLoader = 'org.springframework.test.context.support.DelegatingSmartContextLoader', parent = [null]]]
15:17:54.164 [main] DEBUG org.springframework.test.context.cache - Spring test ApplicationContext cache statistics: [DefaultContextCache@13a91c02 size = 1, maxSize = 32, parentContextCount = 0, hitCount = 5, missCount = 1]
15:17:54.167 [main] DEBUG org.springframework.test.context.cache.DefaultCacheAwareContextLoaderDelegate - Retrieved ApplicationContext [1900971551] from cache with key [[MergedContextConfiguration@7d133fb7 testClass = SpringDatabaseIT, locations = '{}', classes = '{class fr.insalyon.creatis.vip.core.server.SpringCoreConfig}', contextInitializerClasses = '[]', activeProfiles = '{test-db, test}', propertySourceLocations = '{}', propertySourceProperties = '{db.tableEngine=, vipConfigFolder=classpath:}', contextCustomizers = set[[empty]], contextLoader = 'org.springframework.test.context.support.DelegatingSmartContextLoader', parent = [null]]]
15:17:54.167 [main] DEBUG org.springframework.test.context.cache - Spring test ApplicationContext cache statistics: [DefaultContextCache@13a91c02 size = 1, maxSize = 32, parentContextCount = 0, hitCount = 6, missCount = 1]
15:17:54.168 [main] DEBUG org.springframework.jdbc.datasource.DataSourceTransactionManager - Initiating transaction rollback
15:17:54.168 [main] DEBUG org.springframework.jdbc.datasource.DataSourceTransactionManager - Rolling back JDBC transaction on Connection [conn4: url=jdbc:h2:mem:2e572f3c-ddcd-4993-8b29-68d7de400d05 user=SA]
15:17:54.168 [main] DEBUG org.springframework.jdbc.datasource.DataSourceTransactionManager - Releasing JDBC Connection [conn4: url=jdbc:h2:mem:2e572f3c-ddcd-4993-8b29-68d7de400d05 user=SA] after transaction
15:17:54.168 [main] INFO org.springframework.test.context.transaction.TransactionContext - Rolled back transaction for test: [DefaultTestContext@1291aab5 testClass = SpringDatabaseIT, testInstance = fr.insalyon.creatis.vip.core.integrationtest.database.SpringDatabaseIT@7cf8f45a, testMethod = testTestConfig@SpringDatabaseIT, testException = [null], mergedContextConfiguration = [MergedContextConfiguration@7d133fb7 testClass = SpringDatabaseIT, locations = '{}', classes = '{class fr.insalyon.creatis.vip.core.server.SpringCoreConfig}', contextInitializerClasses = '[]', activeProfiles = '{test-db, test}', propertySourceLocations = '{}', propertySourceProperties = '{db.tableEngine=, vipConfigFolder=classpath:}', contextCustomizers = set[[empty]], contextLoader = 'org.springframework.test.context.support.DelegatingSmartContextLoader', parent = [null]], attributes = map['org.springframework.test.context.event.ApplicationEventsTestExecutionListener.recordApplicationEvents' -> false]]
15:17:54.169 [main] DEBUG org.springframework.test.context.support.AbstractDirtiesContextTestExecutionListener - After test method: context [DefaultTestContext@1291aab5 testClass = SpringDatabaseIT, testInstance = fr.insalyon.creatis.vip.core.integrationtest.database.SpringDatabaseIT@7cf8f45a, testMethod = testTestConfig@SpringDatabaseIT, testException = [null], mergedContextConfiguration = [MergedContextConfiguration@7d133fb7 testClass = SpringDatabaseIT, locations = '{}', classes = '{class fr.insalyon.creatis.vip.core.server.SpringCoreConfig}', contextInitializerClasses = '[]', activeProfiles = '{test-db, test}', propertySourceLocations = '{}', propertySourceProperties = '{db.tableEngine=, vipConfigFolder=classpath:}', contextCustomizers = set[[empty]], contextLoader = 'org.springframework.test.context.support.DelegatingSmartContextLoader', parent = [null]], attributes = map['org.springframework.test.context.event.ApplicationEventsTestExecutionListener.recordApplicationEvents' -> false]], class annotated with @DirtiesContext [false] with mode [null], method annotated with @DirtiesContext [false] with mode [null].
]]></system-out>
  </testcase>
  <testcase name="shouldRollbackWithRuntimeException" classname="fr.insalyon.creatis.vip.core.integrationtest.database.SpringDatabaseIT" time="0.099">
    <system-out><![CDATA[15:17:54.175 [main] DEBUG org.springframework.test.context.support.DependencyInjectionTestExecutionListener - Performing dependency injection for test context [[DefaultTestContext@1291aab5 testClass = SpringDatabaseIT, testInstance = fr.insalyon.creatis.vip.core.integrationtest.database.SpringDatabaseIT@7c8c09e7, testMethod = [null], testException = [null], mergedContextConfiguration = [MergedContextConfiguration@7d133fb7 testClass = SpringDatabaseIT, locations = '{}', classes = '{class fr.insalyon.creatis.vip.core.server.SpringCoreConfig}', contextInitializerClasses = '[]', activeProfiles = '{test-db, test}', propertySourceLocations = '{}', propertySourceProperties = '{db.tableEngine=, vipConfigFolder=classpath:}', contextCustomizers = set[[empty]], contextLoader = 'org.springframework.test.context.support.DelegatingSmartContextLoader', parent = [null]], attributes = map['org.springframework.test.context.event.ApplicationEventsTestExecutionListener.recordApplicationEvents' -> false]]].
15:17:54.175 [main] DEBUG org.springframework.test.context.cache.DefaultCacheAwareContextLoaderDelegate - Retrieved ApplicationContext [1900971551] from cache with key [[MergedContextConfiguration@7d133fb7 testClass = SpringDatabaseIT, locations = '{}', classes = '{class fr.insalyon.creatis.vip.core.server.SpringCoreConfig}', contextInitializerClasses = '[]', activeProfiles = '{test-db, test}', propertySourceLocations = '{}', propertySourceProperties = '{db.tableEngine=, vipConfigFolder=classpath:}', contextCustomizers = set[[empty]], contextLoader = 'org.springframework.test.context.support.DelegatingSmartContextLoader', parent = [null]]]
15:17:54.175 [main] DEBUG org.springframework.test.context.cache - Spring test ApplicationContext cache statistics: [DefaultContextCache@13a91c02 size = 1, maxSize = 32, parentContextCount = 0, hitCount = 7, missCount = 1]
15:17:54.176 [main] DEBUG org.springframework.test.context.cache.DefaultCacheAwareContextLoaderDelegate - Retrieved ApplicationContext [1900971551] from cache with key [[MergedContextConfiguration@7d133fb7 testClass = SpringDatabaseIT, locations = '{}', classes = '{class fr.insalyon.creatis.vip.core.server.SpringCoreConfig}', contextInitializerClasses = '[]', activeProfiles = '{test-db, test}', propertySourceLocations = '{}', propertySourceProperties = '{db.tableEngine=, vipConfigFolder=classpath:}', contextCustomizers = set[[empty]], contextLoader = 'org.springframework.test.context.support.DelegatingSmartContextLoader', parent = [null]]]
15:17:54.176 [main] DEBUG org.springframework.test.context.cache - Spring test ApplicationContext cache statistics: [DefaultContextCache@13a91c02 size = 1, maxSize = 32, parentContextCount = 0, hitCount = 8, missCount = 1]
15:17:54.178 [main] DEBUG org.springframework.test.context.support.AbstractDirtiesContextTestExecutionListener - Before test method: context [DefaultTestContext@1291aab5 testClass = SpringDatabaseIT, testInstance = fr.insalyon.creatis.vip.core.integrationtest.database.SpringDatabaseIT@7c8c09e7, testMethod = shouldRollbackWithRuntimeException@SpringDatabaseIT, testException = [null], mergedContextConfiguration = [MergedContextConfiguration@7d133fb7 testClass = SpringDatabaseIT, locations = '{}', classes = '{class fr.insalyon.creatis.vip.core.server.SpringCoreConfig}', contextInitializerClasses = '[]', activeProfiles = '{test-db, test}', propertySourceLocations = '{}', propertySourceProperties = '{db.tableEngine=, vipConfigFolder=classpath:}', contextCustomizers = set[[empty]], contextLoader = 'org.springframework.test.context.support.DelegatingSmartContextLoader', parent = [null]], attributes = map['org.springframework.test.context.event.ApplicationEventsTestExecutionListener.recordApplicationEvents' -> false]], class annotated with @DirtiesContext [false] with mode [null], method annotated with @DirtiesContext [false] with mode [null].
15:17:54.179 [main] DEBUG org.springframework.test.context.transaction.TransactionalTestExecutionListener - Explicit transaction definition [PROPAGATION_NOT_SUPPORTED,ISOLATION_DEFAULT] found for test context [DefaultTestContext@1291aab5 testClass = SpringDatabaseIT, testInstance = fr.insalyon.creatis.vip.core.integrationtest.database.SpringDatabaseIT@7c8c09e7, testMethod = shouldRollbackWithRuntimeException@SpringDatabaseIT, testException = [null], mergedContextConfiguration = [MergedContextConfiguration@7d133fb7 testClass = SpringDatabaseIT, locations = '{}', classes = '{class fr.insalyon.creatis.vip.core.server.SpringCoreConfig}', contextInitializerClasses = '[]', activeProfiles = '{test-db, test}', propertySourceLocations = '{}', propertySourceProperties = '{db.tableEngine=, vipConfigFolder=classpath:}', contextCustomizers = set[[empty]], contextLoader = 'org.springframework.test.context.support.DelegatingSmartContextLoader', parent = [null]], attributes = map['org.springframework.test.context.event.ApplicationEventsTestExecutionListener.recordApplicationEvents' -> false]]
15:17:54.180 [main] DEBUG org.springframework.test.context.cache.DefaultCacheAwareContextLoaderDelegate - Retrieved ApplicationContext [1900971551] from cache with key [[MergedContextConfiguration@7d133fb7 testClass = SpringDatabaseIT, locations = '{}', classes = '{class fr.insalyon.creatis.vip.core.server.SpringCoreConfig}', contextInitializerClasses = '[]', activeProfiles = '{test-db, test}', propertySourceLocations = '{}', propertySourceProperties = '{db.tableEngine=, vipConfigFolder=classpath:}', contextCustomizers = set[[empty]], contextLoader = 'org.springframework.test.context.support.DelegatingSmartContextLoader', parent = [null]]]
15:17:54.180 [main] DEBUG org.springframework.test.context.cache - Spring test ApplicationContext cache statistics: [DefaultContextCache@13a91c02 size = 1, maxSize = 32, parentContextCount = 0, hitCount = 9, missCount = 1]
15:17:54.183 [main] DEBUG org.springframework.test.context.cache.DefaultCacheAwareContextLoaderDelegate - Retrieved ApplicationContext [1900971551] from cache with key [[MergedContextConfiguration@7d133fb7 testClass = SpringDatabaseIT, locations = '{}', classes = '{class fr.insalyon.creatis.vip.core.server.SpringCoreConfig}', contextInitializerClasses = '[]', activeProfiles = '{test-db, test}', propertySourceLocations = '{}', propertySourceProperties = '{db.tableEngine=, vipConfigFolder=classpath:}', contextCustomizers = set[[empty]], contextLoader = 'org.springframework.test.context.support.DelegatingSmartContextLoader', parent = [null]]]
15:17:54.183 [main] DEBUG org.springframework.test.context.cache - Spring test ApplicationContext cache statistics: [DefaultContextCache@13a91c02 size = 1, maxSize = 32, parentContextCount = 0, hitCount = 10, missCount = 1]
15:17:54.188 [main] DEBUG org.springframework.jdbc.core.JdbcTemplate - Executing SQL query [SELECT COUNT(0) FROM VIPUsers]
15:17:54.189 [main] DEBUG org.springframework.jdbc.datasource.DataSourceUtils - Fetching JDBC Connection from DataSource
15:17:54.190 [main] DEBUG org.springframework.jdbc.datasource.SimpleDriverDataSource - Creating new JDBC Driver Connection to [jdbc:h2:mem:2e572f3c-ddcd-4993-8b29-68d7de400d05;DB_CLOSE_DELAY=-1;DB_CLOSE_ON_EXIT=false]
15:17:54.206 [main] DEBUG org.springframework.jdbc.datasource.DataSourceTransactionManager - Creating new transaction with name [fr.insalyon.creatis.vip.core.server.business.ConfigurationBusiness.signup]: PROPAGATION_REQUIRED,ISOLATION_DEFAULT
15:17:54.207 [main] DEBUG org.springframework.jdbc.datasource.DataSourceTransactionManager - Acquired Connection [Lazy Connection proxy for target DataSource [org.springframework.jdbc.datasource.embedded.EmbeddedDatabaseFactory$EmbeddedDataSourceProxy@5f6ef272]] for JDBC transaction
15:17:54.207 [main] DEBUG org.springframework.jdbc.datasource.DataSourceTransactionManager - Switching JDBC Connection [Lazy Connection proxy for target DataSource [org.springframework.jdbc.datasource.embedded.EmbeddedDatabaseFactory$EmbeddedDataSourceProxy@5f6ef272]] to manual commit
User = test@email.fr
15:17:54.208 [main] INFO fr.insalyon.creatis.vip.core.server.business.ConfigurationBusiness - verifying test@email.fr. List of undesired mail domains: . 
15:17:54.209 [main] INFO fr.insalyon.creatis.vip.core.server.business.ConfigurationBusiness - Signing up . List of undesired countries: .
15:17:54.216 [main] DEBUG org.springframework.jdbc.datasource.DataSourceTransactionManager - Participating in existing transaction
15:17:54.217 [main] DEBUG org.springframework.jdbc.datasource.SimpleDriverDataSource - Creating new JDBC Driver Connection to [jdbc:h2:mem:2e572f3c-ddcd-4993-8b29-68d7de400d05;DB_CLOSE_DELAY=-1;DB_CLOSE_ON_EXIT=false]
15:17:54.226 [main] INFO fr.insalyon.creatis.vip.core.server.business.ConfigurationBusiness - Sending confirmation email to 'test@email.fr'.
15:17:54.242 [main] DEBUG org.springframework.jdbc.datasource.DataSourceTransactionManager - Participating in existing transaction
15:17:54.244 [main] DEBUG org.springframework.jdbc.datasource.DataSourceTransactionManager - Initiating transaction commit
15:17:54.244 [main] DEBUG org.springframework.jdbc.datasource.DataSourceTransactionManager - Committing JDBC transaction on Connection [conn7: url=jdbc:h2:mem:2e572f3c-ddcd-4993-8b29-68d7de400d05 user=SA]
15:17:54.245 [main] DEBUG org.springframework.jdbc.datasource.DataSourceTransactionManager - Releasing JDBC Connection [conn7: url=jdbc:h2:mem:2e572f3c-ddcd-4993-8b29-68d7de400d05 user=SA] after transaction
15:17:54.245 [main] DEBUG org.springframework.jdbc.core.JdbcTemplate - Executing SQL query [SELECT COUNT(0) FROM VIPUsers]
15:17:54.245 [main] DEBUG org.springframework.jdbc.datasource.DataSourceUtils - Fetching JDBC Connection from DataSource
15:17:54.245 [main] DEBUG org.springframework.jdbc.datasource.SimpleDriverDataSource - Creating new JDBC Driver Connection to [jdbc:h2:mem:2e572f3c-ddcd-4993-8b29-68d7de400d05;DB_CLOSE_DELAY=-1;DB_CLOSE_ON_EXIT=false]
15:17:54.249 [main] DEBUG org.springframework.jdbc.datasource.DataSourceTransactionManager - Creating new transaction with name [fr.insalyon.creatis.vip.core.server.business.ConfigurationBusiness.removeUser]: PROPAGATION_REQUIRED,ISOLATION_DEFAULT
15:17:54.249 [main] DEBUG org.springframework.jdbc.datasource.DataSourceTransactionManager - Acquired Connection [Lazy Connection proxy for target DataSource [org.springframework.jdbc.datasource.embedded.EmbeddedDatabaseFactory$EmbeddedDataSourceProxy@5f6ef272]] for JDBC transaction
15:17:54.250 [main] DEBUG org.springframework.jdbc.datasource.DataSourceTransactionManager - Switching JDBC Connection [Lazy Connection proxy for target DataSource [org.springframework.jdbc.datasource.embedded.EmbeddedDatabaseFactory$EmbeddedDataSourceProxy@5f6ef272]] to manual commit
15:17:54.250 [main] DEBUG org.springframework.jdbc.datasource.DataSourceTransactionManager - Participating in existing transaction
15:17:54.251 [main] DEBUG org.springframework.jdbc.datasource.SimpleDriverDataSource - Creating new JDBC Driver Connection to [jdbc:h2:mem:2e572f3c-ddcd-4993-8b29-68d7de400d05;DB_CLOSE_DELAY=-1;DB_CLOSE_ON_EXIT=false]
15:17:54.258 [main] DEBUG org.springframework.jdbc.datasource.DataSourceTransactionManager - Participating in existing transaction
15:17:54.266 [main] DEBUG org.springframework.jdbc.datasource.DataSourceTransactionManager - Participating in existing transaction
15:17:54.267 [main] DEBUG org.springframework.jdbc.core.JdbcTemplate - Executing SQL query [SELECT COUNT(0) FROM VIPUsers]
15:17:54.268 [main] DEBUG org.springframework.jdbc.datasource.DataSourceTransactionManager - Initiating transaction rollback
15:17:54.268 [main] DEBUG org.springframework.jdbc.datasource.DataSourceTransactionManager - Rolling back JDBC transaction on Connection [conn9: url=jdbc:h2:mem:2e572f3c-ddcd-4993-8b29-68d7de400d05 user=SA]
15:17:54.268 [main] DEBUG org.springframework.jdbc.datasource.DataSourceTransactionManager - Releasing JDBC Connection [conn9: url=jdbc:h2:mem:2e572f3c-ddcd-4993-8b29-68d7de400d05 user=SA] after transaction
15:17:54.268 [main] DEBUG org.springframework.jdbc.core.JdbcTemplate - Executing SQL query [SELECT COUNT(0) FROM VIPUsers]
15:17:54.268 [main] DEBUG org.springframework.jdbc.datasource.DataSourceUtils - Fetching JDBC Connection from DataSource
15:17:54.269 [main] DEBUG org.springframework.jdbc.datasource.SimpleDriverDataSource - Creating new JDBC Driver Connection to [jdbc:h2:mem:2e572f3c-ddcd-4993-8b29-68d7de400d05;DB_CLOSE_DELAY=-1;DB_CLOSE_ON_EXIT=false]
15:17:54.270 [main] DEBUG org.springframework.jdbc.datasource.DataSourceTransactionManager - Creating new transaction with name [fr.insalyon.creatis.vip.core.server.business.ConfigurationBusiness.removeUser]: PROPAGATION_REQUIRED,ISOLATION_DEFAULT
15:17:54.270 [main] DEBUG org.springframework.jdbc.datasource.DataSourceTransactionManager - Acquired Connection [Lazy Connection proxy for target DataSource [org.springframework.jdbc.datasource.embedded.EmbeddedDatabaseFactory$EmbeddedDataSourceProxy@5f6ef272]] for JDBC transaction
15:17:54.271 [main] DEBUG org.springframework.jdbc.datasource.DataSourceTransactionManager - Switching JDBC Connection [Lazy Connection proxy for target DataSource [org.springframework.jdbc.datasource.embedded.EmbeddedDatabaseFactory$EmbeddedDataSourceProxy@5f6ef272]] to manual commit
15:17:54.271 [main] DEBUG org.springframework.jdbc.datasource.DataSourceTransactionManager - Participating in existing transaction
15:17:54.271 [main] DEBUG org.springframework.jdbc.datasource.SimpleDriverDataSource - Creating new JDBC Driver Connection to [jdbc:h2:mem:2e572f3c-ddcd-4993-8b29-68d7de400d05;DB_CLOSE_DELAY=-1;DB_CLOSE_ON_EXIT=false]
15:17:54.273 [main] DEBUG org.springframework.jdbc.datasource.DataSourceTransactionManager - Participating in existing transaction
15:17:54.274 [main] DEBUG org.springframework.jdbc.datasource.DataSourceTransactionManager - Initiating transaction commit
15:17:54.274 [main] DEBUG org.springframework.jdbc.datasource.DataSourceTransactionManager - Committing JDBC transaction on Connection [conn11: url=jdbc:h2:mem:2e572f3c-ddcd-4993-8b29-68d7de400d05 user=SA]
15:17:54.274 [main] DEBUG org.springframework.jdbc.datasource.DataSourceTransactionManager - Releasing JDBC Connection [conn11: url=jdbc:h2:mem:2e572f3c-ddcd-4993-8b29-68d7de400d05 user=SA] after transaction
15:17:54.274 [main] DEBUG org.springframework.jdbc.core.JdbcTemplate - Executing SQL query [SELECT COUNT(0) FROM VIPUsers]
15:17:54.274 [main] DEBUG org.springframework.jdbc.datasource.DataSourceUtils - Fetching JDBC Connection from DataSource
15:17:54.274 [main] DEBUG org.springframework.jdbc.datasource.SimpleDriverDataSource - Creating new JDBC Driver Connection to [jdbc:h2:mem:2e572f3c-ddcd-4993-8b29-68d7de400d05;DB_CLOSE_DELAY=-1;DB_CLOSE_ON_EXIT=false]
15:17:54.275 [main] DEBUG org.springframework.test.context.cache.DefaultCacheAwareContextLoaderDelegate - Retrieved ApplicationContext [1900971551] from cache with key [[MergedContextConfiguration@7d133fb7 testClass = SpringDatabaseIT, locations = '{}', classes = '{class fr.insalyon.creatis.vip.core.server.SpringCoreConfig}', contextInitializerClasses = '[]', activeProfiles = '{test-db, test}', propertySourceLocations = '{}', propertySourceProperties = '{db.tableEngine=, vipConfigFolder=classpath:}', contextCustomizers = set[[empty]], contextLoader = 'org.springframework.test.context.support.DelegatingSmartContextLoader', parent = [null]]]
15:17:54.275 [main] DEBUG org.springframework.test.context.cache - Spring test ApplicationContext cache statistics: [DefaultContextCache@13a91c02 size = 1, maxSize = 32, parentContextCount = 0, hitCount = 11, missCount = 1]
15:17:54.276 [main] DEBUG org.springframework.test.context.cache.DefaultCacheAwareContextLoaderDelegate - Retrieved ApplicationContext [1900971551] from cache with key [[MergedContextConfiguration@7d133fb7 testClass = SpringDatabaseIT, locations = '{}', classes = '{class fr.insalyon.creatis.vip.core.server.SpringCoreConfig}', contextInitializerClasses = '[]', activeProfiles = '{test-db, test}', propertySourceLocations = '{}', propertySourceProperties = '{db.tableEngine=, vipConfigFolder=classpath:}', contextCustomizers = set[[empty]], contextLoader = 'org.springframework.test.context.support.DelegatingSmartContextLoader', parent = [null]]]
15:17:54.276 [main] DEBUG org.springframework.test.context.cache - Spring test ApplicationContext cache statistics: [DefaultContextCache@13a91c02 size = 1, maxSize = 32, parentContextCount = 0, hitCount = 12, missCount = 1]
15:17:54.276 [main] DEBUG org.springframework.test.context.support.AbstractDirtiesContextTestExecutionListener - After test method: context [DefaultTestContext@1291aab5 testClass = SpringDatabaseIT, testInstance = fr.insalyon.creatis.vip.core.integrationtest.database.SpringDatabaseIT@7c8c09e7, testMethod = shouldRollbackWithRuntimeException@SpringDatabaseIT, testException = [null], mergedContextConfiguration = [MergedContextConfiguration@7d133fb7 testClass = SpringDatabaseIT, locations = '{}', classes = '{class fr.insalyon.creatis.vip.core.server.SpringCoreConfig}', contextInitializerClasses = '[]', activeProfiles = '{test-db, test}', propertySourceLocations = '{}', propertySourceProperties = '{db.tableEngine=, vipConfigFolder=classpath:}', contextCustomizers = set[[empty]], contextLoader = 'org.springframework.test.context.support.DelegatingSmartContextLoader', parent = [null]], attributes = map['org.springframework.test.context.event.ApplicationEventsTestExecutionListener.recordApplicationEvents' -> false]], class annotated with @DirtiesContext [false] with mode [null], method annotated with @DirtiesContext [false] with mode [null].
]]></system-out>
  </testcase>
  <testcase name="shouldNotRollbackWithCheckedException" classname="fr.insalyon.creatis.vip.core.integrationtest.database.SpringDatabaseIT" time="0.027">
    <system-out><![CDATA[15:17:54.277 [main] DEBUG org.springframework.test.context.support.DependencyInjectionTestExecutionListener - Performing dependency injection for test context [[DefaultTestContext@1291aab5 testClass = SpringDatabaseIT, testInstance = fr.insalyon.creatis.vip.core.integrationtest.database.SpringDatabaseIT@738b188f, testMethod = [null], testException = [null], mergedContextConfiguration = [MergedContextConfiguration@7d133fb7 testClass = SpringDatabaseIT, locations = '{}', classes = '{class fr.insalyon.creatis.vip.core.server.SpringCoreConfig}', contextInitializerClasses = '[]', activeProfiles = '{test-db, test}', propertySourceLocations = '{}', propertySourceProperties = '{db.tableEngine=, vipConfigFolder=classpath:}', contextCustomizers = set[[empty]], contextLoader = 'org.springframework.test.context.support.DelegatingSmartContextLoader', parent = [null]], attributes = map['org.springframework.test.context.event.ApplicationEventsTestExecutionListener.recordApplicationEvents' -> false]]].
15:17:54.277 [main] DEBUG org.springframework.test.context.cache.DefaultCacheAwareContextLoaderDelegate - Retrieved ApplicationContext [1900971551] from cache with key [[MergedContextConfiguration@7d133fb7 testClass = SpringDatabaseIT, locations = '{}', classes = '{class fr.insalyon.creatis.vip.core.server.SpringCoreConfig}', contextInitializerClasses = '[]', activeProfiles = '{test-db, test}', propertySourceLocations = '{}', propertySourceProperties = '{db.tableEngine=, vipConfigFolder=classpath:}', contextCustomizers = set[[empty]], contextLoader = 'org.springframework.test.context.support.DelegatingSmartContextLoader', parent = [null]]]
15:17:54.277 [main] DEBUG org.springframework.test.context.cache - Spring test ApplicationContext cache statistics: [DefaultContextCache@13a91c02 size = 1, maxSize = 32, parentContextCount = 0, hitCount = 13, missCount = 1]
15:17:54.278 [main] DEBUG org.springframework.test.context.cache.DefaultCacheAwareContextLoaderDelegate - Retrieved ApplicationContext [1900971551] from cache with key [[MergedContextConfiguration@7d133fb7 testClass = SpringDatabaseIT, locations = '{}', classes = '{class fr.insalyon.creatis.vip.core.server.SpringCoreConfig}', contextInitializerClasses = '[]', activeProfiles = '{test-db, test}', propertySourceLocations = '{}', propertySourceProperties = '{db.tableEngine=, vipConfigFolder=classpath:}', contextCustomizers = set[[empty]], contextLoader = 'org.springframework.test.context.support.DelegatingSmartContextLoader', parent = [null]]]
15:17:54.278 [main] DEBUG org.springframework.test.context.cache - Spring test ApplicationContext cache statistics: [DefaultContextCache@13a91c02 size = 1, maxSize = 32, parentContextCount = 0, hitCount = 14, missCount = 1]
15:17:54.281 [main] DEBUG org.springframework.test.context.support.AbstractDirtiesContextTestExecutionListener - Before test method: context [DefaultTestContext@1291aab5 testClass = SpringDatabaseIT, testInstance = fr.insalyon.creatis.vip.core.integrationtest.database.SpringDatabaseIT@738b188f, testMethod = shouldNotRollbackWithCheckedException@SpringDatabaseIT, testException = [null], mergedContextConfiguration = [MergedContextConfiguration@7d133fb7 testClass = SpringDatabaseIT, locations = '{}', classes = '{class fr.insalyon.creatis.vip.core.server.SpringCoreConfig}', contextInitializerClasses = '[]', activeProfiles = '{test-db, test}', propertySourceLocations = '{}', propertySourceProperties = '{db.tableEngine=, vipConfigFolder=classpath:}', contextCustomizers = set[[empty]], contextLoader = 'org.springframework.test.context.support.DelegatingSmartContextLoader', parent = [null]], attributes = map['org.springframework.test.context.event.ApplicationEventsTestExecutionListener.recordApplicationEvents' -> false]], class annotated with @DirtiesContext [false] with mode [null], method annotated with @DirtiesContext [false] with mode [null].
15:17:54.282 [main] DEBUG org.springframework.test.context.transaction.TransactionalTestExecutionListener - Explicit transaction definition [PROPAGATION_NOT_SUPPORTED,ISOLATION_DEFAULT] found for test context [DefaultTestContext@1291aab5 testClass = SpringDatabaseIT, testInstance = fr.insalyon.creatis.vip.core.integrationtest.database.SpringDatabaseIT@738b188f, testMethod = shouldNotRollbackWithCheckedException@SpringDatabaseIT, testException = [null], mergedContextConfiguration = [MergedContextConfiguration@7d133fb7 testClass = SpringDatabaseIT, locations = '{}', classes = '{class fr.insalyon.creatis.vip.core.server.SpringCoreConfig}', contextInitializerClasses = '[]', activeProfiles = '{test-db, test}', propertySourceLocations = '{}', propertySourceProperties = '{db.tableEngine=, vipConfigFolder=classpath:}', contextCustomizers = set[[empty]], contextLoader = 'org.springframework.test.context.support.DelegatingSmartContextLoader', parent = [null]], attributes = map['org.springframework.test.context.event.ApplicationEventsTestExecutionListener.recordApplicationEvents' -> false]]
15:17:54.283 [main] DEBUG org.springframework.test.context.cache.DefaultCacheAwareContextLoaderDelegate - Retrieved ApplicationContext [1900971551] from cache with key [[MergedContextConfiguration@7d133fb7 testClass = SpringDatabaseIT, locations = '{}', classes = '{class fr.insalyon.creatis.vip.core.server.SpringCoreConfig}', contextInitializerClasses = '[]', activeProfiles = '{test-db, test}', propertySourceLocations = '{}', propertySourceProperties = '{db.tableEngine=, vipConfigFolder=classpath:}', contextCustomizers = set[[empty]], contextLoader = 'org.springframework.test.context.support.DelegatingSmartContextLoader', parent = [null]]]
15:17:54.283 [main] DEBUG org.springframework.test.context.cache - Spring test ApplicationContext cache statistics: [DefaultContextCache@13a91c02 size = 1, maxSize = 32, parentContextCount = 0, hitCount = 15, missCount = 1]
15:17:54.286 [main] DEBUG org.springframework.test.context.cache.DefaultCacheAwareContextLoaderDelegate - Retrieved ApplicationContext [1900971551] from cache with key [[MergedContextConfiguration@7d133fb7 testClass = SpringDatabaseIT, locations = '{}', classes = '{class fr.insalyon.creatis.vip.core.server.SpringCoreConfig}', contextInitializerClasses = '[]', activeProfiles = '{test-db, test}', propertySourceLocations = '{}', propertySourceProperties = '{db.tableEngine=, vipConfigFolder=classpath:}', contextCustomizers = set[[empty]], contextLoader = 'org.springframework.test.context.support.DelegatingSmartContextLoader', parent = [null]]]
15:17:54.286 [main] DEBUG org.springframework.test.context.cache - Spring test ApplicationContext cache statistics: [DefaultContextCache@13a91c02 size = 1, maxSize = 32, parentContextCount = 0, hitCount = 16, missCount = 1]
15:17:54.287 [main] DEBUG org.springframework.jdbc.core.JdbcTemplate - Executing SQL query [SELECT COUNT(0) FROM VIPUsers]
15:17:54.287 [main] DEBUG org.springframework.jdbc.datasource.DataSourceUtils - Fetching JDBC Connection from DataSource
15:17:54.287 [main] DEBUG org.springframework.jdbc.datasource.SimpleDriverDataSource - Creating new JDBC Driver Connection to [jdbc:h2:mem:2e572f3c-ddcd-4993-8b29-68d7de400d05;DB_CLOSE_DELAY=-1;DB_CLOSE_ON_EXIT=false]
15:17:54.289 [main] DEBUG org.springframework.jdbc.datasource.DataSourceTransactionManager - Creating new transaction with name [fr.insalyon.creatis.vip.core.server.business.ConfigurationBusiness.signup]: PROPAGATION_REQUIRED,ISOLATION_DEFAULT
15:17:54.289 [main] DEBUG org.springframework.jdbc.datasource.DataSourceTransactionManager - Acquired Connection [Lazy Connection proxy for target DataSource [org.springframework.jdbc.datasource.embedded.EmbeddedDatabaseFactory$EmbeddedDataSourceProxy@5f6ef272]] for JDBC transaction
15:17:54.290 [main] DEBUG org.springframework.jdbc.datasource.DataSourceTransactionManager - Switching JDBC Connection [Lazy Connection proxy for target DataSource [org.springframework.jdbc.datasource.embedded.EmbeddedDatabaseFactory$EmbeddedDataSourceProxy@5f6ef272]] to manual commit
User = test@email.fr
15:17:54.290 [main] INFO fr.insalyon.creatis.vip.core.server.business.ConfigurationBusiness - verifying test@email.fr. List of undesired mail domains: . 
15:17:54.290 [main] INFO fr.insalyon.creatis.vip.core.server.business.ConfigurationBusiness - Signing up . List of undesired countries: .
[...]
15:17:54.309 [main] DEBUG org.springframework.test.context.transaction.TransactionalTestExecutionListener - Explicit transaction definition [PROPAGATION_NOT_SUPPORTED,ISOLATION_DEFAULT] found for test context [DefaultTestContext@1291aab5 testClass = SpringDatabaseIT, testInstance = fr.insalyon.creatis.vip.core.integrationtest.database.SpringDatabaseIT@254e898e, testMethod = shouldHandleConnectionCreationIssue@SpringDatabaseIT, testException = [null], mergedContextConfiguration = [MergedContextConfiguration@7d133fb7 testClass = SpringDatabaseIT, locations = '{}', classes = '{class fr.insalyon.creatis.vip.core.server.SpringCoreConfig}', contextInitializerClasses = '[]', activeProfiles = '{test-db, test}', propertySourceLocations = '{}', propertySourceProperties = '{db.tableEngine=, vipConfigFolder=classpath:}', contextCustomizers = set[[empty]], contextLoader = 'org.springframework.test.context.support.DelegatingSmartContextLoader', parent = [null]], attributes = map['org.springframework.test.context.event.ApplicationEventsTestExecutionListener.recordApplicationEvents' -> false]]
15:17:54.310 [main] DEBUG org.springframework.test.context.cache.DefaultCacheAwareContextLoaderDelegate - Retrieved ApplicationContext [1900971551] from cache with key [[MergedContextConfiguration@7d133fb7 testClass = SpringDatabaseIT, locations = '{}', classes = '{class fr.insalyon.creatis.vip.core.server.SpringCoreConfig}', contextInitializerClasses = '[]', activeProfiles = '{test-db, test}', propertySourceLocations = '{}', propertySourceProperties = '{db.tableEngine=, vipConfigFolder=classpath:}', contextCustomizers = set[[empty]], contextLoader = 'org.springframework.test.context.support.DelegatingSmartContextLoader', parent = [null]]]
15:17:54.310 [main] DEBUG org.springframework.test.context.cache - Spring test ApplicationContext cache statistics: [DefaultContextCache@13a91c02 size = 1, maxSize = 32, parentContextCount = 0, hitCount = 21, missCount = 1]
15:17:54.312 [main] DEBUG org.springframework.test.context.cache.DefaultCacheAwareContextLoaderDelegate - Retrieved ApplicationContext [1900971551] from cache with key [[MergedContextConfiguration@7d133fb7 testClass = SpringDatabaseIT, locations = '{}', classes = '{class fr.insalyon.creatis.vip.core.server.SpringCoreConfig}', contextInitializerClasses = '[]', activeProfiles = '{test-db, test}', propertySourceLocations = '{}', propertySourceProperties = '{db.tableEngine=, vipConfigFolder=classpath:}', contextCustomizers = set[[empty]], contextLoader = 'org.springframework.test.context.support.DelegatingSmartContextLoader', parent = [null]]]
15:17:54.312 [main] DEBUG org.springframework.test.context.cache - Spring test ApplicationContext cache statistics: [DefaultContextCache@13a91c02 size = 1, maxSize = 32, parentContextCount = 0, hitCount = 22, missCount = 1]
15:17:54.317 [main] DEBUG org.springframework.jdbc.datasource.DataSourceTransactionManager - Creating new transaction with name [fr.insalyon.creatis.vip.core.server.business.ConfigurationBusiness.addTermsUse]: PROPAGATION_REQUIRED,ISOLATION_DEFAULT
15:17:54.318 [main] DEBUG org.springframework.jdbc.datasource.DataSourceTransactionManager - Acquired Connection [Lazy Connection proxy for target DataSource [org.springframework.jdbc.datasource.embedded.EmbeddedDatabaseFactory$EmbeddedDataSourceProxy@5f6ef272]] for JDBC transaction
15:17:54.318 [main] DEBUG org.springframework.jdbc.datasource.DataSourceTransactionManager - Switching JDBC Connection [Lazy Connection proxy for target DataSource [org.springframework.jdbc.datasource.embedded.EmbeddedDatabaseFactory$EmbeddedDataSourceProxy@5f6ef272]] to manual commit
15:17:54.318 [main] DEBUG org.springframework.jdbc.datasource.DataSourceTransactionManager - Participating in existing transaction
15:17:54.321 [main] ERROR fr.insalyon.creatis.vip.core.server.dao.mysql.TermsUseData - Error adding terms of use 2023-07-11 15:17:54.318
java.sql.SQLException: null
15:17:54.321 [main] DEBUG org.springframework.jdbc.datasource.DataSourceTransactionManager - Initiating transaction commit
15:17:54.322 [main] DEBUG org.springframework.jdbc.datasource.DataSourceTransactionManager - Committing JDBC transaction on Connection [Lazy Connection proxy for target DataSource [org.springframework.jdbc.datasource.embedded.EmbeddedDatabaseFactory$EmbeddedDataSourceProxy@5f6ef272]]
15:17:54.322 [main] DEBUG org.springframework.jdbc.datasource.DataSourceTransactionManager - Releasing JDBC Connection [Lazy Connection proxy for target DataSource [org.springframework.jdbc.datasource.embedded.EmbeddedDatabaseFactory$EmbeddedDataSourceProxy@5f6ef272]] after transaction
15:17:54.323 [main] DEBUG org.springframework.test.context.cache.DefaultCacheAwareContextLoaderDelegate - Retrieved ApplicationContext [1900971551] from cache with key [[MergedContextConfiguration@7d133fb7 testClass = SpringDatabaseIT, locations = '{}', classes = '{class fr.insalyon.creatis.vip.core.server.SpringCoreConfig}', contextInitializerClasses = '[]', activeProfiles = '{test-db, test}', propertySourceLocations = '{}', propertySourceProperties = '{db.tableEngine=, vipConfigFolder=classpath:}', contextCustomizers = set[[empty]], contextLoader = 'org.springframework.test.context.support.DelegatingSmartContextLoader', parent = [null]]]
15:17:54.323 [main] DEBUG org.springframework.test.context.cache - Spring test ApplicationContext cache statistics: [DefaultContextCache@13a91c02 size = 1, maxSize = 32, parentContextCount = 0, hitCount = 23, missCount = 1]
15:17:54.323 [main] DEBUG org.springframework.test.context.cache.DefaultCacheAwareContextLoaderDelegate - Retrieved ApplicationContext [1900971551] from cache with key [[MergedContextConfiguration@7d133fb7 testClass = SpringDatabaseIT, locations = '{}', classes = '{class fr.insalyon.creatis.vip.core.server.SpringCoreConfig}', contextInitializerClasses = '[]', activeProfiles = '{test-db, test}', propertySourceLocations = '{}', propertySourceProperties = '{db.tableEngine=, vipConfigFolder=classpath:}', contextCustomizers = set[[empty]], contextLoader = 'org.springframework.test.context.support.DelegatingSmartContextLoader', parent = [null]]]
15:17:54.323 [main] DEBUG org.springframework.test.context.cache - Spring test ApplicationContext cache statistics: [DefaultContextCache@13a91c02 size = 1, maxSize = 32, parentContextCount = 0, hitCount = 24, missCount = 1]
15:17:54.324 [main] DEBUG org.springframework.test.context.support.AbstractDirtiesContextTestExecutionListener - After test method: context [DefaultTestContext@1291aab5 testClass = SpringDatabaseIT, testInstance = fr.insalyon.creatis.vip.core.integrationtest.database.SpringDatabaseIT@254e898e, testMethod = shouldHandleConnectionCreationIssue@SpringDatabaseIT, testException = [null], mergedContextConfiguration = [MergedContextConfiguration@7d133fb7 testClass = SpringDatabaseIT, locations = '{}', classes = '{class fr.insalyon.creatis.vip.core.server.SpringCoreConfig}', contextInitializerClasses = '[]', activeProfiles = '{test-db, test}', propertySourceLocations = '{}', propertySourceProperties = '{db.tableEngine=, vipConfigFolder=classpath:}', contextCustomizers = set[[empty]], contextLoader = 'org.springframework.test.context.support.DelegatingSmartContextLoader', parent = [null]], attributes = map['org.springframework.test.context.event.ApplicationEventsTestExecutionListener.recordApplicationEvents' -> false]], class annotated with @DirtiesContext [false] with mode [null], method annotated with @DirtiesContext [false] with mode [null].
]]></system-out>
  </testcase>
  <testcase name="connectionShouldBeLazyInTransaction" classname="fr.insalyon.creatis.vip.core.integrationtest.database.SpringDatabaseIT" time="0.008">
    <system-out><![CDATA[15:17:54.325 [main] DEBUG org.springframework.test.context.support.DependencyInjectionTestExecutionListener - Performing dependency injection for test context [[DefaultTestContext@1291aab5 testClass = SpringDatabaseIT, testInstance = fr.insalyon.creatis.vip.core.integrationtest.database.SpringDatabaseIT@90c4b53, testMethod = [null], testException = [null], mergedContextConfiguration = [MergedContextConfiguration@7d133fb7 testClass = SpringDatabaseIT, locations = '{}', classes = '{class fr.insalyon.creatis.vip.core.server.SpringCoreConfig}', contextInitializerClasses = '[]', activeProfiles = '{test-db, test}', propertySourceLocations = '{}', propertySourceProperties = '{db.tableEngine=, vipConfigFolder=classpath:}', contextCustomizers = set[[empty]], contextLoader = 'org.springframework.test.context.support.DelegatingSmartContextLoader', parent = [null]], attributes = map['org.springframework.test.context.event.ApplicationEventsTestExecutionListener.recordApplicationEvents' -> false]]].
15:17:54.325 [main] DEBUG org.springframework.test.context.cache.DefaultCacheAwareContextLoaderDelegate - Retrieved ApplicationContext [1900971551] from cache with key [[MergedContextConfiguration@7d133fb7 testClass = SpringDatabaseIT, locations = '{}', classes = '{class fr.insalyon.creatis.vip.core.server.SpringCoreConfig}', contextInitializerClasses = '[]', activeProfiles = '{test-db, test}', propertySourceLocations = '{}', propertySourceProperties = '{db.tableEngine=, vipConfigFolder=classpath:}', contextCustomizers = set[[empty]], contextLoader = 'org.springframework.test.context.support.DelegatingSmartContextLoader', parent = [null]]]
15:17:54.325 [main] DEBUG org.springframework.test.context.cache - Spring test ApplicationContext cache statistics: [DefaultContextCache@13a91c02 size = 1, maxSize = 32, parentContextCount = 0, hitCount = 25, missCount = 1]
15:17:54.326 [main] DEBUG org.springframework.test.context.cache.DefaultCacheAwareContextLoaderDelegate - Retrieved ApplicationContext [1900971551] from cache with key [[MergedContextConfiguration@7d133fb7 testClass = SpringDatabaseIT, locations = '{}', classes = '{class fr.insalyon.creatis.vip.core.server.SpringCoreConfig}', contextInitializerClasses = '[]', activeProfiles = '{test-db, test}', propertySourceLocations = '{}', propertySourceProperties = '{db.tableEngine=, vipConfigFolder=classpath:}', contextCustomizers = set[[empty]], contextLoader = 'org.springframework.test.context.support.DelegatingSmartContextLoader', parent = [null]]]
15:17:54.326 [main] DEBUG org.springframework.test.context.cache - Spring test ApplicationContext cache statistics: [DefaultContextCache@13a91c02 size = 1, maxSize = 32, parentContextCount = 0, hitCount = 26, missCount = 1]
15:17:54.327 [main] DEBUG org.springframework.test.context.support.AbstractDirtiesContextTestExecutionListener - Before test method: context [DefaultTestContext@1291aab5 testClass = SpringDatabaseIT, testInstance = fr.insalyon.creatis.vip.core.integrationtest.database.SpringDatabaseIT@90c4b53, testMethod = connectionShouldBeLazyInTransaction@SpringDatabaseIT, testException = [null], mergedContextConfiguration = [MergedContextConfiguration@7d133fb7 testClass = SpringDatabaseIT, locations = '{}', classes = '{class fr.insalyon.creatis.vip.core.server.SpringCoreConfig}', contextInitializerClasses = '[]', activeProfiles = '{test-db, test}', propertySourceLocations = '{}', propertySourceProperties = '{db.tableEngine=, vipConfigFolder=classpath:}', contextCustomizers = set[[empty]], contextLoader = 'org.springframework.test.context.support.DelegatingSmartContextLoader', parent = [null]], attributes = map['org.springframework.test.context.event.ApplicationEventsTestExecutionListener.recordApplicationEvents' -> false]], class annotated with @DirtiesContext [false] with mode [null], method annotated with @DirtiesContext [false] with mode [null].
15:17:54.328 [main] DEBUG org.springframework.test.context.transaction.TransactionalTestExecutionListener - Explicit transaction definition [PROPAGATION_NOT_SUPPORTED,ISOLATION_DEFAULT] found for test context [DefaultTestContext@1291aab5 testClass = SpringDatabaseIT, testInstance = fr.insalyon.creatis.vip.core.integrationtest.database.SpringDatabaseIT@90c4b53, testMethod = connectionShouldBeLazyInTransaction@SpringDatabaseIT, testException = [null], mergedContextConfiguration = [MergedContextConfiguration@7d133fb7 testClass = SpringDatabaseIT, locations = '{}', classes = '{class fr.insalyon.creatis.vip.core.server.SpringCoreConfig}', contextInitializerClasses = '[]', activeProfiles = '{test-db, test}', propertySourceLocations = '{}', propertySourceProperties = '{db.tableEngine=, vipConfigFolder=classpath:}', contextCustomizers = set[[empty]], contextLoader = 'org.springframework.test.context.support.DelegatingSmartContextLoader', parent = [null]], attributes = map['org.springframework.test.context.event.ApplicationEventsTestExecutionListener.recordApplicationEvents' -> false]]
15:17:54.328 [main] DEBUG org.springframework.test.context.cache.DefaultCacheAwareContextLoaderDelegate - Retrieved ApplicationContext [1900971551] from cache with key [[MergedContextConfiguration@7d133fb7 testClass = SpringDatabaseIT, locations = '{}', classes = '{class fr.insalyon.creatis.vip.core.server.SpringCoreConfig}', contextInitializerClasses = '[]', activeProfiles = '{test-db, test}', propertySourceLocations = '{}', propertySourceProperties = '{db.tableEngine=, vipConfigFolder=classpath:}', contextCustomizers = set[[empty]], contextLoader = 'org.springframework.test.context.support.DelegatingSmartContextLoader', parent = [null]]]
15:17:54.328 [main] DEBUG org.springframework.test.context.cache - Spring test ApplicationContext cache statistics: [DefaultContextCache@13a91c02 size = 1, maxSize = 32, parentContextCount = 0, hitCount = 27, missCount = 1]
15:17:54.330 [main] DEBUG org.springframework.test.context.cache.DefaultCacheAwareContextLoaderDelegate - Retrieved ApplicationContext [1900971551] from cache with key [[MergedContextConfiguration@7d133fb7 testClass = SpringDatabaseIT, locations = '{}', classes = '{class fr.insalyon.creatis.vip.core.server.SpringCoreConfig}', contextInitializerClasses = '[]', activeProfiles = '{test-db, test}', propertySourceLocations = '{}', propertySourceProperties = '{db.tableEngine=, vipConfigFolder=classpath:}', contextCustomizers = set[[empty]], contextLoader = 'org.springframework.test.context.support.DelegatingSmartContextLoader', parent = [null]]]
15:17:54.330 [main] DEBUG org.springframework.test.context.cache - Spring test ApplicationContext cache statistics: [DefaultContextCache@13a91c02 size = 1, maxSize = 32, parentContextCount = 0, hitCount = 28, missCount = 1]
15:17:54.331 [main] DEBUG org.springframework.jdbc.datasource.DataSourceTransactionManager - Creating new transaction with name [fr.insalyon.creatis.vip.core.server.business.ConfigurationBusiness.getLoginUrlCas]: PROPAGATION_REQUIRED,ISOLATION_DEFAULT
15:17:54.331 [main] DEBUG org.springframework.jdbc.datasource.DataSourceTransactionManager - Acquired Connection [Lazy Connection proxy for target DataSource [org.springframework.jdbc.datasource.embedded.EmbeddedDatabaseFactory$EmbeddedDataSourceProxy@5f6ef272]] for JDBC transaction
15:17:54.332 [main] DEBUG org.springframework.jdbc.datasource.DataSourceTransactionManager - Switching JDBC Connection [Lazy Connection proxy for target DataSource [org.springframework.jdbc.datasource.embedded.EmbeddedDatabaseFactory$EmbeddedDataSourceProxy@5f6ef272]] to manual commit
15:17:54.332 [main] DEBUG org.springframework.jdbc.datasource.DataSourceTransactionManager - Initiating transaction commit
15:17:54.333 [main] DEBUG org.springframework.jdbc.datasource.DataSourceTransactionManager - Committing JDBC transaction on Connection [Lazy Connection proxy for target DataSource [org.springframework.jdbc.datasource.embedded.EmbeddedDatabaseFactory$EmbeddedDataSourceProxy@5f6ef272]]
15:17:54.333 [main] DEBUG org.springframework.jdbc.datasource.DataSourceTransactionManager - Releasing JDBC Connection [Lazy Connection proxy for target DataSource [org.springframework.jdbc.datasource.embedded.EmbeddedDatabaseFactory$EmbeddedDataSourceProxy@5f6ef272]] after transaction
15:17:54.333 [main] DEBUG org.springframework.test.context.cache.DefaultCacheAwareContextLoaderDelegate - Retrieved ApplicationContext [1900971551] from cache with key [[MergedContextConfiguration@7d133fb7 testClass = SpringDatabaseIT, locations = '{}', classes = '{class fr.insalyon.creatis.vip.core.server.SpringCoreConfig}', contextInitializerClasses = '[]', activeProfiles = '{test-db, test}', propertySourceLocations = '{}', propertySourceProperties = '{db.tableEngine=, vipConfigFolder=classpath:}', contextCustomizers = set[[empty]], contextLoader = 'org.springframework.test.context.support.DelegatingSmartContextLoader', parent = [null]]]
15:17:54.333 [main] DEBUG org.springframework.test.context.cache - Spring test ApplicationContext cache statistics: [DefaultContextCache@13a91c02 size = 1, maxSize = 32, parentContextCount = 0, hitCount = 29, missCount = 1]
15:17:54.334 [main] DEBUG org.springframework.test.context.cache.DefaultCacheAwareContextLoaderDelegate - Retrieved ApplicationContext [1900971551] from cache with key [[MergedContextConfiguration@7d133fb7 testClass = SpringDatabaseIT, locations = '{}', classes = '{class fr.insalyon.creatis.vip.core.server.SpringCoreConfig}', contextInitializerClasses = '[]', activeProfiles = '{test-db, test}', propertySourceLocations = '{}', propertySourceProperties = '{db.tableEngine=, vipConfigFolder=classpath:}', contextCustomizers = set[[empty]], contextLoader = 'org.springframework.test.context.support.DelegatingSmartContextLoader', parent = [null]]]
15:17:54.334 [main] DEBUG org.springframework.test.context.cache - Spring test ApplicationContext cache statistics: [DefaultContextCache@13a91c02 size = 1, maxSize = 32, parentContextCount = 0, hitCount = 30, missCount = 1]
15:17:54.334 [main] DEBUG org.springframework.test.context.support.AbstractDirtiesContextTestExecutionListener - After test method: context [DefaultTestContext@1291aab5 testClass = SpringDatabaseIT, testInstance = fr.insalyon.creatis.vip.core.integrationtest.database.SpringDatabaseIT@90c4b53, testMethod = connectionShouldBeLazyInTransaction@SpringDatabaseIT, testException = [null], mergedContextConfiguration = [MergedContextConfiguration@7d133fb7 testClass = SpringDatabaseIT, locations = '{}', classes = '{class fr.insalyon.creatis.vip.core.server.SpringCoreConfig}', contextInitializerClasses = '[]', activeProfiles = '{test-db, test}', propertySourceLocations = '{}', propertySourceProperties = '{db.tableEngine=, vipConfigFolder=classpath:}', contextCustomizers = set[[empty]], contextLoader = 'org.springframework.test.context.support.DelegatingSmartContextLoader', parent = [null]], attributes = map['org.springframework.test.context.event.ApplicationEventsTestExecutionListener.recordApplicationEvents' -> false]], class annotated with @DirtiesContext [false] with mode [null], method annotated with @DirtiesContext [false] with mode [null].
]]></system-out>
  </testcase>
</testsuite>