<?xml version="1.0" encoding="UTF-8"?>
<testsuite xmlns:xsi="http://www.w3.org/2001/XMLSchema-instance" xsi:noNamespaceSchemaLocation="https://maven.apache.org/surefire/maven-failsafe-plugin/xsd/failsafe-test-report-3.0.xsd" version="3.0" name="fr.insalyon.creatis.vip.social.integrationtest.SocialIT" time="6.81" tests="30" errors="0" skipped="0" failures="0">
  <properties>
[...]
</properties>
  <testcase name="testCatchNonExistentUsersSendGroupMessage" classname="fr.insalyon.creatis.vip.social.integrationtest.SocialIT" time="0.391">
    <system-out><![CDATA[18:00:18.616 [main] DEBUG org.springframework.test.context.BootstrapUtils - Instantiating CacheAwareContextLoaderDelegate from class [org.springframework.test.context.cache.DefaultCacheAwareContextLoaderDelegate]
18:00:18.634 [main] DEBUG org.springframework.test.context.BootstrapUtils - Instantiating BootstrapContext using constructor [public org.springframework.test.context.support.DefaultBootstrapContext(java.lang.Class,org.springframework.test.context.CacheAwareContextLoaderDelegate)]
18:00:18.701 [main] DEBUG org.springframework.test.context.BootstrapUtils - Instantiating TestContextBootstrapper for test class [fr.insalyon.creatis.vip.social.integrationtest.SocialIT] from class [org.springframework.test.context.support.DefaultTestContextBootstrapper]
18:00:18.752 [main] DEBUG org.springframework.test.context.support.AbstractDelegatingSmartContextLoader - Delegating to AnnotationConfigContextLoader to process context configuration [ContextConfigurationAttributes@24dd44f9 declaringClass = 'fr.insalyon.creatis.vip.core.integrationtest.database.BaseSpringIT', classes = '{class fr.insalyon.creatis.vip.core.server.SpringCoreConfig}', locations = '{}', inheritLocations = true, initializers = '{}', inheritInitializers = true, name = [null], contextLoaderClass = 'org.springframework.test.context.ContextLoader'].
18:00:18.807 [main] DEBUG org.springframework.test.context.support.DefaultTestContextBootstrapper - @TestExecutionListeners is not present for class [fr.insalyon.creatis.vip.social.integrationtest.SocialIT]: using defaults.
18:00:18.808 [main] INFO org.springframework.test.context.support.DefaultTestContextBootstrapper - Loaded default TestExecutionListener class names from location [META-INF/spring.factories]: [org.springframework.test.context.web.ServletTestExecutionListener, org.springframework.test.context.support.DirtiesContextBeforeModesTestExecutionListener, org.springframework.test.context.event.ApplicationEventsTestExecutionListener, org.springframework.test.context.support.DependencyInjectionTestExecutionListener, org.springframework.test.context.support.DirtiesContextTestExecutionListener, org.springframework.test.context.transaction.TransactionalTestExecutionListener, org.springframework.test.context.jdbc.SqlScriptsTestExecutionListener, org.springframework.test.context.event.EventPublishingTestExecutionListener, org.springframework.security.test.context.support.WithSecurityContextTestExecutionListener, org.springframework.security.test.context.support.ReactorContextTestExecutionListener]
18:00:18.862 [main] INFO org.springframework.test.context.support.DefaultTestContextBootstrapper - Using TestExecutionListeners: [org.springframework.test.context.web.ServletTestExecutionListener@101330ad, org.springframework.test.context.support.DirtiesContextBeforeModesTestExecutionListener@625487a6, org.springframework.test.context.event.ApplicationEventsTestExecutionListener@682e445e, org.springframework.test.context.support.DependencyInjectionTestExecutionListener@79e10fb4, org.springframework.test.context.support.DirtiesContextTestExecutionListener@70fede7d, org.springframework.test.context.transaction.TransactionalTestExecutionListener@36510e73, org.springframework.test.context.jdbc.SqlScriptsTestExecutionListener@2c47a053, org.springframework.test.context.event.EventPublishingTestExecutionListener@5d2a86c0, org.springframework.security.test.context.support.WithSecurityContextTestExecutionListener@5ba1b62e, org.springframework.security.test.context.support.ReactorContextTestExecutionListener@65bd19bf]
18:00:18.869 [main] DEBUG org.springframework.test.context.support.AbstractDirtiesContextTestExecutionListener - Before test class: context [DefaultTestContext@65593327 testClass = SocialIT, testInstance = [null], testMethod = [null], testException = [null], mergedContextConfiguration = [MergedContextConfiguration@68e5c7ae testClass = SocialIT, locations = '{}', classes = '{class fr.insalyon.creatis.vip.core.server.SpringCoreConfig}', contextInitializerClasses = '[]', activeProfiles = '{test-db, test}', propertySourceLocations = '{}', propertySourceProperties = '{db.tableEngine=}', contextCustomizers = set[[empty]], contextLoader = 'org.springframework.test.context.support.DelegatingSmartContextLoader', parent = [null]], attributes = map[[empty]]], class annotated with @DirtiesContext [false] with mode [null].
18:00:18.904 [main] DEBUG org.springframework.test.context.support.DependencyInjectionTestExecutionListener - Performing dependency injection for test context [[DefaultTestContext@65593327 testClass = SocialIT, testInstance = fr.insalyon.creatis.vip.social.integrationtest.SocialIT@1796b2d4, testMethod = [null], testException = [null], mergedContextConfiguration = [MergedContextConfiguration@68e5c7ae testClass = SocialIT, locations = '{}', classes = '{class fr.insalyon.creatis.vip.core.server.SpringCoreConfig}', contextInitializerClasses = '[]', activeProfiles = '{test-db, test}', propertySourceLocations = '{}', propertySourceProperties = '{db.tableEngine=}', contextCustomizers = set[[empty]], contextLoader = 'org.springframework.test.context.support.DelegatingSmartContextLoader', parent = [null]], attributes = map['org.springframework.test.context.event.ApplicationEventsTestExecutionListener.recordApplicationEvents' -> false]]].
18:00:18.905 [main] DEBUG org.springframework.test.context.support.AbstractDelegatingSmartContextLoader - Delegating to AnnotationConfigContextLoader to load context from [MergedContextConfiguration@68e5c7ae testClass = SocialIT, locations = '{}', classes = '{class fr.insalyon.creatis.vip.core.server.SpringCoreConfig}', contextInitializerClasses = '[]', activeProfiles = '{test-db, test}', propertySourceLocations = '{}', propertySourceProperties = '{db.tableEngine=}', contextCustomizers = set[[empty]], contextLoader = 'org.springframework.test.context.support.DelegatingSmartContextLoader', parent = [null]].
18:00:18.905 [main] DEBUG org.springframework.test.context.support.AbstractGenericContextLoader - Loading ApplicationContext for merged context configuration [[MergedContextConfiguration@68e5c7ae testClass = SocialIT, locations = '{}', classes = '{class fr.insalyon.creatis.vip.core.server.SpringCoreConfig}', contextInitializerClasses = '[]', activeProfiles = '{test-db, test}', propertySourceLocations = '{}', propertySourceProperties = '{db.tableEngine=}', contextCustomizers = set[[empty]], contextLoader = 'org.springframework.test.context.support.DelegatingSmartContextLoader', parent = [null]]].
18:00:19.003 [main] DEBUG org.springframework.core.env.StandardEnvironment - Activating profiles [test-db, test]
18:00:19.003 [main] DEBUG org.springframework.test.context.support.TestPropertySourceUtils - Adding inlined properties to environment: {db.tableEngine=}
18:00:19.004 [main] DEBUG org.springframework.test.context.support.AnnotationConfigContextLoader - Registering component classes: {class fr.insalyon.creatis.vip.core.server.SpringCoreConfig}
18:00:19.097 [main] DEBUG org.springframework.context.support.GenericApplicationContext - Refreshing org.springframework.context.support.GenericApplicationContext@4aa22cc2
18:00:19.122 [main] DEBUG org.springframework.beans.factory.support.DefaultListableBeanFactory - Creating shared instance of singleton bean 'org.springframework.context.annotation.internalConfigurationAnnotationProcessor'
18:00:19.301 [main] DEBUG org.springframework.context.annotation.ClassPathBeanDefinitionScanner - Identified candidate component class: URL [jar:file:/home/runner/work/VIP-portal/VIP-portal/vip-social/target/vip-social-2.4.1.jar!/fr/insalyon/creatis/vip/social/server/dao/mysql/MessagingDataInitializer.class]
18:00:19.304 [main] DEBUG org.springframework.context.annotation.ClassPathBeanDefinitionScanner - Identified candidate component class: URL [jar:file:/home/runner/work/VIP-portal/VIP-portal/vip-social/target/vip-social-2.4.1.jar!/fr/insalyon/creatis/vip/social/server/dao/mysql/MessageData.class]
18:00:19.305 [main] DEBUG org.springframework.context.annotation.ClassPathBeanDefinitionScanner - Identified candidate component class: URL [jar:file:/home/runner/work/VIP-portal/VIP-portal/vip-social/target/vip-social-2.4.1.jar!/fr/insalyon/creatis/vip/social/server/dao/mysql/GroupMessageData.class]
18:00:19.308 [main] DEBUG org.springframework.context.annotation.ClassPathBeanDefinitionScanner - Identified candidate component class: URL [jar:file:/home/runner/work/VIP-portal/VIP-portal/vip-social/target/vip-social-2.4.1.jar!/fr/insalyon/creatis/vip/social/server/business/MessageBusiness.class]
18:00:19.342 [main] DEBUG org.springframework.context.annotation.ClassPathBeanDefinitionScanner - Identified candidate component class: URL [jar:file:/home/runner/work/VIP-portal/VIP-portal/vip-core/target/vip-core-2.4.1.jar!/fr/insalyon/creatis/vip/core/server/dao/mysql/TermsUseData.class]
18:00:19.342 [main] DEBUG org.springframework.context.annotation.ClassPathBeanDefinitionScanner - Identified candidate component class: URL [jar:file:/home/runner/work/VIP-portal/VIP-portal/vip-core/target/vip-core-2.4.1.jar!/fr/insalyon/creatis/vip/core/server/dao/mysql/CoreDataInitializer.class]
18:00:19.343 [main] DEBUG org.springframework.context.annotation.ClassPathBeanDefinitionScanner - Identified candidate component class: URL [jar:file:/home/runner/work/VIP-portal/VIP-portal/vip-core/target/vip-core-2.4.1.jar!/fr/insalyon/creatis/vip/core/server/dao/mysql/UsersGroupsData.class]
18:00:19.376 [main] DEBUG org.springframework.context.annotation.ClassPathBeanDefinitionScanner - Identified candidate component class: URL [jar:file:/home/runner/work/VIP-portal/VIP-portal/vip-core/target/vip-core-2.4.1.jar!/fr/insalyon/creatis/vip/core/server/dao/mysql/UserData.class]
18:00:19.376 [main] DEBUG org.springframework.context.annotation.ClassPathBeanDefinitionScanner - Identified candidate component class: URL [jar:file:/home/runner/work/VIP-portal/VIP-portal/vip-core/target/vip-core-2.4.1.jar!/fr/insalyon/creatis/vip/core/server/dao/mysql/GroupData.class]
18:00:19.377 [main] DEBUG org.springframework.context.annotation.ClassPathBeanDefinitionScanner - Identified candidate component class: URL [jar:file:/home/runner/work/VIP-portal/VIP-portal/vip-core/target/vip-core-2.4.1.jar!/fr/insalyon/creatis/vip/core/server/dao/mysql/TableInitializer.class]
18:00:19.382 [main] DEBUG org.springframework.context.annotation.ClassPathBeanDefinitionScanner - Identified candidate component class: URL [jar:file:/home/runner/work/VIP-portal/VIP-portal/vip-core/target/vip-core-2.4.1.jar!/fr/insalyon/creatis/vip/core/server/business/ConfigurationBusiness.class]
18:00:19.382 [main] DEBUG org.springframework.context.annotation.ClassPathBeanDefinitionScanner - Identified candidate component class: URL [jar:file:/home/runner/work/VIP-portal/VIP-portal/vip-core/target/vip-core-2.4.1.jar!/fr/insalyon/creatis/vip/core/server/business/EmailBusiness.class]
18:00:19.383 [main] DEBUG org.springframework.context.annotation.ClassPathBeanDefinitionScanner - Identified candidate component class: URL [jar:file:/home/runner/work/VIP-portal/VIP-portal/vip-core/target/vip-core-2.4.1.jar!/fr/insalyon/creatis/vip/core/server/business/proxy/ProxyClient.class]
18:00:19.414 [main] DEBUG org.springframework.context.annotation.ClassPathBeanDefinitionScanner - Identified candidate component class: URL [jar:file:/home/runner/work/VIP-portal/VIP-portal/vip-core/target/vip-core-2.4.1.jar!/fr/insalyon/creatis/vip/core/server/business/VipSessionBusiness.class]
18:00:19.415 [main] DEBUG org.springframework.context.annotation.ClassPathBeanDefinitionScanner - Identified candidate component class: URL [jar:file:/home/runner/work/VIP-portal/VIP-portal/vip-core/target/vip-core-2.4.1.jar!/fr/insalyon/creatis/vip/core/server/business/StatsBusiness.class]
18:00:19.416 [main] DEBUG org.springframework.context.annotation.ClassPathBeanDefinitionScanner - Identified candidate component class: URL [jar:file:/home/runner/work/VIP-portal/VIP-portal/vip-core/target/vip-core-2.4.1.jar!/fr/insalyon/creatis/vip/core/server/DataSourceConfig.class]
18:00:19.430 [main] DEBUG org.springframework.context.annotation.ClassPathBeanDefinitionScanner - Identified candidate component class: URL [jar:file:/home/runner/work/VIP-portal/VIP-portal/vip-core/target/vip-core-2.4.1-tests.jar!/fr/insalyon/creatis/vip/core/integrationtest/TestDataSourceSpringConfig.class]
18:00:19.432 [main] DEBUG org.springframework.context.annotation.ClassPathBeanDefinitionScanner - Identified candidate component class: URL [jar:file:/home/runner/work/VIP-portal/VIP-portal/vip-core/target/vip-core-2.4.1-tests.jar!/fr/insalyon/creatis/vip/core/integrationtest/ServerMockConfig.class]
18:00:19.434 [main] DEBUG org.springframework.context.annotation.ClassPathBeanDefinitionScanner - Identified candidate component class: URL [jar:file:/home/runner/work/VIP-portal/VIP-portal/vip-core/target/vip-core-2.4.1-tests.jar!/fr/insalyon/creatis/vip/core/integrationtest/SpingTestConfig.class]
18:00:19.752 [main] DEBUG org.springframework.beans.factory.support.DefaultListableBeanFactory - Creating shared instance of singleton bean 'properties'
18:00:19.766 [main] DEBUG org.springframework.beans.factory.support.DefaultListableBeanFactory - Creating shared instance of singleton bean 'org.springframework.context.event.internalEventListenerProcessor'
18:00:19.771 [main] DEBUG org.springframework.beans.factory.support.DefaultListableBeanFactory - Creating shared instance of singleton bean 'org.springframework.context.event.internalEventListenerFactory'
18:00:19.772 [main] DEBUG org.springframework.beans.factory.support.DefaultListableBeanFactory - Creating shared instance of singleton bean 'org.springframework.transaction.config.internalTransactionalEventListenerFactory'
18:00:19.779 [main] DEBUG org.springframework.beans.factory.support.DefaultListableBeanFactory - Creating shared instance of singleton bean 'org.springframework.context.annotation.internalAutowiredAnnotationProcessor'
18:00:19.781 [main] DEBUG org.springframework.beans.factory.support.DefaultListableBeanFactory - Creating shared instance of singleton bean 'org.springframework.context.annotation.internalCommonAnnotationProcessor'
18:00:19.788 [main] DEBUG org.springframework.beans.factory.support.DefaultListableBeanFactory - Creating shared instance of singleton bean 'org.springframework.aop.config.internalAutoProxyCreator'
18:00:19.873 [main] DEBUG org.springframework.beans.factory.support.DefaultListableBeanFactory - Creating shared instance of singleton bean 'conversionService'
18:00:19.906 [main] DEBUG org.springframework.beans.factory.support.DefaultListableBeanFactory - Creating shared instance of singleton bean 'org.springframework.transaction.config.internalTransactionAdvisor'
18:00:19.907 [main] DEBUG org.springframework.beans.factory.support.DefaultListableBeanFactory - Creating shared instance of singleton bean 'org.springframework.transaction.annotation.ProxyTransactionManagementConfiguration'
18:00:19.922 [main] DEBUG org.springframework.beans.factory.support.DefaultListableBeanFactory - Creating shared instance of singleton bean 'transactionAttributeSource'
18:00:19.926 [main] DEBUG org.springframework.beans.factory.support.DefaultListableBeanFactory - Creating shared instance of singleton bean 'transactionInterceptor'
18:00:19.927 [main] DEBUG org.springframework.beans.factory.support.DefaultListableBeanFactory - Autowiring by type from bean name 'transactionInterceptor' via factory method to bean named 'transactionAttributeSource'
18:00:19.935 [main] DEBUG org.springframework.beans.factory.support.DefaultListableBeanFactory - Autowiring by type from bean name 'org.springframework.transaction.config.internalTransactionAdvisor' via factory method to bean named 'transactionAttributeSource'
18:00:19.936 [main] DEBUG org.springframework.beans.factory.support.DefaultListableBeanFactory - Autowiring by type from bean name 'org.springframework.transaction.config.internalTransactionAdvisor' via factory method to bean named 'transactionInterceptor'
18:00:19.946 [main] DEBUG org.springframework.beans.factory.support.DefaultListableBeanFactory - Creating shared instance of singleton bean 'springCoreConfig'
18:00:19.952 [main] DEBUG org.springframework.beans.factory.support.DefaultListableBeanFactory - Creating shared instance of singleton bean 'messagingDataInitializer'
18:00:19.974 [main] DEBUG org.springframework.beans.factory.support.DefaultListableBeanFactory - Creating shared instance of singleton bean 'lazyDataSource'
18:00:19.978 [main] DEBUG org.springframework.beans.factory.support.DefaultListableBeanFactory - Creating shared instance of singleton bean 'testDataSource'
18:00:19.978 [main] DEBUG org.springframework.beans.factory.support.DefaultListableBeanFactory - Creating shared instance of singleton bean 'testDataSourceSpringConfig'
18:00:20.031 [main] INFO org.springframework.jdbc.datasource.embedded.EmbeddedDatabaseFactory - Starting embedded database: url='jdbc:h2:mem:35d88fa6-6758-43fa-8c2c-b35e88d58cc4;DB_CLOSE_DELAY=-1;DB_CLOSE_ON_EXIT=false', username='sa'
18:00:20.037 [main] DEBUG org.springframework.jdbc.datasource.DataSourceUtils - Fetching JDBC Connection from DataSource
18:00:20.037 [main] DEBUG org.springframework.jdbc.datasource.SimpleDriverDataSource - Creating new JDBC Driver Connection to [jdbc:h2:mem:35d88fa6-6758-43fa-8c2c-b35e88d58cc4;DB_CLOSE_DELAY=-1;DB_CLOSE_ON_EXIT=false]
18:00:21.821 [main] DEBUG org.springframework.beans.factory.support.DefaultListableBeanFactory - Autowiring by type from bean name 'lazyDataSource' via factory method to bean named 'testDataSource'
18:00:21.946 [main] DEBUG org.springframework.jdbc.datasource.SimpleDriverDataSource - Creating new JDBC Driver Connection to [jdbc:h2:mem:35d88fa6-6758-43fa-8c2c-b35e88d58cc4;DB_CLOSE_DELAY=-1;DB_CLOSE_ON_EXIT=false]
18:00:21.958 [main] DEBUG org.springframework.beans.factory.support.DefaultListableBeanFactory - Creating shared instance of singleton bean 'tableInitializer'
18:00:21.969 [main] DEBUG org.springframework.core.env.PropertySourcesPropertyResolver - Found key 'db.tableEngine' in PropertySource 'Inlined Test Properties' with value of type String
18:00:21.969 [main] DEBUG org.springframework.core.env.PropertySourcesPropertyResolver - Found key 'db.tableEngine' in PropertySource 'environmentProperties' with value of type String
18:00:21.996 [main] DEBUG org.springframework.aop.framework.CglibAopProxy - Final method [protected final java.sql.Connection org.springframework.jdbc.core.support.JdbcDaoSupport.getConnection() throws org.springframework.jdbc.CannotGetJdbcConnectionException] cannot get proxied via CGLIB: Calls to this method will NOT be routed to the target instance and might lead to NPEs against uninitialized fields in the proxy instance.
18:00:21.996 [main] DEBUG org.springframework.aop.framework.CglibAopProxy - Final method [public final javax.sql.DataSource org.springframework.jdbc.core.support.JdbcDaoSupport.getDataSource()] cannot get proxied via CGLIB: Calls to this method will NOT be routed to the target instance and might lead to NPEs against uninitialized fields in the proxy instance.
18:00:21.996 [main] DEBUG org.springframework.aop.framework.CglibAopProxy - Final method [public final void org.springframework.jdbc.core.support.JdbcDaoSupport.setDataSource(javax.sql.DataSource)] cannot get proxied via CGLIB: Calls to this method will NOT be routed to the target instance and might lead to NPEs against uninitialized fields in the proxy instance.
18:00:21.997 [main] DEBUG org.springframework.aop.framework.CglibAopProxy - Final method [protected final org.springframework.jdbc.support.SQLExceptionTranslator org.springframework.jdbc.core.support.JdbcDaoSupport.getExceptionTranslator()] cannot get proxied via CGLIB: Calls to this method will NOT be routed to the target instance and might lead to NPEs against uninitialized fields in the proxy instance.
18:00:21.997 [main] DEBUG org.springframework.aop.framework.CglibAopProxy - Final method [public final void org.springframework.jdbc.core.support.JdbcDaoSupport.setJdbcTemplate(org.springframework.jdbc.core.JdbcTemplate)] cannot get proxied via CGLIB: Calls to this method will NOT be routed to the target instance and might lead to NPEs against uninitialized fields in the proxy instance.
18:00:21.997 [main] DEBUG org.springframework.aop.framework.CglibAopProxy - Final method [public final org.springframework.jdbc.core.JdbcTemplate org.springframework.jdbc.core.support.JdbcDaoSupport.getJdbcTemplate()] cannot get proxied via CGLIB: Calls to this method will NOT be routed to the target instance and might lead to NPEs against uninitialized fields in the proxy instance.
18:00:21.997 [main] DEBUG org.springframework.aop.framework.CglibAopProxy - Final method [protected final void org.springframework.jdbc.core.support.JdbcDaoSupport.releaseConnection(java.sql.Connection)] cannot get proxied via CGLIB: Calls to this method will NOT be routed to the target instance and might lead to NPEs against uninitialized fields in the proxy instance.
18:00:21.998 [main] INFO org.springframework.aop.framework.CglibAopProxy - Unable to proxy interface-implementing method [public final void org.springframework.dao.support.DaoSupport.afterPropertiesSet() throws java.lang.IllegalArgumentException,org.springframework.beans.factory.BeanInitializationException] because it is marked as final: Consider using interface-based JDK proxies instead!
18:00:21.998 [main] DEBUG org.springframework.aop.framework.CglibAopProxy - Final method [public final void org.springframework.dao.support.DaoSupport.afterPropertiesSet() throws java.lang.IllegalArgumentException,org.springframework.beans.factory.BeanInitializationException] cannot get proxied via CGLIB: Calls to this method will NOT be routed to the target instance and might lead to NPEs against uninitialized fields in the proxy instance.
18:00:22.035 [main] DEBUG org.springframework.beans.factory.support.DefaultListableBeanFactory - Autowiring by type from bean name 'messagingDataInitializer' via constructor to bean named 'lazyDataSource'
18:00:22.035 [main] DEBUG org.springframework.beans.factory.support.DefaultListableBeanFactory - Autowiring by type from bean name 'messagingDataInitializer' via constructor to bean named 'tableInitializer'
18:00:22.047 [main] DEBUG org.springframework.aop.framework.CglibAopProxy - Final method [protected final java.sql.Connection org.springframework.jdbc.core.support.JdbcDaoSupport.getConnection() throws org.springframework.jdbc.CannotGetJdbcConnectionException] cannot get proxied via CGLIB: Calls to this method will NOT be routed to the target instance and might lead to NPEs against uninitialized fields in the proxy instance.
18:00:22.048 [main] DEBUG org.springframework.aop.framework.CglibAopProxy - Final method [public final javax.sql.DataSource org.springframework.jdbc.core.support.JdbcDaoSupport.getDataSource()] cannot get proxied via CGLIB: Calls to this method will NOT be routed to the target instance and might lead to NPEs against uninitialized fields in the proxy instance.
18:00:22.048 [main] DEBUG org.springframework.aop.framework.CglibAopProxy - Final method [public final void org.springframework.jdbc.core.support.JdbcDaoSupport.setDataSource(javax.sql.DataSource)] cannot get proxied via CGLIB: Calls to this method will NOT be routed to the target instance and might lead to NPEs against uninitialized fields in the proxy instance.
18:00:22.048 [main] DEBUG org.springframework.aop.framework.CglibAopProxy - Final method [protected final org.springframework.jdbc.support.SQLExceptionTranslator org.springframework.jdbc.core.support.JdbcDaoSupport.getExceptionTranslator()] cannot get proxied via CGLIB: Calls to this method will NOT be routed to the target instance and might lead to NPEs against uninitialized fields in the proxy instance.
18:00:22.048 [main] DEBUG org.springframework.aop.framework.CglibAopProxy - Final method [public final void org.springframework.jdbc.core.support.JdbcDaoSupport.setJdbcTemplate(org.springframework.jdbc.core.JdbcTemplate)] cannot get proxied via CGLIB: Calls to this method will NOT be routed to the target instance and might lead to NPEs against uninitialized fields in the proxy instance.
18:00:22.048 [main] DEBUG org.springframework.aop.framework.CglibAopProxy - Final method [public final org.springframework.jdbc.core.JdbcTemplate org.springframework.jdbc.core.support.JdbcDaoSupport.getJdbcTemplate()] cannot get proxied via CGLIB: Calls to this method will NOT be routed to the target instance and might lead to NPEs against uninitialized fields in the proxy instance.
18:00:22.048 [main] DEBUG org.springframework.aop.framework.CglibAopProxy - Final method [protected final void org.springframework.jdbc.core.support.JdbcDaoSupport.releaseConnection(java.sql.Connection)] cannot get proxied via CGLIB: Calls to this method will NOT be routed to the target instance and might lead to NPEs against uninitialized fields in the proxy instance.
18:00:22.048 [main] INFO org.springframework.aop.framework.CglibAopProxy - Unable to proxy interface-implementing method [public final void org.springframework.dao.support.DaoSupport.afterPropertiesSet() throws java.lang.IllegalArgumentException,org.springframework.beans.factory.BeanInitializationException] because it is marked as final: Consider using interface-based JDK proxies instead!
18:00:22.049 [main] DEBUG org.springframework.aop.framework.CglibAopProxy - Final method [public final void org.springframework.dao.support.DaoSupport.afterPropertiesSet() throws java.lang.IllegalArgumentException,org.springframework.beans.factory.BeanInitializationException] cannot get proxied via CGLIB: Calls to this method will NOT be routed to the target instance and might lead to NPEs against uninitialized fields in the proxy instance.
18:00:22.075 [main] DEBUG org.springframework.beans.factory.support.DefaultListableBeanFactory - Creating shared instance of singleton bean 'messageData'
18:00:22.087 [main] DEBUG org.springframework.beans.factory.support.DefaultListableBeanFactory - Creating shared instance of singleton bean 'userData'
18:00:22.133 [main] DEBUG org.springframework.beans.factory.support.DefaultListableBeanFactory - Autowiring by type from bean name 'messageData' via constructor to bean named 'userData'
18:00:22.133 [main] DEBUG org.springframework.beans.factory.support.DefaultListableBeanFactory - Autowiring by type from bean name 'messageData' via constructor to bean named 'lazyDataSource'
18:00:22.138 [main] DEBUG org.springframework.beans.factory.support.DefaultListableBeanFactory - Creating shared instance of singleton bean 'groupMessageData'
18:00:22.149 [main] DEBUG org.springframework.beans.factory.support.DefaultListableBeanFactory - Creating shared instance of singleton bean 'groupData'
18:00:22.165 [main] DEBUG org.springframework.beans.factory.support.DefaultListableBeanFactory - Autowiring by type from bean name 'groupMessageData' via constructor to bean named 'userData'
18:00:22.166 [main] DEBUG org.springframework.beans.factory.support.DefaultListableBeanFactory - Autowiring by type from bean name 'groupMessageData' via constructor to bean named 'groupData'
18:00:22.166 [main] DEBUG org.springframework.beans.factory.support.DefaultListableBeanFactory - Autowiring by type from bean name 'groupMessageData' via constructor to bean named 'messageData'
18:00:22.166 [main] DEBUG org.springframework.beans.factory.support.DefaultListableBeanFactory - Autowiring by type from bean name 'groupMessageData' via constructor to bean named 'lazyDataSource'
18:00:22.170 [main] DEBUG org.springframework.beans.factory.support.DefaultListableBeanFactory - Creating shared instance of singleton bean 'messageBusiness'
18:00:22.184 [main] DEBUG org.springframework.beans.factory.support.DefaultListableBeanFactory - Creating shared instance of singleton bean 'usersGroupsData'
18:00:22.187 [main] DEBUG org.springframework.beans.factory.support.DefaultListableBeanFactory - Autowiring by type from bean name 'usersGroupsData' via constructor to bean named 'groupData'
18:00:22.196 [main] DEBUG org.springframework.beans.factory.support.DefaultListableBeanFactory - Creating shared instance of singleton bean 'configurationBusiness'
18:00:22.204 [main] DEBUG org.springframework.beans.factory.support.DefaultListableBeanFactory - Creating shared instance of singleton bean 'testServer'
18:00:22.205 [main] DEBUG org.springframework.beans.factory.support.DefaultListableBeanFactory - Creating shared instance of singleton bean 'serverMockConfig'
18:00:22.546 [main] DEBUG org.springframework.beans.factory.support.DefaultListableBeanFactory - Creating shared instance of singleton bean 'testProxyClient'
18:00:22.546 [main] DEBUG org.springframework.beans.factory.support.DefaultListableBeanFactory - Creating shared instance of singleton bean 'spingTestConfig'
18:00:22.787 [main] DEBUG org.springframework.beans.factory.support.DefaultListableBeanFactory - Creating shared instance of singleton bean 'testEmailBusiness'
18:00:22.830 [main] DEBUG org.springframework.beans.factory.support.DefaultListableBeanFactory - Creating shared instance of singleton bean 'testGridaClient'
18:00:22.982 [main] DEBUG org.springframework.beans.factory.support.DefaultListableBeanFactory - Creating shared instance of singleton bean 'testGridaPoolClient'
18:00:23.076 [main] DEBUG org.springframework.beans.factory.support.DefaultListableBeanFactory - Creating shared instance of singleton bean 'termsUseData'
18:00:23.097 [main] DEBUG org.springframework.beans.factory.support.DefaultListableBeanFactory - Autowiring by type from bean name 'configurationBusiness' via constructor to bean named 'testServer'
18:00:23.097 [main] DEBUG org.springframework.beans.factory.support.DefaultListableBeanFactory - Autowiring by type from bean name 'configurationBusiness' via constructor to bean named 'testProxyClient'
18:00:23.097 [main] DEBUG org.springframework.beans.factory.support.DefaultListableBeanFactory - Autowiring by type from bean name 'configurationBusiness' via constructor to bean named 'testEmailBusiness'
18:00:23.097 [main] DEBUG org.springframework.beans.factory.support.DefaultListableBeanFactory - Autowiring by type from bean name 'configurationBusiness' via constructor to bean named 'testGridaClient'
18:00:23.097 [main] DEBUG org.springframework.beans.factory.support.DefaultListableBeanFactory - Autowiring by type from bean name 'configurationBusiness' via constructor to bean named 'testGridaPoolClient'
18:00:23.097 [main] DEBUG org.springframework.beans.factory.support.DefaultListableBeanFactory - Autowiring by type from bean name 'configurationBusiness' via constructor to bean named 'groupData'
18:00:23.097 [main] DEBUG org.springframework.beans.factory.support.DefaultListableBeanFactory - Autowiring by type from bean name 'configurationBusiness' via constructor to bean named 'termsUseData'
18:00:23.097 [main] DEBUG org.springframework.beans.factory.support.DefaultListableBeanFactory - Autowiring by type from bean name 'configurationBusiness' via constructor to bean named 'userData'
18:00:23.097 [main] DEBUG org.springframework.beans.factory.support.DefaultListableBeanFactory - Autowiring by type from bean name 'configurationBusiness' via constructor to bean named 'usersGroupsData'
18:00:23.159 [main] DEBUG org.springframework.beans.factory.support.DefaultListableBeanFactory - Autowiring by type from bean name 'messageBusiness' via constructor to bean named 'messageData'
18:00:23.159 [main] DEBUG org.springframework.beans.factory.support.DefaultListableBeanFactory - Autowiring by type from bean name 'messageBusiness' via constructor to bean named 'groupMessageData'
18:00:23.159 [main] DEBUG org.springframework.beans.factory.support.DefaultListableBeanFactory - Autowiring by type from bean name 'messageBusiness' via constructor to bean named 'usersGroupsData'
18:00:23.159 [main] DEBUG org.springframework.beans.factory.support.DefaultListableBeanFactory - Autowiring by type from bean name 'messageBusiness' via constructor to bean named 'configurationBusiness'
18:00:23.159 [main] DEBUG org.springframework.beans.factory.support.DefaultListableBeanFactory - Autowiring by type from bean name 'messageBusiness' via constructor to bean named 'testEmailBusiness'
18:00:23.170 [main] DEBUG org.springframework.beans.factory.support.DefaultListableBeanFactory - Creating shared instance of singleton bean 'coreDataInitializer'
18:00:23.173 [main] DEBUG org.springframework.beans.factory.support.DefaultListableBeanFactory - Autowiring by type from bean name 'coreDataInitializer' via constructor to bean named 'groupData'
18:00:23.173 [main] DEBUG org.springframework.beans.factory.support.DefaultListableBeanFactory - Autowiring by type from bean name 'coreDataInitializer' via constructor to bean named 'lazyDataSource'
18:00:23.173 [main] DEBUG org.springframework.beans.factory.support.DefaultListableBeanFactory - Autowiring by type from bean name 'coreDataInitializer' via constructor to bean named 'tableInitializer'
18:00:23.173 [main] DEBUG org.springframework.beans.factory.support.DefaultListableBeanFactory - Autowiring by type from bean name 'coreDataInitializer' via constructor to bean named 'testServer'
18:00:23.173 [main] DEBUG org.springframework.beans.factory.support.DefaultListableBeanFactory - Autowiring by type from bean name 'coreDataInitializer' via constructor to bean named 'userData'
18:00:23.175 [main] DEBUG org.springframework.beans.factory.support.DefaultListableBeanFactory - Autowiring by type from bean name 'coreDataInitializer' via constructor to bean named 'usersGroupsData'
18:00:23.175 [main] DEBUG org.springframework.beans.factory.support.DefaultListableBeanFactory - Autowiring by type from bean name 'coreDataInitializer' via constructor to bean named 'termsUseData'
18:00:23.176 [main] DEBUG org.springframework.aop.framework.CglibAopProxy - Final method [protected final java.sql.Connection org.springframework.jdbc.core.support.JdbcDaoSupport.getConnection() throws org.springframework.jdbc.CannotGetJdbcConnectionException] cannot get proxied via CGLIB: Calls to this method will NOT be routed to the target instance and might lead to NPEs against uninitialized fields in the proxy instance.
18:00:23.176 [main] DEBUG org.springframework.aop.framework.CglibAopProxy - Final method [public final javax.sql.DataSource org.springframework.jdbc.core.support.JdbcDaoSupport.getDataSource()] cannot get proxied via CGLIB: Calls to this method will NOT be routed to the target instance and might lead to NPEs against uninitialized fields in the proxy instance.
18:00:23.176 [main] DEBUG org.springframework.aop.framework.CglibAopProxy - Final method [public final void org.springframework.jdbc.core.support.JdbcDaoSupport.setDataSource(javax.sql.DataSource)] cannot get proxied via CGLIB: Calls to this method will NOT be routed to the target instance and might lead to NPEs against uninitialized fields in the proxy instance.
18:00:23.176 [main] DEBUG org.springframework.aop.framework.CglibAopProxy - Final method [protected final org.springframework.jdbc.support.SQLExceptionTranslator org.springframework.jdbc.core.support.JdbcDaoSupport.getExceptionTranslator()] cannot get proxied via CGLIB: Calls to this method will NOT be routed to the target instance and might lead to NPEs against uninitialized fields in the proxy instance.
18:00:23.176 [main] DEBUG org.springframework.aop.framework.CglibAopProxy - Final method [public final void org.springframework.jdbc.core.support.JdbcDaoSupport.setJdbcTemplate(org.springframework.jdbc.core.JdbcTemplate)] cannot get proxied via CGLIB: Calls to this method will NOT be routed to the target instance and might lead to NPEs against uninitialized fields in the proxy instance.
18:00:23.177 [main] DEBUG org.springframework.aop.framework.CglibAopProxy - Final method [public final org.springframework.jdbc.core.JdbcTemplate org.springframework.jdbc.core.support.JdbcDaoSupport.getJdbcTemplate()] cannot get proxied via CGLIB: Calls to this method will NOT be routed to the target instance and might lead to NPEs against uninitialized fields in the proxy instance.
18:00:23.177 [main] DEBUG org.springframework.aop.framework.CglibAopProxy - Final method [protected final void org.springframework.jdbc.core.support.JdbcDaoSupport.releaseConnection(java.sql.Connection)] cannot get proxied via CGLIB: Calls to this method will NOT be routed to the target instance and might lead to NPEs against uninitialized fields in the proxy instance.
18:00:23.177 [main] INFO org.springframework.aop.framework.CglibAopProxy - Unable to proxy interface-implementing method [public final void org.springframework.dao.support.DaoSupport.afterPropertiesSet() throws java.lang.IllegalArgumentException,org.springframework.beans.factory.BeanInitializationException] because it is marked as final: Consider using interface-based JDK proxies instead!
18:00:23.177 [main] DEBUG org.springframework.aop.framework.CglibAopProxy - Final method [public final void org.springframework.dao.support.DaoSupport.afterPropertiesSet() throws java.lang.IllegalArgumentException,org.springframework.beans.factory.BeanInitializationException] cannot get proxied via CGLIB: Calls to this method will NOT be routed to the target instance and might lead to NPEs against uninitialized fields in the proxy instance.
18:00:23.183 [main] DEBUG org.springframework.beans.factory.support.DefaultListableBeanFactory - Creating shared instance of singleton bean 'emailBusiness'
18:00:23.184 [main] DEBUG org.springframework.beans.factory.support.DefaultListableBeanFactory - Creating shared instance of singleton bean 'smaClient'
18:00:23.185 [main] DEBUG org.springframework.beans.factory.support.DefaultListableBeanFactory - Autowiring by type from bean name 'smaClient' via factory method to bean named 'testServer'
18:00:23.187 [main] DEBUG org.springframework.beans.factory.support.DefaultListableBeanFactory - Autowiring by type from bean name 'emailBusiness' via constructor to bean named 'smaClient'
18:00:23.187 [main] DEBUG org.springframework.beans.factory.support.DefaultListableBeanFactory - Creating shared instance of singleton bean 'proxyClient'
18:00:23.190 [main] DEBUG org.springframework.beans.factory.support.DefaultListableBeanFactory - Autowiring by type from bean name 'proxyClient' via constructor to bean named 'testServer'
18:00:23.191 [main] DEBUG org.springframework.beans.factory.support.DefaultListableBeanFactory - Creating shared instance of singleton bean 'vipSessionBusiness'
18:00:23.193 [main] DEBUG org.springframework.beans.factory.support.DefaultListableBeanFactory - Autowiring by type from bean name 'vipSessionBusiness' via constructor to bean named 'testServer'
18:00:23.194 [main] DEBUG org.springframework.beans.factory.support.DefaultListableBeanFactory - Autowiring by type from bean name 'vipSessionBusiness' via constructor to bean named 'configurationBusiness'
18:00:23.201 [main] DEBUG org.springframework.beans.factory.support.DefaultListableBeanFactory - Creating shared instance of singleton bean 'statsBusiness'
18:00:23.202 [main] DEBUG org.springframework.beans.factory.support.DefaultListableBeanFactory - Autowiring by type from bean name 'statsBusiness' via constructor to bean named 'userData'
18:00:23.208 [main] DEBUG org.springframework.beans.factory.support.DefaultListableBeanFactory - Creating shared instance of singleton bean 'dataSourceConfig'
18:00:23.209 [main] DEBUG org.springframework.beans.factory.support.DefaultListableBeanFactory - Creating shared instance of singleton bean 'vipConfigFolder'
18:00:23.209 [main] DEBUG org.springframework.beans.factory.support.DefaultListableBeanFactory - Autowiring by type from bean name 'vipConfigFolder' via factory method to bean named 'org.springframework.context.support.GenericApplicationContext@4aa22cc2'
18:00:23.209 [main] DEBUG org.springframework.core.env.PropertySourcesPropertyResolver - Found key 'user.home' in PropertySource 'systemProperties' with value of type String
18:00:23.210 [main] INFO fr.insalyon.creatis.vip.core.server.SpringCoreConfig - vipConfigFolder property not found, using user-home : /home/runner/.vip/
18:00:23.214 [main] DEBUG org.springframework.beans.factory.support.DefaultListableBeanFactory - Creating shared instance of singleton bean 'transactionManager'
18:00:23.214 [main] DEBUG org.springframework.beans.factory.support.DefaultListableBeanFactory - Autowiring by type from bean name 'transactionManager' via factory method to bean named 'lazyDataSource'
18:00:23.224 [main] DEBUG org.springframework.beans.factory.support.DefaultListableBeanFactory - Creating shared instance of singleton bean 'gridaClient'
18:00:23.224 [main] DEBUG org.springframework.beans.factory.support.DefaultListableBeanFactory - Autowiring by type from bean name 'gridaClient' via factory method to bean named 'testServer'
18:00:23.227 [main] DEBUG org.springframework.beans.factory.support.DefaultListableBeanFactory - Creating shared instance of singleton bean 'gridaPoolClient'
18:00:23.227 [main] DEBUG org.springframework.beans.factory.support.DefaultListableBeanFactory - Autowiring by type from bean name 'gridaPoolClient' via factory method to bean named 'testServer'
18:00:23.228 [main] DEBUG org.springframework.beans.factory.support.DefaultListableBeanFactory - Creating shared instance of singleton bean 'gridaCacheClient'
18:00:23.229 [main] DEBUG org.springframework.beans.factory.support.DefaultListableBeanFactory - Autowiring by type from bean name 'gridaCacheClient' via factory method to bean named 'testServer'
18:00:23.230 [main] DEBUG org.springframework.beans.factory.support.DefaultListableBeanFactory - Creating shared instance of singleton bean 'gridaZombieClient'
18:00:23.230 [main] DEBUG org.springframework.beans.factory.support.DefaultListableBeanFactory - Autowiring by type from bean name 'gridaZombieClient' via factory method to bean named 'testServer'
18:00:23.239 [main] DEBUG org.springframework.context.event.EventListenerMethodProcessor - 1 @EventListener methods processed on bean 'messagingDataInitializer': {public void fr.insalyon.creatis.vip.social.server.dao.mysql.MessagingDataInitializer.onStartup()=@org.springframework.context.event.EventListener(classes=[org.springframework.context.event.ContextRefreshedEvent], condition=, id=, value=[org.springframework.context.event.ContextRefreshedEvent])}
18:00:23.240 [main] DEBUG org.springframework.context.event.EventListenerMethodProcessor - 1 @EventListener methods processed on bean 'coreDataInitializer': {public void fr.insalyon.creatis.vip.core.server.dao.mysql.CoreDataInitializer.onStartup()=@org.springframework.context.event.EventListener(classes=[org.springframework.context.event.ContextRefreshedEvent], condition=, id=, value=[org.springframework.context.event.ContextRefreshedEvent])}
18:00:23.258 [main] DEBUG org.springframework.jdbc.datasource.DataSourceTransactionManager - Creating new transaction with name [fr.insalyon.creatis.vip.core.server.dao.mysql.CoreDataInitializer.onStartup]: PROPAGATION_REQUIRED,ISOLATION_DEFAULT
18:00:23.278 [main] DEBUG org.springframework.jdbc.datasource.DataSourceTransactionManager - Acquired Connection [Lazy Connection proxy for target DataSource [org.springframework.jdbc.datasource.embedded.EmbeddedDatabaseFactory$EmbeddedDataSourceProxy@3c1d5349]] for JDBC transaction
18:00:23.281 [main] DEBUG org.springframework.jdbc.datasource.DataSourceTransactionManager - Switching JDBC Connection [Lazy Connection proxy for target DataSource [org.springframework.jdbc.datasource.embedded.EmbeddedDatabaseFactory$EmbeddedDataSourceProxy@3c1d5349]] to manual commit
18:00:23.301 [main] INFO fr.insalyon.creatis.vip.core.server.dao.mysql.CoreDataInitializer - Configuring VIP core database.
18:00:23.302 [main] DEBUG org.springframework.jdbc.datasource.DataSourceTransactionManager - Participating in existing transaction
18:00:23.324 [main] DEBUG org.springframework.jdbc.datasource.SimpleDriverDataSource - Creating new JDBC Driver Connection to [jdbc:h2:mem:35d88fa6-6758-43fa-8c2c-b35e88d58cc4;DB_CLOSE_DELAY=-1;DB_CLOSE_ON_EXIT=false]
18:00:23.344 [main] INFO fr.insalyon.creatis.vip.core.server.dao.mysql.TableInitializer - Table VIPUsers successfully created.
18:00:23.354 [main] DEBUG org.springframework.jdbc.datasource.DataSourceTransactionManager - Participating in existing transaction
18:00:23.359 [main] DEBUG org.springframework.jdbc.datasource.DataSourceTransactionManager - Participating in existing transaction
18:00:23.360 [main] INFO fr.insalyon.creatis.vip.core.server.dao.mysql.TableInitializer - Table VIPGroups successfully created.
18:00:23.361 [main] DEBUG org.springframework.jdbc.datasource.DataSourceTransactionManager - Participating in existing transaction
18:00:23.361 [main] DEBUG org.springframework.jdbc.datasource.DataSourceTransactionManager - Participating in existing transaction
18:00:23.371 [main] INFO fr.insalyon.creatis.vip.core.server.dao.mysql.TableInitializer - Table VIPUsersGroups successfully created.
18:00:23.371 [main] DEBUG org.springframework.jdbc.datasource.DataSourceTransactionManager - Participating in existing transaction
18:00:23.372 [main] DEBUG org.springframework.jdbc.datasource.DataSourceTransactionManager - Participating in existing transaction
18:00:23.376 [main] INFO fr.insalyon.creatis.vip.core.server.dao.mysql.TableInitializer - Table VIPTermsOfuse successfully created.
18:00:23.376 [main] DEBUG org.springframework.jdbc.datasource.DataSourceTransactionManager - Participating in existing transaction
18:00:23.377 [main] DEBUG org.springframework.jdbc.datasource.DataSourceTransactionManager - Initiating transaction commit
18:00:23.378 [main] DEBUG org.springframework.jdbc.datasource.DataSourceTransactionManager - Committing JDBC transaction on Connection [conn3: url=jdbc:h2:mem:35d88fa6-6758-43fa-8c2c-b35e88d58cc4 user=SA]
18:00:23.378 [main] DEBUG org.springframework.jdbc.datasource.DataSourceTransactionManager - Releasing JDBC Connection [conn3: url=jdbc:h2:mem:35d88fa6-6758-43fa-8c2c-b35e88d58cc4 user=SA] after transaction
18:00:23.378 [main] DEBUG org.springframework.jdbc.datasource.DataSourceTransactionManager - Creating new transaction with name [fr.insalyon.creatis.vip.social.server.dao.mysql.MessagingDataInitializer.onStartup]: PROPAGATION_REQUIRED,ISOLATION_DEFAULT
18:00:23.379 [main] DEBUG org.springframework.jdbc.datasource.DataSourceTransactionManager - Acquired Connection [Lazy Connection proxy for target DataSource [org.springframework.jdbc.datasource.embedded.EmbeddedDatabaseFactory$EmbeddedDataSourceProxy@3c1d5349]] for JDBC transaction
18:00:23.379 [main] DEBUG org.springframework.jdbc.datasource.DataSourceTransactionManager - Switching JDBC Connection [Lazy Connection proxy for target DataSource [org.springframework.jdbc.datasource.embedded.EmbeddedDatabaseFactory$EmbeddedDataSourceProxy@3c1d5349]] to manual commit
18:00:23.386 [main] INFO fr.insalyon.creatis.vip.social.server.dao.mysql.MessagingDataInitializer - Configuring VIP Social database.
18:00:23.386 [main] DEBUG org.springframework.jdbc.datasource.DataSourceTransactionManager - Participating in existing transaction
18:00:23.387 [main] DEBUG org.springframework.jdbc.datasource.SimpleDriverDataSource - Creating new JDBC Driver Connection to [jdbc:h2:mem:35d88fa6-6758-43fa-8c2c-b35e88d58cc4;DB_CLOSE_DELAY=-1;DB_CLOSE_ON_EXIT=false]
18:00:23.389 [main] INFO fr.insalyon.creatis.vip.core.server.dao.mysql.TableInitializer - Table VIPSocialMessage successfully created.
18:00:23.390 [main] DEBUG org.springframework.jdbc.datasource.DataSourceTransactionManager - Participating in existing transaction
18:00:23.392 [main] INFO fr.insalyon.creatis.vip.core.server.dao.mysql.TableInitializer - Table VIPSocialMessageSenderReceiver successfully created.
18:00:23.392 [main] DEBUG org.springframework.jdbc.datasource.DataSourceTransactionManager - Participating in existing transaction
18:00:23.395 [main] INFO fr.insalyon.creatis.vip.core.server.dao.mysql.TableInitializer - Table VIPSocialGroupMessage successfully created.
18:00:23.395 [main] DEBUG org.springframework.jdbc.datasource.DataSourceTransactionManager - Initiating transaction commit
18:00:23.395 [main] DEBUG org.springframework.jdbc.datasource.DataSourceTransactionManager - Committing JDBC transaction on Connection [conn4: url=jdbc:h2:mem:35d88fa6-6758-43fa-8c2c-b35e88d58cc4 user=SA]
18:00:23.396 [main] DEBUG org.springframework.jdbc.datasource.DataSourceTransactionManager - Releasing JDBC Connection [conn4: url=jdbc:h2:mem:35d88fa6-6758-43fa-8c2c-b35e88d58cc4 user=SA] after transaction
18:00:23.400 [main] DEBUG org.springframework.test.context.cache.DefaultCacheAwareContextLoaderDelegate - Storing ApplicationContext [1252142274] in cache under key [[MergedContextConfiguration@68e5c7ae testClass = SocialIT, locations = '{}', classes = '{class fr.insalyon.creatis.vip.core.server.SpringCoreConfig}', contextInitializerClasses = '[]', activeProfiles = '{test-db, test}', propertySourceLocations = '{}', propertySourceProperties = '{db.tableEngine=}', contextCustomizers = set[[empty]], contextLoader = 'org.springframework.test.context.support.DelegatingSmartContextLoader', parent = [null]]]
18:00:23.400 [main] DEBUG org.springframework.test.context.cache - Spring test ApplicationContext cache statistics: [DefaultContextCache@1a95df8b size = 1, maxSize = 32, parentContextCount = 0, hitCount = 0, missCount = 1]
18:00:23.407 [main] DEBUG org.springframework.test.context.cache.DefaultCacheAwareContextLoaderDelegate - Retrieved ApplicationContext [1252142274] from cache with key [[MergedContextConfiguration@68e5c7ae testClass = SocialIT, locations = '{}', classes = '{class fr.insalyon.creatis.vip.core.server.SpringCoreConfig}', contextInitializerClasses = '[]', activeProfiles = '{test-db, test}', propertySourceLocations = '{}', propertySourceProperties = '{db.tableEngine=}', contextCustomizers = set[[empty]], contextLoader = 'org.springframework.test.context.support.DelegatingSmartContextLoader', parent = [null]]]
18:00:23.407 [main] DEBUG org.springframework.test.context.cache - Spring test ApplicationContext cache statistics: [DefaultContextCache@1a95df8b size = 1, maxSize = 32, parentContextCount = 0, hitCount = 1, missCount = 1]
18:00:23.447 [main] DEBUG org.springframework.test.context.support.AbstractDirtiesContextTestExecutionListener - Before test method: context [DefaultTestContext@65593327 testClass = SocialIT, testInstance = fr.insalyon.creatis.vip.social.integrationtest.SocialIT@1796b2d4, testMethod = testCatchNonExistentUsersSendGroupMessage@SocialIT, testException = [null], mergedContextConfiguration = [MergedContextConfiguration@68e5c7ae testClass = SocialIT, locations = '{}', classes = '{class fr.insalyon.creatis.vip.core.server.SpringCoreConfig}', contextInitializerClasses = '[]', activeProfiles = '{test-db, test}', propertySourceLocations = '{}', propertySourceProperties = '{db.tableEngine=}', contextCustomizers = set[[empty]], contextLoader = 'org.springframework.test.context.support.DelegatingSmartContextLoader', parent = [null]], attributes = map['org.springframework.test.context.event.ApplicationEventsTestExecutionListener.recordApplicationEvents' -> false]], class annotated with @DirtiesContext [false] with mode [null], method annotated with @DirtiesContext [false] with mode [null].
18:00:23.451 [main] DEBUG org.springframework.test.context.transaction.TransactionalTestExecutionListener - Explicit transaction definition [PROPAGATION_REQUIRED,ISOLATION_DEFAULT] found for test context [DefaultTestContext@65593327 testClass = SocialIT, testInstance = fr.insalyon.creatis.vip.social.integrationtest.SocialIT@1796b2d4, testMethod = testCatchNonExistentUsersSendGroupMessage@SocialIT, testException = [null], mergedContextConfiguration = [MergedContextConfiguration@68e5c7ae testClass = SocialIT, locations = '{}', classes = '{class fr.insalyon.creatis.vip.core.server.SpringCoreConfig}', contextInitializerClasses = '[]', activeProfiles = '{test-db, test}', propertySourceLocations = '{}', propertySourceProperties = '{db.tableEngine=}', contextCustomizers = set[[empty]], contextLoader = 'org.springframework.test.context.support.DelegatingSmartContextLoader', parent = [null]], attributes = map['org.springframework.test.context.event.ApplicationEventsTestExecutionListener.recordApplicationEvents' -> false]]
18:00:23.451 [main] DEBUG org.springframework.test.context.cache.DefaultCacheAwareContextLoaderDelegate - Retrieved ApplicationContext [1252142274] from cache with key [[MergedContextConfiguration@68e5c7ae testClass = SocialIT, locations = '{}', classes = '{class fr.insalyon.creatis.vip.core.server.SpringCoreConfig}', contextInitializerClasses = '[]', activeProfiles = '{test-db, test}', propertySourceLocations = '{}', propertySourceProperties = '{db.tableEngine=}', contextCustomizers = set[[empty]], contextLoader = 'org.springframework.test.context.support.DelegatingSmartContextLoader', parent = [null]]]
18:00:23.451 [main] DEBUG org.springframework.test.context.cache - Spring test ApplicationContext cache statistics: [DefaultContextCache@1a95df8b size = 1, maxSize = 32, parentContextCount = 0, hitCount = 2, missCount = 1]
18:00:23.453 [main] DEBUG org.springframework.test.context.transaction.TransactionalTestExecutionListener - No method-level @Rollback override: using default rollback [true] for test context [DefaultTestContext@65593327 testClass = SocialIT, testInstance = fr.insalyon.creatis.vip.social.integrationtest.SocialIT@1796b2d4, testMethod = testCatchNonExistentUsersSendGroupMessage@SocialIT, testException = [null], mergedContextConfiguration = [MergedContextConfiguration@68e5c7ae testClass = SocialIT, locations = '{}', classes = '{class fr.insalyon.creatis.vip.core.server.SpringCoreConfig}', contextInitializerClasses = '[]', activeProfiles = '{test-db, test}', propertySourceLocations = '{}', propertySourceProperties = '{db.tableEngine=}', contextCustomizers = set[[empty]], contextLoader = 'org.springframework.test.context.support.DelegatingSmartContextLoader', parent = [null]], attributes = map['org.springframework.test.context.event.ApplicationEventsTestExecutionListener.recordApplicationEvents' -> false]].
18:00:23.454 [main] DEBUG org.springframework.jdbc.datasource.DataSourceTransactionManager - Creating new transaction with name [fr.insalyon.creatis.vip.social.integrationtest.SocialIT.testCatchNonExistentUsersSendGroupMessage]: PROPAGATION_REQUIRED,ISOLATION_DEFAULT
18:00:23.455 [main] DEBUG org.springframework.jdbc.datasource.DataSourceTransactionManager - Acquired Connection [Lazy Connection proxy for target DataSource [org.springframework.jdbc.datasource.embedded.EmbeddedDatabaseFactory$EmbeddedDataSourceProxy@3c1d5349]] for JDBC transaction
18:00:23.456 [main] DEBUG org.springframework.jdbc.datasource.DataSourceTransactionManager - Switching JDBC Connection [Lazy Connection proxy for target DataSource [org.springframework.jdbc.datasource.embedded.EmbeddedDatabaseFactory$EmbeddedDataSourceProxy@3c1d5349]] to manual commit
18:00:23.456 [main] INFO org.springframework.test.context.transaction.TransactionContext - Began transaction (1) for test context [DefaultTestContext@65593327 testClass = SocialIT, testInstance = fr.insalyon.creatis.vip.social.integrationtest.SocialIT@1796b2d4, testMethod = testCatchNonExistentUsersSendGroupMessage@SocialIT, testException = [null], mergedContextConfiguration = [MergedContextConfiguration@68e5c7ae testClass = SocialIT, locations = '{}', classes = '{class fr.insalyon.creatis.vip.core.server.SpringCoreConfig}', contextInitializerClasses = '[]', activeProfiles = '{test-db, test}', propertySourceLocations = '{}', propertySourceProperties = '{db.tableEngine=}', contextCustomizers = set[[empty]], contextLoader = 'org.springframework.test.context.support.DelegatingSmartContextLoader', parent = [null]], attributes = map['org.springframework.test.context.event.ApplicationEventsTestExecutionListener.recordApplicationEvents' -> false]]; transaction manager [org.springframework.jdbc.datasource.DataSourceTransactionManager@33ce2d24]; rollback [true]
18:00:23.464 [main] DEBUG org.springframework.test.context.cache.DefaultCacheAwareContextLoaderDelegate - Retrieved ApplicationContext [1252142274] from cache with key [[MergedContextConfiguration@68e5c7ae testClass = SocialIT, locations = '{}', classes = '{class fr.insalyon.creatis.vip.core.server.SpringCoreConfig}', contextInitializerClasses = '[]', activeProfiles = '{test-db, test}', propertySourceLocations = '{}', propertySourceProperties = '{db.tableEngine=}', contextCustomizers = set[[empty]], contextLoader = 'org.springframework.test.context.support.DelegatingSmartContextLoader', parent = [null]]]
18:00:23.464 [main] DEBUG org.springframework.test.context.cache - Spring test ApplicationContext cache statistics: [DefaultContextCache@1a95df8b size = 1, maxSize = 32, parentContextCount = 0, hitCount = 3, missCount = 1]
18:00:23.486 [main] DEBUG org.springframework.jdbc.datasource.DataSourceTransactionManager - Participating in existing transaction
18:00:23.521 [main] DEBUG org.springframework.jdbc.datasource.DataSourceTransactionManager - Participating in existing transaction
18:00:23.521 [main] DEBUG org.springframework.jdbc.datasource.SimpleDriverDataSource - Creating new JDBC Driver Connection to [jdbc:h2:mem:35d88fa6-6758-43fa-8c2c-b35e88d58cc4;DB_CLOSE_DELAY=-1;DB_CLOSE_ON_EXIT=false]
18:00:23.528 [main] DEBUG org.springframework.jdbc.datasource.DataSourceTransactionManager - Participating in existing transaction
18:00:23.530 [main] DEBUG org.springframework.jdbc.datasource.DataSourceTransactionManager - Participating in existing transaction
18:00:23.534 [main] DEBUG org.springframework.jdbc.datasource.DataSourceTransactionManager - Participating in existing transaction
User = test1@test.fr
18:00:23.535 [main] INFO fr.insalyon.creatis.vip.core.server.business.ConfigurationBusiness - verifying test1@test.fr. List of undesired mail domains: . 
18:00:23.536 [main] INFO fr.insalyon.creatis.vip.core.server.business.ConfigurationBusiness - Signing up . List of undesired countries: .
18:00:23.553 [main] DEBUG org.springframework.jdbc.datasource.DataSourceTransactionManager - Participating in existing transaction
18:00:23.554 [main] DEBUG org.springframework.jdbc.datasource.DataSourceTransactionManager - Participating in existing transaction
18:00:23.569 [main] INFO fr.insalyon.creatis.vip.core.server.business.ConfigurationBusiness - Sending confirmation email to 'test1@test.fr'.
18:00:23.608 [main] DEBUG org.springframework.jdbc.datasource.DataSourceTransactionManager - Participating in existing transaction
18:00:23.610 [main] DEBUG org.springframework.jdbc.datasource.DataSourceTransactionManager - Participating in existing transaction
18:00:23.610 [main] DEBUG org.springframework.jdbc.datasource.DataSourceTransactionManager - Participating in existing transaction
18:00:23.610 [main] DEBUG org.springframework.jdbc.datasource.DataSourceTransactionManager - Participating in existing transaction
User = test2@test.fr
18:00:23.610 [main] INFO fr.insalyon.creatis.vip.core.server.business.ConfigurationBusiness - verifying test2@test.fr. List of undesired mail domains: . 
18:00:23.611 [main] INFO fr.insalyon.creatis.vip.core.server.business.ConfigurationBusiness - Signing up . List of undesired countries: .
18:00:23.612 [main] DEBUG org.springframework.jdbc.datasource.DataSourceTransactionManager - Participating in existing transaction
18:00:23.612 [main] DEBUG org.springframework.jdbc.datasource.DataSourceTransactionManager - Participating in existing transaction
18:00:23.612 [main] INFO fr.insalyon.creatis.vip.core.server.business.ConfigurationBusiness - Sending confirmation email to 'test2@test.fr'.
18:00:23.613 [main] DEBUG org.springframework.jdbc.datasource.DataSourceTransactionManager - Participating in existing transaction
18:00:23.614 [main] DEBUG org.springframework.jdbc.datasource.DataSourceTransactionManager - Participating in existing transaction
18:00:23.614 [main] DEBUG org.springframework.jdbc.datasource.DataSourceTransactionManager - Participating in existing transaction
18:00:23.614 [main] DEBUG org.springframework.jdbc.datasource.DataSourceTransactionManager - Participating in existing transaction
User = test3@test.fr
18:00:23.614 [main] INFO fr.insalyon.creatis.vip.core.server.business.ConfigurationBusiness - verifying test3@test.fr. List of undesired mail domains: . 
18:00:23.615 [main] INFO fr.insalyon.creatis.vip.core.server.business.ConfigurationBusiness - Signing up . List of undesired countries: .
18:00:23.624 [main] DEBUG org.springframework.jdbc.datasource.DataSourceTransactionManager - Participating in existing transaction
18:00:23.624 [main] DEBUG org.springframework.jdbc.datasource.DataSourceTransactionManager - Participating in existing transaction
18:00:23.625 [main] INFO fr.insalyon.creatis.vip.core.server.business.ConfigurationBusiness - Sending confirmation email to 'test3@test.fr'.
18:00:23.625 [main] DEBUG org.springframework.jdbc.datasource.DataSourceTransactionManager - Participating in existing transaction
18:00:23.626 [main] DEBUG org.springframework.jdbc.datasource.DataSourceTransactionManager - Participating in existing transaction
User = test4@test.fr
18:00:23.627 [main] INFO fr.insalyon.creatis.vip.core.server.business.ConfigurationBusiness - verifying test4@test.fr. List of undesired mail domains: . 
18:00:23.627 [main] INFO fr.insalyon.creatis.vip.core.server.business.ConfigurationBusiness - Signing up . List of undesired countries: .
18:00:23.633 [main] DEBUG org.springframework.jdbc.datasource.DataSourceTransactionManager - Participating in existing transaction
18:00:23.633 [main] INFO fr.insalyon.creatis.vip.core.server.business.ConfigurationBusiness - Sending confirmation email to 'test4@test.fr'.
18:00:23.634 [main] DEBUG org.springframework.jdbc.datasource.DataSourceTransactionManager - Participating in existing transaction
18:00:23.635 [main] DEBUG org.springframework.jdbc.datasource.DataSourceTransactionManager - Participating in existing transaction
18:00:23.636 [main] DEBUG org.springframework.jdbc.datasource.DataSourceTransactionManager - Participating in existing transaction
18:00:23.637 [main] DEBUG org.springframework.jdbc.datasource.DataSourceTransactionManager - Participating in existing transaction
18:00:23.637 [main] DEBUG org.springframework.jdbc.datasource.DataSourceTransactionManager - Participating in existing transaction
18:00:23.638 [main] DEBUG org.springframework.jdbc.datasource.DataSourceTransactionManager - Participating in existing transaction
18:00:23.638 [main] DEBUG org.springframework.jdbc.datasource.DataSourceTransactionManager - Participating in existing transaction
18:00:23.638 [main] DEBUG org.springframework.jdbc.datasource.DataSourceTransactionManager - Participating in existing transaction
18:00:23.638 [main] DEBUG org.springframework.jdbc.datasource.DataSourceTransactionManager - Participating in existing transaction
18:00:23.639 [main] DEBUG org.springframework.jdbc.datasource.DataSourceTransactionManager - Participating in existing transaction
18:00:23.639 [main] DEBUG org.springframework.jdbc.datasource.DataSourceTransactionManager - Participating in existing transaction
18:00:23.639 [main] DEBUG org.springframework.jdbc.datasource.DataSourceTransactionManager - Participating in existing transaction
18:00:23.661 [main] DEBUG org.springframework.jdbc.datasource.DataSourceTransactionManager - Participating in existing transaction
18:00:23.672 [main] DEBUG org.springframework.jdbc.datasource.DataSourceTransactionManager - Participating in existing transaction
18:00:23.672 [main] DEBUG org.springframework.jdbc.datasource.DataSourceTransactionManager - Participating in existing transaction
18:00:23.686 [main] DEBUG org.springframework.jdbc.datasource.DataSourceTransactionManager - Participating in existing transaction
18:00:23.687 [main] DEBUG org.springframework.jdbc.datasource.DataSourceTransactionManager - Participating in existing transaction
18:00:23.689 [main] DEBUG org.springframework.jdbc.datasource.DataSourceTransactionManager - Participating in existing transaction
18:00:23.690 [main] DEBUG org.springframework.jdbc.datasource.DataSourceTransactionManager - Participating in existing transaction
18:00:23.705 [main] DEBUG org.springframework.test.context.cache.DefaultCacheAwareContextLoaderDelegate - Retrieved ApplicationContext [1252142274] from cache with key [[MergedContextConfiguration@68e5c7ae testClass = SocialIT, locations = '{}', classes = '{class fr.insalyon.creatis.vip.core.server.SpringCoreConfig}', contextInitializerClasses = '[]', activeProfiles = '{test-db, test}', propertySourceLocations = '{}', propertySourceProperties = '{db.tableEngine=}', contextCustomizers = set[[empty]], contextLoader = 'org.springframework.test.context.support.DelegatingSmartContextLoader', parent = [null]]]
18:00:23.706 [main] DEBUG org.springframework.test.context.cache - Spring test ApplicationContext cache statistics: [DefaultContextCache@1a95df8b size = 1, maxSize = 32, parentContextCount = 0, hitCount = 4, missCount = 1]
18:00:23.709 [main] DEBUG org.springframework.jdbc.datasource.DataSourceTransactionManager - Participating in existing transaction
18:00:23.709 [main] DEBUG org.springframework.jdbc.datasource.DataSourceTransactionManager - Participating in existing transaction
18:00:23.711 [main] DEBUG org.springframework.jdbc.datasource.DataSourceTransactionManager - Participating in existing transaction
18:00:23.711 [main] DEBUG org.springframework.jdbc.datasource.DataSourceTransactionManager - Participating in existing transaction
18:00:23.719 [main] DEBUG org.springframework.jdbc.core.JdbcTemplate - Executing SQL query [SELECT COUNT(0) FROM VIPSocialMessage]
18:00:23.743 [main] DEBUG org.springframework.jdbc.core.JdbcTemplate - Executing SQL query [SELECT COUNT(0) FROM VIPSocialMessageSenderReceiver]
18:00:23.744 [main] DEBUG org.springframework.jdbc.core.JdbcTemplate - Executing SQL query [SELECT COUNT(0) FROM VIPSocialGroupMessage]
18:00:23.745 [main] DEBUG org.springframework.jdbc.core.JdbcTemplate - Executing SQL query [SELECT COUNT(0) FROM VIPUsers]
18:00:23.746 [main] DEBUG org.springframework.jdbc.datasource.DataSourceTransactionManager - Participating in existing transaction
18:00:23.747 [main] DEBUG org.springframework.jdbc.datasource.DataSourceTransactionManager - Participating in existing transaction
18:00:23.754 [main] DEBUG org.springframework.jdbc.datasource.DataSourceTransactionManager - Participating in existing transaction
18:00:23.757 [main] DEBUG org.springframework.jdbc.datasource.DataSourceTransactionManager - Participating in existing transaction
18:00:23.761 [main] DEBUG org.springframework.jdbc.datasource.DataSourceTransactionManager - Participating in existing transaction
18:00:23.761 [main] DEBUG org.springframework.jdbc.datasource.DataSourceTransactionManager - Participating in existing transaction
18:00:23.761 [main] DEBUG org.springframework.jdbc.datasource.DataSourceTransactionManager - Participating in existing transaction
18:00:23.761 [main] DEBUG org.springframework.jdbc.datasource.DataSourceTransactionManager - Participating in existing transaction
18:00:23.761 [main] DEBUG org.springframework.jdbc.datasource.DataSourceTransactionManager - Participating in existing transaction
18:00:23.762 [main] DEBUG org.springframework.jdbc.datasource.DataSourceTransactionManager - Participating in existing transaction
18:00:23.762 [main] DEBUG org.springframework.jdbc.datasource.DataSourceTransactionManager - Participating in existing transaction
18:00:23.762 [main] DEBUG org.springframework.jdbc.datasource.DataSourceTransactionManager - Participating in existing transaction
18:00:23.763 [main] DEBUG org.springframework.jdbc.datasource.DataSourceTransactionManager - Participating in existing transaction
18:00:23.763 [main] DEBUG org.springframework.jdbc.datasource.DataSourceTransactionManager - Participating in existing transaction
18:00:23.764 [main] DEBUG org.springframework.jdbc.datasource.DataSourceTransactionManager - Participating in existing transaction
18:00:23.764 [main] DEBUG org.springframework.jdbc.datasource.DataSourceTransactionManager - Participating in existing transaction
18:00:23.764 [main] DEBUG org.springframework.jdbc.datasource.DataSourceTransactionManager - Participating in existing transaction
18:00:23.764 [main] DEBUG org.springframework.jdbc.datasource.DataSourceTransactionManager - Participating in existing transaction
18:00:23.764 [main] DEBUG org.springframework.jdbc.datasource.DataSourceTransactionManager - Participating in existing transaction
18:00:23.764 [main] DEBUG org.springframework.jdbc.datasource.DataSourceTransactionManager - Participating in existing transaction
18:00:23.765 [main] DEBUG org.springframework.jdbc.datasource.DataSourceTransactionManager - Participating in existing transaction
18:00:23.765 [main] DEBUG org.springframework.jdbc.datasource.DataSourceTransactionManager - Participating in existing transaction
18:00:23.766 [main] DEBUG org.springframework.jdbc.datasource.DataSourceTransactionManager - Participating in existing transaction
18:00:23.771 [main] DEBUG org.springframework.jdbc.datasource.DataSourceTransactionManager - Participating in existing transaction
18:00:23.778 [main] DEBUG org.springframework.test.context.cache.DefaultCacheAwareContextLoaderDelegate - Retrieved ApplicationContext [1252142274] from cache with key [[MergedContextConfiguration@68e5c7ae testClass = SocialIT, locations = '{}', classes = '{class fr.insalyon.creatis.vip.core.server.SpringCoreConfig}', contextInitializerClasses = '[]', activeProfiles = '{test-db, test}', propertySourceLocations = '{}', propertySourceProperties = '{db.tableEngine=}', contextCustomizers = set[[empty]], contextLoader = 'org.springframework.test.context.support.DelegatingSmartContextLoader', parent = [null]]]
18:00:23.778 [main] DEBUG org.springframework.test.context.cache - Spring test ApplicationContext cache statistics: [DefaultContextCache@1a95df8b size = 1, maxSize = 32, parentContextCount = 0, hitCount = 5, missCount = 1]
18:00:23.784 [main] DEBUG org.springframework.test.context.cache.DefaultCacheAwareContextLoaderDelegate - Retrieved ApplicationContext [1252142274] from cache with key [[MergedContextConfiguration@68e5c7ae testClass = SocialIT, locations = '{}', classes = '{class fr.insalyon.creatis.vip.core.server.SpringCoreConfig}', contextInitializerClasses = '[]', activeProfiles = '{test-db, test}', propertySourceLocations = '{}', propertySourceProperties = '{db.tableEngine=}', contextCustomizers = set[[empty]], contextLoader = 'org.springframework.test.context.support.DelegatingSmartContextLoader', parent = [null]]]
18:00:23.784 [main] DEBUG org.springframework.test.context.cache - Spring test ApplicationContext cache statistics: [DefaultContextCache@1a95df8b size = 1, maxSize = 32, parentContextCount = 0, hitCount = 6, missCount = 1]
18:00:23.789 [main] DEBUG org.springframework.jdbc.datasource.DataSourceTransactionManager - Initiating transaction rollback
18:00:23.789 [main] DEBUG org.springframework.jdbc.datasource.DataSourceTransactionManager - Rolling back JDBC transaction on Connection [conn5: url=jdbc:h2:mem:35d88fa6-6758-43fa-8c2c-b35e88d58cc4 user=SA]
18:00:23.790 [main] DEBUG org.springframework.jdbc.datasource.DataSourceTransactionManager - Releasing JDBC Connection [conn5: url=jdbc:h2:mem:35d88fa6-6758-43fa-8c2c-b35e88d58cc4 user=SA] after transaction
18:00:23.790 [main] INFO org.springframework.test.context.transaction.TransactionContext - Rolled back transaction for test: [DefaultTestContext@65593327 testClass = SocialIT, testInstance = fr.insalyon.creatis.vip.social.integrationtest.SocialIT@1796b2d4, testMethod = testCatchNonExistentUsersSendGroupMessage@SocialIT, testException = [null], mergedContextConfiguration = [MergedContextConfiguration@68e5c7ae testClass = SocialIT, locations = '{}', classes = '{class fr.insalyon.creatis.vip.core.server.SpringCoreConfig}', contextInitializerClasses = '[]', activeProfiles = '{test-db, test}', propertySourceLocations = '{}', propertySourceProperties = '{db.tableEngine=}', contextCustomizers = set[[empty]], contextLoader = 'org.springframework.test.context.support.DelegatingSmartContextLoader', parent = [null]], attributes = map['org.springframework.test.context.event.ApplicationEventsTestExecutionListener.recordApplicationEvents' -> false]]
18:00:23.791 [main] DEBUG org.springframework.test.context.support.AbstractDirtiesContextTestExecutionListener - After test method: context [DefaultTestContext@65593327 testClass = SocialIT, testInstance = fr.insalyon.creatis.vip.social.integrationtest.SocialIT@1796b2d4, testMethod = testCatchNonExistentUsersSendGroupMessage@SocialIT, testException = [null], mergedContextConfiguration = [MergedContextConfiguration@68e5c7ae testClass = SocialIT, locations = '{}', classes = '{class fr.insalyon.creatis.vip.core.server.SpringCoreConfig}', contextInitializerClasses = '[]', activeProfiles = '{test-db, test}', propertySourceLocations = '{}', propertySourceProperties = '{db.tableEngine=}', contextCustomizers = set[[empty]], contextLoader = 'org.springframework.test.context.support.DelegatingSmartContextLoader', parent = [null]], attributes = map['org.springframework.test.context.event.ApplicationEventsTestExecutionListener.recordApplicationEvents' -> false]], class annotated with @DirtiesContext [false] with mode [null], method annotated with @DirtiesContext [false] with mode [null].
]]></system-out>
  </testcase>
  <testcase name="testCatchRemoveMessage" classname="fr.insalyon.creatis.vip.social.integrationtest.SocialIT" time="0.081">
    <system-out><![CDATA[18:00:23.806 [main] DEBUG org.springframework.test.context.support.DependencyInjectionTestExecutionListener - Performing dependency injection for test context [[DefaultTestContext@65593327 testClass = SocialIT, testInstance = fr.insalyon.creatis.vip.social.integrationtest.SocialIT@32429a73, testMethod = [null], testException = [null], mergedContextConfiguration = [MergedContextConfiguration@68e5c7ae testClass = SocialIT, locations = '{}', classes = '{class fr.insalyon.creatis.vip.core.server.SpringCoreConfig}', contextInitializerClasses = '[]', activeProfiles = '{test-db, test}', propertySourceLocations = '{}', propertySourceProperties = '{db.tableEngine=}', contextCustomizers = set[[empty]], contextLoader = 'org.springframework.test.context.support.DelegatingSmartContextLoader', parent = [null]], attributes = map['org.springframework.test.context.event.ApplicationEventsTestExecutionListener.recordApplicationEvents' -> false]]].
18:00:23.806 [main] DEBUG org.springframework.test.context.cache.DefaultCacheAwareContextLoaderDelegate - Retrieved ApplicationContext [1252142274] from cache with key [[MergedContextConfiguration@68e5c7ae testClass = SocialIT, locations = '{}', classes = '{class fr.insalyon.creatis.vip.core.server.SpringCoreConfig}', contextInitializerClasses = '[]', activeProfiles = '{test-db, test}', propertySourceLocations = '{}', propertySourceProperties = '{db.tableEngine=}', contextCustomizers = set[[empty]], contextLoader = 'org.springframework.test.context.support.DelegatingSmartContextLoader', parent = [null]]]
18:00:23.807 [main] DEBUG org.springframework.test.context.cache - Spring test ApplicationContext cache statistics: [DefaultContextCache@1a95df8b size = 1, maxSize = 32, parentContextCount = 0, hitCount = 7, missCount = 1]
18:00:23.808 [main] DEBUG org.springframework.test.context.cache.DefaultCacheAwareContextLoaderDelegate - Retrieved ApplicationContext [1252142274] from cache with key [[MergedContextConfiguration@68e5c7ae testClass = SocialIT, locations = '{}', classes = '{class fr.insalyon.creatis.vip.core.server.SpringCoreConfig}', contextInitializerClasses = '[]', activeProfiles = '{test-db, test}', propertySourceLocations = '{}', propertySourceProperties = '{db.tableEngine=}', contextCustomizers = set[[empty]], contextLoader = 'org.springframework.test.context.support.DelegatingSmartContextLoader', parent = [null]]]
18:00:23.808 [main] DEBUG org.springframework.test.context.cache - Spring test ApplicationContext cache statistics: [DefaultContextCache@1a95df8b size = 1, maxSize = 32, parentContextCount = 0, hitCount = 8, missCount = 1]
18:00:23.816 [main] DEBUG org.springframework.test.context.support.AbstractDirtiesContextTestExecutionListener - Before test method: context [DefaultTestContext@65593327 testClass = SocialIT, testInstance = fr.insalyon.creatis.vip.social.integrationtest.SocialIT@32429a73, testMethod = testCatchRemoveMessage@SocialIT, testException = [null], mergedContextConfiguration = [MergedContextConfiguration@68e5c7ae testClass = SocialIT, locations = '{}', classes = '{class fr.insalyon.creatis.vip.core.server.SpringCoreConfig}', contextInitializerClasses = '[]', activeProfiles = '{test-db, test}', propertySourceLocations = '{}', propertySourceProperties = '{db.tableEngine=}', contextCustomizers = set[[empty]], contextLoader = 'org.springframework.test.context.support.DelegatingSmartContextLoader', parent = [null]], attributes = map['org.springframework.test.context.event.ApplicationEventsTestExecutionListener.recordApplicationEvents' -> false]], class annotated with @DirtiesContext [false] with mode [null], method annotated with @DirtiesContext [false] with mode [null].
18:00:23.816 [main] DEBUG org.springframework.test.context.transaction.TransactionalTestExecutionListener - Explicit transaction definition [PROPAGATION_REQUIRED,ISOLATION_DEFAULT] found for test context [DefaultTestContext@65593327 testClass = SocialIT, testInstance = fr.insalyon.creatis.vip.social.integrationtest.SocialIT@32429a73, testMethod = testCatchRemoveMessage@SocialIT, testException = [null], mergedContextConfiguration = [MergedContextConfiguration@68e5c7ae testClass = SocialIT, locations = '{}', classes = '{class fr.insalyon.creatis.vip.core.server.SpringCoreConfig}', contextInitializerClasses = '[]', activeProfiles = '{test-db, test}', propertySourceLocations = '{}', propertySourceProperties = '{db.tableEngine=}', contextCustomizers = set[[empty]], contextLoader = 'org.springframework.test.context.support.DelegatingSmartContextLoader', parent = [null]], attributes = map['org.springframework.test.context.event.ApplicationEventsTestExecutionListener.recordApplicationEvents' -> false]]
[...]
18:00:25.239 [main] DEBUG org.springframework.test.context.cache - Spring test ApplicationContext cache statistics: [DefaultContextCache@1a95df8b size = 1, maxSize = 32, parentContextCount = 0, hitCount = 204, missCount = 1]
18:00:25.240 [main] DEBUG org.springframework.test.context.support.AbstractDirtiesContextTestExecutionListener - Before test method: context [DefaultTestContext@65593327 testClass = SocialIT, testInstance = fr.insalyon.creatis.vip.social.integrationtest.SocialIT@75d1477a, testMethod = testCatchNonExistentMessageRemoveByReceiver@SocialIT, testException = [null], mergedContextConfiguration = [MergedContextConfiguration@68e5c7ae testClass = SocialIT, locations = '{}', classes = '{class fr.insalyon.creatis.vip.core.server.SpringCoreConfig}', contextInitializerClasses = '[]', activeProfiles = '{test-db, test}', propertySourceLocations = '{}', propertySourceProperties = '{db.tableEngine=}', contextCustomizers = set[[empty]], contextLoader = 'org.springframework.test.context.support.DelegatingSmartContextLoader', parent = [null]], attributes = map['org.springframework.test.context.event.ApplicationEventsTestExecutionListener.recordApplicationEvents' -> false]], class annotated with @DirtiesContext [false] with mode [null], method annotated with @DirtiesContext [false] with mode [null].
18:00:25.240 [main] DEBUG org.springframework.test.context.transaction.TransactionalTestExecutionListener - Explicit transaction definition [PROPAGATION_REQUIRED,ISOLATION_DEFAULT] found for test context [DefaultTestContext@65593327 testClass = SocialIT, testInstance = fr.insalyon.creatis.vip.social.integrationtest.SocialIT@75d1477a, testMethod = testCatchNonExistentMessageRemoveByReceiver@SocialIT, testException = [null], mergedContextConfiguration = [MergedContextConfiguration@68e5c7ae testClass = SocialIT, locations = '{}', classes = '{class fr.insalyon.creatis.vip.core.server.SpringCoreConfig}', contextInitializerClasses = '[]', activeProfiles = '{test-db, test}', propertySourceLocations = '{}', propertySourceProperties = '{db.tableEngine=}', contextCustomizers = set[[empty]], contextLoader = 'org.springframework.test.context.support.DelegatingSmartContextLoader', parent = [null]], attributes = map['org.springframework.test.context.event.ApplicationEventsTestExecutionListener.recordApplicationEvents' -> false]]
18:00:25.240 [main] DEBUG org.springframework.test.context.cache.DefaultCacheAwareContextLoaderDelegate - Retrieved ApplicationContext [1252142274] from cache with key [[MergedContextConfiguration@68e5c7ae testClass = SocialIT, locations = '{}', classes = '{class fr.insalyon.creatis.vip.core.server.SpringCoreConfig}', contextInitializerClasses = '[]', activeProfiles = '{test-db, test}', propertySourceLocations = '{}', propertySourceProperties = '{db.tableEngine=}', contextCustomizers = set[[empty]], contextLoader = 'org.springframework.test.context.support.DelegatingSmartContextLoader', parent = [null]]]
18:00:25.240 [main] DEBUG org.springframework.test.context.cache - Spring test ApplicationContext cache statistics: [DefaultContextCache@1a95df8b size = 1, maxSize = 32, parentContextCount = 0, hitCount = 205, missCount = 1]
18:00:25.240 [main] DEBUG org.springframework.test.context.transaction.TransactionalTestExecutionListener - No method-level @Rollback override: using default rollback [true] for test context [DefaultTestContext@65593327 testClass = SocialIT, testInstance = fr.insalyon.creatis.vip.social.integrationtest.SocialIT@75d1477a, testMethod = testCatchNonExistentMessageRemoveByReceiver@SocialIT, testException = [null], mergedContextConfiguration = [MergedContextConfiguration@68e5c7ae testClass = SocialIT, locations = '{}', classes = '{class fr.insalyon.creatis.vip.core.server.SpringCoreConfig}', contextInitializerClasses = '[]', activeProfiles = '{test-db, test}', propertySourceLocations = '{}', propertySourceProperties = '{db.tableEngine=}', contextCustomizers = set[[empty]], contextLoader = 'org.springframework.test.context.support.DelegatingSmartContextLoader', parent = [null]], attributes = map['org.springframework.test.context.event.ApplicationEventsTestExecutionListener.recordApplicationEvents' -> false]].
18:00:25.241 [main] DEBUG org.springframework.jdbc.datasource.DataSourceTransactionManager - Creating new transaction with name [fr.insalyon.creatis.vip.social.integrationtest.SocialIT.testCatchNonExistentMessageRemoveByReceiver]: PROPAGATION_REQUIRED,ISOLATION_DEFAULT
18:00:25.241 [main] DEBUG org.springframework.jdbc.datasource.DataSourceTransactionManager - Acquired Connection [Lazy Connection proxy for target DataSource [org.springframework.jdbc.datasource.embedded.EmbeddedDatabaseFactory$EmbeddedDataSourceProxy@3c1d5349]] for JDBC transaction
18:00:25.241 [main] DEBUG org.springframework.jdbc.datasource.DataSourceTransactionManager - Switching JDBC Connection [Lazy Connection proxy for target DataSource [org.springframework.jdbc.datasource.embedded.EmbeddedDatabaseFactory$EmbeddedDataSourceProxy@3c1d5349]] to manual commit
18:00:25.241 [main] INFO org.springframework.test.context.transaction.TransactionContext - Began transaction (1) for test context [DefaultTestContext@65593327 testClass = SocialIT, testInstance = fr.insalyon.creatis.vip.social.integrationtest.SocialIT@75d1477a, testMethod = testCatchNonExistentMessageRemoveByReceiver@SocialIT, testException = [null], mergedContextConfiguration = [MergedContextConfiguration@68e5c7ae testClass = SocialIT, locations = '{}', classes = '{class fr.insalyon.creatis.vip.core.server.SpringCoreConfig}', contextInitializerClasses = '[]', activeProfiles = '{test-db, test}', propertySourceLocations = '{}', propertySourceProperties = '{db.tableEngine=}', contextCustomizers = set[[empty]], contextLoader = 'org.springframework.test.context.support.DelegatingSmartContextLoader', parent = [null]], attributes = map['org.springframework.test.context.event.ApplicationEventsTestExecutionListener.recordApplicationEvents' -> false]]; transaction manager [org.springframework.jdbc.datasource.DataSourceTransactionManager@33ce2d24]; rollback [true]
18:00:25.242 [main] DEBUG org.springframework.test.context.cache.DefaultCacheAwareContextLoaderDelegate - Retrieved ApplicationContext [1252142274] from cache with key [[MergedContextConfiguration@68e5c7ae testClass = SocialIT, locations = '{}', classes = '{class fr.insalyon.creatis.vip.core.server.SpringCoreConfig}', contextInitializerClasses = '[]', activeProfiles = '{test-db, test}', propertySourceLocations = '{}', propertySourceProperties = '{db.tableEngine=}', contextCustomizers = set[[empty]], contextLoader = 'org.springframework.test.context.support.DelegatingSmartContextLoader', parent = [null]]]
18:00:25.242 [main] DEBUG org.springframework.test.context.cache - Spring test ApplicationContext cache statistics: [DefaultContextCache@1a95df8b size = 1, maxSize = 32, parentContextCount = 0, hitCount = 206, missCount = 1]
18:00:25.243 [main] DEBUG org.springframework.jdbc.datasource.DataSourceTransactionManager - Participating in existing transaction
18:00:25.243 [main] DEBUG org.springframework.jdbc.datasource.DataSourceTransactionManager - Participating in existing transaction
18:00:25.243 [main] DEBUG org.springframework.jdbc.datasource.SimpleDriverDataSource - Creating new JDBC Driver Connection to [jdbc:h2:mem:35d88fa6-6758-43fa-8c2c-b35e88d58cc4;DB_CLOSE_DELAY=-1;DB_CLOSE_ON_EXIT=false]
18:00:25.244 [main] DEBUG org.springframework.jdbc.datasource.DataSourceTransactionManager - Participating in existing transaction
18:00:25.244 [main] DEBUG org.springframework.jdbc.datasource.DataSourceTransactionManager - Participating in existing transaction
18:00:25.244 [main] DEBUG org.springframework.jdbc.datasource.DataSourceTransactionManager - Participating in existing transaction
User = test1@test.fr
18:00:25.245 [main] INFO fr.insalyon.creatis.vip.core.server.business.ConfigurationBusiness - verifying test1@test.fr. List of undesired mail domains: . 
18:00:25.245 [main] INFO fr.insalyon.creatis.vip.core.server.business.ConfigurationBusiness - Signing up . List of undesired countries: .
18:00:25.246 [main] DEBUG org.springframework.jdbc.datasource.DataSourceTransactionManager - Participating in existing transaction
18:00:25.246 [main] DEBUG org.springframework.jdbc.datasource.DataSourceTransactionManager - Participating in existing transaction
18:00:25.246 [main] INFO fr.insalyon.creatis.vip.core.server.business.ConfigurationBusiness - Sending confirmation email to 'test1@test.fr'.
18:00:25.247 [main] DEBUG org.springframework.jdbc.datasource.DataSourceTransactionManager - Participating in existing transaction
18:00:25.247 [main] DEBUG org.springframework.jdbc.datasource.DataSourceTransactionManager - Participating in existing transaction
18:00:25.247 [main] DEBUG org.springframework.jdbc.datasource.DataSourceTransactionManager - Participating in existing transaction
18:00:25.247 [main] DEBUG org.springframework.jdbc.datasource.DataSourceTransactionManager - Participating in existing transaction
User = test2@test.fr
18:00:25.247 [main] INFO fr.insalyon.creatis.vip.core.server.business.ConfigurationBusiness - verifying test2@test.fr. List of undesired mail domains: . 
18:00:25.248 [main] INFO fr.insalyon.creatis.vip.core.server.business.ConfigurationBusiness - Signing up . List of undesired countries: .
18:00:25.252 [main] DEBUG org.springframework.jdbc.datasource.DataSourceTransactionManager - Participating in existing transaction
18:00:25.254 [main] DEBUG org.springframework.jdbc.datasource.DataSourceTransactionManager - Participating in existing transaction
18:00:25.254 [main] INFO fr.insalyon.creatis.vip.core.server.business.ConfigurationBusiness - Sending confirmation email to 'test2@test.fr'.
18:00:25.254 [main] DEBUG org.springframework.jdbc.datasource.DataSourceTransactionManager - Participating in existing transaction
18:00:25.254 [main] DEBUG org.springframework.jdbc.datasource.DataSourceTransactionManager - Participating in existing transaction
18:00:25.254 [main] DEBUG org.springframework.jdbc.datasource.DataSourceTransactionManager - Participating in existing transaction
18:00:25.254 [main] DEBUG org.springframework.jdbc.datasource.DataSourceTransactionManager - Participating in existing transaction
User = test3@test.fr
18:00:25.254 [main] INFO fr.insalyon.creatis.vip.core.server.business.ConfigurationBusiness - verifying test3@test.fr. List of undesired mail domains: . 
18:00:25.255 [main] INFO fr.insalyon.creatis.vip.core.server.business.ConfigurationBusiness - Signing up . List of undesired countries: .
18:00:25.256 [main] DEBUG org.springframework.jdbc.datasource.DataSourceTransactionManager - Participating in existing transaction
18:00:25.256 [main] DEBUG org.springframework.jdbc.datasource.DataSourceTransactionManager - Participating in existing transaction
18:00:25.256 [main] INFO fr.insalyon.creatis.vip.core.server.business.ConfigurationBusiness - Sending confirmation email to 'test3@test.fr'.
18:00:25.256 [main] DEBUG org.springframework.jdbc.datasource.DataSourceTransactionManager - Participating in existing transaction
18:00:25.257 [main] DEBUG org.springframework.jdbc.datasource.DataSourceTransactionManager - Participating in existing transaction
User = test4@test.fr
18:00:25.257 [main] INFO fr.insalyon.creatis.vip.core.server.business.ConfigurationBusiness - verifying test4@test.fr. List of undesired mail domains: . 
18:00:25.257 [main] INFO fr.insalyon.creatis.vip.core.server.business.ConfigurationBusiness - Signing up . List of undesired countries: .
18:00:25.259 [main] DEBUG org.springframework.jdbc.datasource.DataSourceTransactionManager - Participating in existing transaction
18:00:25.259 [main] INFO fr.insalyon.creatis.vip.core.server.business.ConfigurationBusiness - Sending confirmation email to 'test4@test.fr'.
18:00:25.259 [main] DEBUG org.springframework.jdbc.datasource.DataSourceTransactionManager - Participating in existing transaction
18:00:25.259 [main] DEBUG org.springframework.jdbc.datasource.DataSourceTransactionManager - Participating in existing transaction
18:00:25.259 [main] DEBUG org.springframework.jdbc.datasource.DataSourceTransactionManager - Participating in existing transaction
18:00:25.260 [main] DEBUG org.springframework.jdbc.datasource.DataSourceTransactionManager - Participating in existing transaction
18:00:25.260 [main] DEBUG org.springframework.jdbc.datasource.DataSourceTransactionManager - Participating in existing transaction
18:00:25.260 [main] DEBUG org.springframework.jdbc.datasource.DataSourceTransactionManager - Participating in existing transaction
18:00:25.260 [main] DEBUG org.springframework.jdbc.datasource.DataSourceTransactionManager - Participating in existing transaction
18:00:25.260 [main] DEBUG org.springframework.jdbc.datasource.DataSourceTransactionManager - Participating in existing transaction
18:00:25.260 [main] DEBUG org.springframework.jdbc.datasource.DataSourceTransactionManager - Participating in existing transaction
18:00:25.260 [main] DEBUG org.springframework.jdbc.datasource.DataSourceTransactionManager - Participating in existing transaction
18:00:25.260 [main] DEBUG org.springframework.jdbc.datasource.DataSourceTransactionManager - Participating in existing transaction
18:00:25.260 [main] DEBUG org.springframework.jdbc.datasource.DataSourceTransactionManager - Participating in existing transaction
18:00:25.260 [main] DEBUG org.springframework.jdbc.datasource.DataSourceTransactionManager - Participating in existing transaction
18:00:25.260 [main] DEBUG org.springframework.jdbc.datasource.DataSourceTransactionManager - Participating in existing transaction
18:00:25.262 [main] DEBUG org.springframework.jdbc.datasource.DataSourceTransactionManager - Participating in existing transaction
18:00:25.262 [main] DEBUG org.springframework.jdbc.datasource.DataSourceTransactionManager - Participating in existing transaction
18:00:25.262 [main] DEBUG org.springframework.jdbc.datasource.DataSourceTransactionManager - Participating in existing transaction
18:00:25.263 [main] DEBUG org.springframework.jdbc.datasource.DataSourceTransactionManager - Participating in existing transaction
18:00:25.263 [main] DEBUG org.springframework.jdbc.datasource.DataSourceTransactionManager - Participating in existing transaction
18:00:25.264 [main] DEBUG org.springframework.test.context.cache.DefaultCacheAwareContextLoaderDelegate - Retrieved ApplicationContext [1252142274] from cache with key [[MergedContextConfiguration@68e5c7ae testClass = SocialIT, locations = '{}', classes = '{class fr.insalyon.creatis.vip.core.server.SpringCoreConfig}', contextInitializerClasses = '[]', activeProfiles = '{test-db, test}', propertySourceLocations = '{}', propertySourceProperties = '{db.tableEngine=}', contextCustomizers = set[[empty]], contextLoader = 'org.springframework.test.context.support.DelegatingSmartContextLoader', parent = [null]]]
18:00:25.264 [main] DEBUG org.springframework.test.context.cache - Spring test ApplicationContext cache statistics: [DefaultContextCache@1a95df8b size = 1, maxSize = 32, parentContextCount = 0, hitCount = 207, missCount = 1]
18:00:25.264 [main] DEBUG org.springframework.jdbc.datasource.DataSourceTransactionManager - Participating in existing transaction
18:00:25.264 [main] DEBUG org.springframework.jdbc.datasource.DataSourceTransactionManager - Participating in existing transaction
18:00:25.268 [main] DEBUG org.springframework.test.context.cache.DefaultCacheAwareContextLoaderDelegate - Retrieved ApplicationContext [1252142274] from cache with key [[MergedContextConfiguration@68e5c7ae testClass = SocialIT, locations = '{}', classes = '{class fr.insalyon.creatis.vip.core.server.SpringCoreConfig}', contextInitializerClasses = '[]', activeProfiles = '{test-db, test}', propertySourceLocations = '{}', propertySourceProperties = '{db.tableEngine=}', contextCustomizers = set[[empty]], contextLoader = 'org.springframework.test.context.support.DelegatingSmartContextLoader', parent = [null]]]
18:00:25.268 [main] DEBUG org.springframework.test.context.cache - Spring test ApplicationContext cache statistics: [DefaultContextCache@1a95df8b size = 1, maxSize = 32, parentContextCount = 0, hitCount = 208, missCount = 1]
18:00:25.268 [main] DEBUG org.springframework.test.context.cache.DefaultCacheAwareContextLoaderDelegate - Retrieved ApplicationContext [1252142274] from cache with key [[MergedContextConfiguration@68e5c7ae testClass = SocialIT, locations = '{}', classes = '{class fr.insalyon.creatis.vip.core.server.SpringCoreConfig}', contextInitializerClasses = '[]', activeProfiles = '{test-db, test}', propertySourceLocations = '{}', propertySourceProperties = '{db.tableEngine=}', contextCustomizers = set[[empty]], contextLoader = 'org.springframework.test.context.support.DelegatingSmartContextLoader', parent = [null]]]
18:00:25.268 [main] DEBUG org.springframework.test.context.cache - Spring test ApplicationContext cache statistics: [DefaultContextCache@1a95df8b size = 1, maxSize = 32, parentContextCount = 0, hitCount = 209, missCount = 1]
18:00:25.268 [main] DEBUG org.springframework.jdbc.datasource.DataSourceTransactionManager - Initiating transaction rollback
18:00:25.268 [main] DEBUG org.springframework.jdbc.datasource.DataSourceTransactionManager - Rolling back JDBC transaction on Connection [conn34: url=jdbc:h2:mem:35d88fa6-6758-43fa-8c2c-b35e88d58cc4 user=SA]
18:00:25.268 [main] DEBUG org.springframework.jdbc.datasource.DataSourceTransactionManager - Releasing JDBC Connection [conn34: url=jdbc:h2:mem:35d88fa6-6758-43fa-8c2c-b35e88d58cc4 user=SA] after transaction
18:00:25.268 [main] INFO org.springframework.test.context.transaction.TransactionContext - Rolled back transaction for test: [DefaultTestContext@65593327 testClass = SocialIT, testInstance = fr.insalyon.creatis.vip.social.integrationtest.SocialIT@75d1477a, testMethod = testCatchNonExistentMessageRemoveByReceiver@SocialIT, testException = [null], mergedContextConfiguration = [MergedContextConfiguration@68e5c7ae testClass = SocialIT, locations = '{}', classes = '{class fr.insalyon.creatis.vip.core.server.SpringCoreConfig}', contextInitializerClasses = '[]', activeProfiles = '{test-db, test}', propertySourceLocations = '{}', propertySourceProperties = '{db.tableEngine=}', contextCustomizers = set[[empty]], contextLoader = 'org.springframework.test.context.support.DelegatingSmartContextLoader', parent = [null]], attributes = map['org.springframework.test.context.event.ApplicationEventsTestExecutionListener.recordApplicationEvents' -> false]]
18:00:25.270 [main] DEBUG org.springframework.test.context.support.AbstractDirtiesContextTestExecutionListener - After test method: context [DefaultTestContext@65593327 testClass = SocialIT, testInstance = fr.insalyon.creatis.vip.social.integrationtest.SocialIT@75d1477a, testMethod = testCatchNonExistentMessageRemoveByReceiver@SocialIT, testException = [null], mergedContextConfiguration = [MergedContextConfiguration@68e5c7ae testClass = SocialIT, locations = '{}', classes = '{class fr.insalyon.creatis.vip.core.server.SpringCoreConfig}', contextInitializerClasses = '[]', activeProfiles = '{test-db, test}', propertySourceLocations = '{}', propertySourceProperties = '{db.tableEngine=}', contextCustomizers = set[[empty]], contextLoader = 'org.springframework.test.context.support.DelegatingSmartContextLoader', parent = [null]], attributes = map['org.springframework.test.context.event.ApplicationEventsTestExecutionListener.recordApplicationEvents' -> false]], class annotated with @DirtiesContext [false] with mode [null], method annotated with @DirtiesContext [false] with mode [null].
]]></system-out>
  </testcase>
</testsuite>